[0.030s] Invoking command in '/home/sauron/ros2-picas/build/picas_example_mt': AMENT_PREFIX_PATH=/home/sauron/ros2-picas/install/trace_picas:/home/sauron/ros2-picas/install/rclcpp:/home/sauron/ros2-picas/install/test_msgs:${AMENT_PREFIX_PATH} CMAKE_PREFIX_PATH=/home/sauron/ros2-picas/install/trace_picas:/home/sauron/ros2-picas/install/rclcpp:/home/sauron/ros2-picas/install/test_msgs:/home/sauron/ros2_humble/install/rosbag2_storage_mcap:/home/sauron/ros2_humble/install/rosbag2:/home/sauron/ros2_humble/install/rosbag2_compression_zstd:/home/sauron/ros2_humble/install/mcap_vendor:/home/sauron/ros2_humble/install/zstd_vendor:/home/sauron/ros2_humble/install/rviz_visual_testing_framework:/home/sauron/ros2_humble/install/rviz2:/home/sauron/ros2_humble/install/rviz_default_plugins:/home/sauron/ros2_humble/install/rviz_common:/home/sauron/ros2_humble/install/rosbag2_py:/home/sauron/ros2_humble/install/rosbag2_transport:/home/sauron/ros2_humble/install/rosbag2_performance_benchmarking:/home/sauron/ros2_humble/install/rosbag2_compression:/home/sauron/ros2_humble/install/rosbag2_cpp:/home/sauron/ros2_humble/install/rosbag2_storage_default_plugins:/home/sauron/ros2_humble/install/rosbag2_storage:/home/sauron/ros2_humble/install/image_common:/home/sauron/ros2_humble/install/camera_info_manager:/home/sauron/ros2_humble/install/camera_calibration_parsers:/home/sauron/ros2_humble/install/yaml_cpp_vendor:/home/sauron/ros2_humble/install/interactive_markers:/home/sauron/ros2_humble/install/common_interfaces:/home/sauron/ros2_humble/install/visualization_msgs:/home/sauron/ros2_humble/install/dummy_robot_bringup:/home/sauron/ros2_humble/install/robot_state_publisher:/home/sauron/ros2_humble/install/kdl_parser:/home/sauron/ros2_humble/install/urdf:/home/sauron/ros2_humble/install/urdfdom:/home/sauron/ros2_humble/install/urdf_parser_plugin:/home/sauron/ros2_humble/install/urdfdom_headers:/home/sauron/ros2_humble/install/turtlesim:/home/sauron/ros2_humble/install/geometry2:/home/sauron/ros2_humble/install/tf2_sensor_msgs:/home/sauron/ros2_humble/install/test_tf2:/home/sauron/ros2_humble/install/tf2_kdl:/home/sauron/ros2_humble/install/tf2_geometry_msgs:/home/sauron/ros2_humble/install/tf2_eigen:/home/sauron/ros2_humble/install/tf2_bullet:/home/sauron/ros2_humble/install/tf2_ros:/home/sauron/ros2_humble/install/tf2_py:/home/sauron/ros2_humble/install/tf2_msgs:/home/sauron/ros2_humble/install/test_msgs:/home/sauron/ros2_humble/install/sros2_cmake:/home/sauron/ros2_humble/install/ros2cli_common_extensions:/home/sauron/ros2_humble/install/rqt_py_common:/home/sauron/ros2_humble/install/ros_testing:/home/sauron/ros2_humble/install/ros2cli_test_interfaces:/home/sauron/ros2_humble/install/quality_of_service_demo_cpp:/home/sauron/ros2_humble/install/image_transport:/home/sauron/ros2_humble/install/message_filters:/home/sauron/ros2_humble/install/demo_nodes_cpp:/home/sauron/ros2_humble/install/composition:/home/sauron/ros2_humble/install/laser_geometry:/home/sauron/ros2_humble/install/rclpy:/home/sauron/ros2_humble/install/examples_rclcpp_minimal_action_server:/home/sauron/ros2_humble/install/examples_rclcpp_minimal_action_client:/home/sauron/ros2_humble/install/action_tutorials_cpp:/home/sauron/ros2_humble/install/rclcpp_action:/home/sauron/ros2_humble/install/rcl_action:/home/sauron/ros2_humble/install/examples_rclcpp_wait_set:/home/sauron/ros2_humble/install/examples_rclcpp_minimal_service:/home/sauron/ros2_humble/install/examples_rclcpp_minimal_client:/home/sauron/ros2_humble/install/examples_rclcpp_async_client:/home/sauron/ros2_humble/install/example_interfaces:/home/sauron/ros2_humble/install/action_tutorials_interfaces:/home/sauron/ros2_humble/install/action_msgs:/home/sauron/ros2_humble/install/unique_identifier_msgs:/home/sauron/ros2_humble/install/ament_lint_common:/home/sauron/ros2_humble/install/ament_cmake_uncrustify:/home/sauron/ros2_humble/install/uncrustify_vendor:/home/sauron/ros2_humble/install/trajectory_msgs:/home/sauron/ros2_humble/install/topic_statistics_demo:/home/sauron/ros2_humble/install/pendulum_control:/home/sauron/ros2_humble/install/tlsf_cpp:/home/sauron/ros2_humble/install/test_tracetools:/home/sauron/ros2_humble/install/rqt_gui_cpp:/home/sauron/ros2_humble/install/rosbag2_test_common:/home/sauron/ros2_humble/install/ros2lifecycle_test_fixtures:/home/sauron/ros2_humble/install/lifecycle:/home/sauron/ros2_humble/install/rclcpp_lifecycle:/home/sauron/ros2_humble/install/logging_demo:/home/sauron/ros2_humble/install/image_tools:/home/sauron/ros2_humble/install/examples_rclcpp_minimal_subscriber:/home/sauron/ros2_humble/install/examples_rclcpp_minimal_composition:/home/sauron/ros2_humble/install/demo_nodes_cpp_native:/home/sauron/ros2_humble/install/rclcpp_components:/home/sauron/ros2_humble/install/intra_process_demo:/home/sauron/ros2_humble/install/examples_rclcpp_multithreaded_executor:/home/sauron/ros2_humble/install/examples_rclcpp_minimal_timer:/home/sauron/ros2_humble/install/examples_rclcpp_minimal_publisher:/home/sauron/ros2_humble/install/examples_rclcpp_cbg_executor:/home/sauron/ros2_humble/install/dummy_sensors:/home/sauron/ros2_humble/install/dummy_map_server:/home/sauron/ros2_humble/install/rclcpp:/home/sauron/ros2_humble/install/rcl_lifecycle:/home/sauron/ros2_humble/install/libstatistics_collector:/home/sauron/ros2_humble/install/rcl:/home/sauron/ros2_humble/install/rmw_implementation:/home/sauron/ros2_humble/install/rmw_fastrtps_dynamic_cpp:/home/sauron/ros2_humble/install/rmw_fastrtps_cpp:/home/sauron/ros2_humble/install/rmw_fastrtps_shared_cpp:/home/sauron/ros2_humble/install/rmw_cyclonedds_cpp:/home/sauron/ros2_humble/install/tracetools:/home/sauron/ros2_humble/install/tlsf:/home/sauron/ros2_humble/install/tinyxml_vendor:/home/sauron/ros2_humble/install/qt_gui_core:/home/sauron/ros2_humble/install/qt_gui_cpp:/home/sauron/ros2_humble/install/pluginlib:/home/sauron/ros2_humble/install/tinyxml2_vendor:/home/sauron/ros2_humble/install/tf2_eigen_kdl:/home/sauron/ros2_humble/install/tf2:/home/sauron/ros2_humble/install/test_security:/home/sauron/ros2_humble/install/test_rmw_implementation:/home/sauron/ros2_humble/install/test_rclcpp:/home/sauron/ros2_humble/install/test_quality_of_service:/home/sauron/ros2_humble/install/test_launch_testing:/home/sauron/ros2_humble/install/test_interface_files:/home/sauron/ros2_humble/install/test_communication:/home/sauron/ros2_humble/install/test_cli_remapping:/home/sauron/ros2_humble/install/test_cli:/home/sauron/ros2_humble/install/qt_gui_app:/home/sauron/ros2_humble/install/qt_gui:/home/sauron/ros2_humble/install/tango_icons_vendor:/home/sauron/ros2_humble/install/stereo_msgs:/home/sauron/ros2_humble/install/std_srvs:/home/sauron/ros2_humble/install/shape_msgs:/home/sauron/ros2_humble/install/map_msgs:/home/sauron/ros2_humble/install/sensor_msgs:/home/sauron/ros2_humble/install/nav_msgs:/home/sauron/ros2_humble/install/diagnostic_msgs:/home/sauron/ros2_humble/install/geometry_msgs:/home/sauron/ros2_humble/install/actionlib_msgs:/home/sauron/ros2_humble/install/std_msgs:/home/sauron/ros2_humble/install/statistics_msgs:/home/sauron/ros2_humble/install/sqlite3_vendor:/home/sauron/ros2_humble/install/rcl_logging_spdlog:/home/sauron/ros2_humble/install/spdlog_vendor:/home/sauron/ros2_humble/install/shared_queues_vendor:/home/sauron/ros2_humble/install/rviz_rendering_tests:/home/sauron/ros2_humble/install/rviz_rendering:/home/sauron/ros2_humble/install/rviz_ogre_vendor:/home/sauron/ros2_humble/install/rviz_assimp_vendor:/home/sauron/ros2_humble/install/rttest:/home/sauron/ros2_humble/install/rmw_connextddsmicro:/home/sauron/ros2_humble/install/rmw_connextdds:/home/sauron/ros2_humble/install/rmw_connextdds_common:/home/sauron/ros2_humble/install/rti_connext_dds_cmake_module:/home/sauron/ros2_humble/install/rosgraph_msgs:/home/sauron/ros2_humble/install/rosbag2_interfaces:/home/sauron/ros2_humble/install/rmw_dds_common:/home/sauron/ros2_humble/install/composition_interfaces:/home/sauron/ros2_humble/install/rcl_interfaces:/home/sauron/ros2_humble/install/pendulum_msgs:/home/sauron/ros2_humble/install/lifecycle_msgs:/home/sauron/ros2_humble/install/builtin_interfaces:/home/sauron/ros2_humble/install/rosidl_default_runtime:/home/sauron/ros2_humble/install/rosidl_default_generators:/home/sauron/ros2_humble/install/rosidl_generator_py:/home/sauron/ros2_humble/install/rosidl_typesupport_introspection_tests:/home/sauron/ros2_humble/install/rosidl_typesupport_cpp:/home/sauron/ros2_humble/install/rosidl_typesupport_introspection_cpp:/home/sauron/ros2_humble/install/rosidl_typesupport_c:/home/sauron/ros2_humble/install/rosidl_typesupport_introspection_c:/home/sauron/ros2_humble/install/rosidl_typesupport_fastrtps_c:/home/sauron/ros2_humble/install/rosidl_typesupport_fastrtps_cpp:/home/sauron/ros2_humble/install/rosidl_generator_cpp:/home/sauron/ros2_humble/install/rosidl_runtime_cpp:/home/sauron/ros2_humble/install/rcl_yaml_param_parser:/home/sauron/ros2_humble/install/rmw:/home/sauron/ros2_humble/install/rosidl_runtime_c:/home/sauron/ros2_humble/install/rosidl_generator_c:/home/sauron/ros2_humble/install/rosidl_typesupport_interface:/home/sauron/ros2_humble/install/rosidl_generator_dds_idl:/home/sauron/ros2_humble/install/rosidl_cmake:/home/sauron/ros2_humble/install/rosidl_parser:/home/sauron/ros2_humble/install/rosidl_adapter:/home/sauron/ros2_humble/install/rosbag2_tests:/home/sauron/ros2_humble/install/rosbag2_storage_mcap_testdata:/home/sauron/ros2_humble/install/ros_environment:/home/sauron/ros2_humble/install/rmw_implementation_cmake:/home/sauron/ros2_humble/install/resource_retriever:/home/sauron/ros2_humble/install/class_loader:/home/sauron/ros2_humble/install/rcpputils:/home/sauron/ros2_humble/install/rcl_logging_noop:/home/sauron/ros2_humble/install/rcl_logging_interface:/home/sauron/ros2_humble/install/rcutils:/home/sauron/ros2_humble/install/qt_gui_py_common:/home/sauron/ros2_humble/install/qt_dotgraph:/home/sauron/ros2_humble/install/python_qt_binding:/home/sauron/ros2_humble/install/python_orocos_kdl_vendor:/home/sauron/ros2_humble/install/launch_testing_ament_cmake:/home/sauron/ros2_humble/install/python_cmake_module:/home/sauron/ros2_humble/install/pybind11_vendor:/home/sauron/ros2_humble/install/performance_test_fixture:/home/sauron/ros2_humble/install/osrf_testing_tools_cpp:/home/sauron/ros2_humble/install/orocos_kdl_vendor:/home/sauron/ros2_humble/install/mimick_vendor:/home/sauron/ros2_humble/install/libyaml_vendor:/home/sauron/ros2_humble/install/libcurl_vendor:/home/sauron/ros2_humble/install/keyboard_handler:/home/sauron/ros2_humble/install/cyclonedds:/home/sauron/ros2_humble/install/iceoryx_posh:/home/sauron/ros2_humble/install/iceoryx_hoofs:/home/sauron/ros2_humble/install/iceoryx_binding_c:/home/sauron/ros2_humble/install/ament_cmake_ros:/home/sauron/ros2_humble/install/ament_cmake_gmock:/home/sauron/ros2_humble/install/gmock_vendor:/home/sauron/ros2_humble/install/ament_cmake_auto:/home/sauron/ros2_humble/install/ament_cmake_gtest:/home/sauron/ros2_humble/install/gtest_vendor:/home/sauron/ros2_humble/install/ament_cmake_google_benchmark:/home/sauron/ros2_humble/install/google_benchmark_vendor:/home/sauron/ros2_humble/install/fastrtps:/home/sauron/ros2_humble/install/foonathan_memory_vendor:/home/sauron/ros2_humble/install/fastrtps_cmake_module:/home/sauron/ros2_humble/install/fastcdr:/home/sauron/ros2_humble/install/eigen3_cmake_module:/home/sauron/ros2_humble/install/console_bridge_vendor:/home/sauron/ros2_humble/install/ament_cmake_xmllint:/home/sauron/ros2_humble/install/ament_cmake_pyflakes:/home/sauron/ros2_humble/install/ament_cmake_pycodestyle:/home/sauron/ros2_humble/install/ament_cmake_pep257:/home/sauron/ros2_humble/install/ament_cmake_pclint:/home/sauron/ros2_humble/install/ament_lint_auto:/home/sauron/ros2_humble/install/ament_cmake:/home/sauron/ros2_humble/install/ament_cmake_version:/home/sauron/ros2_humble/install/ament_cmake_pytest:/home/sauron/ros2_humble/install/ament_cmake_nose:/home/sauron/ros2_humble/install/ament_cmake_mypy:/home/sauron/ros2_humble/install/ament_cmake_lint_cmake:/home/sauron/ros2_humble/install/ament_cmake_flake8:/home/sauron/ros2_humble/install/ament_cmake_cpplint:/home/sauron/ros2_humble/install/ament_cmake_cppcheck:/home/sauron/ros2_humble/install/ament_cmake_copyright:/home/sauron/ros2_humble/install/ament_cmake_clang_tidy:/home/sauron/ros2_humble/install/ament_cmake_clang_format:/home/sauron/ros2_humble/install/ament_cmake_test:/home/sauron/ros2_humble/install/ament_cmake_target_dependencies:/home/sauron/ros2_humble/install/ament_cmake_python:/home/sauron/ros2_humble/install/ament_cmake_export_dependencies:/home/sauron/ros2_humble/install/ament_cmake_libraries:/home/sauron/ros2_humble/install/ament_cmake_include_directories:/home/sauron/ros2_humble/install/ament_cmake_gen_version_h:/home/sauron/ros2_humble/install/ament_cmake_export_targets:/home/sauron/ros2_humble/install/ament_cmake_export_link_flags:/home/sauron/ros2_humble/install/ament_cmake_export_interfaces:/home/sauron/ros2_humble/install/ament_cmake_export_libraries:/home/sauron/ros2_humble/install/ament_cmake_export_include_directories:/home/sauron/ros2_humble/install/ament_cmake_export_definitions:/home/sauron/ros2_humble/install/ament_cmake_core:/home/sauron/ros2_humble/install/ament_index_cpp:/home/sauron/ros2_humble/install/rqt_bag_plugins:/home/sauron/ros2_humble/install/rqt_bag:/home/sauron/ros2_humble/install/ros2bag:/home/sauron/ros2_humble/install/tracetools_test:/home/sauron/ros2_humble/install/tracetools_launch:/home/sauron/ros2_humble/install/topic_monitor:/home/sauron/ros2_humble/install/tf2_tools:/home/sauron/ros2_humble/install/examples_tf2_py:/home/sauron/ros2_humble/install/tf2_ros_py:/home/sauron/ros2_humble/install/sros2:/home/sauron/ros2_humble/install/rqt_topic:/home/sauron/ros2_humble/install/rqt_srv:/home/sauron/ros2_humble/install/rqt_shell:/home/sauron/ros2_humble/install/rqt_service_caller:/home/sauron/ros2_humble/install/rqt_reconfigure:/home/sauron/ros2_humble/install/rqt_py_console:/home/sauron/ros2_humble/install/rqt_publisher:/home/sauron/ros2_humble/install/rqt_plot:/home/sauron/ros2_humble/install/rqt_action:/home/sauron/ros2_humble/install/rqt_msg:/home/sauron/ros2_humble/install/rqt_console:/home/sauron/ros2_humble/install/rqt:/home/sauron/ros2_humble/install/rqt_graph:/home/sauron/ros2_humble/install/rqt_gui_py:/home/sauron/ros2_humble/install/rqt_gui:/home/sauron/ros2_humble/install/ros2trace:/home/sauron/ros2_humble/install/ros2topic:/home/sauron/ros2_humble/install/ros2test:/home/sauron/ros2_humble/install/ros2component:/home/sauron/ros2_humble/install/ros2param:/home/sauron/ros2_humble/install/ros2lifecycle:/home/sauron/ros2_humble/install/ros2service:/home/sauron/ros2_humble/install/ros2run:/home/sauron/ros2_humble/install/ros2launch:/home/sauron/ros2_humble/install/ros2pkg:/home/sauron/ros2_humble/install/ros2node:/home/sauron/ros2_humble/install/ros2multicast:/home/sauron/ros2_humble/install/ros2interface:/home/sauron/ros2_humble/install/ros2doctor:/home/sauron/ros2_humble/install/ros2action:/home/sauron/ros2_humble/install/ros2cli:/home/sauron/ros2_humble/install/quality_of_service_demo_py:/home/sauron/ros2_humble/install/lifecycle_py:/home/sauron/ros2_humble/install/launch_testing_ros:/home/sauron/ros2_humble/install/launch_ros:/home/sauron/ros2_humble/install/examples_rclpy_pointcloud_publisher:/home/sauron/ros2_humble/install/examples_rclpy_minimal_subscriber:/home/sauron/ros2_humble/install/examples_rclpy_minimal_service:/home/sauron/ros2_humble/install/examples_rclpy_minimal_publisher:/home/sauron/ros2_humble/install/examples_rclpy_minimal_client:/home/sauron/ros2_humble/install/examples_rclpy_minimal_action_server:/home/sauron/ros2_humble/install/examples_rclpy_minimal_action_client:/home/sauron/ros2_humble/install/examples_rclpy_guard_conditions:/home/sauron/ros2_humble/install/examples_rclpy_executors:/home/sauron/ros2_humble/install/demo_nodes_py:/home/sauron/ros2_humble/install/action_tutorials_py:/home/sauron/ros2_humble/install/ament_uncrustify:/home/sauron/ros2_humble/install/tracetools_trace:/home/sauron/ros2_humble/install/tracetools_read:/home/sauron/ros2_humble/install/test_tracetools_launch:/home/sauron/ros2_humble/install/test_launch_ros:/home/sauron/ros2_humble/install/sensor_msgs_py:/home/sauron/ros2_humble/install/rpyutils:/home/sauron/ros2_humble/install/rosidl_runtime_py:/home/sauron/ros2_humble/install/rosidl_cli:/home/sauron/ros2_humble/install/launch_pytest:/home/sauron/ros2_humble/install/launch_testing:/home/sauron/ros2_humble/install/launch_yaml:/home/sauron/ros2_humble/install/launch_xml:/home/sauron/ros2_humble/install/launch:/home/sauron/ros2_humble/install/osrf_pycommon:/home/sauron/ros2_humble/install/launch_testing_examples:/home/sauron/ros2_humble/install/domain_coordinator:/home/sauron/ros2_humble/install/ament_xmllint:/home/sauron/ros2_humble/install/ament_pyflakes:/home/sauron/ros2_humble/install/ament_pycodestyle:/home/sauron/ros2_humble/install/ament_pep257:/home/sauron/ros2_humble/install/ament_pclint:/home/sauron/ros2_humble/install/ament_package:/home/sauron/ros2_humble/install/ament_mypy:/home/sauron/ros2_humble/install/ament_lint_cmake:/home/sauron/ros2_humble/install/ament_flake8:/home/sauron/ros2_humble/install/ament_copyright:/home/sauron/ros2_humble/install/ament_lint:/home/sauron/ros2_humble/install/ament_index_python:/home/sauron/ros2_humble/install/ament_cpplint:/home/sauron/ros2_humble/install/ament_cppcheck:/home/sauron/ros2_humble/install/ament_clang_tidy:/home/sauron/ros2_humble/install/ament_clang_format LD_LIBRARY_PATH=/home/sauron/ros2-picas/install/trace_picas/lib:/home/sauron/ros2-picas/install/rclcpp/lib:/home/sauron/ros2-picas/install/test_msgs/lib:/home/sauron/ros2_humble/install/rosbag2_storage_mcap/lib:/home/sauron/ros2_humble/install/rosbag2_compression_zstd/lib:/home/sauron/ros2_humble/install/mcap_vendor/lib:/home/sauron/ros2_humble/install/zstd_vendor/lib:/home/sauron/ros2_humble/install/rviz_default_plugins/lib:/home/sauron/ros2_humble/install/rviz_common/lib:/home/sauron/ros2_humble/install/rosbag2_transport/lib:/home/sauron/ros2_humble/install/rosbag2_compression/lib:/home/sauron/ros2_humble/install/rosbag2_cpp/lib:/home/sauron/ros2_humble/install/rosbag2_storage_default_plugins/lib:/home/sauron/ros2_humble/install/rosbag2_storage/lib:/home/sauron/ros2_humble/install/camera_info_manager/lib:/home/sauron/ros2_humble/install/camera_calibration_parsers/lib:/home/sauron/ros2_humble/install/interactive_markers/lib:/home/sauron/ros2_humble/install/visualization_msgs/lib:/home/sauron/ros2_humble/install/robot_state_publisher/lib:/home/sauron/ros2_humble/install/kdl_parser/lib:/home/sauron/ros2_humble/install/urdf/lib:/home/sauron/ros2_humble/install/urdfdom/lib:/home/sauron/ros2_humble/install/turtlesim/lib:/home/sauron/ros2_humble/install/tf2_ros/lib:/home/sauron/ros2_humble/install/tf2_msgs/lib:/home/sauron/ros2_humble/install/test_msgs/lib:/home/sauron/ros2_humble/install/ros2cli_test_interfaces/lib:/home/sauron/ros2_humble/install/quality_of_service_demo_cpp/lib:/home/sauron/ros2_humble/install/image_transport/lib:/home/sauron/ros2_humble/install/message_filters/lib:/home/sauron/ros2_humble/install/demo_nodes_cpp/lib:/home/sauron/ros2_humble/install/composition/lib:/home/sauron/ros2_humble/install/laser_geometry/lib:/home/sauron/ros2_humble/install/rclpy/lib:/home/sauron/ros2_humble/install/action_tutorials_cpp/lib:/home/sauron/ros2_humble/install/rclcpp_action/lib:/home/sauron/ros2_humble/install/rcl_action/lib:/home/sauron/ros2_humble/install/examples_rclcpp_wait_set/lib:/home/sauron/ros2_humble/install/example_interfaces/lib:/home/sauron/ros2_humble/install/action_tutorials_interfaces/lib:/home/sauron/ros2_humble/install/action_msgs/lib:/home/sauron/ros2_humble/install/unique_identifier_msgs/lib:/home/sauron/ros2_humble/install/trajectory_msgs/lib:/home/sauron/ros2_humble/install/rqt_gui_cpp/lib:/home/sauron/ros2_humble/install/rclcpp_lifecycle/lib:/home/sauron/ros2_humble/install/logging_demo/lib:/home/sauron/ros2_humble/install/image_tools/lib:/home/sauron/ros2_humble/install/examples_rclcpp_minimal_subscriber/lib:/home/sauron/ros2_humble/install/examples_rclcpp_minimal_composition/lib:/home/sauron/ros2_humble/install/demo_nodes_cpp_native/lib:/home/sauron/ros2_humble/install/rclcpp_components/lib:/home/sauron/ros2_humble/install/rclcpp/lib:/home/sauron/ros2_humble/install/rcl_lifecycle/lib:/home/sauron/ros2_humble/install/libstatistics_collector/lib:/home/sauron/ros2_humble/install/rcl/lib:/home/sauron/ros2_humble/install/rmw_implementation/lib:/home/sauron/ros2_humble/install/rmw_fastrtps_dynamic_cpp/lib:/home/sauron/ros2_humble/install/rmw_fastrtps_cpp/lib:/home/sauron/ros2_humble/install/rmw_fastrtps_shared_cpp/lib:/home/sauron/ros2_humble/install/rmw_cyclonedds_cpp/lib:/home/sauron/ros2_humble/install/tracetools/lib:/home/sauron/ros2_humble/install/qt_gui_cpp/lib:/home/sauron/ros2_humble/install/tf2_eigen_kdl/lib:/home/sauron/ros2_humble/install/tf2/lib:/home/sauron/ros2_humble/install/stereo_msgs/lib:/home/sauron/ros2_humble/install/std_srvs/lib:/home/sauron/ros2_humble/install/shape_msgs/lib:/home/sauron/ros2_humble/install/map_msgs/lib:/home/sauron/ros2_humble/install/sensor_msgs/lib:/home/sauron/ros2_humble/install/nav_msgs/lib:/home/sauron/ros2_humble/install/diagnostic_msgs/lib:/home/sauron/ros2_humble/install/geometry_msgs/lib:/home/sauron/ros2_humble/install/actionlib_msgs/lib:/home/sauron/ros2_humble/install/std_msgs/lib:/home/sauron/ros2_humble/install/statistics_msgs/lib:/home/sauron/ros2_humble/install/rcl_logging_spdlog/lib:/home/sauron/ros2_humble/install/rviz_rendering/lib:/home/sauron/ros2_humble/install/rviz_ogre_vendor/opt/rviz_ogre_vendor/lib:/home/sauron/ros2_humble/install/rttest/lib:/home/sauron/ros2_humble/install/rosgraph_msgs/lib:/home/sauron/ros2_humble/install/rosbag2_interfaces/lib:/home/sauron/ros2_humble/install/rmw_dds_common/lib:/home/sauron/ros2_humble/install/composition_interfaces/lib:/home/sauron/ros2_humble/install/rcl_interfaces/lib:/home/sauron/ros2_humble/install/pendulum_msgs/lib:/home/sauron/ros2_humble/install/lifecycle_msgs/lib:/home/sauron/ros2_humble/install/builtin_interfaces/lib:/home/sauron/ros2_humble/install/rosidl_typesupport_cpp/lib:/home/sauron/ros2_humble/install/rosidl_typesupport_introspection_cpp/lib:/home/sauron/ros2_humble/install/rosidl_typesupport_c/lib:/home/sauron/ros2_humble/install/rosidl_typesupport_introspection_c/lib:/home/sauron/ros2_humble/install/rosidl_typesupport_fastrtps_c/lib:/home/sauron/ros2_humble/install/rosidl_typesupport_fastrtps_cpp/lib:/home/sauron/ros2_humble/install/rcl_yaml_param_parser/lib:/home/sauron/ros2_humble/install/rmw/lib:/home/sauron/ros2_humble/install/rosidl_runtime_c/lib:/home/sauron/ros2_humble/install/rosbag2_storage_mcap_testdata/lib:/home/sauron/ros2_humble/install/resource_retriever/lib:/home/sauron/ros2_humble/install/class_loader/lib:/home/sauron/ros2_humble/install/rcpputils/lib:/home/sauron/ros2_humble/install/rcl_logging_noop/lib:/home/sauron/ros2_humble/install/rcl_logging_interface/lib:/home/sauron/ros2_humble/install/rcutils/lib:/home/sauron/ros2_humble/install/performance_test_fixture/lib:/home/sauron/ros2_humble/install/osrf_testing_tools_cpp/lib:/home/sauron/ros2_humble/install/mimick_vendor/lib:/home/sauron/ros2_humble/install/libyaml_vendor/lib:/home/sauron/ros2_humble/install/keyboard_handler/lib:/home/sauron/ros2_humble/install/cyclonedds/lib:/home/sauron/ros2_humble/install/iceoryx_posh/lib:/home/sauron/ros2_humble/install/iceoryx_hoofs/lib:/home/sauron/ros2_humble/install/iceoryx_binding_c/lib:/home/sauron/ros2_humble/install/google_benchmark_vendor/lib:/home/sauron/ros2_humble/install/fastrtps/lib:/home/sauron/ros2_humble/install/fastcdr/lib:/home/sauron/ros2_humble/install/ament_index_cpp/lib:/usr/local/cuda/lib64:/usr/local/cuda/lib64 PYTHONPATH=/home/sauron/ros2-picas/install/test_msgs/local/lib/python3.10/dist-packages:${PYTHONPATH} /usr/bin/cmake --build /home/sauron/ros2-picas/build/picas_example_mt -- -j20 -l20
[0.072s] [35m[1mConsolidate compiler generated dependencies of target example_mt[0m
[0.087s] [ 50%] [32mBuilding CXX object CMakeFiles/example_mt.dir/src/example_mt.cpp.o[0m
[1.277s] [01m[K/home/sauron/ros2-picas/ros2-picas-example/picas_example_mt/src/example_mt.cpp:59:23:[m[K [01;31m[Kerror: [m[Kâ€˜[01m[Ktest_msgs[m[Kâ€™ was not declared in this scope
[1.277s]    59 |     rclcpp::Publisher<[01;31m[Ktest_msgs[m[K::msg::TestString>::SharedPtr publisher_;
[1.277s]       |                       [01;31m[K^~~~~~~~~[m[K
[1.277s] [01m[K/home/sauron/ros2-picas/ros2-picas-example/picas_example_mt/src/example_mt.cpp:59:49:[m[K [01;31m[Kerror: [m[Ktemplate argument 1 is invalid
[1.277s]    59 |     rclcpp::Publisher<test_msgs::msg::TestString[01;31m[K>[m[K::SharedPtr publisher_;
[1.277s]       |                                                 [01;31m[K^[m[K
[1.277s] [01m[K/home/sauron/ros2-picas/ros2-picas-example/picas_example_mt/src/example_mt.cpp:59:52:[m[K [01;31m[Kerror: [m[Kexpected â€˜[01m[K;[m[Kâ€™ at end of member declaration
[1.277s]    59 |     rclcpp::Publisher<test_msgs::msg::TestString>::[01;31m[KSharedPtr[m[K publisher_;
[1.277s]       |                                                    [01;31m[K^~~~~~~~~[m[K
[1.277s]       |                                                             [32m[K;[m[K
[1.278s] [01m[K/home/sauron/ros2-picas/ros2-picas-example/picas_example_mt/src/example_mt.cpp:59:62:[m[K [01;31m[Kerror: [m[Kâ€˜[01m[Kpublisher_[m[Kâ€™ does not name a type; did you mean â€˜[01m[Krmw_publisher_t[m[Kâ€™?
[1.278s]    59 |     rclcpp::Publisher<test_msgs::msg::TestString>::SharedPtr [01;31m[Kpublisher_[m[K;
[1.278s]       |                                                              [01;31m[K^~~~~~~~~~[m[K
[1.278s]       |                                                              [32m[Krmw_publisher_t[m[K
[1.285s] [01m[K/home/sauron/ros2-picas/ros2-picas-example/picas_example_mt/src/example_mt.cpp:[m[K In constructor â€˜[01m[KStartNode::StartNode(std::string, std::string, std::shared_ptr<trace::Trace>, int, int, bool)[m[Kâ€™:
[1.285s] [01m[K/home/sauron/ros2-picas/ros2-picas-example/picas_example_mt/src/example_mt.cpp:47:9:[m[K [01;31m[Kerror: [m[Kâ€˜[01m[Kpublisher_[m[Kâ€™ was not declared in this scope; did you mean â€˜[01m[Krmw_publisher_t[m[Kâ€™?
[1.285s]    47 |         [01;31m[Kpublisher_[m[K = this->create_publisher<test_msgs::msg::TestString>(pub_topic, 1);
[1.285s]       |         [01;31m[K^~~~~~~~~~[m[K
[1.285s]       |         [32m[Krmw_publisher_t[m[K
[1.288s] [01m[K/home/sauron/ros2-picas/ros2-picas-example/picas_example_mt/src/example_mt.cpp:47:45:[m[K [01;31m[Kerror: [m[Kâ€˜[01m[Ktest_msgs[m[Kâ€™ was not declared in this scope
[1.288s]    47 |         publisher_ = this->create_publisher<[01;31m[Ktest_msgs[m[K::msg::TestString>(pub_topic, 1);
[1.288s]       |                                             [01;31m[K^~~~~~~~~[m[K
[1.288s] [01m[K/home/sauron/ros2-picas/ros2-picas-example/picas_example_mt/src/example_mt.cpp:47:28:[m[K [01;31m[Kerror: [m[Kparse error in template argument list
[1.288s]    47 |         publisher_ = this->[01;31m[Kcreate_publisher<test_msgs::msg::TestString>[m[K(pub_topic, 1);
[1.288s]       |                            [01;31m[K^~~~~~~~~~~~~~~~~~~~~~~~~~~~~~~~~~~~~~~~~~~~[m[K
[1.288s] [01m[K/home/sauron/ros2-picas/ros2-picas-example/picas_example_mt/src/example_mt.cpp:47:72:[m[K [01;31m[Kerror: [m[Kno matching function for call to â€˜[01m[KStartNode::create_publisher<<expression error> >(const string&, int)[m[Kâ€™
[1.288s]    47 |         publisher_ = [01;31m[Kthis->create_publisher<test_msgs::msg::TestString>(pub_topic, 1)[m[K;
[1.288s]       |                      [01;31m[K~~~~~~~~~~~~~~~~~~~~~~~~~~~~~~~~~~~~~~~~~~~~~~~~~~^~~~~~~~~~~~~~[m[K
[1.288s] In file included from [01m[K/home/sauron/ros2-picas/install/rclcpp/include/rclcpp/rclcpp/executors/single_threaded_executor.hpp:35[m[K,
[1.288s]                  from [01m[K/home/sauron/ros2-picas/install/rclcpp/include/rclcpp/rclcpp/executors.hpp:22[m[K,
[1.288s]                  from [01m[K/home/sauron/ros2-picas/install/rclcpp/include/rclcpp/rclcpp/rclcpp.hpp:155[m[K,
[1.288s]                  from [01m[K/home/sauron/ros2-picas/ros2-picas-example/picas_example_mt/src/example_mt.cpp:16[m[K:
[1.288s] [01m[K/home/sauron/ros2-picas/install/rclcpp/include/rclcpp/rclcpp/node.hpp:195:3:[m[K [01;36m[Knote: [m[Kcandidate: â€˜[01m[Ktemplate<class MessageT, class AllocatorT, class PublisherT> std::shared_ptr<PublisherT> rclcpp::Node::create_publisher(const string&, const rclcpp::QoS&, const rclcpp::PublisherOptionsWithAllocator<AllocatorT>&)[m[Kâ€™
[1.288s]   195 |   [01;36m[Kcreate_publisher[m[K(
[1.288s]       |   [01;36m[K^~~~~~~~~~~~~~~~[m[K
[1.288s] [01m[K/home/sauron/ros2-picas/install/rclcpp/include/rclcpp/rclcpp/node.hpp:195:3:[m[K [01;36m[Knote: [m[K  template argument deduction/substitution failed:
[1.288s] [01m[K/home/sauron/ros2-picas/ros2-picas-example/picas_example_mt/src/example_mt.cpp:47:72:[m[K [01;31m[Kerror: [m[Ktemplate argument 1 is invalid
[1.288s]    47 |         publisher_ = [01;31m[Kthis->create_publisher<test_msgs::msg::TestString>(pub_topic, 1)[m[K;
[1.288s]       |                      [01;31m[K~~~~~~~~~~~~~~~~~~~~~~~~~~~~~~~~~~~~~~~~~~~~~~~~~~^~~~~~~~~~~~~~[m[K
[1.294s] [01m[K/home/sauron/ros2-picas/ros2-picas-example/picas_example_mt/src/example_mt.cpp:[m[K In member function â€˜[01m[Kvoid StartNode::timer_callback()[m[Kâ€™:
[1.294s] [01m[K/home/sauron/ros2-picas/ros2-picas-example/picas_example_mt/src/example_mt.cpp:84:24:[m[K [01;31m[Kerror: [m[Kâ€˜[01m[Ktest_msgs[m[Kâ€™ has not been declared
[1.294s]    84 |         auto message = [01;31m[Ktest_msgs[m[K::msg::TestString();
[1.294s]       |                        [01;31m[K^~~~~~~~~[m[K
[1.298s] [01m[K/home/sauron/ros2-picas/ros2-picas-example/picas_example_mt/src/example_mt.cpp:97:9:[m[K [01;31m[Kerror: [m[Kâ€˜[01m[Kpublisher_[m[Kâ€™ was not declared in this scope; did you mean â€˜[01m[Krmw_publisher_t[m[Kâ€™?
[1.298s]    97 |         [01;31m[Kpublisher_[m[K->publish(message);
[1.298s]       |         [01;31m[K^~~~~~~~~~[m[K
[1.298s]       |         [32m[Krmw_publisher_t[m[K
[1.302s] [01m[K/home/sauron/ros2-picas/ros2-picas-example/picas_example_mt/src/example_mt.cpp:[m[K At global scope:
[1.302s] [01m[K/home/sauron/ros2-picas/ros2-picas-example/picas_example_mt/src/example_mt.cpp:111:23:[m[K [01;31m[Kerror: [m[Kâ€˜[01m[Ktest_msgs[m[Kâ€™ was not declared in this scope
[1.302s]   111 |     rclcpp::Publisher<[01;31m[Ktest_msgs[m[K::msg::TestString>::SharedPtr publisher_;
[1.302s]       |                       [01;31m[K^~~~~~~~~[m[K
[1.302s] [01m[K/home/sauron/ros2-picas/ros2-picas-example/picas_example_mt/src/example_mt.cpp:111:49:[m[K [01;31m[Kerror: [m[Ktemplate argument 1 is invalid
[1.302s]   111 |     rclcpp::Publisher<test_msgs::msg::TestString[01;31m[K>[m[K::SharedPtr publisher_;
[1.302s]       |                                                 [01;31m[K^[m[K
[1.302s] [01m[K/home/sauron/ros2-picas/ros2-picas-example/picas_example_mt/src/example_mt.cpp:111:52:[m[K [01;31m[Kerror: [m[Kexpected â€˜[01m[K;[m[Kâ€™ at end of member declaration
[1.302s]   111 |     rclcpp::Publisher<test_msgs::msg::TestString>::[01;31m[KSharedPtr[m[K publisher_;
[1.302s]       |                                                    [01;31m[K^~~~~~~~~[m[K
[1.302s]       |                                                             [32m[K;[m[K
[1.303s] [01m[K/home/sauron/ros2-picas/ros2-picas-example/picas_example_mt/src/example_mt.cpp:111:62:[m[K [01;31m[Kerror: [m[Kâ€˜[01m[Kpublisher_[m[Kâ€™ does not name a type; did you mean â€˜[01m[Krmw_publisher_t[m[Kâ€™?
[1.303s]   111 |     rclcpp::Publisher<test_msgs::msg::TestString>::SharedPtr [01;31m[Kpublisher_[m[K;
[1.303s]       |                                                              [01;31m[K^~~~~~~~~~[m[K
[1.303s]       |                                                              [32m[Krmw_publisher_t[m[K
[1.306s] [01m[K/home/sauron/ros2-picas/ros2-picas-example/picas_example_mt/src/example_mt.cpp:112:26:[m[K [01;31m[Kerror: [m[Kâ€˜[01m[Ktest_msgs[m[Kâ€™ was not declared in this scope
[1.306s]   112 |     rclcpp::Subscription<[01;31m[Ktest_msgs[m[K::msg::TestString>::SharedPtr subscription_;
[1.306s]       |                          [01;31m[K^~~~~~~~~[m[K
[1.306s] [01m[K/home/sauron/ros2-picas/ros2-picas-example/picas_example_mt/src/example_mt.cpp:112:52:[m[K [01;31m[Kerror: [m[Ktemplate argument 1 is invalid
[1.306s]   112 |     rclcpp::Subscription<test_msgs::msg::TestString[01;31m[K>[m[K::SharedPtr subscription_;
[1.306s]       |                                                    [01;31m[K^[m[K
[1.306s] [01m[K/home/sauron/ros2-picas/ros2-picas-example/picas_example_mt/src/example_mt.cpp:112:52:[m[K [01;31m[Kerror: [m[Ktemplate argument 3 is invalid
[1.307s] [01m[K/home/sauron/ros2-picas/ros2-picas-example/picas_example_mt/src/example_mt.cpp:112:52:[m[K [01;31m[Kerror: [m[Ktemplate argument 4 is invalid
[1.307s] [01m[K/home/sauron/ros2-picas/ros2-picas-example/picas_example_mt/src/example_mt.cpp:112:52:[m[K [01;31m[Kerror: [m[Ktemplate argument 5 is invalid
[1.307s] [01m[K/home/sauron/ros2-picas/ros2-picas-example/picas_example_mt/src/example_mt.cpp:112:55:[m[K [01;31m[Kerror: [m[Kexpected â€˜[01m[K;[m[Kâ€™ at end of member declaration
[1.307s]   112 |     rclcpp::Subscription<test_msgs::msg::TestString>::[01;31m[KSharedPtr[m[K subscription_;
[1.307s]       |                                                       [01;31m[K^~~~~~~~~[m[K
[1.307s]       |                                                                [32m[K;[m[K
[1.307s] [01m[K/home/sauron/ros2-picas/ros2-picas-example/picas_example_mt/src/example_mt.cpp:112:55:[m[K [01;31m[Kerror: [m[Kredeclaration of â€˜[01m[Kint IntermediateNode::SharedPtr[m[Kâ€™
[1.307s] [01m[K/home/sauron/ros2-picas/ros2-picas-example/picas_example_mt/src/example_mt.cpp:111:52:[m[K [01;36m[Knote: [m[Kprevious declaration â€˜[01m[Kint IntermediateNode::SharedPtr[m[Kâ€™
[1.307s]   111 |     rclcpp::Publisher<test_msgs::msg::TestString>::[01;36m[KSharedPtr[m[K publisher_;
[1.307s]       |                                                    [01;36m[K^~~~~~~~~[m[K
[1.307s] [01m[K/home/sauron/ros2-picas/ros2-picas-example/picas_example_mt/src/example_mt.cpp:112:65:[m[K [01;31m[Kerror: [m[Kâ€˜[01m[Ksubscription_[m[Kâ€™ does not name a type; did you mean â€˜[01m[Krmw_subscription_t[m[Kâ€™?
[1.308s]   112 |     rclcpp::Subscription<test_msgs::msg::TestString>::SharedPtr [01;31m[Ksubscription_[m[K;
[1.308s]       |                                                                 [01;31m[K^~~~~~~~~~~~~[m[K
[1.308s]       |                                                                 [32m[Krmw_subscription_t[m[K
[1.309s] [01m[K/home/sauron/ros2-picas/ros2-picas-example/picas_example_mt/src/example_mt.cpp:127:25:[m[K [01;31m[Kerror: [m[Kâ€˜[01m[Ktest_msgs[m[Kâ€™ does not name a type
[1.309s]   127 |     void callback(const [01;31m[Ktest_msgs[m[K::msg::TestString::SharedPtr msg) {
[1.309s]       |                         [01;31m[K^~~~~~~~~[m[K
[1.309s] [01m[K/home/sauron/ros2-picas/ros2-picas-example/picas_example_mt/src/example_mt.cpp:127:39:[m[K [01;31m[Kerror: [m[Kexpected unqualified-id before â€˜[01m[K::[m[Kâ€™ token
[1.309s]   127 |     void callback(const test_msgs::msg[01;31m[K::[m[KTestString::SharedPtr msg) {
[1.309s]       |                                       [01;31m[K^~[m[K
[1.309s] [01m[K/home/sauron/ros2-picas/ros2-picas-example/picas_example_mt/src/example_mt.cpp:127:39:[m[K [01;31m[Kerror: [m[Kexpected â€˜[01m[K)[m[Kâ€™ before â€˜[01m[K::[m[Kâ€™ token
[1.309s]   127 |     void callback[34m[K([m[Kconst test_msgs::msg[01;31m[K:[m[K[32m[K:[m[KTestString::SharedPtr msg) {
[1.309s]       |                  [34m[K~[m[K                    [01;31m[K^[m[K[32m[K~[m[K
[1.309s]       |                                       [32m[K)[m[K
[1.309s] [01m[K/home/sauron/ros2-picas/ros2-picas-example/picas_example_mt/src/example_mt.cpp:127:36:[m[K [01;31m[Kerror: [m[Kexpected â€˜[01m[K;[m[Kâ€™ at end of member declaration
[1.309s]   127 |     void callback(const test_msgs::[01;31m[Kmsg[m[K::TestString::SharedPtr msg) {
[1.309s]       |                                    [01;31m[K^~~[m[K
[1.309s]       |                                       [32m[K;[m[K
[1.310s] [01m[K/home/sauron/ros2-picas/ros2-picas-example/picas_example_mt/src/example_mt.cpp:127:41:[m[K [01;31m[Kerror: [m[Kâ€˜[01m[KTestString[m[Kâ€™ in namespace â€˜[01m[K::[m[Kâ€™ does not name a type
[1.310s]   127 |     void callback(const test_msgs::msg::[01;31m[KTestString[m[K::SharedPtr msg) {
[1.310s]       |                                         [01;31m[K^~~~~~~~~~[m[K
[1.316s] [01m[K/home/sauron/ros2-picas/ros2-picas-example/picas_example_mt/src/example_mt.cpp:[m[K In constructor â€˜[01m[KIntermediateNode::IntermediateNode(std::string, std::string, std::string, std::shared_ptr<trace::Trace>, int, bool)[m[Kâ€™:
[1.316s] [01m[K/home/sauron/ros2-picas/ros2-picas-example/picas_example_mt/src/example_mt.cpp:107:9:[m[K [01;31m[Kerror: [m[Kâ€˜[01m[Ksubscription_[m[Kâ€™ was not declared in this scope; did you mean â€˜[01m[Krmw_subscription_t[m[Kâ€™?
[1.316s]   107 |         [01;31m[Ksubscription_[m[K = this->create_subscription<test_msgs::msg::TestString>(sub_topic, 1, std::bind(&IntermediateNode::callback, this, _1));
[1.316s]       |         [01;31m[K^~~~~~~~~~~~~[m[K
[1.316s]       |         [32m[Krmw_subscription_t[m[K
[1.318s] [01m[K/home/sauron/ros2-picas/ros2-picas-example/picas_example_mt/src/example_mt.cpp:107:51:[m[K [01;31m[Kerror: [m[Kâ€˜[01m[Ktest_msgs[m[Kâ€™ was not declared in this scope
[1.318s]   107 |         subscription_ = this->create_subscription<[01;31m[Ktest_msgs[m[K::msg::TestString>(sub_topic, 1, std::bind(&IntermediateNode::callback, this, _1));
[1.318s]       |                                                   [01;31m[K^~~~~~~~~[m[K
[1.318s] [01m[K/home/sauron/ros2-picas/ros2-picas-example/picas_example_mt/src/example_mt.cpp:107:31:[m[K [01;31m[Kerror: [m[Kparse error in template argument list
[1.318s]   107 |         subscription_ = this->[01;31m[Kcreate_subscription<test_msgs::msg::TestString>[m[K(sub_topic, 1, std::bind(&IntermediateNode::callback, this, _1));
[1.318s]       |                               [01;31m[K^~~~~~~~~~~~~~~~~~~~~~~~~~~~~~~~~~~~~~~~~~~~~~~[m[K
[1.321s] [01m[K/home/sauron/ros2-picas/ros2-picas-example/picas_example_mt/src/example_mt.cpp:107:78:[m[K [01;31m[Kerror: [m[Kno matching function for call to â€˜[01m[KIntermediateNode::create_subscription<<expression error> >(const string&, int, std::_Bind_helper<false, void (IntermediateNode::*)(...), IntermediateNode*, const std::_Placeholder<1>&>::type)[m[Kâ€™
[1.321s]   107 |         subscription_ = [01;31m[Kthis->create_subscription<test_msgs::msg::TestString>(sub_topic, 1, std::bind(&IntermediateNode::callback, this, _1))[m[K;
[1.321s]       |                         [01;31m[K~~~~~~~~~~~~~~~~~~~~~~~~~~~~~~~~~~~~~~~~~~~~~~~~~~~~~^~~~~~~~~~~~~~~~~~~~~~~~~~~~~~~~~~~~~~~~~~~~~~~~~~~~~~~~~~~~~~~~[m[K
[1.321s] In file included from [01m[K/home/sauron/ros2-picas/install/rclcpp/include/rclcpp/rclcpp/executors/single_threaded_executor.hpp:35[m[K,
[1.321s]                  from [01m[K/home/sauron/ros2-picas/install/rclcpp/include/rclcpp/rclcpp/executors.hpp:22[m[K,
[1.321s]                  from [01m[K/home/sauron/ros2-picas/install/rclcpp/include/rclcpp/rclcpp/rclcpp.hpp:155[m[K,
[1.321s]                  from [01m[K/home/sauron/ros2-picas/ros2-picas-example/picas_example_mt/src/example_mt.cpp:16[m[K:
[1.321s] [01m[K/home/sauron/ros2-picas/install/rclcpp/include/rclcpp/rclcpp/node.hpp:219:3:[m[K [01;36m[Knote: [m[Kcandidate: â€˜[01m[Ktemplate<class MessageT, class CallbackT, class AllocatorT, class SubscriptionT, class MessageMemoryStrategyT> std::shared_ptr<ROSMessageT> rclcpp::Node::create_subscription(const string&, const rclcpp::QoS&, CallbackT&&, const rclcpp::SubscriptionOptionsWithAllocator<AllocatorT>&, typename MessageMemoryStrategyT::SharedPtr)[m[Kâ€™
[1.321s]   219 |   [01;36m[Kcreate_subscription[m[K(
[1.321s]       |   [01;36m[K^~~~~~~~~~~~~~~~~~~[m[K
[1.321s] [01m[K/home/sauron/ros2-picas/install/rclcpp/include/rclcpp/rclcpp/node.hpp:219:3:[m[K [01;36m[Knote: [m[K  template argument deduction/substitution failed:
[1.321s] [01m[K/home/sauron/ros2-picas/ros2-picas-example/picas_example_mt/src/example_mt.cpp:107:78:[m[K [01;31m[Kerror: [m[Ktemplate argument 1 is invalid
[1.321s]   107 |         subscription_ = [01;31m[Kthis->create_subscription<test_msgs::msg::TestString>(sub_topic, 1, std::bind(&IntermediateNode::callback, this, _1))[m[K;
[1.321s]       |                         [01;31m[K~~~~~~~~~~~~~~~~~~~~~~~~~~~~~~~~~~~~~~~~~~~~~~~~~~~~~^~~~~~~~~~~~~~~~~~~~~~~~~~~~~~~~~~~~~~~~~~~~~~~~~~~~~~~~~~~~~~~~[m[K
[1.325s] [01m[K/home/sauron/ros2-picas/ros2-picas-example/picas_example_mt/src/example_mt.cpp:108:30:[m[K [01;31m[Kerror: [m[Kâ€˜[01m[Kpublisher_[m[Kâ€™ was not declared in this scope; did you mean â€˜[01m[Krmw_publisher_t[m[Kâ€™?
[1.325s]   108 |         if (pub_topic != "") [01;31m[Kpublisher_[m[K = this->create_publisher<test_msgs::msg::TestString>(pub_topic, 1);
[1.325s]       |                              [01;31m[K^~~~~~~~~~[m[K
[1.325s]       |                              [32m[Krmw_publisher_t[m[K
[1.325s] [01m[K/home/sauron/ros2-picas/ros2-picas-example/picas_example_mt/src/example_mt.cpp:108:49:[m[K [01;31m[Kerror: [m[Kparse error in template argument list
[1.325s]   108 |         if (pub_topic != "") publisher_ = this->[01;31m[Kcreate_publisher<test_msgs::msg::TestString>[m[K(pub_topic, 1);
[1.325s]       |                                                 [01;31m[K^~~~~~~~~~~~~~~~~~~~~~~~~~~~~~~~~~~~~~~~~~~~[m[K
[1.325s] [01m[K/home/sauron/ros2-picas/ros2-picas-example/picas_example_mt/src/example_mt.cpp:108:93:[m[K [01;31m[Kerror: [m[Kno matching function for call to â€˜[01m[KIntermediateNode::create_publisher<test_msgs>(const string&, int)[m[Kâ€™
[1.325s]   108 | (pub_topic != "") publisher_ = [01;31m[Kthis->create_publisher<test_msgs::msg::TestString>(pub_topic, 1)[m[K;
[1.325s]       |                                [01;31m[K~~~~~~~~~~~~~~~~~~~~~~~~~~~~~~~~~~~~~~~~~~~~~~~~~~^~~~~~~~~~~~~~[m[K
[1.325s] 
[1.325s] In file included from [01m[K/home/sauron/ros2-picas/install/rclcpp/include/rclcpp/rclcpp/executors/single_threaded_executor.hpp:35[m[K,
[1.325s]                  from [01m[K/home/sauron/ros2-picas/install/rclcpp/include/rclcpp/rclcpp/executors.hpp:22[m[K,
[1.325s]                  from [01m[K/home/sauron/ros2-picas/install/rclcpp/include/rclcpp/rclcpp/rclcpp.hpp:155[m[K,
[1.325s]                  from [01m[K/home/sauron/ros2-picas/ros2-picas-example/picas_example_mt/src/example_mt.cpp:16[m[K:
[1.325s] [01m[K/home/sauron/ros2-picas/install/rclcpp/include/rclcpp/rclcpp/node.hpp:195:3:[m[K [01;36m[Knote: [m[Kcandidate: â€˜[01m[Ktemplate<class MessageT, class AllocatorT, class PublisherT> std::shared_ptr<PublisherT> rclcpp::Node::create_publisher(const string&, const rclcpp::QoS&, const rclcpp::PublisherOptionsWithAllocator<AllocatorT>&)[m[Kâ€™
[1.325s]   195 |   [01;36m[Kcreate_publisher[m[K(
[1.325s]       |   [01;36m[K^~~~~~~~~~~~~~~~[m[K
[1.325s] [01m[K/home/sauron/ros2-picas/install/rclcpp/include/rclcpp/rclcpp/node.hpp:195:3:[m[K [01;36m[Knote: [m[K  template argument deduction/substitution failed:
[1.331s] [01m[K/home/sauron/ros2-picas/ros2-picas-example/picas_example_mt/src/example_mt.cpp:[m[K In function â€˜[01m[Kint main(int, char**)[m[Kâ€™:
[1.331s] [01m[K/home/sauron/ros2-picas/ros2-picas-example/picas_example_mt/src/example_mt.cpp:222:44:[m[K [01;31m[Kerror: [m[Kâ€˜[01m[Kusing element_type = class IntermediateNode[m[Kâ€™ {aka â€˜[01m[Kclass IntermediateNode[m[Kâ€™} has no member named â€˜[01m[Ksubscription_[m[Kâ€™
[1.331s]   222 |     exec1.set_callback_priority(c1_r_cb_1->[01;31m[Ksubscription_[m[K, 11);
[1.331s]       |                                            [01;31m[K^~~~~~~~~~~~~[m[K
[1.331s] [01m[K/home/sauron/ros2-picas/ros2-picas-example/picas_example_mt/src/example_mt.cpp:223:44:[m[K [01;31m[Kerror: [m[Kâ€˜[01m[Kusing element_type = class IntermediateNode[m[Kâ€™ {aka â€˜[01m[Kclass IntermediateNode[m[Kâ€™} has no member named â€˜[01m[Ksubscription_[m[Kâ€™
[1.331s]   223 |     exec1.set_callback_priority(c1_r_cb_2->[01;31m[Ksubscription_[m[K, 12);
[1.331s]       |                                            [01;31m[K^~~~~~~~~~~~~[m[K
[1.331s] [01m[K/home/sauron/ros2-picas/ros2-picas-example/picas_example_mt/src/example_mt.cpp:224:44:[m[K [01;31m[Kerror: [m[Kâ€˜[01m[Kusing element_type = class IntermediateNode[m[Kâ€™ {aka â€˜[01m[Kclass IntermediateNode[m[Kâ€™} has no member named â€˜[01m[Ksubscription_[m[Kâ€™
[1.331s]   224 |     exec1.set_callback_priority(c1_r_cb_3->[01;31m[Ksubscription_[m[K, 13);
[1.331s]       |                                            [01;31m[K^~~~~~~~~~~~~[m[K
[1.331s] In file included from [01m[K/home/sauron/ros2-picas/install/rclcpp/include/rclcpp/rclcpp/logging.hpp:24[m[K,
[1.331s]                  from [01m[K/home/sauron/ros2-picas/install/rclcpp/include/rclcpp/rclcpp/client.hpp:40[m[K,
[1.331s]                  from [01m[K/home/sauron/ros2-picas/install/rclcpp/include/rclcpp/rclcpp/callback_group.hpp:24[m[K,
[1.331s]                  from [01m[K/home/sauron/ros2-picas/install/rclcpp/include/rclcpp/rclcpp/any_executable.hpp:20[m[K,
[1.331s]                  from [01m[K/home/sauron/ros2-picas/install/rclcpp/include/rclcpp/rclcpp/memory_strategy.hpp:25[m[K,
[1.331s]                  from [01m[K/home/sauron/ros2-picas/install/rclcpp/include/rclcpp/rclcpp/memory_strategies.hpp:18[m[K,
[1.331s]                  from [01m[K/home/sauron/ros2-picas/install/rclcpp/include/rclcpp/rclcpp/executor_options.hpp:20[m[K,
[1.332s]                  from [01m[K/home/sauron/ros2-picas/install/rclcpp/include/rclcpp/rclcpp/executor.hpp:37[m[K,
[1.332s]                  from [01m[K/home/sauron/ros2-picas/install/rclcpp/include/rclcpp/rclcpp/executors/multi_threaded_executor.hpp:25[m[K,
[1.332s]                  from [01m[K/home/sauron/ros2-picas/install/rclcpp/include/rclcpp/rclcpp/executors.hpp:21[m[K,
[1.332s]                  from [01m[K/home/sauron/ros2-picas/install/rclcpp/include/rclcpp/rclcpp/rclcpp.hpp:155[m[K,
[1.332s]                  from [01m[K/home/sauron/ros2-picas/ros2-picas-example/picas_example_mt/src/example_mt.cpp:16[m[K:
[1.332s] [01m[K/home/sauron/ros2-picas/ros2-picas-example/picas_example_mt/src/example_mt.cpp:226:93:[m[K [01;31m[Kerror: [m[Kâ€˜[01m[Kusing element_type = class IntermediateNode[m[Kâ€™ {aka â€˜[01m[Kclass IntermediateNode[m[Kâ€™} has no member named â€˜[01m[Ksubscription_[m[Kâ€™
[1.332s]   226 | INFO(rclcpp::get_logger("rclcpp"), "Regular_callback1->priority: %d", c1_r_cb_1->[01;31m[Ksubscription_[m[K->callback_priority);
[1.332s]       |                                                                                  [01;31m[K^~~~~~~~~~~~~[m[K
[1.332s] 
[1.332s] [01m[K/home/sauron/ros2-picas/ros2-picas-example/picas_example_mt/src/example_mt.cpp:227:93:[m[K [01;31m[Kerror: [m[Kâ€˜[01m[Kusing element_type = class IntermediateNode[m[Kâ€™ {aka â€˜[01m[Kclass IntermediateNode[m[Kâ€™} has no member named â€˜[01m[Ksubscription_[m[Kâ€™
[1.332s]   227 | INFO(rclcpp::get_logger("rclcpp"), "Regular_callback2->priority: %d", c1_r_cb_2->[01;31m[Ksubscription_[m[K->callback_priority);
[1.332s]       |                                                                                  [01;31m[K^~~~~~~~~~~~~[m[K
[1.332s] 
[1.332s] [01m[K/home/sauron/ros2-picas/ros2-picas-example/picas_example_mt/src/example_mt.cpp:228:93:[m[K [01;31m[Kerror: [m[Kâ€˜[01m[Kusing element_type = class IntermediateNode[m[Kâ€™ {aka â€˜[01m[Kclass IntermediateNode[m[Kâ€™} has no member named â€˜[01m[Ksubscription_[m[Kâ€™
[1.332s]   228 | INFO(rclcpp::get_logger("rclcpp"), "Regular_callback3->priority: %d", c1_r_cb_3->[01;31m[Ksubscription_[m[K->callback_priority);
[1.332s]       |                                                                                  [01;31m[K^~~~~~~~~~~~~[m[K
[1.332s] 
[1.610s] gmake[2]: *** [CMakeFiles/example_mt.dir/build.make:76: CMakeFiles/example_mt.dir/src/example_mt.cpp.o] Error 1
[1.610s] gmake[1]: *** [CMakeFiles/Makefile2:137: CMakeFiles/example_mt.dir/all] Error 2
[1.610s] gmake: *** [Makefile:146: all] Error 2
[1.610s] Invoked command in '/home/sauron/ros2-picas/build/picas_example_mt' returned '2': AMENT_PREFIX_PATH=/home/sauron/ros2-picas/install/trace_picas:/home/sauron/ros2-picas/install/rclcpp:/home/sauron/ros2-picas/install/test_msgs:${AMENT_PREFIX_PATH} CMAKE_PREFIX_PATH=/home/sauron/ros2-picas/install/trace_picas:/home/sauron/ros2-picas/install/rclcpp:/home/sauron/ros2-picas/install/test_msgs:/home/sauron/ros2_humble/install/rosbag2_storage_mcap:/home/sauron/ros2_humble/install/rosbag2:/home/sauron/ros2_humble/install/rosbag2_compression_zstd:/home/sauron/ros2_humble/install/mcap_vendor:/home/sauron/ros2_humble/install/zstd_vendor:/home/sauron/ros2_humble/install/rviz_visual_testing_framework:/home/sauron/ros2_humble/install/rviz2:/home/sauron/ros2_humble/install/rviz_default_plugins:/home/sauron/ros2_humble/install/rviz_common:/home/sauron/ros2_humble/install/rosbag2_py:/home/sauron/ros2_humble/install/rosbag2_transport:/home/sauron/ros2_humble/install/rosbag2_performance_benchmarking:/home/sauron/ros2_humble/install/rosbag2_compression:/home/sauron/ros2_humble/install/rosbag2_cpp:/home/sauron/ros2_humble/install/rosbag2_storage_default_plugins:/home/sauron/ros2_humble/install/rosbag2_storage:/home/sauron/ros2_humble/install/image_common:/home/sauron/ros2_humble/install/camera_info_manager:/home/sauron/ros2_humble/install/camera_calibration_parsers:/home/sauron/ros2_humble/install/yaml_cpp_vendor:/home/sauron/ros2_humble/install/interactive_markers:/home/sauron/ros2_humble/install/common_interfaces:/home/sauron/ros2_humble/install/visualization_msgs:/home/sauron/ros2_humble/install/dummy_robot_bringup:/home/sauron/ros2_humble/install/robot_state_publisher:/home/sauron/ros2_humble/install/kdl_parser:/home/sauron/ros2_humble/install/urdf:/home/sauron/ros2_humble/install/urdfdom:/home/sauron/ros2_humble/install/urdf_parser_plugin:/home/sauron/ros2_humble/install/urdfdom_headers:/home/sauron/ros2_humble/install/turtlesim:/home/sauron/ros2_humble/install/geometry2:/home/sauron/ros2_humble/install/tf2_sensor_msgs:/home/sauron/ros2_humble/install/test_tf2:/home/sauron/ros2_humble/install/tf2_kdl:/home/sauron/ros2_humble/install/tf2_geometry_msgs:/home/sauron/ros2_humble/install/tf2_eigen:/home/sauron/ros2_humble/install/tf2_bullet:/home/sauron/ros2_humble/install/tf2_ros:/home/sauron/ros2_humble/install/tf2_py:/home/sauron/ros2_humble/install/tf2_msgs:/home/sauron/ros2_humble/install/test_msgs:/home/sauron/ros2_humble/install/sros2_cmake:/home/sauron/ros2_humble/install/ros2cli_common_extensions:/home/sauron/ros2_humble/install/rqt_py_common:/home/sauron/ros2_humble/install/ros_testing:/home/sauron/ros2_humble/install/ros2cli_test_interfaces:/home/sauron/ros2_humble/install/quality_of_service_demo_cpp:/home/sauron/ros2_humble/install/image_transport:/home/sauron/ros2_humble/install/message_filters:/home/sauron/ros2_humble/install/demo_nodes_cpp:/home/sauron/ros2_humble/install/composition:/home/sauron/ros2_humble/install/laser_geometry:/home/sauron/ros2_humble/install/rclpy:/home/sauron/ros2_humble/install/examples_rclcpp_minimal_action_server:/home/sauron/ros2_humble/install/examples_rclcpp_minimal_action_client:/home/sauron/ros2_humble/install/action_tutorials_cpp:/home/sauron/ros2_humble/install/rclcpp_action:/home/sauron/ros2_humble/install/rcl_action:/home/sauron/ros2_humble/install/examples_rclcpp_wait_set:/home/sauron/ros2_humble/install/examples_rclcpp_minimal_service:/home/sauron/ros2_humble/install/examples_rclcpp_minimal_client:/home/sauron/ros2_humble/install/examples_rclcpp_async_client:/home/sauron/ros2_humble/install/example_interfaces:/home/sauron/ros2_humble/install/action_tutorials_interfaces:/home/sauron/ros2_humble/install/action_msgs:/home/sauron/ros2_humble/install/unique_identifier_msgs:/home/sauron/ros2_humble/install/ament_lint_common:/home/sauron/ros2_humble/install/ament_cmake_uncrustify:/home/sauron/ros2_humble/install/uncrustify_vendor:/home/sauron/ros2_humble/install/trajectory_msgs:/home/sauron/ros2_humble/install/topic_statistics_demo:/home/sauron/ros2_humble/install/pendulum_control:/home/sauron/ros2_humble/install/tlsf_cpp:/home/sauron/ros2_humble/install/test_tracetools:/home/sauron/ros2_humble/install/rqt_gui_cpp:/home/sauron/ros2_humble/install/rosbag2_test_common:/home/sauron/ros2_humble/install/ros2lifecycle_test_fixtures:/home/sauron/ros2_humble/install/lifecycle:/home/sauron/ros2_humble/install/rclcpp_lifecycle:/home/sauron/ros2_humble/install/logging_demo:/home/sauron/ros2_humble/install/image_tools:/home/sauron/ros2_humble/install/examples_rclcpp_minimal_subscriber:/home/sauron/ros2_humble/install/examples_rclcpp_minimal_composition:/home/sauron/ros2_humble/install/demo_nodes_cpp_native:/home/sauron/ros2_humble/install/rclcpp_components:/home/sauron/ros2_humble/install/intra_process_demo:/home/sauron/ros2_humble/install/examples_rclcpp_multithreaded_executor:/home/sauron/ros2_humble/install/examples_rclcpp_minimal_timer:/home/sauron/ros2_humble/install/examples_rclcpp_minimal_publisher:/home/sauron/ros2_humble/install/examples_rclcpp_cbg_executor:/home/sauron/ros2_humble/install/dummy_sensors:/home/sauron/ros2_humble/install/dummy_map_server:/home/sauron/ros2_humble/install/rclcpp:/home/sauron/ros2_humble/install/rcl_lifecycle:/home/sauron/ros2_humble/install/libstatistics_collector:/home/sauron/ros2_humble/install/rcl:/home/sauron/ros2_humble/install/rmw_implementation:/home/sauron/ros2_humble/install/rmw_fastrtps_dynamic_cpp:/home/sauron/ros2_humble/install/rmw_fastrtps_cpp:/home/sauron/ros2_humble/install/rmw_fastrtps_shared_cpp:/home/sauron/ros2_humble/install/rmw_cyclonedds_cpp:/home/sauron/ros2_humble/install/tracetools:/home/sauron/ros2_humble/install/tlsf:/home/sauron/ros2_humble/install/tinyxml_vendor:/home/sauron/ros2_humble/install/qt_gui_core:/home/sauron/ros2_humble/install/qt_gui_cpp:/home/sauron/ros2_humble/install/pluginlib:/home/sauron/ros2_humble/install/tinyxml2_vendor:/home/sauron/ros2_humble/install/tf2_eigen_kdl:/home/sauron/ros2_humble/install/tf2:/home/sauron/ros2_humble/install/test_security:/home/sauron/ros2_humble/install/test_rmw_implementation:/home/sauron/ros2_humble/install/test_rclcpp:/home/sauron/ros2_humble/install/test_quality_of_service:/home/sauron/ros2_humble/install/test_launch_testing:/home/sauron/ros2_humble/install/test_interface_files:/home/sauron/ros2_humble/install/test_communication:/home/sauron/ros2_humble/install/test_cli_remapping:/home/sauron/ros2_humble/install/test_cli:/home/sauron/ros2_humble/install/qt_gui_app:/home/sauron/ros2_humble/install/qt_gui:/home/sauron/ros2_humble/install/tango_icons_vendor:/home/sauron/ros2_humble/install/stereo_msgs:/home/sauron/ros2_humble/install/std_srvs:/home/sauron/ros2_humble/install/shape_msgs:/home/sauron/ros2_humble/install/map_msgs:/home/sauron/ros2_humble/install/sensor_msgs:/home/sauron/ros2_humble/install/nav_msgs:/home/sauron/ros2_humble/install/diagnostic_msgs:/home/sauron/ros2_humble/install/geometry_msgs:/home/sauron/ros2_humble/install/actionlib_msgs:/home/sauron/ros2_humble/install/std_msgs:/home/sauron/ros2_humble/install/statistics_msgs:/home/sauron/ros2_humble/install/sqlite3_vendor:/home/sauron/ros2_humble/install/rcl_logging_spdlog:/home/sauron/ros2_humble/install/spdlog_vendor:/home/sauron/ros2_humble/install/shared_queues_vendor:/home/sauron/ros2_humble/install/rviz_rendering_tests:/home/sauron/ros2_humble/install/rviz_rendering:/home/sauron/ros2_humble/install/rviz_ogre_vendor:/home/sauron/ros2_humble/install/rviz_assimp_vendor:/home/sauron/ros2_humble/install/rttest:/home/sauron/ros2_humble/install/rmw_connextddsmicro:/home/sauron/ros2_humble/install/rmw_connextdds:/home/sauron/ros2_humble/install/rmw_connextdds_common:/home/sauron/ros2_humble/install/rti_connext_dds_cmake_module:/home/sauron/ros2_humble/install/rosgraph_msgs:/home/sauron/ros2_humble/install/rosbag2_interfaces:/home/sauron/ros2_humble/install/rmw_dds_common:/home/sauron/ros2_humble/install/composition_interfaces:/home/sauron/ros2_humble/install/rcl_interfaces:/home/sauron/ros2_humble/install/pendulum_msgs:/home/sauron/ros2_humble/install/lifecycle_msgs:/home/sauron/ros2_humble/install/builtin_interfaces:/home/sauron/ros2_humble/install/rosidl_default_runtime:/home/sauron/ros2_humble/install/rosidl_default_generators:/home/sauron/ros2_humble/install/rosidl_generator_py:/home/sauron/ros2_humble/install/rosidl_typesupport_introspection_tests:/home/sauron/ros2_humble/install/rosidl_typesupport_cpp:/home/sauron/ros2_humble/install/rosidl_typesupport_introspection_cpp:/home/sauron/ros2_humble/install/rosidl_typesupport_c:/home/sauron/ros2_humble/install/rosidl_typesupport_introspection_c:/home/sauron/ros2_humble/install/rosidl_typesupport_fastrtps_c:/home/sauron/ros2_humble/install/rosidl_typesupport_fastrtps_cpp:/home/sauron/ros2_humble/install/rosidl_generator_cpp:/home/sauron/ros2_humble/install/rosidl_runtime_cpp:/home/sauron/ros2_humble/install/rcl_yaml_param_parser:/home/sauron/ros2_humble/install/rmw:/home/sauron/ros2_humble/install/rosidl_runtime_c:/home/sauron/ros2_humble/install/rosidl_generator_c:/home/sauron/ros2_humble/install/rosidl_typesupport_interface:/home/sauron/ros2_humble/install/rosidl_generator_dds_idl:/home/sauron/ros2_humble/install/rosidl_cmake:/home/sauron/ros2_humble/install/rosidl_parser:/home/sauron/ros2_humble/install/rosidl_adapter:/home/sauron/ros2_humble/install/rosbag2_tests:/home/sauron/ros2_humble/install/rosbag2_storage_mcap_testdata:/home/sauron/ros2_humble/install/ros_environment:/home/sauron/ros2_humble/install/rmw_implementation_cmake:/home/sauron/ros2_humble/install/resource_retriever:/home/sauron/ros2_humble/install/class_loader:/home/sauron/ros2_humble/install/rcpputils:/home/sauron/ros2_humble/install/rcl_logging_noop:/home/sauron/ros2_humble/install/rcl_logging_interface:/home/sauron/ros2_humble/install/rcutils:/home/sauron/ros2_humble/install/qt_gui_py_common:/home/sauron/ros2_humble/install/qt_dotgraph:/home/sauron/ros2_humble/install/python_qt_binding:/home/sauron/ros2_humble/install/python_orocos_kdl_vendor:/home/sauron/ros2_humble/install/launch_testing_ament_cmake:/home/sauron/ros2_humble/install/python_cmake_module:/home/sauron/ros2_humble/install/pybind11_vendor:/home/sauron/ros2_humble/install/performance_test_fixture:/home/sauron/ros2_humble/install/osrf_testing_tools_cpp:/home/sauron/ros2_humble/install/orocos_kdl_vendor:/home/sauron/ros2_humble/install/mimick_vendor:/home/sauron/ros2_humble/install/libyaml_vendor:/home/sauron/ros2_humble/install/libcurl_vendor:/home/sauron/ros2_humble/install/keyboard_handler:/home/sauron/ros2_humble/install/cyclonedds:/home/sauron/ros2_humble/install/iceoryx_posh:/home/sauron/ros2_humble/install/iceoryx_hoofs:/home/sauron/ros2_humble/install/iceoryx_binding_c:/home/sauron/ros2_humble/install/ament_cmake_ros:/home/sauron/ros2_humble/install/ament_cmake_gmock:/home/sauron/ros2_humble/install/gmock_vendor:/home/sauron/ros2_humble/install/ament_cmake_auto:/home/sauron/ros2_humble/install/ament_cmake_gtest:/home/sauron/ros2_humble/install/gtest_vendor:/home/sauron/ros2_humble/install/ament_cmake_google_benchmark:/home/sauron/ros2_humble/install/google_benchmark_vendor:/home/sauron/ros2_humble/install/fastrtps:/home/sauron/ros2_humble/install/foonathan_memory_vendor:/home/sauron/ros2_humble/install/fastrtps_cmake_module:/home/sauron/ros2_humble/install/fastcdr:/home/sauron/ros2_humble/install/eigen3_cmake_module:/home/sauron/ros2_humble/install/console_bridge_vendor:/home/sauron/ros2_humble/install/ament_cmake_xmllint:/home/sauron/ros2_humble/install/ament_cmake_pyflakes:/home/sauron/ros2_humble/install/ament_cmake_pycodestyle:/home/sauron/ros2_humble/install/ament_cmake_pep257:/home/sauron/ros2_humble/install/ament_cmake_pclint:/home/sauron/ros2_humble/install/ament_lint_auto:/home/sauron/ros2_humble/install/ament_cmake:/home/sauron/ros2_humble/install/ament_cmake_version:/home/sauron/ros2_humble/install/ament_cmake_pytest:/home/sauron/ros2_humble/install/ament_cmake_nose:/home/sauron/ros2_humble/install/ament_cmake_mypy:/home/sauron/ros2_humble/install/ament_cmake_lint_cmake:/home/sauron/ros2_humble/install/ament_cmake_flake8:/home/sauron/ros2_humble/install/ament_cmake_cpplint:/home/sauron/ros2_humble/install/ament_cmake_cppcheck:/home/sauron/ros2_humble/install/ament_cmake_copyright:/home/sauron/ros2_humble/install/ament_cmake_clang_tidy:/home/sauron/ros2_humble/install/ament_cmake_clang_format:/home/sauron/ros2_humble/install/ament_cmake_test:/home/sauron/ros2_humble/install/ament_cmake_target_dependencies:/home/sauron/ros2_humble/install/ament_cmake_python:/home/sauron/ros2_humble/install/ament_cmake_export_dependencies:/home/sauron/ros2_humble/install/ament_cmake_libraries:/home/sauron/ros2_humble/install/ament_cmake_include_directories:/home/sauron/ros2_humble/install/ament_cmake_gen_version_h:/home/sauron/ros2_humble/install/ament_cmake_export_targets:/home/sauron/ros2_humble/install/ament_cmake_export_link_flags:/home/sauron/ros2_humble/install/ament_cmake_export_interfaces:/home/sauron/ros2_humble/install/ament_cmake_export_libraries:/home/sauron/ros2_humble/install/ament_cmake_export_include_directories:/home/sauron/ros2_humble/install/ament_cmake_export_definitions:/home/sauron/ros2_humble/install/ament_cmake_core:/home/sauron/ros2_humble/install/ament_index_cpp:/home/sauron/ros2_humble/install/rqt_bag_plugins:/home/sauron/ros2_humble/install/rqt_bag:/home/sauron/ros2_humble/install/ros2bag:/home/sauron/ros2_humble/install/tracetools_test:/home/sauron/ros2_humble/install/tracetools_launch:/home/sauron/ros2_humble/install/topic_monitor:/home/sauron/ros2_humble/install/tf2_tools:/home/sauron/ros2_humble/install/examples_tf2_py:/home/sauron/ros2_humble/install/tf2_ros_py:/home/sauron/ros2_humble/install/sros2:/home/sauron/ros2_humble/install/rqt_topic:/home/sauron/ros2_humble/install/rqt_srv:/home/sauron/ros2_humble/install/rqt_shell:/home/sauron/ros2_humble/install/rqt_service_caller:/home/sauron/ros2_humble/install/rqt_reconfigure:/home/sauron/ros2_humble/install/rqt_py_console:/home/sauron/ros2_humble/install/rqt_publisher:/home/sauron/ros2_humble/install/rqt_plot:/home/sauron/ros2_humble/install/rqt_action:/home/sauron/ros2_humble/install/rqt_msg:/home/sauron/ros2_humble/install/rqt_console:/home/sauron/ros2_humble/install/rqt:/home/sauron/ros2_humble/install/rqt_graph:/home/sauron/ros2_humble/install/rqt_gui_py:/home/sauron/ros2_humble/install/rqt_gui:/home/sauron/ros2_humble/install/ros2trace:/home/sauron/ros2_humble/install/ros2topic:/home/sauron/ros2_humble/install/ros2test:/home/sauron/ros2_humble/install/ros2component:/home/sauron/ros2_humble/install/ros2param:/home/sauron/ros2_humble/install/ros2lifecycle:/home/sauron/ros2_humble/install/ros2service:/home/sauron/ros2_humble/install/ros2run:/home/sauron/ros2_humble/install/ros2launch:/home/sauron/ros2_humble/install/ros2pkg:/home/sauron/ros2_humble/install/ros2node:/home/sauron/ros2_humble/install/ros2multicast:/home/sauron/ros2_humble/install/ros2interface:/home/sauron/ros2_humble/install/ros2doctor:/home/sauron/ros2_humble/install/ros2action:/home/sauron/ros2_humble/install/ros2cli:/home/sauron/ros2_humble/install/quality_of_service_demo_py:/home/sauron/ros2_humble/install/lifecycle_py:/home/sauron/ros2_humble/install/launch_testing_ros:/home/sauron/ros2_humble/install/launch_ros:/home/sauron/ros2_humble/install/examples_rclpy_pointcloud_publisher:/home/sauron/ros2_humble/install/examples_rclpy_minimal_subscriber:/home/sauron/ros2_humble/install/examples_rclpy_minimal_service:/home/sauron/ros2_humble/install/examples_rclpy_minimal_publisher:/home/sauron/ros2_humble/install/examples_rclpy_minimal_client:/home/sauron/ros2_humble/install/examples_rclpy_minimal_action_server:/home/sauron/ros2_humble/install/examples_rclpy_minimal_action_client:/home/sauron/ros2_humble/install/examples_rclpy_guard_conditions:/home/sauron/ros2_humble/install/examples_rclpy_executors:/home/sauron/ros2_humble/install/demo_nodes_py:/home/sauron/ros2_humble/install/action_tutorials_py:/home/sauron/ros2_humble/install/ament_uncrustify:/home/sauron/ros2_humble/install/tracetools_trace:/home/sauron/ros2_humble/install/tracetools_read:/home/sauron/ros2_humble/install/test_tracetools_launch:/home/sauron/ros2_humble/install/test_launch_ros:/home/sauron/ros2_humble/install/sensor_msgs_py:/home/sauron/ros2_humble/install/rpyutils:/home/sauron/ros2_humble/install/rosidl_runtime_py:/home/sauron/ros2_humble/install/rosidl_cli:/home/sauron/ros2_humble/install/launch_pytest:/home/sauron/ros2_humble/install/launch_testing:/home/sauron/ros2_humble/install/launch_yaml:/home/sauron/ros2_humble/install/launch_xml:/home/sauron/ros2_humble/install/launch:/home/sauron/ros2_humble/install/osrf_pycommon:/home/sauron/ros2_humble/install/launch_testing_examples:/home/sauron/ros2_humble/install/domain_coordinator:/home/sauron/ros2_humble/install/ament_xmllint:/home/sauron/ros2_humble/install/ament_pyflakes:/home/sauron/ros2_humble/install/ament_pycodestyle:/home/sauron/ros2_humble/install/ament_pep257:/home/sauron/ros2_humble/install/ament_pclint:/home/sauron/ros2_humble/install/ament_package:/home/sauron/ros2_humble/install/ament_mypy:/home/sauron/ros2_humble/install/ament_lint_cmake:/home/sauron/ros2_humble/install/ament_flake8:/home/sauron/ros2_humble/install/ament_copyright:/home/sauron/ros2_humble/install/ament_lint:/home/sauron/ros2_humble/install/ament_index_python:/home/sauron/ros2_humble/install/ament_cpplint:/home/sauron/ros2_humble/install/ament_cppcheck:/home/sauron/ros2_humble/install/ament_clang_tidy:/home/sauron/ros2_humble/install/ament_clang_format LD_LIBRARY_PATH=/home/sauron/ros2-picas/install/trace_picas/lib:/home/sauron/ros2-picas/install/rclcpp/lib:/home/sauron/ros2-picas/install/test_msgs/lib:/home/sauron/ros2_humble/install/rosbag2_storage_mcap/lib:/home/sauron/ros2_humble/install/rosbag2_compression_zstd/lib:/home/sauron/ros2_humble/install/mcap_vendor/lib:/home/sauron/ros2_humble/install/zstd_vendor/lib:/home/sauron/ros2_humble/install/rviz_default_plugins/lib:/home/sauron/ros2_humble/install/rviz_common/lib:/home/sauron/ros2_humble/install/rosbag2_transport/lib:/home/sauron/ros2_humble/install/rosbag2_compression/lib:/home/sauron/ros2_humble/install/rosbag2_cpp/lib:/home/sauron/ros2_humble/install/rosbag2_storage_default_plugins/lib:/home/sauron/ros2_humble/install/rosbag2_storage/lib:/home/sauron/ros2_humble/install/camera_info_manager/lib:/home/sauron/ros2_humble/install/camera_calibration_parsers/lib:/home/sauron/ros2_humble/install/interactive_markers/lib:/home/sauron/ros2_humble/install/visualization_msgs/lib:/home/sauron/ros2_humble/install/robot_state_publisher/lib:/home/sauron/ros2_humble/install/kdl_parser/lib:/home/sauron/ros2_humble/install/urdf/lib:/home/sauron/ros2_humble/install/urdfdom/lib:/home/sauron/ros2_humble/install/turtlesim/lib:/home/sauron/ros2_humble/install/tf2_ros/lib:/home/sauron/ros2_humble/install/tf2_msgs/lib:/home/sauron/ros2_humble/install/test_msgs/lib:/home/sauron/ros2_humble/install/ros2cli_test_interfaces/lib:/home/sauron/ros2_humble/install/quality_of_service_demo_cpp/lib:/home/sauron/ros2_humble/install/image_transport/lib:/home/sauron/ros2_humble/install/message_filters/lib:/home/sauron/ros2_humble/install/demo_nodes_cpp/lib:/home/sauron/ros2_humble/install/composition/lib:/home/sauron/ros2_humble/install/laser_geometry/lib:/home/sauron/ros2_humble/install/rclpy/lib:/home/sauron/ros2_humble/install/action_tutorials_cpp/lib:/home/sauron/ros2_humble/install/rclcpp_action/lib:/home/sauron/ros2_humble/install/rcl_action/lib:/home/sauron/ros2_humble/install/examples_rclcpp_wait_set/lib:/home/sauron/ros2_humble/install/example_interfaces/lib:/home/sauron/ros2_humble/install/action_tutorials_interfaces/lib:/home/sauron/ros2_humble/install/action_msgs/lib:/home/sauron/ros2_humble/install/unique_identifier_msgs/lib:/home/sauron/ros2_humble/install/trajectory_msgs/lib:/home/sauron/ros2_humble/install/rqt_gui_cpp/lib:/home/sauron/ros2_humble/install/rclcpp_lifecycle/lib:/home/sauron/ros2_humble/install/logging_demo/lib:/home/sauron/ros2_humble/install/image_tools/lib:/home/sauron/ros2_humble/install/examples_rclcpp_minimal_subscriber/lib:/home/sauron/ros2_humble/install/examples_rclcpp_minimal_composition/lib:/home/sauron/ros2_humble/install/demo_nodes_cpp_native/lib:/home/sauron/ros2_humble/install/rclcpp_components/lib:/home/sauron/ros2_humble/install/rclcpp/lib:/home/sauron/ros2_humble/install/rcl_lifecycle/lib:/home/sauron/ros2_humble/install/libstatistics_collector/lib:/home/sauron/ros2_humble/install/rcl/lib:/home/sauron/ros2_humble/install/rmw_implementation/lib:/home/sauron/ros2_humble/install/rmw_fastrtps_dynamic_cpp/lib:/home/sauron/ros2_humble/install/rmw_fastrtps_cpp/lib:/home/sauron/ros2_humble/install/rmw_fastrtps_shared_cpp/lib:/home/sauron/ros2_humble/install/rmw_cyclonedds_cpp/lib:/home/sauron/ros2_humble/install/tracetools/lib:/home/sauron/ros2_humble/install/qt_gui_cpp/lib:/home/sauron/ros2_humble/install/tf2_eigen_kdl/lib:/home/sauron/ros2_humble/install/tf2/lib:/home/sauron/ros2_humble/install/stereo_msgs/lib:/home/sauron/ros2_humble/install/std_srvs/lib:/home/sauron/ros2_humble/install/shape_msgs/lib:/home/sauron/ros2_humble/install/map_msgs/lib:/home/sauron/ros2_humble/install/sensor_msgs/lib:/home/sauron/ros2_humble/install/nav_msgs/lib:/home/sauron/ros2_humble/install/diagnostic_msgs/lib:/home/sauron/ros2_humble/install/geometry_msgs/lib:/home/sauron/ros2_humble/install/actionlib_msgs/lib:/home/sauron/ros2_humble/install/std_msgs/lib:/home/sauron/ros2_humble/install/statistics_msgs/lib:/home/sauron/ros2_humble/install/rcl_logging_spdlog/lib:/home/sauron/ros2_humble/install/rviz_rendering/lib:/home/sauron/ros2_humble/install/rviz_ogre_vendor/opt/rviz_ogre_vendor/lib:/home/sauron/ros2_humble/install/rttest/lib:/home/sauron/ros2_humble/install/rosgraph_msgs/lib:/home/sauron/ros2_humble/install/rosbag2_interfaces/lib:/home/sauron/ros2_humble/install/rmw_dds_common/lib:/home/sauron/ros2_humble/install/composition_interfaces/lib:/home/sauron/ros2_humble/install/rcl_interfaces/lib:/home/sauron/ros2_humble/install/pendulum_msgs/lib:/home/sauron/ros2_humble/install/lifecycle_msgs/lib:/home/sauron/ros2_humble/install/builtin_interfaces/lib:/home/sauron/ros2_humble/install/rosidl_typesupport_cpp/lib:/home/sauron/ros2_humble/install/rosidl_typesupport_introspection_cpp/lib:/home/sauron/ros2_humble/install/rosidl_typesupport_c/lib:/home/sauron/ros2_humble/install/rosidl_typesupport_introspection_c/lib:/home/sauron/ros2_humble/install/rosidl_typesupport_fastrtps_c/lib:/home/sauron/ros2_humble/install/rosidl_typesupport_fastrtps_cpp/lib:/home/sauron/ros2_humble/install/rcl_yaml_param_parser/lib:/home/sauron/ros2_humble/install/rmw/lib:/home/sauron/ros2_humble/install/rosidl_runtime_c/lib:/home/sauron/ros2_humble/install/rosbag2_storage_mcap_testdata/lib:/home/sauron/ros2_humble/install/resource_retriever/lib:/home/sauron/ros2_humble/install/class_loader/lib:/home/sauron/ros2_humble/install/rcpputils/lib:/home/sauron/ros2_humble/install/rcl_logging_noop/lib:/home/sauron/ros2_humble/install/rcl_logging_interface/lib:/home/sauron/ros2_humble/install/rcutils/lib:/home/sauron/ros2_humble/install/performance_test_fixture/lib:/home/sauron/ros2_humble/install/osrf_testing_tools_cpp/lib:/home/sauron/ros2_humble/install/mimick_vendor/lib:/home/sauron/ros2_humble/install/libyaml_vendor/lib:/home/sauron/ros2_humble/install/keyboard_handler/lib:/home/sauron/ros2_humble/install/cyclonedds/lib:/home/sauron/ros2_humble/install/iceoryx_posh/lib:/home/sauron/ros2_humble/install/iceoryx_hoofs/lib:/home/sauron/ros2_humble/install/iceoryx_binding_c/lib:/home/sauron/ros2_humble/install/google_benchmark_vendor/lib:/home/sauron/ros2_humble/install/fastrtps/lib:/home/sauron/ros2_humble/install/fastcdr/lib:/home/sauron/ros2_humble/install/ament_index_cpp/lib:/usr/local/cuda/lib64:/usr/local/cuda/lib64 PYTHONPATH=/home/sauron/ros2-picas/install/test_msgs/local/lib/python3.10/dist-packages:${PYTHONPATH} /usr/bin/cmake --build /home/sauron/ros2-picas/build/picas_example_mt -- -j20 -l20
