[0.028s] Invoking command in '/home/sauron/ros2-picas/build/picas_example': AMENT_PREFIX_PATH=/home/sauron/ros2-picas/install/trace_picas:/home/sauron/ros2-picas/install/rclcpp:/home/sauron/ros2-picas/install/test_msgs:${AMENT_PREFIX_PATH} CMAKE_PREFIX_PATH=/home/sauron/ros2-picas/install/trace_picas:/home/sauron/ros2-picas/install/rclcpp:/home/sauron/ros2-picas/install/test_msgs:/home/sauron/ros2_humble/install/rosbag2_storage_mcap:/home/sauron/ros2_humble/install/rosbag2:/home/sauron/ros2_humble/install/rosbag2_compression_zstd:/home/sauron/ros2_humble/install/mcap_vendor:/home/sauron/ros2_humble/install/zstd_vendor:/home/sauron/ros2_humble/install/rviz_visual_testing_framework:/home/sauron/ros2_humble/install/rviz2:/home/sauron/ros2_humble/install/rviz_default_plugins:/home/sauron/ros2_humble/install/rviz_common:/home/sauron/ros2_humble/install/rosbag2_py:/home/sauron/ros2_humble/install/rosbag2_transport:/home/sauron/ros2_humble/install/rosbag2_performance_benchmarking:/home/sauron/ros2_humble/install/rosbag2_compression:/home/sauron/ros2_humble/install/rosbag2_cpp:/home/sauron/ros2_humble/install/rosbag2_storage_default_plugins:/home/sauron/ros2_humble/install/rosbag2_storage:/home/sauron/ros2_humble/install/image_common:/home/sauron/ros2_humble/install/camera_info_manager:/home/sauron/ros2_humble/install/camera_calibration_parsers:/home/sauron/ros2_humble/install/yaml_cpp_vendor:/home/sauron/ros2_humble/install/interactive_markers:/home/sauron/ros2_humble/install/common_interfaces:/home/sauron/ros2_humble/install/visualization_msgs:/home/sauron/ros2_humble/install/dummy_robot_bringup:/home/sauron/ros2_humble/install/robot_state_publisher:/home/sauron/ros2_humble/install/kdl_parser:/home/sauron/ros2_humble/install/urdf:/home/sauron/ros2_humble/install/urdfdom:/home/sauron/ros2_humble/install/urdf_parser_plugin:/home/sauron/ros2_humble/install/urdfdom_headers:/home/sauron/ros2_humble/install/turtlesim:/home/sauron/ros2_humble/install/geometry2:/home/sauron/ros2_humble/install/tf2_sensor_msgs:/home/sauron/ros2_humble/install/test_tf2:/home/sauron/ros2_humble/install/tf2_kdl:/home/sauron/ros2_humble/install/tf2_geometry_msgs:/home/sauron/ros2_humble/install/tf2_eigen:/home/sauron/ros2_humble/install/tf2_bullet:/home/sauron/ros2_humble/install/tf2_ros:/home/sauron/ros2_humble/install/tf2_py:/home/sauron/ros2_humble/install/tf2_msgs:/home/sauron/ros2_humble/install/test_msgs:/home/sauron/ros2_humble/install/sros2_cmake:/home/sauron/ros2_humble/install/ros2cli_common_extensions:/home/sauron/ros2_humble/install/rqt_py_common:/home/sauron/ros2_humble/install/ros_testing:/home/sauron/ros2_humble/install/ros2cli_test_interfaces:/home/sauron/ros2_humble/install/quality_of_service_demo_cpp:/home/sauron/ros2_humble/install/image_transport:/home/sauron/ros2_humble/install/message_filters:/home/sauron/ros2_humble/install/demo_nodes_cpp:/home/sauron/ros2_humble/install/composition:/home/sauron/ros2_humble/install/laser_geometry:/home/sauron/ros2_humble/install/rclpy:/home/sauron/ros2_humble/install/examples_rclcpp_minimal_action_server:/home/sauron/ros2_humble/install/examples_rclcpp_minimal_action_client:/home/sauron/ros2_humble/install/action_tutorials_cpp:/home/sauron/ros2_humble/install/rclcpp_action:/home/sauron/ros2_humble/install/rcl_action:/home/sauron/ros2_humble/install/examples_rclcpp_wait_set:/home/sauron/ros2_humble/install/examples_rclcpp_minimal_service:/home/sauron/ros2_humble/install/examples_rclcpp_minimal_client:/home/sauron/ros2_humble/install/examples_rclcpp_async_client:/home/sauron/ros2_humble/install/example_interfaces:/home/sauron/ros2_humble/install/action_tutorials_interfaces:/home/sauron/ros2_humble/install/action_msgs:/home/sauron/ros2_humble/install/unique_identifier_msgs:/home/sauron/ros2_humble/install/ament_lint_common:/home/sauron/ros2_humble/install/ament_cmake_uncrustify:/home/sauron/ros2_humble/install/uncrustify_vendor:/home/sauron/ros2_humble/install/trajectory_msgs:/home/sauron/ros2_humble/install/topic_statistics_demo:/home/sauron/ros2_humble/install/pendulum_control:/home/sauron/ros2_humble/install/tlsf_cpp:/home/sauron/ros2_humble/install/test_tracetools:/home/sauron/ros2_humble/install/rqt_gui_cpp:/home/sauron/ros2_humble/install/rosbag2_test_common:/home/sauron/ros2_humble/install/ros2lifecycle_test_fixtures:/home/sauron/ros2_humble/install/lifecycle:/home/sauron/ros2_humble/install/rclcpp_lifecycle:/home/sauron/ros2_humble/install/logging_demo:/home/sauron/ros2_humble/install/image_tools:/home/sauron/ros2_humble/install/examples_rclcpp_minimal_subscriber:/home/sauron/ros2_humble/install/examples_rclcpp_minimal_composition:/home/sauron/ros2_humble/install/demo_nodes_cpp_native:/home/sauron/ros2_humble/install/rclcpp_components:/home/sauron/ros2_humble/install/intra_process_demo:/home/sauron/ros2_humble/install/examples_rclcpp_multithreaded_executor:/home/sauron/ros2_humble/install/examples_rclcpp_minimal_timer:/home/sauron/ros2_humble/install/examples_rclcpp_minimal_publisher:/home/sauron/ros2_humble/install/examples_rclcpp_cbg_executor:/home/sauron/ros2_humble/install/dummy_sensors:/home/sauron/ros2_humble/install/dummy_map_server:/home/sauron/ros2_humble/install/rclcpp:/home/sauron/ros2_humble/install/rcl_lifecycle:/home/sauron/ros2_humble/install/libstatistics_collector:/home/sauron/ros2_humble/install/rcl:/home/sauron/ros2_humble/install/rmw_implementation:/home/sauron/ros2_humble/install/rmw_fastrtps_dynamic_cpp:/home/sauron/ros2_humble/install/rmw_fastrtps_cpp:/home/sauron/ros2_humble/install/rmw_fastrtps_shared_cpp:/home/sauron/ros2_humble/install/rmw_cyclonedds_cpp:/home/sauron/ros2_humble/install/tracetools:/home/sauron/ros2_humble/install/tlsf:/home/sauron/ros2_humble/install/tinyxml_vendor:/home/sauron/ros2_humble/install/qt_gui_core:/home/sauron/ros2_humble/install/qt_gui_cpp:/home/sauron/ros2_humble/install/pluginlib:/home/sauron/ros2_humble/install/tinyxml2_vendor:/home/sauron/ros2_humble/install/tf2_eigen_kdl:/home/sauron/ros2_humble/install/tf2:/home/sauron/ros2_humble/install/test_security:/home/sauron/ros2_humble/install/test_rmw_implementation:/home/sauron/ros2_humble/install/test_rclcpp:/home/sauron/ros2_humble/install/test_quality_of_service:/home/sauron/ros2_humble/install/test_launch_testing:/home/sauron/ros2_humble/install/test_interface_files:/home/sauron/ros2_humble/install/test_communication:/home/sauron/ros2_humble/install/test_cli_remapping:/home/sauron/ros2_humble/install/test_cli:/home/sauron/ros2_humble/install/qt_gui_app:/home/sauron/ros2_humble/install/qt_gui:/home/sauron/ros2_humble/install/tango_icons_vendor:/home/sauron/ros2_humble/install/stereo_msgs:/home/sauron/ros2_humble/install/std_srvs:/home/sauron/ros2_humble/install/shape_msgs:/home/sauron/ros2_humble/install/map_msgs:/home/sauron/ros2_humble/install/sensor_msgs:/home/sauron/ros2_humble/install/nav_msgs:/home/sauron/ros2_humble/install/diagnostic_msgs:/home/sauron/ros2_humble/install/geometry_msgs:/home/sauron/ros2_humble/install/actionlib_msgs:/home/sauron/ros2_humble/install/std_msgs:/home/sauron/ros2_humble/install/statistics_msgs:/home/sauron/ros2_humble/install/sqlite3_vendor:/home/sauron/ros2_humble/install/rcl_logging_spdlog:/home/sauron/ros2_humble/install/spdlog_vendor:/home/sauron/ros2_humble/install/shared_queues_vendor:/home/sauron/ros2_humble/install/rviz_rendering_tests:/home/sauron/ros2_humble/install/rviz_rendering:/home/sauron/ros2_humble/install/rviz_ogre_vendor:/home/sauron/ros2_humble/install/rviz_assimp_vendor:/home/sauron/ros2_humble/install/rttest:/home/sauron/ros2_humble/install/rmw_connextddsmicro:/home/sauron/ros2_humble/install/rmw_connextdds:/home/sauron/ros2_humble/install/rmw_connextdds_common:/home/sauron/ros2_humble/install/rti_connext_dds_cmake_module:/home/sauron/ros2_humble/install/rosgraph_msgs:/home/sauron/ros2_humble/install/rosbag2_interfaces:/home/sauron/ros2_humble/install/rmw_dds_common:/home/sauron/ros2_humble/install/composition_interfaces:/home/sauron/ros2_humble/install/rcl_interfaces:/home/sauron/ros2_humble/install/pendulum_msgs:/home/sauron/ros2_humble/install/lifecycle_msgs:/home/sauron/ros2_humble/install/builtin_interfaces:/home/sauron/ros2_humble/install/rosidl_default_runtime:/home/sauron/ros2_humble/install/rosidl_default_generators:/home/sauron/ros2_humble/install/rosidl_generator_py:/home/sauron/ros2_humble/install/rosidl_typesupport_introspection_tests:/home/sauron/ros2_humble/install/rosidl_typesupport_cpp:/home/sauron/ros2_humble/install/rosidl_typesupport_introspection_cpp:/home/sauron/ros2_humble/install/rosidl_typesupport_c:/home/sauron/ros2_humble/install/rosidl_typesupport_introspection_c:/home/sauron/ros2_humble/install/rosidl_typesupport_fastrtps_c:/home/sauron/ros2_humble/install/rosidl_typesupport_fastrtps_cpp:/home/sauron/ros2_humble/install/rosidl_generator_cpp:/home/sauron/ros2_humble/install/rosidl_runtime_cpp:/home/sauron/ros2_humble/install/rcl_yaml_param_parser:/home/sauron/ros2_humble/install/rmw:/home/sauron/ros2_humble/install/rosidl_runtime_c:/home/sauron/ros2_humble/install/rosidl_generator_c:/home/sauron/ros2_humble/install/rosidl_typesupport_interface:/home/sauron/ros2_humble/install/rosidl_generator_dds_idl:/home/sauron/ros2_humble/install/rosidl_cmake:/home/sauron/ros2_humble/install/rosidl_parser:/home/sauron/ros2_humble/install/rosidl_adapter:/home/sauron/ros2_humble/install/rosbag2_tests:/home/sauron/ros2_humble/install/rosbag2_storage_mcap_testdata:/home/sauron/ros2_humble/install/ros_environment:/home/sauron/ros2_humble/install/rmw_implementation_cmake:/home/sauron/ros2_humble/install/resource_retriever:/home/sauron/ros2_humble/install/class_loader:/home/sauron/ros2_humble/install/rcpputils:/home/sauron/ros2_humble/install/rcl_logging_noop:/home/sauron/ros2_humble/install/rcl_logging_interface:/home/sauron/ros2_humble/install/rcutils:/home/sauron/ros2_humble/install/qt_gui_py_common:/home/sauron/ros2_humble/install/qt_dotgraph:/home/sauron/ros2_humble/install/python_qt_binding:/home/sauron/ros2_humble/install/python_orocos_kdl_vendor:/home/sauron/ros2_humble/install/launch_testing_ament_cmake:/home/sauron/ros2_humble/install/python_cmake_module:/home/sauron/ros2_humble/install/pybind11_vendor:/home/sauron/ros2_humble/install/performance_test_fixture:/home/sauron/ros2_humble/install/osrf_testing_tools_cpp:/home/sauron/ros2_humble/install/orocos_kdl_vendor:/home/sauron/ros2_humble/install/mimick_vendor:/home/sauron/ros2_humble/install/libyaml_vendor:/home/sauron/ros2_humble/install/libcurl_vendor:/home/sauron/ros2_humble/install/keyboard_handler:/home/sauron/ros2_humble/install/cyclonedds:/home/sauron/ros2_humble/install/iceoryx_posh:/home/sauron/ros2_humble/install/iceoryx_hoofs:/home/sauron/ros2_humble/install/iceoryx_binding_c:/home/sauron/ros2_humble/install/ament_cmake_ros:/home/sauron/ros2_humble/install/ament_cmake_gmock:/home/sauron/ros2_humble/install/gmock_vendor:/home/sauron/ros2_humble/install/ament_cmake_auto:/home/sauron/ros2_humble/install/ament_cmake_gtest:/home/sauron/ros2_humble/install/gtest_vendor:/home/sauron/ros2_humble/install/ament_cmake_google_benchmark:/home/sauron/ros2_humble/install/google_benchmark_vendor:/home/sauron/ros2_humble/install/fastrtps:/home/sauron/ros2_humble/install/foonathan_memory_vendor:/home/sauron/ros2_humble/install/fastrtps_cmake_module:/home/sauron/ros2_humble/install/fastcdr:/home/sauron/ros2_humble/install/eigen3_cmake_module:/home/sauron/ros2_humble/install/console_bridge_vendor:/home/sauron/ros2_humble/install/ament_cmake_xmllint:/home/sauron/ros2_humble/install/ament_cmake_pyflakes:/home/sauron/ros2_humble/install/ament_cmake_pycodestyle:/home/sauron/ros2_humble/install/ament_cmake_pep257:/home/sauron/ros2_humble/install/ament_cmake_pclint:/home/sauron/ros2_humble/install/ament_lint_auto:/home/sauron/ros2_humble/install/ament_cmake:/home/sauron/ros2_humble/install/ament_cmake_version:/home/sauron/ros2_humble/install/ament_cmake_pytest:/home/sauron/ros2_humble/install/ament_cmake_nose:/home/sauron/ros2_humble/install/ament_cmake_mypy:/home/sauron/ros2_humble/install/ament_cmake_lint_cmake:/home/sauron/ros2_humble/install/ament_cmake_flake8:/home/sauron/ros2_humble/install/ament_cmake_cpplint:/home/sauron/ros2_humble/install/ament_cmake_cppcheck:/home/sauron/ros2_humble/install/ament_cmake_copyright:/home/sauron/ros2_humble/install/ament_cmake_clang_tidy:/home/sauron/ros2_humble/install/ament_cmake_clang_format:/home/sauron/ros2_humble/install/ament_cmake_test:/home/sauron/ros2_humble/install/ament_cmake_target_dependencies:/home/sauron/ros2_humble/install/ament_cmake_python:/home/sauron/ros2_humble/install/ament_cmake_export_dependencies:/home/sauron/ros2_humble/install/ament_cmake_libraries:/home/sauron/ros2_humble/install/ament_cmake_include_directories:/home/sauron/ros2_humble/install/ament_cmake_gen_version_h:/home/sauron/ros2_humble/install/ament_cmake_export_targets:/home/sauron/ros2_humble/install/ament_cmake_export_link_flags:/home/sauron/ros2_humble/install/ament_cmake_export_interfaces:/home/sauron/ros2_humble/install/ament_cmake_export_libraries:/home/sauron/ros2_humble/install/ament_cmake_export_include_directories:/home/sauron/ros2_humble/install/ament_cmake_export_definitions:/home/sauron/ros2_humble/install/ament_cmake_core:/home/sauron/ros2_humble/install/ament_index_cpp:/home/sauron/ros2_humble/install/rqt_bag_plugins:/home/sauron/ros2_humble/install/rqt_bag:/home/sauron/ros2_humble/install/ros2bag:/home/sauron/ros2_humble/install/tracetools_test:/home/sauron/ros2_humble/install/tracetools_launch:/home/sauron/ros2_humble/install/topic_monitor:/home/sauron/ros2_humble/install/tf2_tools:/home/sauron/ros2_humble/install/examples_tf2_py:/home/sauron/ros2_humble/install/tf2_ros_py:/home/sauron/ros2_humble/install/sros2:/home/sauron/ros2_humble/install/rqt_topic:/home/sauron/ros2_humble/install/rqt_srv:/home/sauron/ros2_humble/install/rqt_shell:/home/sauron/ros2_humble/install/rqt_service_caller:/home/sauron/ros2_humble/install/rqt_reconfigure:/home/sauron/ros2_humble/install/rqt_py_console:/home/sauron/ros2_humble/install/rqt_publisher:/home/sauron/ros2_humble/install/rqt_plot:/home/sauron/ros2_humble/install/rqt_action:/home/sauron/ros2_humble/install/rqt_msg:/home/sauron/ros2_humble/install/rqt_console:/home/sauron/ros2_humble/install/rqt:/home/sauron/ros2_humble/install/rqt_graph:/home/sauron/ros2_humble/install/rqt_gui_py:/home/sauron/ros2_humble/install/rqt_gui:/home/sauron/ros2_humble/install/ros2trace:/home/sauron/ros2_humble/install/ros2topic:/home/sauron/ros2_humble/install/ros2test:/home/sauron/ros2_humble/install/ros2component:/home/sauron/ros2_humble/install/ros2param:/home/sauron/ros2_humble/install/ros2lifecycle:/home/sauron/ros2_humble/install/ros2service:/home/sauron/ros2_humble/install/ros2run:/home/sauron/ros2_humble/install/ros2launch:/home/sauron/ros2_humble/install/ros2pkg:/home/sauron/ros2_humble/install/ros2node:/home/sauron/ros2_humble/install/ros2multicast:/home/sauron/ros2_humble/install/ros2interface:/home/sauron/ros2_humble/install/ros2doctor:/home/sauron/ros2_humble/install/ros2action:/home/sauron/ros2_humble/install/ros2cli:/home/sauron/ros2_humble/install/quality_of_service_demo_py:/home/sauron/ros2_humble/install/lifecycle_py:/home/sauron/ros2_humble/install/launch_testing_ros:/home/sauron/ros2_humble/install/launch_ros:/home/sauron/ros2_humble/install/examples_rclpy_pointcloud_publisher:/home/sauron/ros2_humble/install/examples_rclpy_minimal_subscriber:/home/sauron/ros2_humble/install/examples_rclpy_minimal_service:/home/sauron/ros2_humble/install/examples_rclpy_minimal_publisher:/home/sauron/ros2_humble/install/examples_rclpy_minimal_client:/home/sauron/ros2_humble/install/examples_rclpy_minimal_action_server:/home/sauron/ros2_humble/install/examples_rclpy_minimal_action_client:/home/sauron/ros2_humble/install/examples_rclpy_guard_conditions:/home/sauron/ros2_humble/install/examples_rclpy_executors:/home/sauron/ros2_humble/install/demo_nodes_py:/home/sauron/ros2_humble/install/action_tutorials_py:/home/sauron/ros2_humble/install/ament_uncrustify:/home/sauron/ros2_humble/install/tracetools_trace:/home/sauron/ros2_humble/install/tracetools_read:/home/sauron/ros2_humble/install/test_tracetools_launch:/home/sauron/ros2_humble/install/test_launch_ros:/home/sauron/ros2_humble/install/sensor_msgs_py:/home/sauron/ros2_humble/install/rpyutils:/home/sauron/ros2_humble/install/rosidl_runtime_py:/home/sauron/ros2_humble/install/rosidl_cli:/home/sauron/ros2_humble/install/launch_pytest:/home/sauron/ros2_humble/install/launch_testing:/home/sauron/ros2_humble/install/launch_yaml:/home/sauron/ros2_humble/install/launch_xml:/home/sauron/ros2_humble/install/launch:/home/sauron/ros2_humble/install/osrf_pycommon:/home/sauron/ros2_humble/install/launch_testing_examples:/home/sauron/ros2_humble/install/domain_coordinator:/home/sauron/ros2_humble/install/ament_xmllint:/home/sauron/ros2_humble/install/ament_pyflakes:/home/sauron/ros2_humble/install/ament_pycodestyle:/home/sauron/ros2_humble/install/ament_pep257:/home/sauron/ros2_humble/install/ament_pclint:/home/sauron/ros2_humble/install/ament_package:/home/sauron/ros2_humble/install/ament_mypy:/home/sauron/ros2_humble/install/ament_lint_cmake:/home/sauron/ros2_humble/install/ament_flake8:/home/sauron/ros2_humble/install/ament_copyright:/home/sauron/ros2_humble/install/ament_lint:/home/sauron/ros2_humble/install/ament_index_python:/home/sauron/ros2_humble/install/ament_cpplint:/home/sauron/ros2_humble/install/ament_cppcheck:/home/sauron/ros2_humble/install/ament_clang_tidy:/home/sauron/ros2_humble/install/ament_clang_format LD_LIBRARY_PATH=/home/sauron/ros2-picas/install/trace_picas/lib:/home/sauron/ros2-picas/install/rclcpp/lib:/home/sauron/ros2-picas/install/test_msgs/lib:/home/sauron/ros2_humble/install/rosbag2_storage_mcap/lib:/home/sauron/ros2_humble/install/rosbag2_compression_zstd/lib:/home/sauron/ros2_humble/install/mcap_vendor/lib:/home/sauron/ros2_humble/install/zstd_vendor/lib:/home/sauron/ros2_humble/install/rviz_default_plugins/lib:/home/sauron/ros2_humble/install/rviz_common/lib:/home/sauron/ros2_humble/install/rosbag2_transport/lib:/home/sauron/ros2_humble/install/rosbag2_compression/lib:/home/sauron/ros2_humble/install/rosbag2_cpp/lib:/home/sauron/ros2_humble/install/rosbag2_storage_default_plugins/lib:/home/sauron/ros2_humble/install/rosbag2_storage/lib:/home/sauron/ros2_humble/install/camera_info_manager/lib:/home/sauron/ros2_humble/install/camera_calibration_parsers/lib:/home/sauron/ros2_humble/install/interactive_markers/lib:/home/sauron/ros2_humble/install/visualization_msgs/lib:/home/sauron/ros2_humble/install/robot_state_publisher/lib:/home/sauron/ros2_humble/install/kdl_parser/lib:/home/sauron/ros2_humble/install/urdf/lib:/home/sauron/ros2_humble/install/urdfdom/lib:/home/sauron/ros2_humble/install/turtlesim/lib:/home/sauron/ros2_humble/install/tf2_ros/lib:/home/sauron/ros2_humble/install/tf2_msgs/lib:/home/sauron/ros2_humble/install/test_msgs/lib:/home/sauron/ros2_humble/install/ros2cli_test_interfaces/lib:/home/sauron/ros2_humble/install/quality_of_service_demo_cpp/lib:/home/sauron/ros2_humble/install/image_transport/lib:/home/sauron/ros2_humble/install/message_filters/lib:/home/sauron/ros2_humble/install/demo_nodes_cpp/lib:/home/sauron/ros2_humble/install/composition/lib:/home/sauron/ros2_humble/install/laser_geometry/lib:/home/sauron/ros2_humble/install/rclpy/lib:/home/sauron/ros2_humble/install/action_tutorials_cpp/lib:/home/sauron/ros2_humble/install/rclcpp_action/lib:/home/sauron/ros2_humble/install/rcl_action/lib:/home/sauron/ros2_humble/install/examples_rclcpp_wait_set/lib:/home/sauron/ros2_humble/install/example_interfaces/lib:/home/sauron/ros2_humble/install/action_tutorials_interfaces/lib:/home/sauron/ros2_humble/install/action_msgs/lib:/home/sauron/ros2_humble/install/unique_identifier_msgs/lib:/home/sauron/ros2_humble/install/trajectory_msgs/lib:/home/sauron/ros2_humble/install/rqt_gui_cpp/lib:/home/sauron/ros2_humble/install/rclcpp_lifecycle/lib:/home/sauron/ros2_humble/install/logging_demo/lib:/home/sauron/ros2_humble/install/image_tools/lib:/home/sauron/ros2_humble/install/examples_rclcpp_minimal_subscriber/lib:/home/sauron/ros2_humble/install/examples_rclcpp_minimal_composition/lib:/home/sauron/ros2_humble/install/demo_nodes_cpp_native/lib:/home/sauron/ros2_humble/install/rclcpp_components/lib:/home/sauron/ros2_humble/install/rclcpp/lib:/home/sauron/ros2_humble/install/rcl_lifecycle/lib:/home/sauron/ros2_humble/install/libstatistics_collector/lib:/home/sauron/ros2_humble/install/rcl/lib:/home/sauron/ros2_humble/install/rmw_implementation/lib:/home/sauron/ros2_humble/install/rmw_fastrtps_dynamic_cpp/lib:/home/sauron/ros2_humble/install/rmw_fastrtps_cpp/lib:/home/sauron/ros2_humble/install/rmw_fastrtps_shared_cpp/lib:/home/sauron/ros2_humble/install/rmw_cyclonedds_cpp/lib:/home/sauron/ros2_humble/install/tracetools/lib:/home/sauron/ros2_humble/install/qt_gui_cpp/lib:/home/sauron/ros2_humble/install/tf2_eigen_kdl/lib:/home/sauron/ros2_humble/install/tf2/lib:/home/sauron/ros2_humble/install/stereo_msgs/lib:/home/sauron/ros2_humble/install/std_srvs/lib:/home/sauron/ros2_humble/install/shape_msgs/lib:/home/sauron/ros2_humble/install/map_msgs/lib:/home/sauron/ros2_humble/install/sensor_msgs/lib:/home/sauron/ros2_humble/install/nav_msgs/lib:/home/sauron/ros2_humble/install/diagnostic_msgs/lib:/home/sauron/ros2_humble/install/geometry_msgs/lib:/home/sauron/ros2_humble/install/actionlib_msgs/lib:/home/sauron/ros2_humble/install/std_msgs/lib:/home/sauron/ros2_humble/install/statistics_msgs/lib:/home/sauron/ros2_humble/install/rcl_logging_spdlog/lib:/home/sauron/ros2_humble/install/rviz_rendering/lib:/home/sauron/ros2_humble/install/rviz_ogre_vendor/opt/rviz_ogre_vendor/lib:/home/sauron/ros2_humble/install/rttest/lib:/home/sauron/ros2_humble/install/rosgraph_msgs/lib:/home/sauron/ros2_humble/install/rosbag2_interfaces/lib:/home/sauron/ros2_humble/install/rmw_dds_common/lib:/home/sauron/ros2_humble/install/composition_interfaces/lib:/home/sauron/ros2_humble/install/rcl_interfaces/lib:/home/sauron/ros2_humble/install/pendulum_msgs/lib:/home/sauron/ros2_humble/install/lifecycle_msgs/lib:/home/sauron/ros2_humble/install/builtin_interfaces/lib:/home/sauron/ros2_humble/install/rosidl_typesupport_cpp/lib:/home/sauron/ros2_humble/install/rosidl_typesupport_introspection_cpp/lib:/home/sauron/ros2_humble/install/rosidl_typesupport_c/lib:/home/sauron/ros2_humble/install/rosidl_typesupport_introspection_c/lib:/home/sauron/ros2_humble/install/rosidl_typesupport_fastrtps_c/lib:/home/sauron/ros2_humble/install/rosidl_typesupport_fastrtps_cpp/lib:/home/sauron/ros2_humble/install/rcl_yaml_param_parser/lib:/home/sauron/ros2_humble/install/rmw/lib:/home/sauron/ros2_humble/install/rosidl_runtime_c/lib:/home/sauron/ros2_humble/install/rosbag2_storage_mcap_testdata/lib:/home/sauron/ros2_humble/install/resource_retriever/lib:/home/sauron/ros2_humble/install/class_loader/lib:/home/sauron/ros2_humble/install/rcpputils/lib:/home/sauron/ros2_humble/install/rcl_logging_noop/lib:/home/sauron/ros2_humble/install/rcl_logging_interface/lib:/home/sauron/ros2_humble/install/rcutils/lib:/home/sauron/ros2_humble/install/performance_test_fixture/lib:/home/sauron/ros2_humble/install/osrf_testing_tools_cpp/lib:/home/sauron/ros2_humble/install/mimick_vendor/lib:/home/sauron/ros2_humble/install/libyaml_vendor/lib:/home/sauron/ros2_humble/install/keyboard_handler/lib:/home/sauron/ros2_humble/install/cyclonedds/lib:/home/sauron/ros2_humble/install/iceoryx_posh/lib:/home/sauron/ros2_humble/install/iceoryx_hoofs/lib:/home/sauron/ros2_humble/install/iceoryx_binding_c/lib:/home/sauron/ros2_humble/install/google_benchmark_vendor/lib:/home/sauron/ros2_humble/install/fastrtps/lib:/home/sauron/ros2_humble/install/fastcdr/lib:/home/sauron/ros2_humble/install/ament_index_cpp/lib:/usr/local/cuda/lib64:/usr/local/cuda/lib64 PYTHONPATH=/home/sauron/ros2-picas/install/test_msgs/local/lib/python3.10/dist-packages:${PYTHONPATH} /usr/bin/cmake --build /home/sauron/ros2-picas/build/picas_example -- -j20 -l20
[0.070s] [35m[1mConsolidate compiler generated dependencies of target case_study[0m
[0.083s] [ 50%] Built target example
[0.085s] [ 75%] [32mBuilding CXX object CMakeFiles/case_study.dir/src/case_study.cpp.o[0m
[1.238s] [01m[K/home/sauron/ros2-picas/ros2-picas-example/picas_example/src/case_study.cpp:438:2:[m[K [01;31m[Kerror: [m[Kexpected ‚Äò[01m[K}[m[K‚Äô at end of input
[1.238s]   438 | }
[1.238s]       |  [01;31m[K^[m[K
[1.238s] [01m[K/home/sauron/ros2-picas/ros2-picas-example/picas_example/src/case_study.cpp:41:1:[m[K [01;36m[Knote: [m[Kto match this ‚Äò[01m[K{[m[K‚Äô
[1.238s]    41 | [01;36m[K{[m[K
[1.238s]       | [01;36m[K^[m[K
[1.238s] [01m[K/home/sauron/ros2-picas/ros2-picas-example/picas_example/src/case_study.cpp:[m[K In constructor ‚Äò[01m[KStartNode::StartNode(std::string, std::string, std::shared_ptr<trace::Trace>, int, int, bool)[m[K‚Äô:
[1.238s] [01m[K/home/sauron/ros2-picas/ros2-picas-example/picas_example/src/case_study.cpp:44:100:[m[K [01;31m[Kerror: [m[Kclass ‚Äò[01m[KStartNode[m[K‚Äô does not have any field named ‚Äò[01m[Kcount_[m[K‚Äô
[1.238s]    44 |         : Node(node_name, rclcpp::NodeOptions().use_intra_process_comms(USE_INTRA_PROCESS_COMMS)), [01;31m[Kcount_[m[K(0), trace_callbacks_(trace_ptr), exe_time_(exe_time), period_(period), end_flag_(end_flag)
[1.238s]       |                                                                                                    [01;31m[K^~~~~~[m[K
[1.238s] [01m[K/home/sauron/ros2-picas/ros2-picas-example/picas_example/src/case_study.cpp:44:111:[m[K [01;31m[Kerror: [m[Kclass ‚Äò[01m[KStartNode[m[K‚Äô does not have any field named ‚Äò[01m[Ktrace_callbacks_[m[K‚Äô
[1.238s]    44 |         : Node(node_name, rclcpp::NodeOptions().use_intra_process_comms(USE_INTRA_PROCESS_COMMS)), count_(0), [01;31m[Ktrace_callbacks_[m[K(trace_ptr), exe_time_(exe_time), period_(period), end_flag_(end_flag)
[1.238s]       |                                                                                                               [01;31m[K^~~~~~~~~~~~~~~~[m[K
[1.238s] [01m[K/home/sauron/ros2-picas/ros2-picas-example/picas_example/src/case_study.cpp:44:140:[m[K [01;31m[Kerror: [m[Kclass ‚Äò[01m[KStartNode[m[K‚Äô does not have any field named ‚Äò[01m[Kexe_time_[m[K‚Äô
[1.239s]    44 |         : Node(node_name, rclcpp::NodeOptions().use_intra_process_comms(USE_INTRA_PROCESS_COMMS)), count_(0), trace_callbacks_(trace_ptr), [01;31m[Kexe_time_[m[K(exe_time), period_(period), end_flag_(end_flag)
[1.239s]       |                                                                                                                                            [01;31m[K^~~~~~~~~[m[K
[1.239s] [01m[K/home/sauron/ros2-picas/ros2-picas-example/picas_example/src/case_study.cpp:44:161:[m[K [01;31m[Kerror: [m[Kclass ‚Äò[01m[KStartNode[m[K‚Äô does not have any field named ‚Äò[01m[Kperiod_[m[K‚Äô
[1.239s]    44 |         : Node(node_name, rclcpp::NodeOptions().use_intra_process_comms(USE_INTRA_PROCESS_COMMS)), count_(0), trace_callbacks_(trace_ptr), exe_time_(exe_time), [01;31m[Kperiod_[m[K(period), end_flag_(end_flag)
[1.239s]       |                                                                                                                                                                 [01;31m[K^~~~~~~[m[K
[1.239s] [01m[K/home/sauron/ros2-picas/ros2-picas-example/picas_example/src/case_study.cpp:44:178:[m[K [01;31m[Kerror: [m[Kclass ‚Äò[01m[KStartNode[m[K‚Äô does not have any field named ‚Äò[01m[Kend_flag_[m[K‚Äô
[1.239s]    44 |         : Node(node_name, rclcpp::NodeOptions().use_intra_process_comms(USE_INTRA_PROCESS_COMMS)), count_(0), trace_callbacks_(trace_ptr), exe_time_(exe_time), period_(period), [01;31m[Kend_flag_[m[K(end_flag)
[1.239s]       |                                                                                                                                                                                  [01;31m[K^~~~~~~~~[m[K
[1.242s] [01m[K/home/sauron/ros2-picas/ros2-picas-example/picas_example/src/case_study.cpp:47:9:[m[K [01;31m[Kerror: [m[K‚Äò[01m[Kpublisher_[m[K‚Äô was not declared in this scope; did you mean ‚Äò[01m[Krmw_publisher_t[m[K‚Äô?
[1.242s]    47 |         [01;31m[Kpublisher_[m[K = this->create_publisher<test_msgs::msg::TestString>(pub_topic, 1);
[1.242s]       |         [01;31m[K^~~~~~~~~~[m[K
[1.242s]       |         [32m[Krmw_publisher_t[m[K
[1.246s] [01m[K/home/sauron/ros2-picas/ros2-picas-example/picas_example/src/case_study.cpp:49:13:[m[K [01;31m[Kerror: [m[K‚Äò[01m[Kperiod_[m[K‚Äô was not declared in this scope; did you mean ‚Äò[01m[Kperiod[m[K‚Äô?
[1.246s]    49 |         if ([01;31m[Kperiod_[m[K == 70)
[1.246s]       |             [01;31m[K^~~~~~~[m[K
[1.246s]       |             [32m[Kperiod[m[K
[1.248s] [01m[K/home/sauron/ros2-picas/ros2-picas-example/picas_example/src/case_study.cpp:50:13:[m[K [01;31m[Kerror: [m[K‚Äò[01m[Ktimer_[m[K‚Äô was not declared in this scope; did you mean ‚Äò[01m[Ktimer_t[m[K‚Äô?
[1.249s]    50 |             [01;31m[Ktimer_[m[K = this->create_wall_timer(70ms, std::bind(&StartNode::timer_callback, this));
[1.249s]       |             [01;31m[K^~~~~~[m[K
[1.249s]       |             [32m[Ktimer_t[m[K
[1.249s] [01m[K/home/sauron/ros2-picas/ros2-picas-example/picas_example/src/case_study.cpp:50:74:[m[K [01;31m[Kerror: [m[K‚Äò[01m[Ktimer_callback[m[K‚Äô is not a member of ‚Äò[01m[KStartNode[m[K‚Äô
[1.249s]    50 |             timer_ = this->create_wall_timer(70ms, std::bind(&StartNode::[01;31m[Ktimer_callback[m[K, this));
[1.249s]       |                                                                          [01;31m[K^~~~~~~~~~~~~~[m[K
[1.251s] [01m[K/home/sauron/ros2-picas/ros2-picas-example/picas_example/src/case_study.cpp:52:13:[m[K [01;31m[Kerror: [m[K‚Äò[01m[Ktimer_[m[K‚Äô was not declared in this scope; did you mean ‚Äò[01m[Ktimer_t[m[K‚Äô?
[1.251s]    52 |             [01;31m[Ktimer_[m[K = this->create_wall_timer(80ms, std::bind(&StartNode::timer_callback, this));
[1.251s]       |             [01;31m[K^~~~~~[m[K
[1.251s]       |             [32m[Ktimer_t[m[K
[1.251s] [01m[K/home/sauron/ros2-picas/ros2-picas-example/picas_example/src/case_study.cpp:52:74:[m[K [01;31m[Kerror: [m[K‚Äò[01m[Ktimer_callback[m[K‚Äô is not a member of ‚Äò[01m[KStartNode[m[K‚Äô
[1.251s]    52 |             timer_ = this->create_wall_timer(80ms, std::bind(&StartNode::[01;31m[Ktimer_callback[m[K, this));
[1.251s]       |                                                                          [01;31m[K^~~~~~~~~~~~~~[m[K
[1.253s] [01m[K/home/sauron/ros2-picas/ros2-picas-example/picas_example/src/case_study.cpp:54:13:[m[K [01;31m[Kerror: [m[K‚Äò[01m[Ktimer_[m[K‚Äô was not declared in this scope; did you mean ‚Äò[01m[Ktimer_t[m[K‚Äô?
[1.253s]    54 |             [01;31m[Ktimer_[m[K = this->create_wall_timer(100ms, std::bind(&StartNode::timer_callback, this));
[1.253s]       |             [01;31m[K^~~~~~[m[K
[1.253s]       |             [32m[Ktimer_t[m[K
[1.253s] [01m[K/home/sauron/ros2-picas/ros2-picas-example/picas_example/src/case_study.cpp:54:75:[m[K [01;31m[Kerror: [m[K‚Äò[01m[Ktimer_callback[m[K‚Äô is not a member of ‚Äò[01m[KStartNode[m[K‚Äô
[1.253s]    54 |             timer_ = this->create_wall_timer(100ms, std::bind(&StartNode::[01;31m[Ktimer_callback[m[K, this));
[1.253s]       |                                                                           [01;31m[K^~~~~~~~~~~~~~[m[K
[1.255s] [01m[K/home/sauron/ros2-picas/ros2-picas-example/picas_example/src/case_study.cpp:56:13:[m[K [01;31m[Kerror: [m[K‚Äò[01m[Ktimer_[m[K‚Äô was not declared in this scope; did you mean ‚Äò[01m[Ktimer_t[m[K‚Äô?
[1.255s]    56 |             [01;31m[Ktimer_[m[K = this->create_wall_timer(120ms, std::bind(&StartNode::timer_callback, this));
[1.255s]       |             [01;31m[K^~~~~~[m[K
[1.255s]       |             [32m[Ktimer_t[m[K
[1.256s] [01m[K/home/sauron/ros2-picas/ros2-picas-example/picas_example/src/case_study.cpp:56:75:[m[K [01;31m[Kerror: [m[K‚Äò[01m[Ktimer_callback[m[K‚Äô is not a member of ‚Äò[01m[KStartNode[m[K‚Äô
[1.256s]    56 |             timer_ = this->create_wall_timer(120ms, std::bind(&StartNode::[01;31m[Ktimer_callback[m[K, this));
[1.256s]       |                                                                           [01;31m[K^~~~~~~~~~~~~~[m[K
[1.258s] [01m[K/home/sauron/ros2-picas/ros2-picas-example/picas_example/src/case_study.cpp:58:13:[m[K [01;31m[Kerror: [m[K‚Äò[01m[Ktimer_[m[K‚Äô was not declared in this scope; did you mean ‚Äò[01m[Ktimer_t[m[K‚Äô?
[1.258s]    58 |             [01;31m[Ktimer_[m[K = this->create_wall_timer(160ms, std::bind(&StartNode::timer_callback, this));
[1.258s]       |             [01;31m[K^~~~~~[m[K
[1.258s]       |             [32m[Ktimer_t[m[K
[1.258s] [01m[K/home/sauron/ros2-picas/ros2-picas-example/picas_example/src/case_study.cpp:58:75:[m[K [01;31m[Kerror: [m[K‚Äò[01m[Ktimer_callback[m[K‚Äô is not a member of ‚Äò[01m[KStartNode[m[K‚Äô
[1.258s]    58 |             timer_ = this->create_wall_timer(160ms, std::bind(&StartNode::[01;31m[Ktimer_callback[m[K, this));
[1.258s]       |                                                                           [01;31m[K^~~~~~~~~~~~~~[m[K
[1.260s] [01m[K/home/sauron/ros2-picas/ros2-picas-example/picas_example/src/case_study.cpp:60:13:[m[K [01;31m[Kerror: [m[K‚Äò[01m[Ktimer_[m[K‚Äô was not declared in this scope; did you mean ‚Äò[01m[Ktimer_t[m[K‚Äô?
[1.260s]    60 |             [01;31m[Ktimer_[m[K = this->create_wall_timer(200ms, std::bind(&StartNode::timer_callback, this));
[1.260s]       |             [01;31m[K^~~~~~[m[K
[1.260s]       |             [32m[Ktimer_t[m[K
[1.260s] [01m[K/home/sauron/ros2-picas/ros2-picas-example/picas_example/src/case_study.cpp:60:75:[m[K [01;31m[Kerror: [m[K‚Äò[01m[Ktimer_callback[m[K‚Äô is not a member of ‚Äò[01m[KStartNode[m[K‚Äô
[1.260s]    60 |             timer_ = this->create_wall_timer(200ms, std::bind(&StartNode::[01;31m[Ktimer_callback[m[K, this));
[1.260s]       |                                                                           [01;31m[K^~~~~~~~~~~~~~[m[K
[1.262s] [01m[K/home/sauron/ros2-picas/ros2-picas-example/picas_example/src/case_study.cpp:62:13:[m[K [01;31m[Kerror: [m[K‚Äò[01m[Ktimer_[m[K‚Äô was not declared in this scope; did you mean ‚Äò[01m[Ktimer_t[m[K‚Äô?
[1.263s]    62 |             [01;31m[Ktimer_[m[K = this->create_wall_timer(1000ms, std::bind(&StartNode::timer_callback, this));
[1.263s]       |             [01;31m[K^~~~~~[m[K
[1.263s]       |             [32m[Ktimer_t[m[K
[1.263s] [01m[K/home/sauron/ros2-picas/ros2-picas-example/picas_example/src/case_study.cpp:62:76:[m[K [01;31m[Kerror: [m[K‚Äò[01m[Ktimer_callback[m[K‚Äô is not a member of ‚Äò[01m[KStartNode[m[K‚Äô
[1.263s]    62 |             timer_ = this->create_wall_timer(1000ms, std::bind(&StartNode::[01;31m[Ktimer_callback[m[K, this));
[1.263s]       |                                                                            [01;31m[K^~~~~~~~~~~~~~[m[K
[1.265s] [01m[K/home/sauron/ros2-picas/ros2-picas-example/picas_example/src/case_study.cpp:64:13:[m[K [01;31m[Kerror: [m[K‚Äò[01m[Ktimer_[m[K‚Äô was not declared in this scope; did you mean ‚Äò[01m[Ktimer_t[m[K‚Äô?
[1.265s]    64 |             [01;31m[Ktimer_[m[K = this->create_wall_timer(10000ms, std::bind(&StartNode::timer_callback, this));
[1.265s]       |             [01;31m[K^~~~~~[m[K
[1.265s]       |             [32m[Ktimer_t[m[K
[1.265s] [01m[K/home/sauron/ros2-picas/ros2-picas-example/picas_example/src/case_study.cpp:64:77:[m[K [01;31m[Kerror: [m[K‚Äò[01m[Ktimer_callback[m[K‚Äô is not a member of ‚Äò[01m[KStartNode[m[K‚Äô
[1.265s]    64 |             timer_ = this->create_wall_timer(10000ms, std::bind(&StartNode::[01;31m[Ktimer_callback[m[K, this));
[1.265s]       |                                                                             [01;31m[K^~~~~~~~~~~~~~[m[K
[1.270s] [01m[K/home/sauron/ros2-picas/ros2-picas-example/picas_example/src/case_study.cpp:66:9:[m[K [01;31m[Kerror: [m[K‚Äò[01m[KgettimeofdaÂèë‰∏™er[m[K‚Äô was not declared in this scope
[1.270s]    66 |         [01;31m[KgettimeofdaÂèë‰∏™er[m[K<test_msgs::msg::TestString>::SharedPtr publisher_;
[1.270s]       |         [01;31m[K^~~~~~~~~~~~~~~~~[m[K
[1.270s] [01m[K/home/sauron/ros2-picas/ros2-picas-example/picas_example/src/case_study.cpp:66:53:[m[K [01;31m[Kerror: [m[Kexpected primary-expression before ‚Äò[01m[K>[m[K‚Äô token
[1.270s]    66 |         gettimeofdaÂèë‰∏™er<test_msgs::msg::TestString[01;31m[K>[m[K::SharedPtr publisher_;
[1.270s]       |                                                     [01;31m[K^[m[K
[1.270s] [01m[K/home/sauron/ros2-picas/ros2-picas-example/picas_example/src/case_study.cpp:66:56:[m[K [01;31m[Kerror: [m[K‚Äò[01m[K::SharedPtr[m[K‚Äô has not been declared; did you mean ‚Äò[01m[Krclcpp::IntraProcessBufferType::SharedPtr[m[K‚Äô?
[1.270s]    66 |         gettimeofdaÂèë‰∏™er<test_msgs::msg::TestString>::[01;31m[KSharedPtr[m[K publisher_;
[1.270s]       |                                                        [01;31m[K^~~~~~~~~[m[K
[1.271s]       |                                                        [32m[Krclcpp::IntraProcessBufferType::SharedPtr[m[K
[1.271s] In file included from [01m[K/home/sauron/ros2-picas/install/rclcpp/include/rclcpp/rclcpp/experimental/create_intra_process_buffer.hpp:24[m[K,
[1.271s]                  from [01m[K/home/sauron/ros2-picas/install/rclcpp/include/rclcpp/rclcpp/experimental/subscription_intra_process_buffer.hpp:28[m[K,
[1.271s]                  from [01m[K/home/sauron/ros2-picas/install/rclcpp/include/rclcpp/rclcpp/experimental/subscription_intra_process.hpp:31[m[K,
[1.271s]                  from [01m[K/home/sauron/ros2-picas/install/rclcpp/include/rclcpp/rclcpp/experimental/intra_process_manager.hpp:32[m[K,
[1.271s]                  from [01m[K/home/sauron/ros2-picas/install/rclcpp/include/rclcpp/rclcpp/subscription_base.hpp:34[m[K,
[1.271s]                  from [01m[K/home/sauron/ros2-picas/install/rclcpp/include/rclcpp/rclcpp/callback_group.hpp:29[m[K,
[1.271s]                  from [01m[K/home/sauron/ros2-picas/install/rclcpp/include/rclcpp/rclcpp/any_executable.hpp:20[m[K,
[1.271s]                  from [01m[K/home/sauron/ros2-picas/install/rclcpp/include/rclcpp/rclcpp/memory_strategy.hpp:25[m[K,
[1.271s]                  from [01m[K/home/sauron/ros2-picas/install/rclcpp/include/rclcpp/rclcpp/memory_strategies.hpp:18[m[K,
[1.271s]                  from [01m[K/home/sauron/ros2-picas/install/rclcpp/include/rclcpp/rclcpp/executor_options.hpp:20[m[K,
[1.271s]                  from [01m[K/home/sauron/ros2-picas/install/rclcpp/include/rclcpp/rclcpp/executor.hpp:37[m[K,
[1.271s]                  from [01m[K/home/sauron/ros2-picas/install/rclcpp/include/rclcpp/rclcpp/executors/multi_threaded_executor.hpp:25[m[K,
[1.271s]                  from [01m[K/home/sauron/ros2-picas/install/rclcpp/include/rclcpp/rclcpp/executors.hpp:21[m[K,
[1.271s]                  from [01m[K/home/sauron/ros2-picas/install/rclcpp/include/rclcpp/rclcpp/rclcpp.hpp:155[m[K,
[1.271s]                  from [01m[K/home/sauron/ros2-picas/ros2-picas-example/picas_example/src/case_study.cpp:16[m[K:
[1.271s] [01m[K/home/sauron/ros2-picas/install/rclcpp/include/rclcpp/rclcpp/intra_process_buffer_type.hpp:26:3:[m[K [01;36m[Knote: [m[K‚Äò[01m[Krclcpp::IntraProcessBufferType::SharedPtr[m[K‚Äô declared here
[1.271s]    26 |   [01;36m[KSharedPtr[m[K,
[1.271s]       |   [01;36m[K^~~~~~~~~[m[K
[1.271s] [01m[K/home/sauron/ros2-picas/ros2-picas-example/picas_example/src/case_study.cpp:67:1:[m[K [01;31m[Kerror: [m[Kexpected primary-expression before ‚Äò[01m[Kprivate[m[K‚Äô
[1.271s]    67 | [01;31m[Kprivate[m[K:
[1.271s]       | [01;31m[K^~~~~~~[m[K
[1.271s] [01m[K/home/sauron/ros2-picas/ros2-picas-example/picas_example/src/case_study.cpp:75:31:[m[K [01;31m[Kerror: [m[Ka function-definition is not allowed here before ‚Äò[01m[K{[m[K‚Äô token
[1.271s]    75 |     void dummy_task(int load) [01;31m[K{[m[K
[1.271s]       |                               [01;31m[K^[m[K
[1.271s] [01m[K/home/sauron/ros2-picas/ros2-picas-example/picas_example/src/case_study.cpp:82:5:[m[K [01;31m[Kerror: [m[Ka function-definition is not allowed here before ‚Äò[01m[K{[m[K‚Äô token
[1.271s]    82 |     [01;31m[K{[m[K
[1.271s]       |     [01;31m[K^[m[K
[1.271s] [01m[K/home/sauron/ros2-picas/ros2-picas-example/picas_example/src/case_study.cpp:69:9:[m[K [01;35m[Kwarning: [m[Kunused variable ‚Äò[01m[Kexe_time_[m[K‚Äô [[01;35m[K]8;;https://gcc.gnu.org/onlinedocs/gcc/Warning-Options.html#index-Wunused-variable-Wunused-variable]8;;[m[K]
[1.271s]    69 |     int [01;35m[Kexe_time_[m[K;
[1.271s]       |         [01;35m[K^~~~~~~~~[m[K
[1.271s] [01m[K/home/sauron/ros2-picas/ros2-picas-example/picas_example/src/case_study.cpp:70:9:[m[K [01;35m[Kwarning: [m[Kunused variable ‚Äò[01m[Kperiod_[m[K‚Äô [[01;35m[K]8;;https://gcc.gnu.org/onlinedocs/gcc/Warning-Options.html#index-Wunused-variable-Wunused-variable]8;;[m[K]
[1.271s]    70 |     int [01;35m[Kperiod_[m[K;
[1.271s]       |         [01;35m[K^~~~~~~[m[K
[1.271s] [01m[K/home/sauron/ros2-picas/ros2-picas-example/picas_example/src/case_study.cpp:71:13:[m[K [01;35m[Kwarning: [m[Kunused variable ‚Äò[01m[Kctime[m[K‚Äô [[01;35m[K]8;;https://gcc.gnu.org/onlinedocs/gcc/Warning-Options.html#index-Wunused-variable-Wunused-variable]8;;[m[K]
[1.271s]    71 |     timeval [01;35m[Kctime[m[K, ftime, create_timer, latency_time;
[1.271s]       |             [01;35m[K^~~~~[m[K
[1.271s] [01m[K/home/sauron/ros2-picas/ros2-picas-example/picas_example/src/case_study.cpp:71:20:[m[K [01;35m[Kwarning: [m[Kunused variable ‚Äò[01m[Kftime[m[K‚Äô [[01;35m[K]8;;https://gcc.gnu.org/onlinedocs/gcc/Warning-Options.html#index-Wunused-variable-Wunused-variable]8;;[m[K]
[1.271s]    71 |     timeval ctime, [01;35m[Kftime[m[K, create_timer, latency_time;
[1.271s]       |                    [01;35m[K^~~~~[m[K
[1.271s] [01m[K/home/sauron/ros2-picas/ros2-picas-example/picas_example/src/case_study.cpp:71:27:[m[K [01;35m[Kwarning: [m[Kunused variable ‚Äò[01m[Kcreate_timer[m[K‚Äô [[01;35m[K]8;;https://gcc.gnu.org/onlinedocs/gcc/Warning-Options.html#index-Wunused-variable-Wunused-variable]8;;[m[K]
[1.271s]    71 |     timeval ctime, ftime, [01;35m[Kcreate_timer[m[K, latency_time;
[1.271s]       |                           [01;35m[K^~~~~~~~~~~~[m[K
[1.271s] [01m[K/home/sauron/ros2-picas/ros2-picas-example/picas_example/src/case_study.cpp:71:41:[m[K [01;35m[Kwarning: [m[Kunused variable ‚Äò[01m[Klatency_time[m[K‚Äô [[01;35m[K]8;;https://gcc.gnu.org/onlinedocs/gcc/Warning-Options.html#index-Wunused-variable-Wunused-variable]8;;[m[K]
[1.272s]    71 |     timeval ctime, ftime, create_timer, [01;35m[Klatency_time[m[K;
[1.272s]       |                                         [01;35m[K^~~~~~~~~~~~[m[K
[1.272s] [01m[K/home/sauron/ros2-picas/ros2-picas-example/picas_example/src/case_study.cpp:72:10:[m[K [01;35m[Kwarning: [m[Kunused variable ‚Äò[01m[Kend_flag_[m[K‚Äô [[01;35m[K]8;;https://gcc.gnu.org/onlinedocs/gcc/Warning-Options.html#index-Wunused-variable-Wunused-variable]8;;[m[K]
[1.272s]    72 |     bool [01;35m[Kend_flag_[m[K;
[1.272s]       |          [01;35m[K^~~~~~~~~[m[K
[1.282s] [01m[K/home/sauron/ros2-picas/ros2-picas-example/picas_example/src/case_study.cpp:[m[K In member function ‚Äò[01m[Kint StartNode::main(int, char**)[m[K‚Äô:
[1.282s] [01m[K/home/sauron/ros2-picas/ros2-picas-example/picas_example/src/case_study.cpp:311:40:[m[K [01;31m[Kerror: [m[K‚Äò[01m[Kusing element_type = class StartNode[m[K‚Äô {aka ‚Äò[01m[Kclass StartNode[m[K‚Äô} has no member named ‚Äò[01m[Ktimer_[m[K‚Äô
[1.282s]   311 |     exec1.set_callback_priority(task1->[01;31m[Ktimer_[m[K, 26);
[1.282s]       |                                        [01;31m[K^~~~~~[m[K
[1.283s] [01m[K/home/sauron/ros2-picas/ros2-picas-example/picas_example/src/case_study.cpp:316:40:[m[K [01;31m[Kerror: [m[K‚Äò[01m[Kusing element_type = class StartNode[m[K‚Äô {aka ‚Äò[01m[Kclass StartNode[m[K‚Äô} has no member named ‚Äò[01m[Ktimer_[m[K‚Äô
[1.283s]   316 |     exec3.set_callback_priority(task6->[01;31m[Ktimer_[m[K, 22);
[1.283s]       |                                        [01;31m[K^~~~~~[m[K
[1.284s] [01m[K/home/sauron/ros2-picas/ros2-picas-example/picas_example/src/case_study.cpp:320:41:[m[K [01;31m[Kerror: [m[K‚Äò[01m[Kusing element_type = class StartNode[m[K‚Äô {aka ‚Äò[01m[Kclass StartNode[m[K‚Äô} has no member named ‚Äò[01m[Ktimer_[m[K‚Äô
[1.284s]   320 |     exec4.set_callback_priority(task10->[01;31m[Ktimer_[m[K, 19);
[1.284s]       |                                         [01;31m[K^~~~~~[m[K
[1.284s] [01m[K/home/sauron/ros2-picas/ros2-picas-example/picas_example/src/case_study.cpp:323:41:[m[K [01;31m[Kerror: [m[K‚Äò[01m[Kusing element_type = class StartNode[m[K‚Äô {aka ‚Äò[01m[Kclass StartNode[m[K‚Äô} has no member named ‚Äò[01m[Ktimer_[m[K‚Äô
[1.284s]   323 |     exec5.set_callback_priority(task13->[01;31m[Ktimer_[m[K, 15);
[1.284s]       |                                         [01;31m[K^~~~~~[m[K
[1.284s] [01m[K/home/sauron/ros2-picas/ros2-picas-example/picas_example/src/case_study.cpp:327:41:[m[K [01;31m[Kerror: [m[K‚Äò[01m[Kusing element_type = class StartNode[m[K‚Äô {aka ‚Äò[01m[Kclass StartNode[m[K‚Äô} has no member named ‚Äò[01m[Ktimer_[m[K‚Äô
[1.284s]   327 |     exec6.set_callback_priority(task17->[01;31m[Ktimer_[m[K, 13);
[1.284s]       |                                         [01;31m[K^~~~~~[m[K
[1.284s] [01m[K/home/sauron/ros2-picas/ros2-picas-example/picas_example/src/case_study.cpp:329:41:[m[K [01;31m[Kerror: [m[K‚Äò[01m[Kusing element_type = class StartNode[m[K‚Äô {aka ‚Äò[01m[Kclass StartNode[m[K‚Äô} has no member named ‚Äò[01m[Ktimer_[m[K‚Äô
[1.284s]   329 |     exec7.set_callback_priority(task19->[01;31m[Ktimer_[m[K, 11);
[1.285s]       |                                         [01;31m[K^~~~~~[m[K
[1.285s] [01m[K/home/sauron/ros2-picas/ros2-picas-example/picas_example/src/case_study.cpp:331:41:[m[K [01;31m[Kerror: [m[K‚Äò[01m[Kusing element_type = class StartNode[m[K‚Äô {aka ‚Äò[01m[Kclass StartNode[m[K‚Äô} has no member named ‚Äò[01m[Ktimer_[m[K‚Äô
[1.285s]   331 |     exec9.set_callback_priority(task21->[01;31m[Ktimer_[m[K, 9);
[1.285s]       |                                         [01;31m[K^~~~~~[m[K
[1.285s] [01m[K/home/sauron/ros2-picas/ros2-picas-example/picas_example/src/case_study.cpp:333:42:[m[K [01;31m[Kerror: [m[K‚Äò[01m[Kusing element_type = class StartNode[m[K‚Äô {aka ‚Äò[01m[Kclass StartNode[m[K‚Äô} has no member named ‚Äò[01m[Ktimer_[m[K‚Äô
[1.285s]   333 |     exec11.set_callback_priority(task23->[01;31m[Ktimer_[m[K, 7);
[1.285s]       |                                          [01;31m[K^~~~~~[m[K
[1.285s] [01m[K/home/sauron/ros2-picas/ros2-picas-example/picas_example/src/case_study.cpp:335:42:[m[K [01;31m[Kerror: [m[K‚Äò[01m[Kusing element_type = class StartNode[m[K‚Äô {aka ‚Äò[01m[Kclass StartNode[m[K‚Äô} has no member named ‚Äò[01m[Ktimer_[m[K‚Äô
[1.285s]   335 |     exec13.set_callback_priority(task25->[01;31m[Ktimer_[m[K, 5);
[1.285s]       |                                          [01;31m[K^~~~~~[m[K
[1.285s] [01m[K/home/sauron/ros2-picas/ros2-picas-example/picas_example/src/case_study.cpp:337:42:[m[K [01;31m[Kerror: [m[K‚Äò[01m[Kusing element_type = class StartNode[m[K‚Äô {aka ‚Äò[01m[Kclass StartNode[m[K‚Äô} has no member named ‚Äò[01m[Ktimer_[m[K‚Äô
[1.285s]   337 |     exec15.set_callback_priority(task27->[01;31m[Ktimer_[m[K, 3);
[1.285s]       |                                          [01;31m[K^~~~~~[m[K
[1.285s] [01m[K/home/sauron/ros2-picas/ros2-picas-example/picas_example/src/case_study.cpp:339:42:[m[K [01;31m[Kerror: [m[K‚Äò[01m[Kusing element_type = class StartNode[m[K‚Äô {aka ‚Äò[01m[Kclass StartNode[m[K‚Äô} has no member named ‚Äò[01m[Ktimer_[m[K‚Äô
[1.285s]   339 |     exec17.set_callback_priority(task29->[01;31m[Ktimer_[m[K, 1);
[1.285s]       |                                          [01;31m[K^~~~~~[m[K
[1.286s] [01m[K/home/sauron/ros2-picas/ros2-picas-example/picas_example/src/case_study.cpp:[m[K At global scope:
[1.286s] [01m[K/home/sauron/ros2-picas/ros2-picas-example/picas_example/src/case_study.cpp:438:2:[m[K [01;31m[Kerror: [m[Kexpected unqualified-id at end of input
[1.286s]   438 | }
[1.286s]       |  [01;31m[K^[m[K
[2.441s] gmake[2]: *** [CMakeFiles/case_study.dir/build.make:76: CMakeFiles/case_study.dir/src/case_study.cpp.o] Error 1
[2.441s] gmake[1]: *** [CMakeFiles/Makefile2:165: CMakeFiles/case_study.dir/all] Error 2
[2.441s] gmake: *** [Makefile:146: all] Error 2
[2.443s] Invoked command in '/home/sauron/ros2-picas/build/picas_example' returned '2': AMENT_PREFIX_PATH=/home/sauron/ros2-picas/install/trace_picas:/home/sauron/ros2-picas/install/rclcpp:/home/sauron/ros2-picas/install/test_msgs:${AMENT_PREFIX_PATH} CMAKE_PREFIX_PATH=/home/sauron/ros2-picas/install/trace_picas:/home/sauron/ros2-picas/install/rclcpp:/home/sauron/ros2-picas/install/test_msgs:/home/sauron/ros2_humble/install/rosbag2_storage_mcap:/home/sauron/ros2_humble/install/rosbag2:/home/sauron/ros2_humble/install/rosbag2_compression_zstd:/home/sauron/ros2_humble/install/mcap_vendor:/home/sauron/ros2_humble/install/zstd_vendor:/home/sauron/ros2_humble/install/rviz_visual_testing_framework:/home/sauron/ros2_humble/install/rviz2:/home/sauron/ros2_humble/install/rviz_default_plugins:/home/sauron/ros2_humble/install/rviz_common:/home/sauron/ros2_humble/install/rosbag2_py:/home/sauron/ros2_humble/install/rosbag2_transport:/home/sauron/ros2_humble/install/rosbag2_performance_benchmarking:/home/sauron/ros2_humble/install/rosbag2_compression:/home/sauron/ros2_humble/install/rosbag2_cpp:/home/sauron/ros2_humble/install/rosbag2_storage_default_plugins:/home/sauron/ros2_humble/install/rosbag2_storage:/home/sauron/ros2_humble/install/image_common:/home/sauron/ros2_humble/install/camera_info_manager:/home/sauron/ros2_humble/install/camera_calibration_parsers:/home/sauron/ros2_humble/install/yaml_cpp_vendor:/home/sauron/ros2_humble/install/interactive_markers:/home/sauron/ros2_humble/install/common_interfaces:/home/sauron/ros2_humble/install/visualization_msgs:/home/sauron/ros2_humble/install/dummy_robot_bringup:/home/sauron/ros2_humble/install/robot_state_publisher:/home/sauron/ros2_humble/install/kdl_parser:/home/sauron/ros2_humble/install/urdf:/home/sauron/ros2_humble/install/urdfdom:/home/sauron/ros2_humble/install/urdf_parser_plugin:/home/sauron/ros2_humble/install/urdfdom_headers:/home/sauron/ros2_humble/install/turtlesim:/home/sauron/ros2_humble/install/geometry2:/home/sauron/ros2_humble/install/tf2_sensor_msgs:/home/sauron/ros2_humble/install/test_tf2:/home/sauron/ros2_humble/install/tf2_kdl:/home/sauron/ros2_humble/install/tf2_geometry_msgs:/home/sauron/ros2_humble/install/tf2_eigen:/home/sauron/ros2_humble/install/tf2_bullet:/home/sauron/ros2_humble/install/tf2_ros:/home/sauron/ros2_humble/install/tf2_py:/home/sauron/ros2_humble/install/tf2_msgs:/home/sauron/ros2_humble/install/test_msgs:/home/sauron/ros2_humble/install/sros2_cmake:/home/sauron/ros2_humble/install/ros2cli_common_extensions:/home/sauron/ros2_humble/install/rqt_py_common:/home/sauron/ros2_humble/install/ros_testing:/home/sauron/ros2_humble/install/ros2cli_test_interfaces:/home/sauron/ros2_humble/install/quality_of_service_demo_cpp:/home/sauron/ros2_humble/install/image_transport:/home/sauron/ros2_humble/install/message_filters:/home/sauron/ros2_humble/install/demo_nodes_cpp:/home/sauron/ros2_humble/install/composition:/home/sauron/ros2_humble/install/laser_geometry:/home/sauron/ros2_humble/install/rclpy:/home/sauron/ros2_humble/install/examples_rclcpp_minimal_action_server:/home/sauron/ros2_humble/install/examples_rclcpp_minimal_action_client:/home/sauron/ros2_humble/install/action_tutorials_cpp:/home/sauron/ros2_humble/install/rclcpp_action:/home/sauron/ros2_humble/install/rcl_action:/home/sauron/ros2_humble/install/examples_rclcpp_wait_set:/home/sauron/ros2_humble/install/examples_rclcpp_minimal_service:/home/sauron/ros2_humble/install/examples_rclcpp_minimal_client:/home/sauron/ros2_humble/install/examples_rclcpp_async_client:/home/sauron/ros2_humble/install/example_interfaces:/home/sauron/ros2_humble/install/action_tutorials_interfaces:/home/sauron/ros2_humble/install/action_msgs:/home/sauron/ros2_humble/install/unique_identifier_msgs:/home/sauron/ros2_humble/install/ament_lint_common:/home/sauron/ros2_humble/install/ament_cmake_uncrustify:/home/sauron/ros2_humble/install/uncrustify_vendor:/home/sauron/ros2_humble/install/trajectory_msgs:/home/sauron/ros2_humble/install/topic_statistics_demo:/home/sauron/ros2_humble/install/pendulum_control:/home/sauron/ros2_humble/install/tlsf_cpp:/home/sauron/ros2_humble/install/test_tracetools:/home/sauron/ros2_humble/install/rqt_gui_cpp:/home/sauron/ros2_humble/install/rosbag2_test_common:/home/sauron/ros2_humble/install/ros2lifecycle_test_fixtures:/home/sauron/ros2_humble/install/lifecycle:/home/sauron/ros2_humble/install/rclcpp_lifecycle:/home/sauron/ros2_humble/install/logging_demo:/home/sauron/ros2_humble/install/image_tools:/home/sauron/ros2_humble/install/examples_rclcpp_minimal_subscriber:/home/sauron/ros2_humble/install/examples_rclcpp_minimal_composition:/home/sauron/ros2_humble/install/demo_nodes_cpp_native:/home/sauron/ros2_humble/install/rclcpp_components:/home/sauron/ros2_humble/install/intra_process_demo:/home/sauron/ros2_humble/install/examples_rclcpp_multithreaded_executor:/home/sauron/ros2_humble/install/examples_rclcpp_minimal_timer:/home/sauron/ros2_humble/install/examples_rclcpp_minimal_publisher:/home/sauron/ros2_humble/install/examples_rclcpp_cbg_executor:/home/sauron/ros2_humble/install/dummy_sensors:/home/sauron/ros2_humble/install/dummy_map_server:/home/sauron/ros2_humble/install/rclcpp:/home/sauron/ros2_humble/install/rcl_lifecycle:/home/sauron/ros2_humble/install/libstatistics_collector:/home/sauron/ros2_humble/install/rcl:/home/sauron/ros2_humble/install/rmw_implementation:/home/sauron/ros2_humble/install/rmw_fastrtps_dynamic_cpp:/home/sauron/ros2_humble/install/rmw_fastrtps_cpp:/home/sauron/ros2_humble/install/rmw_fastrtps_shared_cpp:/home/sauron/ros2_humble/install/rmw_cyclonedds_cpp:/home/sauron/ros2_humble/install/tracetools:/home/sauron/ros2_humble/install/tlsf:/home/sauron/ros2_humble/install/tinyxml_vendor:/home/sauron/ros2_humble/install/qt_gui_core:/home/sauron/ros2_humble/install/qt_gui_cpp:/home/sauron/ros2_humble/install/pluginlib:/home/sauron/ros2_humble/install/tinyxml2_vendor:/home/sauron/ros2_humble/install/tf2_eigen_kdl:/home/sauron/ros2_humble/install/tf2:/home/sauron/ros2_humble/install/test_security:/home/sauron/ros2_humble/install/test_rmw_implementation:/home/sauron/ros2_humble/install/test_rclcpp:/home/sauron/ros2_humble/install/test_quality_of_service:/home/sauron/ros2_humble/install/test_launch_testing:/home/sauron/ros2_humble/install/test_interface_files:/home/sauron/ros2_humble/install/test_communication:/home/sauron/ros2_humble/install/test_cli_remapping:/home/sauron/ros2_humble/install/test_cli:/home/sauron/ros2_humble/install/qt_gui_app:/home/sauron/ros2_humble/install/qt_gui:/home/sauron/ros2_humble/install/tango_icons_vendor:/home/sauron/ros2_humble/install/stereo_msgs:/home/sauron/ros2_humble/install/std_srvs:/home/sauron/ros2_humble/install/shape_msgs:/home/sauron/ros2_humble/install/map_msgs:/home/sauron/ros2_humble/install/sensor_msgs:/home/sauron/ros2_humble/install/nav_msgs:/home/sauron/ros2_humble/install/diagnostic_msgs:/home/sauron/ros2_humble/install/geometry_msgs:/home/sauron/ros2_humble/install/actionlib_msgs:/home/sauron/ros2_humble/install/std_msgs:/home/sauron/ros2_humble/install/statistics_msgs:/home/sauron/ros2_humble/install/sqlite3_vendor:/home/sauron/ros2_humble/install/rcl_logging_spdlog:/home/sauron/ros2_humble/install/spdlog_vendor:/home/sauron/ros2_humble/install/shared_queues_vendor:/home/sauron/ros2_humble/install/rviz_rendering_tests:/home/sauron/ros2_humble/install/rviz_rendering:/home/sauron/ros2_humble/install/rviz_ogre_vendor:/home/sauron/ros2_humble/install/rviz_assimp_vendor:/home/sauron/ros2_humble/install/rttest:/home/sauron/ros2_humble/install/rmw_connextddsmicro:/home/sauron/ros2_humble/install/rmw_connextdds:/home/sauron/ros2_humble/install/rmw_connextdds_common:/home/sauron/ros2_humble/install/rti_connext_dds_cmake_module:/home/sauron/ros2_humble/install/rosgraph_msgs:/home/sauron/ros2_humble/install/rosbag2_interfaces:/home/sauron/ros2_humble/install/rmw_dds_common:/home/sauron/ros2_humble/install/composition_interfaces:/home/sauron/ros2_humble/install/rcl_interfaces:/home/sauron/ros2_humble/install/pendulum_msgs:/home/sauron/ros2_humble/install/lifecycle_msgs:/home/sauron/ros2_humble/install/builtin_interfaces:/home/sauron/ros2_humble/install/rosidl_default_runtime:/home/sauron/ros2_humble/install/rosidl_default_generators:/home/sauron/ros2_humble/install/rosidl_generator_py:/home/sauron/ros2_humble/install/rosidl_typesupport_introspection_tests:/home/sauron/ros2_humble/install/rosidl_typesupport_cpp:/home/sauron/ros2_humble/install/rosidl_typesupport_introspection_cpp:/home/sauron/ros2_humble/install/rosidl_typesupport_c:/home/sauron/ros2_humble/install/rosidl_typesupport_introspection_c:/home/sauron/ros2_humble/install/rosidl_typesupport_fastrtps_c:/home/sauron/ros2_humble/install/rosidl_typesupport_fastrtps_cpp:/home/sauron/ros2_humble/install/rosidl_generator_cpp:/home/sauron/ros2_humble/install/rosidl_runtime_cpp:/home/sauron/ros2_humble/install/rcl_yaml_param_parser:/home/sauron/ros2_humble/install/rmw:/home/sauron/ros2_humble/install/rosidl_runtime_c:/home/sauron/ros2_humble/install/rosidl_generator_c:/home/sauron/ros2_humble/install/rosidl_typesupport_interface:/home/sauron/ros2_humble/install/rosidl_generator_dds_idl:/home/sauron/ros2_humble/install/rosidl_cmake:/home/sauron/ros2_humble/install/rosidl_parser:/home/sauron/ros2_humble/install/rosidl_adapter:/home/sauron/ros2_humble/install/rosbag2_tests:/home/sauron/ros2_humble/install/rosbag2_storage_mcap_testdata:/home/sauron/ros2_humble/install/ros_environment:/home/sauron/ros2_humble/install/rmw_implementation_cmake:/home/sauron/ros2_humble/install/resource_retriever:/home/sauron/ros2_humble/install/class_loader:/home/sauron/ros2_humble/install/rcpputils:/home/sauron/ros2_humble/install/rcl_logging_noop:/home/sauron/ros2_humble/install/rcl_logging_interface:/home/sauron/ros2_humble/install/rcutils:/home/sauron/ros2_humble/install/qt_gui_py_common:/home/sauron/ros2_humble/install/qt_dotgraph:/home/sauron/ros2_humble/install/python_qt_binding:/home/sauron/ros2_humble/install/python_orocos_kdl_vendor:/home/sauron/ros2_humble/install/launch_testing_ament_cmake:/home/sauron/ros2_humble/install/python_cmake_module:/home/sauron/ros2_humble/install/pybind11_vendor:/home/sauron/ros2_humble/install/performance_test_fixture:/home/sauron/ros2_humble/install/osrf_testing_tools_cpp:/home/sauron/ros2_humble/install/orocos_kdl_vendor:/home/sauron/ros2_humble/install/mimick_vendor:/home/sauron/ros2_humble/install/libyaml_vendor:/home/sauron/ros2_humble/install/libcurl_vendor:/home/sauron/ros2_humble/install/keyboard_handler:/home/sauron/ros2_humble/install/cyclonedds:/home/sauron/ros2_humble/install/iceoryx_posh:/home/sauron/ros2_humble/install/iceoryx_hoofs:/home/sauron/ros2_humble/install/iceoryx_binding_c:/home/sauron/ros2_humble/install/ament_cmake_ros:/home/sauron/ros2_humble/install/ament_cmake_gmock:/home/sauron/ros2_humble/install/gmock_vendor:/home/sauron/ros2_humble/install/ament_cmake_auto:/home/sauron/ros2_humble/install/ament_cmake_gtest:/home/sauron/ros2_humble/install/gtest_vendor:/home/sauron/ros2_humble/install/ament_cmake_google_benchmark:/home/sauron/ros2_humble/install/google_benchmark_vendor:/home/sauron/ros2_humble/install/fastrtps:/home/sauron/ros2_humble/install/foonathan_memory_vendor:/home/sauron/ros2_humble/install/fastrtps_cmake_module:/home/sauron/ros2_humble/install/fastcdr:/home/sauron/ros2_humble/install/eigen3_cmake_module:/home/sauron/ros2_humble/install/console_bridge_vendor:/home/sauron/ros2_humble/install/ament_cmake_xmllint:/home/sauron/ros2_humble/install/ament_cmake_pyflakes:/home/sauron/ros2_humble/install/ament_cmake_pycodestyle:/home/sauron/ros2_humble/install/ament_cmake_pep257:/home/sauron/ros2_humble/install/ament_cmake_pclint:/home/sauron/ros2_humble/install/ament_lint_auto:/home/sauron/ros2_humble/install/ament_cmake:/home/sauron/ros2_humble/install/ament_cmake_version:/home/sauron/ros2_humble/install/ament_cmake_pytest:/home/sauron/ros2_humble/install/ament_cmake_nose:/home/sauron/ros2_humble/install/ament_cmake_mypy:/home/sauron/ros2_humble/install/ament_cmake_lint_cmake:/home/sauron/ros2_humble/install/ament_cmake_flake8:/home/sauron/ros2_humble/install/ament_cmake_cpplint:/home/sauron/ros2_humble/install/ament_cmake_cppcheck:/home/sauron/ros2_humble/install/ament_cmake_copyright:/home/sauron/ros2_humble/install/ament_cmake_clang_tidy:/home/sauron/ros2_humble/install/ament_cmake_clang_format:/home/sauron/ros2_humble/install/ament_cmake_test:/home/sauron/ros2_humble/install/ament_cmake_target_dependencies:/home/sauron/ros2_humble/install/ament_cmake_python:/home/sauron/ros2_humble/install/ament_cmake_export_dependencies:/home/sauron/ros2_humble/install/ament_cmake_libraries:/home/sauron/ros2_humble/install/ament_cmake_include_directories:/home/sauron/ros2_humble/install/ament_cmake_gen_version_h:/home/sauron/ros2_humble/install/ament_cmake_export_targets:/home/sauron/ros2_humble/install/ament_cmake_export_link_flags:/home/sauron/ros2_humble/install/ament_cmake_export_interfaces:/home/sauron/ros2_humble/install/ament_cmake_export_libraries:/home/sauron/ros2_humble/install/ament_cmake_export_include_directories:/home/sauron/ros2_humble/install/ament_cmake_export_definitions:/home/sauron/ros2_humble/install/ament_cmake_core:/home/sauron/ros2_humble/install/ament_index_cpp:/home/sauron/ros2_humble/install/rqt_bag_plugins:/home/sauron/ros2_humble/install/rqt_bag:/home/sauron/ros2_humble/install/ros2bag:/home/sauron/ros2_humble/install/tracetools_test:/home/sauron/ros2_humble/install/tracetools_launch:/home/sauron/ros2_humble/install/topic_monitor:/home/sauron/ros2_humble/install/tf2_tools:/home/sauron/ros2_humble/install/examples_tf2_py:/home/sauron/ros2_humble/install/tf2_ros_py:/home/sauron/ros2_humble/install/sros2:/home/sauron/ros2_humble/install/rqt_topic:/home/sauron/ros2_humble/install/rqt_srv:/home/sauron/ros2_humble/install/rqt_shell:/home/sauron/ros2_humble/install/rqt_service_caller:/home/sauron/ros2_humble/install/rqt_reconfigure:/home/sauron/ros2_humble/install/rqt_py_console:/home/sauron/ros2_humble/install/rqt_publisher:/home/sauron/ros2_humble/install/rqt_plot:/home/sauron/ros2_humble/install/rqt_action:/home/sauron/ros2_humble/install/rqt_msg:/home/sauron/ros2_humble/install/rqt_console:/home/sauron/ros2_humble/install/rqt:/home/sauron/ros2_humble/install/rqt_graph:/home/sauron/ros2_humble/install/rqt_gui_py:/home/sauron/ros2_humble/install/rqt_gui:/home/sauron/ros2_humble/install/ros2trace:/home/sauron/ros2_humble/install/ros2topic:/home/sauron/ros2_humble/install/ros2test:/home/sauron/ros2_humble/install/ros2component:/home/sauron/ros2_humble/install/ros2param:/home/sauron/ros2_humble/install/ros2lifecycle:/home/sauron/ros2_humble/install/ros2service:/home/sauron/ros2_humble/install/ros2run:/home/sauron/ros2_humble/install/ros2launch:/home/sauron/ros2_humble/install/ros2pkg:/home/sauron/ros2_humble/install/ros2node:/home/sauron/ros2_humble/install/ros2multicast:/home/sauron/ros2_humble/install/ros2interface:/home/sauron/ros2_humble/install/ros2doctor:/home/sauron/ros2_humble/install/ros2action:/home/sauron/ros2_humble/install/ros2cli:/home/sauron/ros2_humble/install/quality_of_service_demo_py:/home/sauron/ros2_humble/install/lifecycle_py:/home/sauron/ros2_humble/install/launch_testing_ros:/home/sauron/ros2_humble/install/launch_ros:/home/sauron/ros2_humble/install/examples_rclpy_pointcloud_publisher:/home/sauron/ros2_humble/install/examples_rclpy_minimal_subscriber:/home/sauron/ros2_humble/install/examples_rclpy_minimal_service:/home/sauron/ros2_humble/install/examples_rclpy_minimal_publisher:/home/sauron/ros2_humble/install/examples_rclpy_minimal_client:/home/sauron/ros2_humble/install/examples_rclpy_minimal_action_server:/home/sauron/ros2_humble/install/examples_rclpy_minimal_action_client:/home/sauron/ros2_humble/install/examples_rclpy_guard_conditions:/home/sauron/ros2_humble/install/examples_rclpy_executors:/home/sauron/ros2_humble/install/demo_nodes_py:/home/sauron/ros2_humble/install/action_tutorials_py:/home/sauron/ros2_humble/install/ament_uncrustify:/home/sauron/ros2_humble/install/tracetools_trace:/home/sauron/ros2_humble/install/tracetools_read:/home/sauron/ros2_humble/install/test_tracetools_launch:/home/sauron/ros2_humble/install/test_launch_ros:/home/sauron/ros2_humble/install/sensor_msgs_py:/home/sauron/ros2_humble/install/rpyutils:/home/sauron/ros2_humble/install/rosidl_runtime_py:/home/sauron/ros2_humble/install/rosidl_cli:/home/sauron/ros2_humble/install/launch_pytest:/home/sauron/ros2_humble/install/launch_testing:/home/sauron/ros2_humble/install/launch_yaml:/home/sauron/ros2_humble/install/launch_xml:/home/sauron/ros2_humble/install/launch:/home/sauron/ros2_humble/install/osrf_pycommon:/home/sauron/ros2_humble/install/launch_testing_examples:/home/sauron/ros2_humble/install/domain_coordinator:/home/sauron/ros2_humble/install/ament_xmllint:/home/sauron/ros2_humble/install/ament_pyflakes:/home/sauron/ros2_humble/install/ament_pycodestyle:/home/sauron/ros2_humble/install/ament_pep257:/home/sauron/ros2_humble/install/ament_pclint:/home/sauron/ros2_humble/install/ament_package:/home/sauron/ros2_humble/install/ament_mypy:/home/sauron/ros2_humble/install/ament_lint_cmake:/home/sauron/ros2_humble/install/ament_flake8:/home/sauron/ros2_humble/install/ament_copyright:/home/sauron/ros2_humble/install/ament_lint:/home/sauron/ros2_humble/install/ament_index_python:/home/sauron/ros2_humble/install/ament_cpplint:/home/sauron/ros2_humble/install/ament_cppcheck:/home/sauron/ros2_humble/install/ament_clang_tidy:/home/sauron/ros2_humble/install/ament_clang_format LD_LIBRARY_PATH=/home/sauron/ros2-picas/install/trace_picas/lib:/home/sauron/ros2-picas/install/rclcpp/lib:/home/sauron/ros2-picas/install/test_msgs/lib:/home/sauron/ros2_humble/install/rosbag2_storage_mcap/lib:/home/sauron/ros2_humble/install/rosbag2_compression_zstd/lib:/home/sauron/ros2_humble/install/mcap_vendor/lib:/home/sauron/ros2_humble/install/zstd_vendor/lib:/home/sauron/ros2_humble/install/rviz_default_plugins/lib:/home/sauron/ros2_humble/install/rviz_common/lib:/home/sauron/ros2_humble/install/rosbag2_transport/lib:/home/sauron/ros2_humble/install/rosbag2_compression/lib:/home/sauron/ros2_humble/install/rosbag2_cpp/lib:/home/sauron/ros2_humble/install/rosbag2_storage_default_plugins/lib:/home/sauron/ros2_humble/install/rosbag2_storage/lib:/home/sauron/ros2_humble/install/camera_info_manager/lib:/home/sauron/ros2_humble/install/camera_calibration_parsers/lib:/home/sauron/ros2_humble/install/interactive_markers/lib:/home/sauron/ros2_humble/install/visualization_msgs/lib:/home/sauron/ros2_humble/install/robot_state_publisher/lib:/home/sauron/ros2_humble/install/kdl_parser/lib:/home/sauron/ros2_humble/install/urdf/lib:/home/sauron/ros2_humble/install/urdfdom/lib:/home/sauron/ros2_humble/install/turtlesim/lib:/home/sauron/ros2_humble/install/tf2_ros/lib:/home/sauron/ros2_humble/install/tf2_msgs/lib:/home/sauron/ros2_humble/install/test_msgs/lib:/home/sauron/ros2_humble/install/ros2cli_test_interfaces/lib:/home/sauron/ros2_humble/install/quality_of_service_demo_cpp/lib:/home/sauron/ros2_humble/install/image_transport/lib:/home/sauron/ros2_humble/install/message_filters/lib:/home/sauron/ros2_humble/install/demo_nodes_cpp/lib:/home/sauron/ros2_humble/install/composition/lib:/home/sauron/ros2_humble/install/laser_geometry/lib:/home/sauron/ros2_humble/install/rclpy/lib:/home/sauron/ros2_humble/install/action_tutorials_cpp/lib:/home/sauron/ros2_humble/install/rclcpp_action/lib:/home/sauron/ros2_humble/install/rcl_action/lib:/home/sauron/ros2_humble/install/examples_rclcpp_wait_set/lib:/home/sauron/ros2_humble/install/example_interfaces/lib:/home/sauron/ros2_humble/install/action_tutorials_interfaces/lib:/home/sauron/ros2_humble/install/action_msgs/lib:/home/sauron/ros2_humble/install/unique_identifier_msgs/lib:/home/sauron/ros2_humble/install/trajectory_msgs/lib:/home/sauron/ros2_humble/install/rqt_gui_cpp/lib:/home/sauron/ros2_humble/install/rclcpp_lifecycle/lib:/home/sauron/ros2_humble/install/logging_demo/lib:/home/sauron/ros2_humble/install/image_tools/lib:/home/sauron/ros2_humble/install/examples_rclcpp_minimal_subscriber/lib:/home/sauron/ros2_humble/install/examples_rclcpp_minimal_composition/lib:/home/sauron/ros2_humble/install/demo_nodes_cpp_native/lib:/home/sauron/ros2_humble/install/rclcpp_components/lib:/home/sauron/ros2_humble/install/rclcpp/lib:/home/sauron/ros2_humble/install/rcl_lifecycle/lib:/home/sauron/ros2_humble/install/libstatistics_collector/lib:/home/sauron/ros2_humble/install/rcl/lib:/home/sauron/ros2_humble/install/rmw_implementation/lib:/home/sauron/ros2_humble/install/rmw_fastrtps_dynamic_cpp/lib:/home/sauron/ros2_humble/install/rmw_fastrtps_cpp/lib:/home/sauron/ros2_humble/install/rmw_fastrtps_shared_cpp/lib:/home/sauron/ros2_humble/install/rmw_cyclonedds_cpp/lib:/home/sauron/ros2_humble/install/tracetools/lib:/home/sauron/ros2_humble/install/qt_gui_cpp/lib:/home/sauron/ros2_humble/install/tf2_eigen_kdl/lib:/home/sauron/ros2_humble/install/tf2/lib:/home/sauron/ros2_humble/install/stereo_msgs/lib:/home/sauron/ros2_humble/install/std_srvs/lib:/home/sauron/ros2_humble/install/shape_msgs/lib:/home/sauron/ros2_humble/install/map_msgs/lib:/home/sauron/ros2_humble/install/sensor_msgs/lib:/home/sauron/ros2_humble/install/nav_msgs/lib:/home/sauron/ros2_humble/install/diagnostic_msgs/lib:/home/sauron/ros2_humble/install/geometry_msgs/lib:/home/sauron/ros2_humble/install/actionlib_msgs/lib:/home/sauron/ros2_humble/install/std_msgs/lib:/home/sauron/ros2_humble/install/statistics_msgs/lib:/home/sauron/ros2_humble/install/rcl_logging_spdlog/lib:/home/sauron/ros2_humble/install/rviz_rendering/lib:/home/sauron/ros2_humble/install/rviz_ogre_vendor/opt/rviz_ogre_vendor/lib:/home/sauron/ros2_humble/install/rttest/lib:/home/sauron/ros2_humble/install/rosgraph_msgs/lib:/home/sauron/ros2_humble/install/rosbag2_interfaces/lib:/home/sauron/ros2_humble/install/rmw_dds_common/lib:/home/sauron/ros2_humble/install/composition_interfaces/lib:/home/sauron/ros2_humble/install/rcl_interfaces/lib:/home/sauron/ros2_humble/install/pendulum_msgs/lib:/home/sauron/ros2_humble/install/lifecycle_msgs/lib:/home/sauron/ros2_humble/install/builtin_interfaces/lib:/home/sauron/ros2_humble/install/rosidl_typesupport_cpp/lib:/home/sauron/ros2_humble/install/rosidl_typesupport_introspection_cpp/lib:/home/sauron/ros2_humble/install/rosidl_typesupport_c/lib:/home/sauron/ros2_humble/install/rosidl_typesupport_introspection_c/lib:/home/sauron/ros2_humble/install/rosidl_typesupport_fastrtps_c/lib:/home/sauron/ros2_humble/install/rosidl_typesupport_fastrtps_cpp/lib:/home/sauron/ros2_humble/install/rcl_yaml_param_parser/lib:/home/sauron/ros2_humble/install/rmw/lib:/home/sauron/ros2_humble/install/rosidl_runtime_c/lib:/home/sauron/ros2_humble/install/rosbag2_storage_mcap_testdata/lib:/home/sauron/ros2_humble/install/resource_retriever/lib:/home/sauron/ros2_humble/install/class_loader/lib:/home/sauron/ros2_humble/install/rcpputils/lib:/home/sauron/ros2_humble/install/rcl_logging_noop/lib:/home/sauron/ros2_humble/install/rcl_logging_interface/lib:/home/sauron/ros2_humble/install/rcutils/lib:/home/sauron/ros2_humble/install/performance_test_fixture/lib:/home/sauron/ros2_humble/install/osrf_testing_tools_cpp/lib:/home/sauron/ros2_humble/install/mimick_vendor/lib:/home/sauron/ros2_humble/install/libyaml_vendor/lib:/home/sauron/ros2_humble/install/keyboard_handler/lib:/home/sauron/ros2_humble/install/cyclonedds/lib:/home/sauron/ros2_humble/install/iceoryx_posh/lib:/home/sauron/ros2_humble/install/iceoryx_hoofs/lib:/home/sauron/ros2_humble/install/iceoryx_binding_c/lib:/home/sauron/ros2_humble/install/google_benchmark_vendor/lib:/home/sauron/ros2_humble/install/fastrtps/lib:/home/sauron/ros2_humble/install/fastcdr/lib:/home/sauron/ros2_humble/install/ament_index_cpp/lib:/usr/local/cuda/lib64:/usr/local/cuda/lib64 PYTHONPATH=/home/sauron/ros2-picas/install/test_msgs/local/lib/python3.10/dist-packages:${PYTHONPATH} /usr/bin/cmake --build /home/sauron/ros2-picas/build/picas_example -- -j20 -l20
