[ 25%] [32mBuilding CXX object CMakeFiles/case_study.dir/src/case_study.cpp.o[0m
[ 50%] [32mBuilding CXX object CMakeFiles/example.dir/src/example.cpp.o[0m
[01m[K/home/sauron/ros2-picas/ros2-picas-example/picas_example/src/example.cpp:18:10:[m[K [01;31m[Kfatal error: [m[Ktest_msgs/msg/detail/test_string__struct.hpp: No such file or directory
   18 | #include [01;31m[K"test_msgs/msg/detail/test_string__struct.hpp"[m[K
      |          [01;31m[K^~~~~~~~~~~~~~~~~~~~~~~~~~~~~~~~~~~~~~~~~~~~~~[m[K
compilation terminated.
gmake[2]: *** [CMakeFiles/example.dir/build.make:76: CMakeFiles/example.dir/src/example.cpp.o] Error 1
gmake[1]: *** [CMakeFiles/Makefile2:139: CMakeFiles/example.dir/all] Error 2
gmake[1]: *** Waiting for unfinished jobs....
[01m[K/home/sauron/ros2-picas/ros2-picas-example/picas_example/src/case_study.cpp:71:23:[m[K [01;31m[Kerror: [m[Kâ€˜[01m[Kpicas_msgs[m[Kâ€™ was not declared in this scope
   71 |     rclcpp::Publisher<[01;31m[Kpicas_msgs[m[K::msg::TestString>::SharedPtr publisher_;
      |                       [01;31m[K^~~~~~~~~~[m[K
[01m[K/home/sauron/ros2-picas/ros2-picas-example/picas_example/src/case_study.cpp:71:50:[m[K [01;31m[Kerror: [m[Ktemplate argument 1 is invalid
   71 |     rclcpp::Publisher<picas_msgs::msg::TestString[01;31m[K>[m[K::SharedPtr publisher_;
      |                                                  [01;31m[K^[m[K
[01m[K/home/sauron/ros2-picas/ros2-picas-example/picas_example/src/case_study.cpp:71:53:[m[K [01;31m[Kerror: [m[Kexpected â€˜[01m[K;[m[Kâ€™ at end of member declaration
   71 |     rclcpp::Publisher<picas_msgs::msg::TestString>::[01;31m[KSharedPtr[m[K publisher_;
      |                                                     [01;31m[K^~~~~~~~~[m[K
      |                                                              [32m[K;[m[K
[01m[K/home/sauron/ros2-picas/ros2-picas-example/picas_example/src/case_study.cpp:71:63:[m[K [01;31m[Kerror: [m[Kâ€˜[01m[Kpublisher_[m[Kâ€™ does not name a type; did you mean â€˜[01m[Krmw_publisher_t[m[Kâ€™?
   71 |     rclcpp::Publisher<picas_msgs::msg::TestString>::SharedPtr [01;31m[Kpublisher_[m[K;
      |                                                               [01;31m[K^~~~~~~~~~[m[K
      |                                                               [32m[Krmw_publisher_t[m[K
[01m[K/home/sauron/ros2-picas/ros2-picas-example/picas_example/src/case_study.cpp:[m[K In constructor â€˜[01m[KStartNode::StartNode(std::string, std::string, std::shared_ptr<trace::Trace>, int, int, bool)[m[Kâ€™:
[01m[K/home/sauron/ros2-picas/ros2-picas-example/picas_example/src/case_study.cpp:47:9:[m[K [01;31m[Kerror: [m[Kâ€˜[01m[Kpublisher_[m[Kâ€™ was not declared in this scope; did you mean â€˜[01m[Krmw_publisher_t[m[Kâ€™?
   47 |         [01;31m[Kpublisher_[m[K = this->create_publisher<picas_msgs::msg::TestString>(pub_topic, 1);
      |         [01;31m[K^~~~~~~~~~[m[K
      |         [32m[Krmw_publisher_t[m[K
[01m[K/home/sauron/ros2-picas/ros2-picas-example/picas_example/src/case_study.cpp:47:45:[m[K [01;31m[Kerror: [m[Kâ€˜[01m[Kpicas_msgs[m[Kâ€™ was not declared in this scope
   47 |         publisher_ = this->create_publisher<[01;31m[Kpicas_msgs[m[K::msg::TestString>(pub_topic, 1);
      |                                             [01;31m[K^~~~~~~~~~[m[K
[01m[K/home/sauron/ros2-picas/ros2-picas-example/picas_example/src/case_study.cpp:47:28:[m[K [01;31m[Kerror: [m[Kparse error in template argument list
   47 |         publisher_ = this->[01;31m[Kcreate_publisher<picas_msgs::msg::TestString>[m[K(pub_topic, 1);
      |                            [01;31m[K^~~~~~~~~~~~~~~~~~~~~~~~~~~~~~~~~~~~~~~~~~~~~[m[K
[01m[K/home/sauron/ros2-picas/ros2-picas-example/picas_example/src/case_study.cpp:47:73:[m[K [01;31m[Kerror: [m[Kno matching function for call to â€˜[01m[KStartNode::create_publisher<<expression error> >(const string&, int)[m[Kâ€™
   47 |         publisher_ = [01;31m[Kthis->create_publisher<picas_msgs::msg::TestString>(pub_topic, 1)[m[K;
      |                      [01;31m[K~~~~~~~~~~~~~~~~~~~~~~~~~~~~~~~~~~~~~~~~~~~~~~~~~~~^~~~~~~~~~~~~~[m[K
In file included from [01m[K/home/sauron/ros2-picas/install/rclcpp/include/rclcpp/rclcpp/executors/single_threaded_executor.hpp:35[m[K,
                 from [01m[K/home/sauron/ros2-picas/install/rclcpp/include/rclcpp/rclcpp/executors.hpp:22[m[K,
                 from [01m[K/home/sauron/ros2-picas/install/rclcpp/include/rclcpp/rclcpp/rclcpp.hpp:155[m[K,
                 from [01m[K/home/sauron/ros2-picas/ros2-picas-example/picas_example/src/case_study.cpp:16[m[K:
[01m[K/home/sauron/ros2-picas/install/rclcpp/include/rclcpp/rclcpp/node.hpp:195:3:[m[K [01;36m[Knote: [m[Kcandidate: â€˜[01m[Ktemplate<class MessageT, class AllocatorT, class PublisherT> std::shared_ptr<PublisherT> rclcpp::Node::create_publisher(const string&, const rclcpp::QoS&, const rclcpp::PublisherOptionsWithAllocator<AllocatorT>&)[m[Kâ€™
  195 |   [01;36m[Kcreate_publisher[m[K(
      |   [01;36m[K^~~~~~~~~~~~~~~~[m[K
[01m[K/home/sauron/ros2-picas/install/rclcpp/include/rclcpp/rclcpp/node.hpp:195:3:[m[K [01;36m[Knote: [m[K  template argument deduction/substitution failed:
[01m[K/home/sauron/ros2-picas/ros2-picas-example/picas_example/src/case_study.cpp:47:73:[m[K [01;31m[Kerror: [m[Ktemplate argument 1 is invalid
   47 |         publisher_ = [01;31m[Kthis->create_publisher<picas_msgs::msg::TestString>(pub_topic, 1)[m[K;
      |                      [01;31m[K~~~~~~~~~~~~~~~~~~~~~~~~~~~~~~~~~~~~~~~~~~~~~~~~~~~^~~~~~~~~~~~~~[m[K
[01m[K/home/sauron/ros2-picas/ros2-picas-example/picas_example/src/case_study.cpp:[m[K In member function â€˜[01m[Kvoid StartNode::timer_callback()[m[Kâ€™:
[01m[K/home/sauron/ros2-picas/ros2-picas-example/picas_example/src/case_study.cpp:96:24:[m[K [01;31m[Kerror: [m[Kâ€˜[01m[Kpicas_msgs[m[Kâ€™ has not been declared
   96 |         auto message = [01;31m[Kpicas_msgs[m[K::msg::TestString();
      |                        [01;31m[K^~~~~~~~~~[m[K
[01m[K/home/sauron/ros2-picas/ros2-picas-example/picas_example/src/case_study.cpp:109:9:[m[K [01;31m[Kerror: [m[Kâ€˜[01m[Kpublisher_[m[Kâ€™ was not declared in this scope; did you mean â€˜[01m[Krmw_publisher_t[m[Kâ€™?
  109 |         [01;31m[Kpublisher_[m[K->publish(message);
      |         [01;31m[K^~~~~~~~~~[m[K
      |         [32m[Krmw_publisher_t[m[K
[01m[K/home/sauron/ros2-picas/ros2-picas-example/picas_example/src/case_study.cpp:[m[K At global scope:
[01m[K/home/sauron/ros2-picas/ros2-picas-example/picas_example/src/case_study.cpp:123:23:[m[K [01;31m[Kerror: [m[Kâ€˜[01m[Kpicas_msgs[m[Kâ€™ was not declared in this scope
  123 |     rclcpp::Publisher<[01;31m[Kpicas_msgs[m[K::msg::TestString>::SharedPtr publisher_;
      |                       [01;31m[K^~~~~~~~~~[m[K
[01m[K/home/sauron/ros2-picas/ros2-picas-example/picas_example/src/case_study.cpp:123:50:[m[K [01;31m[Kerror: [m[Ktemplate argument 1 is invalid
  123 |     rclcpp::Publisher<picas_msgs::msg::TestString[01;31m[K>[m[K::SharedPtr publisher_;
      |                                                  [01;31m[K^[m[K
[01m[K/home/sauron/ros2-picas/ros2-picas-example/picas_example/src/case_study.cpp:123:53:[m[K [01;31m[Kerror: [m[Kexpected â€˜[01m[K;[m[Kâ€™ at end of member declaration
  123 |     rclcpp::Publisher<picas_msgs::msg::TestString>::[01;31m[KSharedPtr[m[K publisher_;
      |                                                     [01;31m[K^~~~~~~~~[m[K
      |                                                              [32m[K;[m[K
[01m[K/home/sauron/ros2-picas/ros2-picas-example/picas_example/src/case_study.cpp:123:63:[m[K [01;31m[Kerror: [m[Kâ€˜[01m[Kpublisher_[m[Kâ€™ does not name a type; did you mean â€˜[01m[Krmw_publisher_t[m[Kâ€™?
  123 |     rclcpp::Publisher<picas_msgs::msg::TestString>::SharedPtr [01;31m[Kpublisher_[m[K;
      |                                                               [01;31m[K^~~~~~~~~~[m[K
      |                                                               [32m[Krmw_publisher_t[m[K
[01m[K/home/sauron/ros2-picas/ros2-picas-example/picas_example/src/case_study.cpp:124:26:[m[K [01;31m[Kerror: [m[Kâ€˜[01m[Kpicas_msgs[m[Kâ€™ was not declared in this scope
  124 |     rclcpp::Subscription<[01;31m[Kpicas_msgs[m[K::msg::TestString>::SharedPtr subscription_;
      |                          [01;31m[K^~~~~~~~~~[m[K
[01m[K/home/sauron/ros2-picas/ros2-picas-example/picas_example/src/case_study.cpp:124:53:[m[K [01;31m[Kerror: [m[Ktemplate argument 1 is invalid
  124 |     rclcpp::Subscription<picas_msgs::msg::TestString[01;31m[K>[m[K::SharedPtr subscription_;
      |                                                     [01;31m[K^[m[K
[01m[K/home/sauron/ros2-picas/ros2-picas-example/picas_example/src/case_study.cpp:124:53:[m[K [01;31m[Kerror: [m[Ktemplate argument 3 is invalid
[01m[K/home/sauron/ros2-picas/ros2-picas-example/picas_example/src/case_study.cpp:124:53:[m[K [01;31m[Kerror: [m[Ktemplate argument 4 is invalid
[01m[K/home/sauron/ros2-picas/ros2-picas-example/picas_example/src/case_study.cpp:124:53:[m[K [01;31m[Kerror: [m[Ktemplate argument 5 is invalid
[01m[K/home/sauron/ros2-picas/ros2-picas-example/picas_example/src/case_study.cpp:124:56:[m[K [01;31m[Kerror: [m[Kexpected â€˜[01m[K;[m[Kâ€™ at end of member declaration
  124 |     rclcpp::Subscription<picas_msgs::msg::TestString>::[01;31m[KSharedPtr[m[K subscription_;
      |                                                        [01;31m[K^~~~~~~~~[m[K
      |                                                                 [32m[K;[m[K
[01m[K/home/sauron/ros2-picas/ros2-picas-example/picas_example/src/case_study.cpp:124:56:[m[K [01;31m[Kerror: [m[Kredeclaration of â€˜[01m[Kint IntermediateNode::SharedPtr[m[Kâ€™
[01m[K/home/sauron/ros2-picas/ros2-picas-example/picas_example/src/case_study.cpp:123:53:[m[K [01;36m[Knote: [m[Kprevious declaration â€˜[01m[Kint IntermediateNode::SharedPtr[m[Kâ€™
  123 |     rclcpp::Publisher<picas_msgs::msg::TestString>::[01;36m[KSharedPtr[m[K publisher_;
      |                                                     [01;36m[K^~~~~~~~~[m[K
[01m[K/home/sauron/ros2-picas/ros2-picas-example/picas_example/src/case_study.cpp:124:66:[m[K [01;31m[Kerror: [m[Kâ€˜[01m[Ksubscription_[m[Kâ€™ does not name a type; did you mean â€˜[01m[Krmw_subscription_t[m[Kâ€™?
  124 |     rclcpp::Subscription<picas_msgs::msg::TestString>::SharedPtr [01;31m[Ksubscription_[m[K;
      |                                                                  [01;31m[K^~~~~~~~~~~~~[m[K
      |                                                                  [32m[Krmw_subscription_t[m[K
[01m[K/home/sauron/ros2-picas/ros2-picas-example/picas_example/src/case_study.cpp:139:25:[m[K [01;31m[Kerror: [m[Kâ€˜[01m[Kpicas_msgs[m[Kâ€™ does not name a type
  139 |     void callback(const [01;31m[Kpicas_msgs[m[K::msg::TestString::SharedPtr msg) {
      |                         [01;31m[K^~~~~~~~~~[m[K
[01m[K/home/sauron/ros2-picas/ros2-picas-example/picas_example/src/case_study.cpp:139:40:[m[K [01;31m[Kerror: [m[Kexpected unqualified-id before â€˜[01m[K::[m[Kâ€™ token
  139 |     void callback(const picas_msgs::msg[01;31m[K::[m[KTestString::SharedPtr msg) {
      |                                        [01;31m[K^~[m[K
[01m[K/home/sauron/ros2-picas/ros2-picas-example/picas_example/src/case_study.cpp:139:40:[m[K [01;31m[Kerror: [m[Kexpected â€˜[01m[K)[m[Kâ€™ before â€˜[01m[K::[m[Kâ€™ token
  139 |     void callback[34m[K([m[Kconst picas_msgs::msg[01;31m[K:[m[K[32m[K:[m[KTestString::SharedPtr msg) {
      |                  [34m[K~[m[K                     [01;31m[K^[m[K[32m[K~[m[K
      |                                        [32m[K)[m[K
[01m[K/home/sauron/ros2-picas/ros2-picas-example/picas_example/src/case_study.cpp:139:37:[m[K [01;31m[Kerror: [m[Kexpected â€˜[01m[K;[m[Kâ€™ at end of member declaration
  139 |     void callback(const picas_msgs::[01;31m[Kmsg[m[K::TestString::SharedPtr msg) {
      |                                     [01;31m[K^~~[m[K
      |                                        [32m[K;[m[K
[01m[K/home/sauron/ros2-picas/ros2-picas-example/picas_example/src/case_study.cpp:139:42:[m[K [01;31m[Kerror: [m[Kâ€˜[01m[KTestString[m[Kâ€™ in namespace â€˜[01m[K::[m[Kâ€™ does not name a type
  139 |     void callback(const picas_msgs::msg::[01;31m[KTestString[m[K::SharedPtr msg) {
      |                                          [01;31m[K^~~~~~~~~~[m[K
[01m[K/home/sauron/ros2-picas/ros2-picas-example/picas_example/src/case_study.cpp:[m[K In constructor â€˜[01m[KIntermediateNode::IntermediateNode(std::string, std::string, std::string, std::shared_ptr<trace::Trace>, int, bool)[m[Kâ€™:
[01m[K/home/sauron/ros2-picas/ros2-picas-example/picas_example/src/case_study.cpp:119:9:[m[K [01;31m[Kerror: [m[Kâ€˜[01m[Ksubscription_[m[Kâ€™ was not declared in this scope; did you mean â€˜[01m[Krmw_subscription_t[m[Kâ€™?
  119 |         [01;31m[Ksubscription_[m[K = this->create_subscription<picas_msgs::msg::TestString>(sub_topic, 1, std::bind(&IntermediateNode::callback, this, _1));
      |         [01;31m[K^~~~~~~~~~~~~[m[K
      |         [32m[Krmw_subscription_t[m[K
[01m[K/home/sauron/ros2-picas/ros2-picas-example/picas_example/src/case_study.cpp:119:51:[m[K [01;31m[Kerror: [m[Kâ€˜[01m[Kpicas_msgs[m[Kâ€™ was not declared in this scope
  119 |         subscription_ = this->create_subscription<[01;31m[Kpicas_msgs[m[K::msg::TestString>(sub_topic, 1, std::bind(&IntermediateNode::callback, this, _1));
      |                                                   [01;31m[K^~~~~~~~~~[m[K
[01m[K/home/sauron/ros2-picas/ros2-picas-example/picas_example/src/case_study.cpp:119:31:[m[K [01;31m[Kerror: [m[Kparse error in template argument list
  119 |         subscription_ = this->[01;31m[Kcreate_subscription<picas_msgs::msg::TestString>[m[K(sub_topic, 1, std::bind(&IntermediateNode::callback, this, _1));
      |                               [01;31m[K^~~~~~~~~~~~~~~~~~~~~~~~~~~~~~~~~~~~~~~~~~~~~~~~[m[K
[01m[K/home/sauron/ros2-picas/ros2-picas-example/picas_example/src/case_study.cpp:119:79:[m[K [01;31m[Kerror: [m[Kno matching function for call to â€˜[01m[KIntermediateNode::create_subscription<<expression error> >(const string&, int, std::_Bind_helper<false, void (IntermediateNode::*)(...), IntermediateNode*, const std::_Placeholder<1>&>::type)[m[Kâ€™
  119 |         subscription_ = [01;31m[Kthis->create_subscription<picas_msgs::msg::TestString>(sub_topic, 1, std::bind(&IntermediateNode::callback, this, _1))[m[K;
      |                         [01;31m[K~~~~~~~~~~~~~~~~~~~~~~~~~~~~~~~~~~~~~~~~~~~~~~~~~~~~~~^~~~~~~~~~~~~~~~~~~~~~~~~~~~~~~~~~~~~~~~~~~~~~~~~~~~~~~~~~~~~~~~[m[K
In file included from [01m[K/home/sauron/ros2-picas/install/rclcpp/include/rclcpp/rclcpp/executors/single_threaded_executor.hpp:35[m[K,
                 from [01m[K/home/sauron/ros2-picas/install/rclcpp/include/rclcpp/rclcpp/executors.hpp:22[m[K,
                 from [01m[K/home/sauron/ros2-picas/install/rclcpp/include/rclcpp/rclcpp/rclcpp.hpp:155[m[K,
                 from [01m[K/home/sauron/ros2-picas/ros2-picas-example/picas_example/src/case_study.cpp:16[m[K:
[01m[K/home/sauron/ros2-picas/install/rclcpp/include/rclcpp/rclcpp/node.hpp:219:3:[m[K [01;36m[Knote: [m[Kcandidate: â€˜[01m[Ktemplate<class MessageT, class CallbackT, class AllocatorT, class SubscriptionT, class MessageMemoryStrategyT> std::shared_ptr<ROSMessageT> rclcpp::Node::create_subscription(const string&, const rclcpp::QoS&, CallbackT&&, const rclcpp::SubscriptionOptionsWithAllocator<AllocatorT>&, typename MessageMemoryStrategyT::SharedPtr)[m[Kâ€™
  219 |   [01;36m[Kcreate_subscription[m[K(
      |   [01;36m[K^~~~~~~~~~~~~~~~~~~[m[K
[01m[K/home/sauron/ros2-picas/install/rclcpp/include/rclcpp/rclcpp/node.hpp:219:3:[m[K [01;36m[Knote: [m[K  template argument deduction/substitution failed:
[01m[K/home/sauron/ros2-picas/ros2-picas-example/picas_example/src/case_study.cpp:119:79:[m[K [01;31m[Kerror: [m[Ktemplate argument 1 is invalid
  119 |         subscription_ = [01;31m[Kthis->create_subscription<picas_msgs::msg::TestString>(sub_topic, 1, std::bind(&IntermediateNode::callback, this, _1))[m[K;
      |                         [01;31m[K~~~~~~~~~~~~~~~~~~~~~~~~~~~~~~~~~~~~~~~~~~~~~~~~~~~~~~^~~~~~~~~~~~~~~~~~~~~~~~~~~~~~~~~~~~~~~~~~~~~~~~~~~~~~~~~~~~~~~~[m[K
[01m[K/home/sauron/ros2-picas/ros2-picas-example/picas_example/src/case_study.cpp:120:30:[m[K [01;31m[Kerror: [m[Kâ€˜[01m[Kpublisher_[m[Kâ€™ was not declared in this scope; did you mean â€˜[01m[Krmw_publisher_t[m[Kâ€™?
  120 |         if (pub_topic != "") [01;31m[Kpublisher_[m[K = this->create_publisher<picas_msgs::msg::TestString>(pub_topic, 1);
      |                              [01;31m[K^~~~~~~~~~[m[K
      |                              [32m[Krmw_publisher_t[m[K
[01m[K/home/sauron/ros2-picas/ros2-picas-example/picas_example/src/case_study.cpp:120:49:[m[K [01;31m[Kerror: [m[Kparse error in template argument list
  120 |         if (pub_topic != "") publisher_ = this->[01;31m[Kcreate_publisher<picas_msgs::msg::TestString>[m[K(pub_topic, 1);
      |                                                 [01;31m[K^~~~~~~~~~~~~~~~~~~~~~~~~~~~~~~~~~~~~~~~~~~~~[m[K
[01m[K/home/sauron/ros2-picas/ros2-picas-example/picas_example/src/case_study.cpp:120:94:[m[K [01;31m[Kerror: [m[Kno matching function for call to â€˜[01m[KIntermediateNode::create_publisher<picas_msgs>(const string&, int)[m[Kâ€™
  120 |         if (pub_topic != "") publisher_ = [01;31m[Kthis->create_publisher<picas_msgs::msg::TestString>(pub_topic, 1)[m[K;
      |                                           [01;31m[K~~~~~~~~~~~~~~~~~~~~~~~~~~~~~~~~~~~~~~~~~~~~~~~~~~~^~~~~~~~~~~~~~[m[K
In file included from [01m[K/home/sauron/ros2-picas/install/rclcpp/include/rclcpp/rclcpp/executors/single_threaded_executor.hpp:35[m[K,
                 from [01m[K/home/sauron/ros2-picas/install/rclcpp/include/rclcpp/rclcpp/executors.hpp:22[m[K,
                 from [01m[K/home/sauron/ros2-picas/install/rclcpp/include/rclcpp/rclcpp/rclcpp.hpp:155[m[K,
                 from [01m[K/home/sauron/ros2-picas/ros2-picas-example/picas_example/src/case_study.cpp:16[m[K:
[01m[K/home/sauron/ros2-picas/install/rclcpp/include/rclcpp/rclcpp/node.hpp:195:3:[m[K [01;36m[Knote: [m[Kcandidate: â€˜[01m[Ktemplate<class MessageT, class AllocatorT, class PublisherT> std::shared_ptr<PublisherT> rclcpp::Node::create_publisher(const string&, const rclcpp::QoS&, const rclcpp::PublisherOptionsWithAllocator<AllocatorT>&)[m[Kâ€™
  195 |   [01;36m[Kcreate_publisher[m[K(
      |   [01;36m[K^~~~~~~~~~~~~~~~[m[K
[01m[K/home/sauron/ros2-picas/install/rclcpp/include/rclcpp/rclcpp/node.hpp:195:3:[m[K [01;36m[Knote: [m[K  template argument deduction/substitution failed:
[01m[K/home/sauron/ros2-picas/ros2-picas-example/picas_example/src/case_study.cpp:[m[K In function â€˜[01m[Kint main(int, char**)[m[Kâ€™:
[01m[K/home/sauron/ros2-picas/ros2-picas-example/picas_example/src/case_study.cpp:317:40:[m[K [01;31m[Kerror: [m[Kâ€˜[01m[Kusing element_type = class IntermediateNode[m[Kâ€™ {aka â€˜[01m[Kclass IntermediateNode[m[Kâ€™} has no member named â€˜[01m[Ksubscription_[m[Kâ€™
  317 |     exec1.set_callback_priority(task2->[01;31m[Ksubscription_[m[K, 30);
      |                                        [01;31m[K^~~~~~~~~~~~~[m[K
[01m[K/home/sauron/ros2-picas/ros2-picas-example/picas_example/src/case_study.cpp:318:40:[m[K [01;31m[Kerror: [m[Kâ€˜[01m[Kusing element_type = class IntermediateNode[m[Kâ€™ {aka â€˜[01m[Kclass IntermediateNode[m[Kâ€™} has no member named â€˜[01m[Ksubscription_[m[Kâ€™
  318 |     exec2.set_callback_priority(task3->[01;31m[Ksubscription_[m[K, 27);
      |                                        [01;31m[K^~~~~~~~~~~~~[m[K
[01m[K/home/sauron/ros2-picas/ros2-picas-example/picas_example/src/case_study.cpp:319:40:[m[K [01;31m[Kerror: [m[Kâ€˜[01m[Kusing element_type = class IntermediateNode[m[Kâ€™ {aka â€˜[01m[Kclass IntermediateNode[m[Kâ€™} has no member named â€˜[01m[Ksubscription_[m[Kâ€™
  319 |     exec2.set_callback_priority(task4->[01;31m[Ksubscription_[m[K, 28);
      |                                        [01;31m[K^~~~~~~~~~~~~[m[K
[01m[K/home/sauron/ros2-picas/ros2-picas-example/picas_example/src/case_study.cpp:320:40:[m[K [01;31m[Kerror: [m[Kâ€˜[01m[Kusing element_type = class IntermediateNode[m[Kâ€™ {aka â€˜[01m[Kclass IntermediateNode[m[Kâ€™} has no member named â€˜[01m[Ksubscription_[m[Kâ€™
  320 |     exec2.set_callback_priority(task5->[01;31m[Ksubscription_[m[K, 29);
      |                                        [01;31m[K^~~~~~~~~~~~~[m[K
[01m[K/home/sauron/ros2-picas/ros2-picas-example/picas_example/src/case_study.cpp:322:40:[m[K [01;31m[Kerror: [m[Kâ€˜[01m[Kusing element_type = class IntermediateNode[m[Kâ€™ {aka â€˜[01m[Kclass IntermediateNode[m[Kâ€™} has no member named â€˜[01m[Ksubscription_[m[Kâ€™
  322 |     exec3.set_callback_priority(task7->[01;31m[Ksubscription_[m[K, 23);
      |                                        [01;31m[K^~~~~~~~~~~~~[m[K
[01m[K/home/sauron/ros2-picas/ros2-picas-example/picas_example/src/case_study.cpp:323:40:[m[K [01;31m[Kerror: [m[Kâ€˜[01m[Kusing element_type = class IntermediateNode[m[Kâ€™ {aka â€˜[01m[Kclass IntermediateNode[m[Kâ€™} has no member named â€˜[01m[Ksubscription_[m[Kâ€™
  323 |     exec3.set_callback_priority(task8->[01;31m[Ksubscription_[m[K, 24);
      |                                        [01;31m[K^~~~~~~~~~~~~[m[K
[01m[K/home/sauron/ros2-picas/ros2-picas-example/picas_example/src/case_study.cpp:324:40:[m[K [01;31m[Kerror: [m[Kâ€˜[01m[Kusing element_type = class IntermediateNode[m[Kâ€™ {aka â€˜[01m[Kclass IntermediateNode[m[Kâ€™} has no member named â€˜[01m[Ksubscription_[m[Kâ€™
  324 |     exec3.set_callback_priority(task9->[01;31m[Ksubscription_[m[K, 25);
      |                                        [01;31m[K^~~~~~~~~~~~~[m[K
[01m[K/home/sauron/ros2-picas/ros2-picas-example/picas_example/src/case_study.cpp:326:41:[m[K [01;31m[Kerror: [m[Kâ€˜[01m[Kusing element_type = class IntermediateNode[m[Kâ€™ {aka â€˜[01m[Kclass IntermediateNode[m[Kâ€™} has no member named â€˜[01m[Ksubscription_[m[Kâ€™
  326 |     exec4.set_callback_priority(task11->[01;31m[Ksubscription_[m[K, 20);
      |                                         [01;31m[K^~~~~~~~~~~~~[m[K
[01m[K/home/sauron/ros2-picas/ros2-picas-example/picas_example/src/case_study.cpp:327:41:[m[K [01;31m[Kerror: [m[Kâ€˜[01m[Kusing element_type = class IntermediateNode[m[Kâ€™ {aka â€˜[01m[Kclass IntermediateNode[m[Kâ€™} has no member named â€˜[01m[Ksubscription_[m[Kâ€™
  327 |     exec4.set_callback_priority(task12->[01;31m[Ksubscription_[m[K, 21);
      |                                         [01;31m[K^~~~~~~~~~~~~[m[K
[01m[K/home/sauron/ros2-picas/ros2-picas-example/picas_example/src/case_study.cpp:329:41:[m[K [01;31m[Kerror: [m[Kâ€˜[01m[Kusing element_type = class IntermediateNode[m[Kâ€™ {aka â€˜[01m[Kclass IntermediateNode[m[Kâ€™} has no member named â€˜[01m[Ksubscription_[m[Kâ€™
  329 |     exec5.set_callback_priority(task14->[01;31m[Ksubscription_[m[K, 16);
      |                                         [01;31m[K^~~~~~~~~~~~~[m[K
[01m[K/home/sauron/ros2-picas/ros2-picas-example/picas_example/src/case_study.cpp:330:41:[m[K [01;31m[Kerror: [m[Kâ€˜[01m[Kusing element_type = class IntermediateNode[m[Kâ€™ {aka â€˜[01m[Kclass IntermediateNode[m[Kâ€™} has no member named â€˜[01m[Ksubscription_[m[Kâ€™
  330 |     exec5.set_callback_priority(task15->[01;31m[Ksubscription_[m[K, 17);
      |                                         [01;31m[K^~~~~~~~~~~~~[m[K
[01m[K/home/sauron/ros2-picas/ros2-picas-example/picas_example/src/case_study.cpp:331:41:[m[K [01;31m[Kerror: [m[Kâ€˜[01m[Kusing element_type = class IntermediateNode[m[Kâ€™ {aka â€˜[01m[Kclass IntermediateNode[m[Kâ€™} has no member named â€˜[01m[Ksubscription_[m[Kâ€™
  331 |     exec5.set_callback_priority(task16->[01;31m[Ksubscription_[m[K, 18);
      |                                         [01;31m[K^~~~~~~~~~~~~[m[K
[01m[K/home/sauron/ros2-picas/ros2-picas-example/picas_example/src/case_study.cpp:333:41:[m[K [01;31m[Kerror: [m[Kâ€˜[01m[Kusing element_type = class IntermediateNode[m[Kâ€™ {aka â€˜[01m[Kclass IntermediateNode[m[Kâ€™} has no member named â€˜[01m[Ksubscription_[m[Kâ€™
  333 |     exec6.set_callback_priority(task18->[01;31m[Ksubscription_[m[K, 14);
      |                                         [01;31m[K^~~~~~~~~~~~~[m[K
[01m[K/home/sauron/ros2-picas/ros2-picas-example/picas_example/src/case_study.cpp:335:41:[m[K [01;31m[Kerror: [m[Kâ€˜[01m[Kusing element_type = class IntermediateNode[m[Kâ€™ {aka â€˜[01m[Kclass IntermediateNode[m[Kâ€™} has no member named â€˜[01m[Ksubscription_[m[Kâ€™
  335 |     exec8.set_callback_priority(task20->[01;31m[Ksubscription_[m[K, 12);
      |                                         [01;31m[K^~~~~~~~~~~~~[m[K
[01m[K/home/sauron/ros2-picas/ros2-picas-example/picas_example/src/case_study.cpp:337:42:[m[K [01;31m[Kerror: [m[Kâ€˜[01m[Kusing element_type = class IntermediateNode[m[Kâ€™ {aka â€˜[01m[Kclass IntermediateNode[m[Kâ€™} has no member named â€˜[01m[Ksubscription_[m[Kâ€™
  337 |     exec10.set_callback_priority(task22->[01;31m[Ksubscription_[m[K, 10);
      |                                          [01;31m[K^~~~~~~~~~~~~[m[K
[01m[K/home/sauron/ros2-picas/ros2-picas-example/picas_example/src/case_study.cpp:339:42:[m[K [01;31m[Kerror: [m[Kâ€˜[01m[Kusing element_type = class IntermediateNode[m[Kâ€™ {aka â€˜[01m[Kclass IntermediateNode[m[Kâ€™} has no member named â€˜[01m[Ksubscription_[m[Kâ€™
  339 |     exec12.set_callback_priority(task24->[01;31m[Ksubscription_[m[K, 8);
      |                                          [01;31m[K^~~~~~~~~~~~~[m[K
[01m[K/home/sauron/ros2-picas/ros2-picas-example/picas_example/src/case_study.cpp:341:42:[m[K [01;31m[Kerror: [m[Kâ€˜[01m[Kusing element_type = class IntermediateNode[m[Kâ€™ {aka â€˜[01m[Kclass IntermediateNode[m[Kâ€™} has no member named â€˜[01m[Ksubscription_[m[Kâ€™
  341 |     exec14.set_callback_priority(task26->[01;31m[Ksubscription_[m[K, 6);
      |                                          [01;31m[K^~~~~~~~~~~~~[m[K
[01m[K/home/sauron/ros2-picas/ros2-picas-example/picas_example/src/case_study.cpp:343:42:[m[K [01;31m[Kerror: [m[Kâ€˜[01m[Kusing element_type = class IntermediateNode[m[Kâ€™ {aka â€˜[01m[Kclass IntermediateNode[m[Kâ€™} has no member named â€˜[01m[Ksubscription_[m[Kâ€™
  343 |     exec16.set_callback_priority(task28->[01;31m[Ksubscription_[m[K, 4);
      |                                          [01;31m[K^~~~~~~~~~~~~[m[K
[01m[K/home/sauron/ros2-picas/ros2-picas-example/picas_example/src/case_study.cpp:345:42:[m[K [01;31m[Kerror: [m[Kâ€˜[01m[Kusing element_type = class IntermediateNode[m[Kâ€™ {aka â€˜[01m[Kclass IntermediateNode[m[Kâ€™} has no member named â€˜[01m[Ksubscription_[m[Kâ€™
  345 |     exec18.set_callback_priority(task30->[01;31m[Ksubscription_[m[K, 2);
      |                                          [01;31m[K^~~~~~~~~~~~~[m[K
gmake[2]: *** [CMakeFiles/case_study.dir/build.make:76: CMakeFiles/case_study.dir/src/case_study.cpp.o] Error 1
gmake[1]: *** [CMakeFiles/Makefile2:165: CMakeFiles/case_study.dir/all] Error 2
gmake: *** [Makefile:146: all] Error 2
