[0.028s] Invoking command in '/home/sauron/ros2-picas/build/picas_example': AMENT_PREFIX_PATH=/home/sauron/ros2-picas/install/trace_picas:/home/sauron/ros2-picas/install/rclcpp:/home/sauron/ros2-picas/install/picas_msgs:${AMENT_PREFIX_PATH} CMAKE_PREFIX_PATH=/home/sauron/ros2-picas/install/trace_picas:/home/sauron/ros2-picas/install/rclcpp:/home/sauron/ros2-picas/install/picas_msgs:/home/sauron/ros2_humble/install/rosbag2_storage_mcap:/home/sauron/ros2_humble/install/rosbag2:/home/sauron/ros2_humble/install/rosbag2_compression_zstd:/home/sauron/ros2_humble/install/mcap_vendor:/home/sauron/ros2_humble/install/zstd_vendor:/home/sauron/ros2_humble/install/rviz_visual_testing_framework:/home/sauron/ros2_humble/install/rviz2:/home/sauron/ros2_humble/install/rviz_default_plugins:/home/sauron/ros2_humble/install/rviz_common:/home/sauron/ros2_humble/install/rosbag2_py:/home/sauron/ros2_humble/install/rosbag2_transport:/home/sauron/ros2_humble/install/rosbag2_performance_benchmarking:/home/sauron/ros2_humble/install/rosbag2_compression:/home/sauron/ros2_humble/install/rosbag2_cpp:/home/sauron/ros2_humble/install/rosbag2_storage_default_plugins:/home/sauron/ros2_humble/install/rosbag2_storage:/home/sauron/ros2_humble/install/image_common:/home/sauron/ros2_humble/install/camera_info_manager:/home/sauron/ros2_humble/install/camera_calibration_parsers:/home/sauron/ros2_humble/install/yaml_cpp_vendor:/home/sauron/ros2_humble/install/interactive_markers:/home/sauron/ros2_humble/install/common_interfaces:/home/sauron/ros2_humble/install/visualization_msgs:/home/sauron/ros2_humble/install/dummy_robot_bringup:/home/sauron/ros2_humble/install/robot_state_publisher:/home/sauron/ros2_humble/install/kdl_parser:/home/sauron/ros2_humble/install/urdf:/home/sauron/ros2_humble/install/urdfdom:/home/sauron/ros2_humble/install/urdf_parser_plugin:/home/sauron/ros2_humble/install/urdfdom_headers:/home/sauron/ros2_humble/install/turtlesim:/home/sauron/ros2_humble/install/geometry2:/home/sauron/ros2_humble/install/tf2_sensor_msgs:/home/sauron/ros2_humble/install/test_tf2:/home/sauron/ros2_humble/install/tf2_kdl:/home/sauron/ros2_humble/install/tf2_geometry_msgs:/home/sauron/ros2_humble/install/tf2_eigen:/home/sauron/ros2_humble/install/tf2_bullet:/home/sauron/ros2_humble/install/tf2_ros:/home/sauron/ros2_humble/install/tf2_py:/home/sauron/ros2_humble/install/tf2_msgs:/home/sauron/ros2_humble/install/test_msgs:/home/sauron/ros2_humble/install/sros2_cmake:/home/sauron/ros2_humble/install/ros2cli_common_extensions:/home/sauron/ros2_humble/install/rqt_py_common:/home/sauron/ros2_humble/install/ros_testing:/home/sauron/ros2_humble/install/ros2cli_test_interfaces:/home/sauron/ros2_humble/install/quality_of_service_demo_cpp:/home/sauron/ros2_humble/install/image_transport:/home/sauron/ros2_humble/install/message_filters:/home/sauron/ros2_humble/install/demo_nodes_cpp:/home/sauron/ros2_humble/install/composition:/home/sauron/ros2_humble/install/laser_geometry:/home/sauron/ros2_humble/install/rclpy:/home/sauron/ros2_humble/install/examples_rclcpp_minimal_action_server:/home/sauron/ros2_humble/install/examples_rclcpp_minimal_action_client:/home/sauron/ros2_humble/install/action_tutorials_cpp:/home/sauron/ros2_humble/install/rclcpp_action:/home/sauron/ros2_humble/install/rcl_action:/home/sauron/ros2_humble/install/examples_rclcpp_wait_set:/home/sauron/ros2_humble/install/examples_rclcpp_minimal_service:/home/sauron/ros2_humble/install/examples_rclcpp_minimal_client:/home/sauron/ros2_humble/install/examples_rclcpp_async_client:/home/sauron/ros2_humble/install/example_interfaces:/home/sauron/ros2_humble/install/action_tutorials_interfaces:/home/sauron/ros2_humble/install/action_msgs:/home/sauron/ros2_humble/install/unique_identifier_msgs:/home/sauron/ros2_humble/install/ament_lint_common:/home/sauron/ros2_humble/install/ament_cmake_uncrustify:/home/sauron/ros2_humble/install/uncrustify_vendor:/home/sauron/ros2_humble/install/trajectory_msgs:/home/sauron/ros2_humble/install/topic_statistics_demo:/home/sauron/ros2_humble/install/pendulum_control:/home/sauron/ros2_humble/install/tlsf_cpp:/home/sauron/ros2_humble/install/test_tracetools:/home/sauron/ros2_humble/install/rqt_gui_cpp:/home/sauron/ros2_humble/install/rosbag2_test_common:/home/sauron/ros2_humble/install/ros2lifecycle_test_fixtures:/home/sauron/ros2_humble/install/lifecycle:/home/sauron/ros2_humble/install/rclcpp_lifecycle:/home/sauron/ros2_humble/install/logging_demo:/home/sauron/ros2_humble/install/image_tools:/home/sauron/ros2_humble/install/examples_rclcpp_minimal_subscriber:/home/sauron/ros2_humble/install/examples_rclcpp_minimal_composition:/home/sauron/ros2_humble/install/demo_nodes_cpp_native:/home/sauron/ros2_humble/install/rclcpp_components:/home/sauron/ros2_humble/install/intra_process_demo:/home/sauron/ros2_humble/install/examples_rclcpp_multithreaded_executor:/home/sauron/ros2_humble/install/examples_rclcpp_minimal_timer:/home/sauron/ros2_humble/install/examples_rclcpp_minimal_publisher:/home/sauron/ros2_humble/install/examples_rclcpp_cbg_executor:/home/sauron/ros2_humble/install/dummy_sensors:/home/sauron/ros2_humble/install/dummy_map_server:/home/sauron/ros2_humble/install/rclcpp:/home/sauron/ros2_humble/install/rcl_lifecycle:/home/sauron/ros2_humble/install/libstatistics_collector:/home/sauron/ros2_humble/install/rcl:/home/sauron/ros2_humble/install/rmw_implementation:/home/sauron/ros2_humble/install/rmw_fastrtps_dynamic_cpp:/home/sauron/ros2_humble/install/rmw_fastrtps_cpp:/home/sauron/ros2_humble/install/rmw_fastrtps_shared_cpp:/home/sauron/ros2_humble/install/rmw_cyclonedds_cpp:/home/sauron/ros2_humble/install/tracetools:/home/sauron/ros2_humble/install/tlsf:/home/sauron/ros2_humble/install/tinyxml_vendor:/home/sauron/ros2_humble/install/qt_gui_core:/home/sauron/ros2_humble/install/qt_gui_cpp:/home/sauron/ros2_humble/install/pluginlib:/home/sauron/ros2_humble/install/tinyxml2_vendor:/home/sauron/ros2_humble/install/tf2_eigen_kdl:/home/sauron/ros2_humble/install/tf2:/home/sauron/ros2_humble/install/test_security:/home/sauron/ros2_humble/install/test_rmw_implementation:/home/sauron/ros2_humble/install/test_rclcpp:/home/sauron/ros2_humble/install/test_quality_of_service:/home/sauron/ros2_humble/install/test_launch_testing:/home/sauron/ros2_humble/install/test_interface_files:/home/sauron/ros2_humble/install/test_communication:/home/sauron/ros2_humble/install/test_cli_remapping:/home/sauron/ros2_humble/install/test_cli:/home/sauron/ros2_humble/install/qt_gui_app:/home/sauron/ros2_humble/install/qt_gui:/home/sauron/ros2_humble/install/tango_icons_vendor:/home/sauron/ros2_humble/install/stereo_msgs:/home/sauron/ros2_humble/install/std_srvs:/home/sauron/ros2_humble/install/shape_msgs:/home/sauron/ros2_humble/install/map_msgs:/home/sauron/ros2_humble/install/sensor_msgs:/home/sauron/ros2_humble/install/nav_msgs:/home/sauron/ros2_humble/install/diagnostic_msgs:/home/sauron/ros2_humble/install/geometry_msgs:/home/sauron/ros2_humble/install/actionlib_msgs:/home/sauron/ros2_humble/install/std_msgs:/home/sauron/ros2_humble/install/statistics_msgs:/home/sauron/ros2_humble/install/sqlite3_vendor:/home/sauron/ros2_humble/install/rcl_logging_spdlog:/home/sauron/ros2_humble/install/spdlog_vendor:/home/sauron/ros2_humble/install/shared_queues_vendor:/home/sauron/ros2_humble/install/rviz_rendering_tests:/home/sauron/ros2_humble/install/rviz_rendering:/home/sauron/ros2_humble/install/rviz_ogre_vendor:/home/sauron/ros2_humble/install/rviz_assimp_vendor:/home/sauron/ros2_humble/install/rttest:/home/sauron/ros2_humble/install/rmw_connextddsmicro:/home/sauron/ros2_humble/install/rmw_connextdds:/home/sauron/ros2_humble/install/rmw_connextdds_common:/home/sauron/ros2_humble/install/rti_connext_dds_cmake_module:/home/sauron/ros2_humble/install/rosgraph_msgs:/home/sauron/ros2_humble/install/rosbag2_interfaces:/home/sauron/ros2_humble/install/rmw_dds_common:/home/sauron/ros2_humble/install/composition_interfaces:/home/sauron/ros2_humble/install/rcl_interfaces:/home/sauron/ros2_humble/install/pendulum_msgs:/home/sauron/ros2_humble/install/lifecycle_msgs:/home/sauron/ros2_humble/install/builtin_interfaces:/home/sauron/ros2_humble/install/rosidl_default_runtime:/home/sauron/ros2_humble/install/rosidl_default_generators:/home/sauron/ros2_humble/install/rosidl_generator_py:/home/sauron/ros2_humble/install/rosidl_typesupport_introspection_tests:/home/sauron/ros2_humble/install/rosidl_typesupport_cpp:/home/sauron/ros2_humble/install/rosidl_typesupport_introspection_cpp:/home/sauron/ros2_humble/install/rosidl_typesupport_c:/home/sauron/ros2_humble/install/rosidl_typesupport_introspection_c:/home/sauron/ros2_humble/install/rosidl_typesupport_fastrtps_c:/home/sauron/ros2_humble/install/rosidl_typesupport_fastrtps_cpp:/home/sauron/ros2_humble/install/rosidl_generator_cpp:/home/sauron/ros2_humble/install/rosidl_runtime_cpp:/home/sauron/ros2_humble/install/rcl_yaml_param_parser:/home/sauron/ros2_humble/install/rmw:/home/sauron/ros2_humble/install/rosidl_runtime_c:/home/sauron/ros2_humble/install/rosidl_generator_c:/home/sauron/ros2_humble/install/rosidl_typesupport_interface:/home/sauron/ros2_humble/install/rosidl_generator_dds_idl:/home/sauron/ros2_humble/install/rosidl_cmake:/home/sauron/ros2_humble/install/rosidl_parser:/home/sauron/ros2_humble/install/rosidl_adapter:/home/sauron/ros2_humble/install/rosbag2_tests:/home/sauron/ros2_humble/install/rosbag2_storage_mcap_testdata:/home/sauron/ros2_humble/install/ros_environment:/home/sauron/ros2_humble/install/rmw_implementation_cmake:/home/sauron/ros2_humble/install/resource_retriever:/home/sauron/ros2_humble/install/class_loader:/home/sauron/ros2_humble/install/rcpputils:/home/sauron/ros2_humble/install/rcl_logging_noop:/home/sauron/ros2_humble/install/rcl_logging_interface:/home/sauron/ros2_humble/install/rcutils:/home/sauron/ros2_humble/install/qt_gui_py_common:/home/sauron/ros2_humble/install/qt_dotgraph:/home/sauron/ros2_humble/install/python_qt_binding:/home/sauron/ros2_humble/install/python_orocos_kdl_vendor:/home/sauron/ros2_humble/install/launch_testing_ament_cmake:/home/sauron/ros2_humble/install/python_cmake_module:/home/sauron/ros2_humble/install/pybind11_vendor:/home/sauron/ros2_humble/install/performance_test_fixture:/home/sauron/ros2_humble/install/osrf_testing_tools_cpp:/home/sauron/ros2_humble/install/orocos_kdl_vendor:/home/sauron/ros2_humble/install/mimick_vendor:/home/sauron/ros2_humble/install/libyaml_vendor:/home/sauron/ros2_humble/install/libcurl_vendor:/home/sauron/ros2_humble/install/keyboard_handler:/home/sauron/ros2_humble/install/cyclonedds:/home/sauron/ros2_humble/install/iceoryx_posh:/home/sauron/ros2_humble/install/iceoryx_hoofs:/home/sauron/ros2_humble/install/iceoryx_binding_c:/home/sauron/ros2_humble/install/ament_cmake_ros:/home/sauron/ros2_humble/install/ament_cmake_gmock:/home/sauron/ros2_humble/install/gmock_vendor:/home/sauron/ros2_humble/install/ament_cmake_auto:/home/sauron/ros2_humble/install/ament_cmake_gtest:/home/sauron/ros2_humble/install/gtest_vendor:/home/sauron/ros2_humble/install/ament_cmake_google_benchmark:/home/sauron/ros2_humble/install/google_benchmark_vendor:/home/sauron/ros2_humble/install/fastrtps:/home/sauron/ros2_humble/install/foonathan_memory_vendor:/home/sauron/ros2_humble/install/fastrtps_cmake_module:/home/sauron/ros2_humble/install/fastcdr:/home/sauron/ros2_humble/install/eigen3_cmake_module:/home/sauron/ros2_humble/install/console_bridge_vendor:/home/sauron/ros2_humble/install/ament_cmake_xmllint:/home/sauron/ros2_humble/install/ament_cmake_pyflakes:/home/sauron/ros2_humble/install/ament_cmake_pycodestyle:/home/sauron/ros2_humble/install/ament_cmake_pep257:/home/sauron/ros2_humble/install/ament_cmake_pclint:/home/sauron/ros2_humble/install/ament_lint_auto:/home/sauron/ros2_humble/install/ament_cmake:/home/sauron/ros2_humble/install/ament_cmake_version:/home/sauron/ros2_humble/install/ament_cmake_pytest:/home/sauron/ros2_humble/install/ament_cmake_nose:/home/sauron/ros2_humble/install/ament_cmake_mypy:/home/sauron/ros2_humble/install/ament_cmake_lint_cmake:/home/sauron/ros2_humble/install/ament_cmake_flake8:/home/sauron/ros2_humble/install/ament_cmake_cpplint:/home/sauron/ros2_humble/install/ament_cmake_cppcheck:/home/sauron/ros2_humble/install/ament_cmake_copyright:/home/sauron/ros2_humble/install/ament_cmake_clang_tidy:/home/sauron/ros2_humble/install/ament_cmake_clang_format:/home/sauron/ros2_humble/install/ament_cmake_test:/home/sauron/ros2_humble/install/ament_cmake_target_dependencies:/home/sauron/ros2_humble/install/ament_cmake_python:/home/sauron/ros2_humble/install/ament_cmake_export_dependencies:/home/sauron/ros2_humble/install/ament_cmake_libraries:/home/sauron/ros2_humble/install/ament_cmake_include_directories:/home/sauron/ros2_humble/install/ament_cmake_gen_version_h:/home/sauron/ros2_humble/install/ament_cmake_export_targets:/home/sauron/ros2_humble/install/ament_cmake_export_link_flags:/home/sauron/ros2_humble/install/ament_cmake_export_interfaces:/home/sauron/ros2_humble/install/ament_cmake_export_libraries:/home/sauron/ros2_humble/install/ament_cmake_export_include_directories:/home/sauron/ros2_humble/install/ament_cmake_export_definitions:/home/sauron/ros2_humble/install/ament_cmake_core:/home/sauron/ros2_humble/install/ament_index_cpp:/home/sauron/ros2_humble/install/rqt_bag_plugins:/home/sauron/ros2_humble/install/rqt_bag:/home/sauron/ros2_humble/install/ros2bag:/home/sauron/ros2_humble/install/tracetools_test:/home/sauron/ros2_humble/install/tracetools_launch:/home/sauron/ros2_humble/install/topic_monitor:/home/sauron/ros2_humble/install/tf2_tools:/home/sauron/ros2_humble/install/examples_tf2_py:/home/sauron/ros2_humble/install/tf2_ros_py:/home/sauron/ros2_humble/install/sros2:/home/sauron/ros2_humble/install/rqt_topic:/home/sauron/ros2_humble/install/rqt_srv:/home/sauron/ros2_humble/install/rqt_shell:/home/sauron/ros2_humble/install/rqt_service_caller:/home/sauron/ros2_humble/install/rqt_reconfigure:/home/sauron/ros2_humble/install/rqt_py_console:/home/sauron/ros2_humble/install/rqt_publisher:/home/sauron/ros2_humble/install/rqt_plot:/home/sauron/ros2_humble/install/rqt_action:/home/sauron/ros2_humble/install/rqt_msg:/home/sauron/ros2_humble/install/rqt_console:/home/sauron/ros2_humble/install/rqt:/home/sauron/ros2_humble/install/rqt_graph:/home/sauron/ros2_humble/install/rqt_gui_py:/home/sauron/ros2_humble/install/rqt_gui:/home/sauron/ros2_humble/install/ros2trace:/home/sauron/ros2_humble/install/ros2topic:/home/sauron/ros2_humble/install/ros2test:/home/sauron/ros2_humble/install/ros2component:/home/sauron/ros2_humble/install/ros2param:/home/sauron/ros2_humble/install/ros2lifecycle:/home/sauron/ros2_humble/install/ros2service:/home/sauron/ros2_humble/install/ros2run:/home/sauron/ros2_humble/install/ros2launch:/home/sauron/ros2_humble/install/ros2pkg:/home/sauron/ros2_humble/install/ros2node:/home/sauron/ros2_humble/install/ros2multicast:/home/sauron/ros2_humble/install/ros2interface:/home/sauron/ros2_humble/install/ros2doctor:/home/sauron/ros2_humble/install/ros2action:/home/sauron/ros2_humble/install/ros2cli:/home/sauron/ros2_humble/install/quality_of_service_demo_py:/home/sauron/ros2_humble/install/lifecycle_py:/home/sauron/ros2_humble/install/launch_testing_ros:/home/sauron/ros2_humble/install/launch_ros:/home/sauron/ros2_humble/install/examples_rclpy_pointcloud_publisher:/home/sauron/ros2_humble/install/examples_rclpy_minimal_subscriber:/home/sauron/ros2_humble/install/examples_rclpy_minimal_service:/home/sauron/ros2_humble/install/examples_rclpy_minimal_publisher:/home/sauron/ros2_humble/install/examples_rclpy_minimal_client:/home/sauron/ros2_humble/install/examples_rclpy_minimal_action_server:/home/sauron/ros2_humble/install/examples_rclpy_minimal_action_client:/home/sauron/ros2_humble/install/examples_rclpy_guard_conditions:/home/sauron/ros2_humble/install/examples_rclpy_executors:/home/sauron/ros2_humble/install/demo_nodes_py:/home/sauron/ros2_humble/install/action_tutorials_py:/home/sauron/ros2_humble/install/ament_uncrustify:/home/sauron/ros2_humble/install/tracetools_trace:/home/sauron/ros2_humble/install/tracetools_read:/home/sauron/ros2_humble/install/test_tracetools_launch:/home/sauron/ros2_humble/install/test_launch_ros:/home/sauron/ros2_humble/install/sensor_msgs_py:/home/sauron/ros2_humble/install/rpyutils:/home/sauron/ros2_humble/install/rosidl_runtime_py:/home/sauron/ros2_humble/install/rosidl_cli:/home/sauron/ros2_humble/install/launch_pytest:/home/sauron/ros2_humble/install/launch_testing:/home/sauron/ros2_humble/install/launch_yaml:/home/sauron/ros2_humble/install/launch_xml:/home/sauron/ros2_humble/install/launch:/home/sauron/ros2_humble/install/osrf_pycommon:/home/sauron/ros2_humble/install/launch_testing_examples:/home/sauron/ros2_humble/install/domain_coordinator:/home/sauron/ros2_humble/install/ament_xmllint:/home/sauron/ros2_humble/install/ament_pyflakes:/home/sauron/ros2_humble/install/ament_pycodestyle:/home/sauron/ros2_humble/install/ament_pep257:/home/sauron/ros2_humble/install/ament_pclint:/home/sauron/ros2_humble/install/ament_package:/home/sauron/ros2_humble/install/ament_mypy:/home/sauron/ros2_humble/install/ament_lint_cmake:/home/sauron/ros2_humble/install/ament_flake8:/home/sauron/ros2_humble/install/ament_copyright:/home/sauron/ros2_humble/install/ament_lint:/home/sauron/ros2_humble/install/ament_index_python:/home/sauron/ros2_humble/install/ament_cpplint:/home/sauron/ros2_humble/install/ament_cppcheck:/home/sauron/ros2_humble/install/ament_clang_tidy:/home/sauron/ros2_humble/install/ament_clang_format LD_LIBRARY_PATH=/home/sauron/ros2-picas/install/trace_picas/lib:/home/sauron/ros2-picas/install/rclcpp/lib:/home/sauron/ros2-picas/install/picas_msgs/lib:/home/sauron/ros2_humble/install/rosbag2_storage_mcap/lib:/home/sauron/ros2_humble/install/rosbag2_compression_zstd/lib:/home/sauron/ros2_humble/install/mcap_vendor/lib:/home/sauron/ros2_humble/install/zstd_vendor/lib:/home/sauron/ros2_humble/install/rviz_default_plugins/lib:/home/sauron/ros2_humble/install/rviz_common/lib:/home/sauron/ros2_humble/install/rosbag2_transport/lib:/home/sauron/ros2_humble/install/rosbag2_compression/lib:/home/sauron/ros2_humble/install/rosbag2_cpp/lib:/home/sauron/ros2_humble/install/rosbag2_storage_default_plugins/lib:/home/sauron/ros2_humble/install/rosbag2_storage/lib:/home/sauron/ros2_humble/install/camera_info_manager/lib:/home/sauron/ros2_humble/install/camera_calibration_parsers/lib:/home/sauron/ros2_humble/install/interactive_markers/lib:/home/sauron/ros2_humble/install/visualization_msgs/lib:/home/sauron/ros2_humble/install/robot_state_publisher/lib:/home/sauron/ros2_humble/install/kdl_parser/lib:/home/sauron/ros2_humble/install/urdf/lib:/home/sauron/ros2_humble/install/urdfdom/lib:/home/sauron/ros2_humble/install/turtlesim/lib:/home/sauron/ros2_humble/install/tf2_ros/lib:/home/sauron/ros2_humble/install/tf2_msgs/lib:/home/sauron/ros2_humble/install/test_msgs/lib:/home/sauron/ros2_humble/install/ros2cli_test_interfaces/lib:/home/sauron/ros2_humble/install/quality_of_service_demo_cpp/lib:/home/sauron/ros2_humble/install/image_transport/lib:/home/sauron/ros2_humble/install/message_filters/lib:/home/sauron/ros2_humble/install/demo_nodes_cpp/lib:/home/sauron/ros2_humble/install/composition/lib:/home/sauron/ros2_humble/install/laser_geometry/lib:/home/sauron/ros2_humble/install/rclpy/lib:/home/sauron/ros2_humble/install/action_tutorials_cpp/lib:/home/sauron/ros2_humble/install/rclcpp_action/lib:/home/sauron/ros2_humble/install/rcl_action/lib:/home/sauron/ros2_humble/install/examples_rclcpp_wait_set/lib:/home/sauron/ros2_humble/install/example_interfaces/lib:/home/sauron/ros2_humble/install/action_tutorials_interfaces/lib:/home/sauron/ros2_humble/install/action_msgs/lib:/home/sauron/ros2_humble/install/unique_identifier_msgs/lib:/home/sauron/ros2_humble/install/trajectory_msgs/lib:/home/sauron/ros2_humble/install/rqt_gui_cpp/lib:/home/sauron/ros2_humble/install/rclcpp_lifecycle/lib:/home/sauron/ros2_humble/install/logging_demo/lib:/home/sauron/ros2_humble/install/image_tools/lib:/home/sauron/ros2_humble/install/examples_rclcpp_minimal_subscriber/lib:/home/sauron/ros2_humble/install/examples_rclcpp_minimal_composition/lib:/home/sauron/ros2_humble/install/demo_nodes_cpp_native/lib:/home/sauron/ros2_humble/install/rclcpp_components/lib:/home/sauron/ros2_humble/install/rclcpp/lib:/home/sauron/ros2_humble/install/rcl_lifecycle/lib:/home/sauron/ros2_humble/install/libstatistics_collector/lib:/home/sauron/ros2_humble/install/rcl/lib:/home/sauron/ros2_humble/install/rmw_implementation/lib:/home/sauron/ros2_humble/install/rmw_fastrtps_dynamic_cpp/lib:/home/sauron/ros2_humble/install/rmw_fastrtps_cpp/lib:/home/sauron/ros2_humble/install/rmw_fastrtps_shared_cpp/lib:/home/sauron/ros2_humble/install/rmw_cyclonedds_cpp/lib:/home/sauron/ros2_humble/install/tracetools/lib:/home/sauron/ros2_humble/install/qt_gui_cpp/lib:/home/sauron/ros2_humble/install/tf2_eigen_kdl/lib:/home/sauron/ros2_humble/install/tf2/lib:/home/sauron/ros2_humble/install/stereo_msgs/lib:/home/sauron/ros2_humble/install/std_srvs/lib:/home/sauron/ros2_humble/install/shape_msgs/lib:/home/sauron/ros2_humble/install/map_msgs/lib:/home/sauron/ros2_humble/install/sensor_msgs/lib:/home/sauron/ros2_humble/install/nav_msgs/lib:/home/sauron/ros2_humble/install/diagnostic_msgs/lib:/home/sauron/ros2_humble/install/geometry_msgs/lib:/home/sauron/ros2_humble/install/actionlib_msgs/lib:/home/sauron/ros2_humble/install/std_msgs/lib:/home/sauron/ros2_humble/install/statistics_msgs/lib:/home/sauron/ros2_humble/install/rcl_logging_spdlog/lib:/home/sauron/ros2_humble/install/rviz_rendering/lib:/home/sauron/ros2_humble/install/rviz_ogre_vendor/opt/rviz_ogre_vendor/lib:/home/sauron/ros2_humble/install/rttest/lib:/home/sauron/ros2_humble/install/rosgraph_msgs/lib:/home/sauron/ros2_humble/install/rosbag2_interfaces/lib:/home/sauron/ros2_humble/install/rmw_dds_common/lib:/home/sauron/ros2_humble/install/composition_interfaces/lib:/home/sauron/ros2_humble/install/rcl_interfaces/lib:/home/sauron/ros2_humble/install/pendulum_msgs/lib:/home/sauron/ros2_humble/install/lifecycle_msgs/lib:/home/sauron/ros2_humble/install/builtin_interfaces/lib:/home/sauron/ros2_humble/install/rosidl_typesupport_cpp/lib:/home/sauron/ros2_humble/install/rosidl_typesupport_introspection_cpp/lib:/home/sauron/ros2_humble/install/rosidl_typesupport_c/lib:/home/sauron/ros2_humble/install/rosidl_typesupport_introspection_c/lib:/home/sauron/ros2_humble/install/rosidl_typesupport_fastrtps_c/lib:/home/sauron/ros2_humble/install/rosidl_typesupport_fastrtps_cpp/lib:/home/sauron/ros2_humble/install/rcl_yaml_param_parser/lib:/home/sauron/ros2_humble/install/rmw/lib:/home/sauron/ros2_humble/install/rosidl_runtime_c/lib:/home/sauron/ros2_humble/install/rosbag2_storage_mcap_testdata/lib:/home/sauron/ros2_humble/install/resource_retriever/lib:/home/sauron/ros2_humble/install/class_loader/lib:/home/sauron/ros2_humble/install/rcpputils/lib:/home/sauron/ros2_humble/install/rcl_logging_noop/lib:/home/sauron/ros2_humble/install/rcl_logging_interface/lib:/home/sauron/ros2_humble/install/rcutils/lib:/home/sauron/ros2_humble/install/performance_test_fixture/lib:/home/sauron/ros2_humble/install/osrf_testing_tools_cpp/lib:/home/sauron/ros2_humble/install/mimick_vendor/lib:/home/sauron/ros2_humble/install/libyaml_vendor/lib:/home/sauron/ros2_humble/install/keyboard_handler/lib:/home/sauron/ros2_humble/install/cyclonedds/lib:/home/sauron/ros2_humble/install/iceoryx_posh/lib:/home/sauron/ros2_humble/install/iceoryx_hoofs/lib:/home/sauron/ros2_humble/install/iceoryx_binding_c/lib:/home/sauron/ros2_humble/install/google_benchmark_vendor/lib:/home/sauron/ros2_humble/install/fastrtps/lib:/home/sauron/ros2_humble/install/fastcdr/lib:/home/sauron/ros2_humble/install/ament_index_cpp/lib:/usr/local/cuda/lib64:/usr/local/cuda/lib64 PYTHONPATH=/home/sauron/ros2-picas/install/picas_msgs/local/lib/python3.10/dist-packages:${PYTHONPATH} /usr/bin/cmake --build /home/sauron/ros2-picas/build/picas_example -- -j20 -l20
[0.085s] [ 25%] [32mBuilding CXX object CMakeFiles/case_study.dir/src/case_study.cpp.o[0m
[0.085s] [ 50%] [32mBuilding CXX object CMakeFiles/example.dir/src/example.cpp.o[0m
[0.203s] [01m[K/home/sauron/ros2-picas/ros2-picas-example/picas_example/src/example.cpp:18:10:[m[K [01;31m[Kfatal error: [m[Ktest_msgs/msg/detail/test_string__struct.hpp: No such file or directory
[0.203s]    18 | #include [01;31m[K"test_msgs/msg/detail/test_string__struct.hpp"[m[K
[0.203s]       |          [01;31m[K^~~~~~~~~~~~~~~~~~~~~~~~~~~~~~~~~~~~~~~~~~~~~~[m[K
[0.203s] compilation terminated.
[0.213s] gmake[2]: *** [CMakeFiles/example.dir/build.make:76: CMakeFiles/example.dir/src/example.cpp.o] Error 1
[0.213s] gmake[1]: *** [CMakeFiles/Makefile2:139: CMakeFiles/example.dir/all] Error 2
[0.213s] gmake[1]: *** Waiting for unfinished jobs....
[1.278s] [01m[K/home/sauron/ros2-picas/ros2-picas-example/picas_example/src/case_study.cpp:71:23:[m[K [01;31m[Kerror: [m[Kâ€˜[01m[Kpicas_msgs[m[Kâ€™ was not declared in this scope
[1.278s]    71 |     rclcpp::Publisher<[01;31m[Kpicas_msgs[m[K::msg::TestString>::SharedPtr publisher_;
[1.278s]       |                       [01;31m[K^~~~~~~~~~[m[K
[1.278s] [01m[K/home/sauron/ros2-picas/ros2-picas-example/picas_example/src/case_study.cpp:71:50:[m[K [01;31m[Kerror: [m[Ktemplate argument 1 is invalid
[1.278s]    71 |     rclcpp::Publisher<picas_msgs::msg::TestString[01;31m[K>[m[K::SharedPtr publisher_;
[1.278s]       |                                                  [01;31m[K^[m[K
[1.278s] [01m[K/home/sauron/ros2-picas/ros2-picas-example/picas_example/src/case_study.cpp:71:53:[m[K [01;31m[Kerror: [m[Kexpected â€˜[01m[K;[m[Kâ€™ at end of member declaration
[1.278s]    71 |     rclcpp::Publisher<picas_msgs::msg::TestString>::[01;31m[KSharedPtr[m[K publisher_;
[1.278s]       |                                                     [01;31m[K^~~~~~~~~[m[K
[1.278s]       |                                                              [32m[K;[m[K
[1.279s] [01m[K/home/sauron/ros2-picas/ros2-picas-example/picas_example/src/case_study.cpp:71:63:[m[K [01;31m[Kerror: [m[Kâ€˜[01m[Kpublisher_[m[Kâ€™ does not name a type; did you mean â€˜[01m[Krmw_publisher_t[m[Kâ€™?
[1.279s]    71 |     rclcpp::Publisher<picas_msgs::msg::TestString>::SharedPtr [01;31m[Kpublisher_[m[K;
[1.279s]       |                                                               [01;31m[K^~~~~~~~~~[m[K
[1.279s]       |                                                               [32m[Krmw_publisher_t[m[K
[1.285s] [01m[K/home/sauron/ros2-picas/ros2-picas-example/picas_example/src/case_study.cpp:[m[K In constructor â€˜[01m[KStartNode::StartNode(std::string, std::string, std::shared_ptr<trace::Trace>, int, int, bool)[m[Kâ€™:
[1.285s] [01m[K/home/sauron/ros2-picas/ros2-picas-example/picas_example/src/case_study.cpp:47:9:[m[K [01;31m[Kerror: [m[Kâ€˜[01m[Kpublisher_[m[Kâ€™ was not declared in this scope; did you mean â€˜[01m[Krmw_publisher_t[m[Kâ€™?
[1.285s]    47 |         [01;31m[Kpublisher_[m[K = this->create_publisher<picas_msgs::msg::TestString>(pub_topic, 1);
[1.285s]       |         [01;31m[K^~~~~~~~~~[m[K
[1.285s]       |         [32m[Krmw_publisher_t[m[K
[1.289s] [01m[K/home/sauron/ros2-picas/ros2-picas-example/picas_example/src/case_study.cpp:47:45:[m[K [01;31m[Kerror: [m[Kâ€˜[01m[Kpicas_msgs[m[Kâ€™ was not declared in this scope
[1.289s]    47 |         publisher_ = this->create_publisher<[01;31m[Kpicas_msgs[m[K::msg::TestString>(pub_topic, 1);
[1.289s]       |                                             [01;31m[K^~~~~~~~~~[m[K
[1.289s] [01m[K/home/sauron/ros2-picas/ros2-picas-example/picas_example/src/case_study.cpp:47:28:[m[K [01;31m[Kerror: [m[Kparse error in template argument list
[1.289s]    47 |         publisher_ = this->[01;31m[Kcreate_publisher<picas_msgs::msg::TestString>[m[K(pub_topic, 1);
[1.290s]       |                            [01;31m[K^~~~~~~~~~~~~~~~~~~~~~~~~~~~~~~~~~~~~~~~~~~~~[m[K
[1.290s] [01m[K/home/sauron/ros2-picas/ros2-picas-example/picas_example/src/case_study.cpp:47:73:[m[K [01;31m[Kerror: [m[Kno matching function for call to â€˜[01m[KStartNode::create_publisher<<expression error> >(const string&, int)[m[Kâ€™
[1.290s]    47 |         publisher_ = [01;31m[Kthis->create_publisher<picas_msgs::msg::TestString>(pub_topic, 1)[m[K;
[1.290s]       |                      [01;31m[K~~~~~~~~~~~~~~~~~~~~~~~~~~~~~~~~~~~~~~~~~~~~~~~~~~~^~~~~~~~~~~~~~[m[K
[1.290s] In file included from [01m[K/home/sauron/ros2-picas/install/rclcpp/include/rclcpp/rclcpp/executors/single_threaded_executor.hpp:35[m[K,
[1.290s]                  from [01m[K/home/sauron/ros2-picas/install/rclcpp/include/rclcpp/rclcpp/executors.hpp:22[m[K,
[1.290s]                  from [01m[K/home/sauron/ros2-picas/install/rclcpp/include/rclcpp/rclcpp/rclcpp.hpp:155[m[K,
[1.290s]                  from [01m[K/home/sauron/ros2-picas/ros2-picas-example/picas_example/src/case_study.cpp:16[m[K:
[1.290s] [01m[K/home/sauron/ros2-picas/install/rclcpp/include/rclcpp/rclcpp/node.hpp:195:3:[m[K [01;36m[Knote: [m[Kcandidate: â€˜[01m[Ktemplate<class MessageT, class AllocatorT, class PublisherT> std::shared_ptr<PublisherT> rclcpp::Node::create_publisher(const string&, const rclcpp::QoS&, const rclcpp::PublisherOptionsWithAllocator<AllocatorT>&)[m[Kâ€™
[1.290s]   195 |   [01;36m[Kcreate_publisher[m[K(
[1.290s]       |   [01;36m[K^~~~~~~~~~~~~~~~[m[K
[1.290s] [01m[K/home/sauron/ros2-picas/install/rclcpp/include/rclcpp/rclcpp/node.hpp:195:3:[m[K [01;36m[Knote: [m[K  template argument deduction/substitution failed:
[1.290s] [01m[K/home/sauron/ros2-picas/ros2-picas-example/picas_example/src/case_study.cpp:47:73:[m[K [01;31m[Kerror: [m[Ktemplate argument 1 is invalid
[1.290s]    47 |         publisher_ = [01;31m[Kthis->create_publisher<picas_msgs::msg::TestString>(pub_topic, 1)[m[K;
[1.290s]       |                      [01;31m[K~~~~~~~~~~~~~~~~~~~~~~~~~~~~~~~~~~~~~~~~~~~~~~~~~~~^~~~~~~~~~~~~~[m[K
[1.296s] [01m[K/home/sauron/ros2-picas/ros2-picas-example/picas_example/src/case_study.cpp:[m[K In member function â€˜[01m[Kvoid StartNode::timer_callback()[m[Kâ€™:
[1.296s] [01m[K/home/sauron/ros2-picas/ros2-picas-example/picas_example/src/case_study.cpp:96:24:[m[K [01;31m[Kerror: [m[Kâ€˜[01m[Kpicas_msgs[m[Kâ€™ has not been declared
[1.296s]    96 |         auto message = [01;31m[Kpicas_msgs[m[K::msg::TestString();
[1.296s]       |                        [01;31m[K^~~~~~~~~~[m[K
[1.301s] [01m[K/home/sauron/ros2-picas/ros2-picas-example/picas_example/src/case_study.cpp:109:9:[m[K [01;31m[Kerror: [m[Kâ€˜[01m[Kpublisher_[m[Kâ€™ was not declared in this scope; did you mean â€˜[01m[Krmw_publisher_t[m[Kâ€™?
[1.301s]   109 |         [01;31m[Kpublisher_[m[K->publish(message);
[1.301s]       |         [01;31m[K^~~~~~~~~~[m[K
[1.301s]       |         [32m[Krmw_publisher_t[m[K
[1.305s] [01m[K/home/sauron/ros2-picas/ros2-picas-example/picas_example/src/case_study.cpp:[m[K At global scope:
[1.305s] [01m[K/home/sauron/ros2-picas/ros2-picas-example/picas_example/src/case_study.cpp:123:23:[m[K [01;31m[Kerror: [m[Kâ€˜[01m[Kpicas_msgs[m[Kâ€™ was not declared in this scope
[1.305s]   123 |     rclcpp::Publisher<[01;31m[Kpicas_msgs[m[K::msg::TestString>::SharedPtr publisher_;
[1.305s]       |                       [01;31m[K^~~~~~~~~~[m[K
[1.305s] [01m[K/home/sauron/ros2-picas/ros2-picas-example/picas_example/src/case_study.cpp:123:50:[m[K [01;31m[Kerror: [m[Ktemplate argument 1 is invalid
[1.305s]   123 |     rclcpp::Publisher<picas_msgs::msg::TestString[01;31m[K>[m[K::SharedPtr publisher_;
[1.305s]       |                                                  [01;31m[K^[m[K
[1.305s] [01m[K/home/sauron/ros2-picas/ros2-picas-example/picas_example/src/case_study.cpp:123:53:[m[K [01;31m[Kerror: [m[Kexpected â€˜[01m[K;[m[Kâ€™ at end of member declaration
[1.305s]   123 |     rclcpp::Publisher<picas_msgs::msg::TestString>::[01;31m[KSharedPtr[m[K publisher_;
[1.305s]       |                                                     [01;31m[K^~~~~~~~~[m[K
[1.305s]       |                                                              [32m[K;[m[K
[1.306s] [01m[K/home/sauron/ros2-picas/ros2-picas-example/picas_example/src/case_study.cpp:123:63:[m[K [01;31m[Kerror: [m[Kâ€˜[01m[Kpublisher_[m[Kâ€™ does not name a type; did you mean â€˜[01m[Krmw_publisher_t[m[Kâ€™?
[1.306s]   123 |     rclcpp::Publisher<picas_msgs::msg::TestString>::SharedPtr [01;31m[Kpublisher_[m[K;
[1.306s]       |                                                               [01;31m[K^~~~~~~~~~[m[K
[1.306s]       |                                                               [32m[Krmw_publisher_t[m[K
[1.310s] [01m[K/home/sauron/ros2-picas/ros2-picas-example/picas_example/src/case_study.cpp:124:26:[m[K [01;31m[Kerror: [m[Kâ€˜[01m[Kpicas_msgs[m[Kâ€™ was not declared in this scope
[1.310s]   124 |     rclcpp::Subscription<[01;31m[Kpicas_msgs[m[K::msg::TestString>::SharedPtr subscription_;
[1.310s]       |                          [01;31m[K^~~~~~~~~~[m[K
[1.310s] [01m[K/home/sauron/ros2-picas/ros2-picas-example/picas_example/src/case_study.cpp:124:53:[m[K [01;31m[Kerror: [m[Ktemplate argument 1 is invalid
[1.310s]   124 |     rclcpp::Subscription<picas_msgs::msg::TestString[01;31m[K>[m[K::SharedPtr subscription_;
[1.310s]       |                                                     [01;31m[K^[m[K
[1.310s] [01m[K/home/sauron/ros2-picas/ros2-picas-example/picas_example/src/case_study.cpp:124:53:[m[K [01;31m[Kerror: [m[Ktemplate argument 3 is invalid
[1.310s] [01m[K/home/sauron/ros2-picas/ros2-picas-example/picas_example/src/case_study.cpp:124:53:[m[K [01;31m[Kerror: [m[Ktemplate argument 4 is invalid
[1.310s] [01m[K/home/sauron/ros2-picas/ros2-picas-example/picas_example/src/case_study.cpp:124:53:[m[K [01;31m[Kerror: [m[Ktemplate argument 5 is invalid
[1.310s] [01m[K/home/sauron/ros2-picas/ros2-picas-example/picas_example/src/case_study.cpp:124:56:[m[K [01;31m[Kerror: [m[Kexpected â€˜[01m[K;[m[Kâ€™ at end of member declaration
[1.310s]   124 |     rclcpp::Subscription<picas_msgs::msg::TestString>::[01;31m[KSharedPtr[m[K subscription_;
[1.310s]       |                                                        [01;31m[K^~~~~~~~~[m[K
[1.310s]       |                                                                 [32m[K;[m[K
[1.310s] [01m[K/home/sauron/ros2-picas/ros2-picas-example/picas_example/src/case_study.cpp:124:56:[m[K [01;31m[Kerror: [m[Kredeclaration of â€˜[01m[Kint IntermediateNode::SharedPtr[m[Kâ€™
[1.310s] [01m[K/home/sauron/ros2-picas/ros2-picas-example/picas_example/src/case_study.cpp:123:53:[m[K [01;36m[Knote: [m[Kprevious declaration â€˜[01m[Kint IntermediateNode::SharedPtr[m[Kâ€™
[1.310s]   123 |     rclcpp::Publisher<picas_msgs::msg::TestString>::[01;36m[KSharedPtr[m[K publisher_;
[1.310s]       |                                                     [01;36m[K^~~~~~~~~[m[K
[1.311s] [01m[K/home/sauron/ros2-picas/ros2-picas-example/picas_example/src/case_study.cpp:124:66:[m[K [01;31m[Kerror: [m[Kâ€˜[01m[Ksubscription_[m[Kâ€™ does not name a type; did you mean â€˜[01m[Krmw_subscription_t[m[Kâ€™?
[1.311s]   124 |     rclcpp::Subscription<picas_msgs::msg::TestString>::SharedPtr [01;31m[Ksubscription_[m[K;
[1.311s]       |                                                                  [01;31m[K^~~~~~~~~~~~~[m[K
[1.311s]       |                                                                  [32m[Krmw_subscription_t[m[K
[1.312s] [01m[K/home/sauron/ros2-picas/ros2-picas-example/picas_example/src/case_study.cpp:139:25:[m[K [01;31m[Kerror: [m[Kâ€˜[01m[Kpicas_msgs[m[Kâ€™ does not name a type
[1.312s]   139 |     void callback(const [01;31m[Kpicas_msgs[m[K::msg::TestString::SharedPtr msg) {
[1.312s]       |                         [01;31m[K^~~~~~~~~~[m[K
[1.312s] [01m[K/home/sauron/ros2-picas/ros2-picas-example/picas_example/src/case_study.cpp:139:40:[m[K [01;31m[Kerror: [m[Kexpected unqualified-id before â€˜[01m[K::[m[Kâ€™ token
[1.312s]   139 |     void callback(const picas_msgs::msg[01;31m[K::[m[KTestString::SharedPtr msg) {
[1.312s]       |                                        [01;31m[K^~[m[K
[1.312s] [01m[K/home/sauron/ros2-picas/ros2-picas-example/picas_example/src/case_study.cpp:139:40:[m[K [01;31m[Kerror: [m[Kexpected â€˜[01m[K)[m[Kâ€™ before â€˜[01m[K::[m[Kâ€™ token
[1.312s]   139 |     void callback[34m[K([m[Kconst picas_msgs::msg[01;31m[K:[m[K[32m[K:[m[KTestString::SharedPtr msg) {
[1.313s]       |                  [34m[K~[m[K                     [01;31m[K^[m[K[32m[K~[m[K
[1.313s]       |                                        [32m[K)[m[K
[1.313s] [01m[K/home/sauron/ros2-picas/ros2-picas-example/picas_example/src/case_study.cpp:139:37:[m[K [01;31m[Kerror: [m[Kexpected â€˜[01m[K;[m[Kâ€™ at end of member declaration
[1.313s]   139 |     void callback(const picas_msgs::[01;31m[Kmsg[m[K::TestString::SharedPtr msg) {
[1.313s]       |                                     [01;31m[K^~~[m[K
[1.313s]       |                                        [32m[K;[m[K
[1.314s] [01m[K/home/sauron/ros2-picas/ros2-picas-example/picas_example/src/case_study.cpp:139:42:[m[K [01;31m[Kerror: [m[Kâ€˜[01m[KTestString[m[Kâ€™ in namespace â€˜[01m[K::[m[Kâ€™ does not name a type
[1.314s]   139 |     void callback(const picas_msgs::msg::[01;31m[KTestString[m[K::SharedPtr msg) {
[1.314s]       |                                          [01;31m[K^~~~~~~~~~[m[K
[1.319s] [01m[K/home/sauron/ros2-picas/ros2-picas-example/picas_example/src/case_study.cpp:[m[K In constructor â€˜[01m[KIntermediateNode::IntermediateNode(std::string, std::string, std::string, std::shared_ptr<trace::Trace>, int, bool)[m[Kâ€™:
[1.319s] [01m[K/home/sauron/ros2-picas/ros2-picas-example/picas_example/src/case_study.cpp:119:9:[m[K [01;31m[Kerror: [m[Kâ€˜[01m[Ksubscription_[m[Kâ€™ was not declared in this scope; did you mean â€˜[01m[Krmw_subscription_t[m[Kâ€™?
[1.319s]   119 |         [01;31m[Ksubscription_[m[K = this->create_subscription<picas_msgs::msg::TestString>(sub_topic, 1, std::bind(&IntermediateNode::callback, this, _1));
[1.319s]       |         [01;31m[K^~~~~~~~~~~~~[m[K
[1.319s]       |         [32m[Krmw_subscription_t[m[K
[1.323s] [01m[K/home/sauron/ros2-picas/ros2-picas-example/picas_example/src/case_study.cpp:119:51:[m[K [01;31m[Kerror: [m[Kâ€˜[01m[Kpicas_msgs[m[Kâ€™ was not declared in this scope
[1.323s]   119 |         subscription_ = this->create_subscription<[01;31m[Kpicas_msgs[m[K::msg::TestString>(sub_topic, 1, std::bind(&IntermediateNode::callback, this, _1));
[1.323s]       |                                                   [01;31m[K^~~~~~~~~~[m[K
[1.323s] [01m[K/home/sauron/ros2-picas/ros2-picas-example/picas_example/src/case_study.cpp:119:31:[m[K [01;31m[Kerror: [m[Kparse error in template argument list
[1.323s]   119 |         subscription_ = this->[01;31m[Kcreate_subscription<picas_msgs::msg::TestString>[m[K(sub_topic, 1, std::bind(&IntermediateNode::callback, this, _1));
[1.323s]       |                               [01;31m[K^~~~~~~~~~~~~~~~~~~~~~~~~~~~~~~~~~~~~~~~~~~~~~~~[m[K
[1.326s] [01m[K/home/sauron/ros2-picas/ros2-picas-example/picas_example/src/case_study.cpp:119:79:[m[K [01;31m[Kerror: [m[Kno matching function for call to â€˜[01m[KIntermediateNode::create_subscription<<expression error> >(const string&, int, std::_Bind_helper<false, void (IntermediateNode::*)(...), IntermediateNode*, const std::_Placeholder<1>&>::type)[m[Kâ€™
[1.326s]   119 |         subscription_ = [01;31m[Kthis->create_subscription<picas_msgs::msg::TestString>(sub_topic, 1, std::bind(&IntermediateNode::callback, this, _1))[m[K;
[1.326s]       |                         [01;31m[K~~~~~~~~~~~~~~~~~~~~~~~~~~~~~~~~~~~~~~~~~~~~~~~~~~~~~~^~~~~~~~~~~~~~~~~~~~~~~~~~~~~~~~~~~~~~~~~~~~~~~~~~~~~~~~~~~~~~~~[m[K
[1.326s] In file included from [01m[K/home/sauron/ros2-picas/install/rclcpp/include/rclcpp/rclcpp/executors/single_threaded_executor.hpp:35[m[K,
[1.326s]                  from [01m[K/home/sauron/ros2-picas/install/rclcpp/include/rclcpp/rclcpp/executors.hpp:22[m[K,
[1.326s]                  from [01m[K/home/sauron/ros2-picas/install/rclcpp/include/rclcpp/rclcpp/rclcpp.hpp:155[m[K,
[1.326s]                  from [01m[K/home/sauron/ros2-picas/ros2-picas-example/picas_example/src/case_study.cpp:16[m[K:
[1.326s] [01m[K/home/sauron/ros2-picas/install/rclcpp/include/rclcpp/rclcpp/node.hpp:219:3:[m[K [01;36m[Knote: [m[Kcandidate: â€˜[01m[Ktemplate<class MessageT, class CallbackT, class AllocatorT, class SubscriptionT, class MessageMemoryStrategyT> std::shared_ptr<ROSMessageT> rclcpp::Node::create_subscription(const string&, const rclcpp::QoS&, CallbackT&&, const rclcpp::SubscriptionOptionsWithAllocator<AllocatorT>&, typename MessageMemoryStrategyT::SharedPtr)[m[Kâ€™
[1.326s]   219 |   [01;36m[Kcreate_subscription[m[K(
[1.326s]       |   [01;36m[K^~~~~~~~~~~~~~~~~~~[m[K
[1.326s] [01m[K/home/sauron/ros2-picas/install/rclcpp/include/rclcpp/rclcpp/node.hpp:219:3:[m[K [01;36m[Knote: [m[K  template argument deduction/substitution failed:
[1.326s] [01m[K/home/sauron/ros2-picas/ros2-picas-example/picas_example/src/case_study.cpp:119:79:[m[K [01;31m[Kerror: [m[Ktemplate argument 1 is invalid
[1.326s]   119 |         subscription_ = [01;31m[Kthis->create_subscription<picas_msgs::msg::TestString>(sub_topic, 1, std::bind(&IntermediateNode::callback, this, _1))[m[K;
[1.326s]       |                         [01;31m[K~~~~~~~~~~~~~~~~~~~~~~~~~~~~~~~~~~~~~~~~~~~~~~~~~~~~~~^~~~~~~~~~~~~~~~~~~~~~~~~~~~~~~~~~~~~~~~~~~~~~~~~~~~~~~~~~~~~~~~[m[K
[1.330s] [01m[K/home/sauron/ros2-picas/ros2-picas-example/picas_example/src/case_study.cpp:120:30:[m[K [01;31m[Kerror: [m[Kâ€˜[01m[Kpublisher_[m[Kâ€™ was not declared in this scope; did you mean â€˜[01m[Krmw_publisher_t[m[Kâ€™?
[1.330s]   120 |         if (pub_topic != "") [01;31m[Kpublisher_[m[K = this->create_publisher<picas_msgs::msg::TestString>(pub_topic, 1);
[1.330s]       |                              [01;31m[K^~~~~~~~~~[m[K
[1.330s]       |                              [32m[Krmw_publisher_t[m[K
[1.330s] [01m[K/home/sauron/ros2-picas/ros2-picas-example/picas_example/src/case_study.cpp:120:49:[m[K [01;31m[Kerror: [m[Kparse error in template argument list
[1.330s]   120 |         if (pub_topic != "") publisher_ = this->[01;31m[Kcreate_publisher<picas_msgs::msg::TestString>[m[K(pub_topic, 1);
[1.330s]       |                                                 [01;31m[K^~~~~~~~~~~~~~~~~~~~~~~~~~~~~~~~~~~~~~~~~~~~~[m[K
[1.330s] [01m[K/home/sauron/ros2-picas/ros2-picas-example/picas_example/src/case_study.cpp:120:94:[m[K [01;31m[Kerror: [m[Kno matching function for call to â€˜[01m[KIntermediateNode::create_publisher<picas_msgs>(const string&, int)[m[Kâ€™
[1.330s]   120 |         if (pub_topic != "") publisher_ = [01;31m[Kthis->create_publisher<picas_msgs::msg::TestString>(pub_topic, 1)[m[K;
[1.330s]       |                                           [01;31m[K~~~~~~~~~~~~~~~~~~~~~~~~~~~~~~~~~~~~~~~~~~~~~~~~~~~^~~~~~~~~~~~~~[m[K
[1.330s] In file included from [01m[K/home/sauron/ros2-picas/install/rclcpp/include/rclcpp/rclcpp/executors/single_threaded_executor.hpp:35[m[K,
[1.330s]                  from [01m[K/home/sauron/ros2-picas/install/rclcpp/include/rclcpp/rclcpp/executors.hpp:22[m[K,
[1.330s]                  from [01m[K/home/sauron/ros2-picas/install/rclcpp/include/rclcpp/rclcpp/rclcpp.hpp:155[m[K,
[1.330s]                  from [01m[K/home/sauron/ros2-picas/ros2-picas-example/picas_example/src/case_study.cpp:16[m[K:
[1.330s] [01m[K/home/sauron/ros2-picas/install/rclcpp/include/rclcpp/rclcpp/node.hpp:195:3:[m[K [01;36m[Knote: [m[Kcandidate: â€˜[01m[Ktemplate<class MessageT, class AllocatorT, class PublisherT> std::shared_ptr<PublisherT> rclcpp::Node::create_publisher(const string&, const rclcpp::QoS&, const rclcpp::PublisherOptionsWithAllocator<AllocatorT>&)[m[Kâ€™
[1.330s]   195 |   [01;36m[Kcreate_publisher[m[K(
[1.330s]       |   [01;36m[K^~~~~~~~~~~~~~~~[m[K
[1.330s] [01m[K/home/sauron/ros2-picas/install/rclcpp/include/rclcpp/rclcpp/node.hpp:195:3:[m[K [01;36m[Knote: [m[K  template argument deduction/substitution failed:
[1.337s] [01m[K/home/sauron/ros2-picas/ros2-picas-example/picas_example/src/case_study.cpp:[m[K In function â€˜[01m[Kint main(int, char**)[m[Kâ€™:
[1.337s] [01m[K/home/sauron/ros2-picas/ros2-picas-example/picas_example/src/case_study.cpp:317:40:[m[K [01;31m[Kerror: [m[Kâ€˜[01m[Kusing element_type = class IntermediateNode[m[Kâ€™ {aka â€˜[01m[Kclass IntermediateNode[m[Kâ€™} has no member named â€˜[01m[Ksubscription_[m[Kâ€™
[1.337s]   317 |     exec1.set_callback_priority(task2->[01;31m[Ksubscription_[m[K, 30);
[1.337s]       |                                        [01;31m[K^~~~~~~~~~~~~[m[K
[1.337s] [01m[K/home/sauron/ros2-picas/ros2-picas-example/picas_example/src/case_study.cpp:318:40:[m[K [01;31m[Kerror: [m[Kâ€˜[01m[Kusing element_type = class IntermediateNode[m[Kâ€™ {aka â€˜[01m[Kclass IntermediateNode[m[Kâ€™} has no member named â€˜[01m[Ksubscription_[m[Kâ€™
[1.337s]   318 |     exec2.set_callback_priority(task3->[01;31m[Ksubscription_[m[K, 27);
[1.337s]       |                                        [01;31m[K^~~~~~~~~~~~~[m[K
[1.337s] [01m[K/home/sauron/ros2-picas/ros2-picas-example/picas_example/src/case_study.cpp:319:40:[m[K [01;31m[Kerror: [m[Kâ€˜[01m[Kusing element_type = class IntermediateNode[m[Kâ€™ {aka â€˜[01m[Kclass IntermediateNode[m[Kâ€™} has no member named â€˜[01m[Ksubscription_[m[Kâ€™
[1.337s]   319 |     exec2.set_callback_priority(task4->[01;31m[Ksubscription_[m[K, 28);
[1.337s]       |                                        [01;31m[K^~~~~~~~~~~~~[m[K
[1.338s] [01m[K/home/sauron/ros2-picas/ros2-picas-example/picas_example/src/case_study.cpp:320:40:[m[K [01;31m[Kerror: [m[Kâ€˜[01m[Kusing element_type = class IntermediateNode[m[Kâ€™ {aka â€˜[01m[Kclass IntermediateNode[m[Kâ€™} has no member named â€˜[01m[Ksubscription_[m[Kâ€™
[1.338s]   320 |     exec2.set_callback_priority(task5->[01;31m[Ksubscription_[m[K, 29);
[1.338s]       |                                        [01;31m[K^~~~~~~~~~~~~[m[K
[1.338s] [01m[K/home/sauron/ros2-picas/ros2-picas-example/picas_example/src/case_study.cpp:322:40:[m[K [01;31m[Kerror: [m[Kâ€˜[01m[Kusing element_type = class IntermediateNode[m[Kâ€™ {aka â€˜[01m[Kclass IntermediateNode[m[Kâ€™} has no member named â€˜[01m[Ksubscription_[m[Kâ€™
[1.338s]   322 |     exec3.set_callback_priority(task7->[01;31m[Ksubscription_[m[K, 23);
[1.338s]       |                                        [01;31m[K^~~~~~~~~~~~~[m[K
[1.338s] [01m[K/home/sauron/ros2-picas/ros2-picas-example/picas_example/src/case_study.cpp:323:40:[m[K [01;31m[Kerror: [m[Kâ€˜[01m[Kusing element_type = class IntermediateNode[m[Kâ€™ {aka â€˜[01m[Kclass IntermediateNode[m[Kâ€™} has no member named â€˜[01m[Ksubscription_[m[Kâ€™
[1.338s]   323 |     exec3.set_callback_priority(task8->[01;31m[Ksubscription_[m[K, 24);
[1.338s]       |                                        [01;31m[K^~~~~~~~~~~~~[m[K
[1.338s] [01m[K/home/sauron/ros2-picas/ros2-picas-example/picas_example/src/case_study.cpp:324:40:[m[K [01;31m[Kerror: [m[Kâ€˜[01m[Kusing element_type = class IntermediateNode[m[Kâ€™ {aka â€˜[01m[Kclass IntermediateNode[m[Kâ€™} has no member named â€˜[01m[Ksubscription_[m[Kâ€™
[1.338s]   324 |     exec3.set_callback_priority(task9->[01;31m[Ksubscription_[m[K, 25);
[1.338s]       |                                        [01;31m[K^~~~~~~~~~~~~[m[K
[1.338s] [01m[K/home/sauron/ros2-picas/ros2-picas-example/picas_example/src/case_study.cpp:326:41:[m[K [01;31m[Kerror: [m[Kâ€˜[01m[Kusing element_type = class IntermediateNode[m[Kâ€™ {aka â€˜[01m[Kclass IntermediateNode[m[Kâ€™} has no member named â€˜[01m[Ksubscription_[m[Kâ€™
[1.338s]   326 |     exec4.set_callback_priority(task11->[01;31m[Ksubscription_[m[K, 20);
[1.338s]       |                                         [01;31m[K^~~~~~~~~~~~~[m[K
[1.338s] [01m[K/home/sauron/ros2-picas/ros2-picas-example/picas_example/src/case_study.cpp:327:41:[m[K [01;31m[Kerror: [m[Kâ€˜[01m[Kusing element_type = class IntermediateNode[m[Kâ€™ {aka â€˜[01m[Kclass IntermediateNode[m[Kâ€™} has no member named â€˜[01m[Ksubscription_[m[Kâ€™
[1.338s]   327 |     exec4.set_callback_priority(task12->[01;31m[Ksubscription_[m[K, 21);
[1.338s]       |                                         [01;31m[K^~~~~~~~~~~~~[m[K
[1.338s] [01m[K/home/sauron/ros2-picas/ros2-picas-example/picas_example/src/case_study.cpp:329:41:[m[K [01;31m[Kerror: [m[Kâ€˜[01m[Kusing element_type = class IntermediateNode[m[Kâ€™ {aka â€˜[01m[Kclass IntermediateNode[m[Kâ€™} has no member named â€˜[01m[Ksubscription_[m[Kâ€™
[1.338s]   329 |     exec5.set_callback_priority(task14->[01;31m[Ksubscription_[m[K, 16);
[1.338s]       |                                         [01;31m[K^~~~~~~~~~~~~[m[K
[1.338s] [01m[K/home/sauron/ros2-picas/ros2-picas-example/picas_example/src/case_study.cpp:330:41:[m[K [01;31m[Kerror: [m[Kâ€˜[01m[Kusing element_type = class IntermediateNode[m[Kâ€™ {aka â€˜[01m[Kclass IntermediateNode[m[Kâ€™} has no member named â€˜[01m[Ksubscription_[m[Kâ€™
[1.338s]   330 |     exec5.set_callback_priority(task15->[01;31m[Ksubscription_[m[K, 17);
[1.338s]       |                                         [01;31m[K^~~~~~~~~~~~~[m[K
[1.338s] [01m[K/home/sauron/ros2-picas/ros2-picas-example/picas_example/src/case_study.cpp:331:41:[m[K [01;31m[Kerror: [m[Kâ€˜[01m[Kusing element_type = class IntermediateNode[m[Kâ€™ {aka â€˜[01m[Kclass IntermediateNode[m[Kâ€™} has no member named â€˜[01m[Ksubscription_[m[Kâ€™
[1.338s]   331 |     exec5.set_callback_priority(task16->[01;31m[Ksubscription_[m[K, 18);
[1.338s]       |                                         [01;31m[K^~~~~~~~~~~~~[m[K
[1.338s] [01m[K/home/sauron/ros2-picas/ros2-picas-example/picas_example/src/case_study.cpp:333:41:[m[K [01;31m[Kerror: [m[Kâ€˜[01m[Kusing element_type = class IntermediateNode[m[Kâ€™ {aka â€˜[01m[Kclass IntermediateNode[m[Kâ€™} has no member named â€˜[01m[Ksubscription_[m[Kâ€™
[1.338s]   333 |     exec6.set_callback_priority(task18->[01;31m[Ksubscription_[m[K, 14);
[1.338s]       |                                         [01;31m[K^~~~~~~~~~~~~[m[K
[1.338s] [01m[K/home/sauron/ros2-picas/ros2-picas-example/picas_example/src/case_study.cpp:335:41:[m[K [01;31m[Kerror: [m[Kâ€˜[01m[Kusing element_type = class IntermediateNode[m[Kâ€™ {aka â€˜[01m[Kclass IntermediateNode[m[Kâ€™} has no member named â€˜[01m[Ksubscription_[m[Kâ€™
[1.339s]   335 |     exec8.set_callback_priority(task20->[01;31m[Ksubscription_[m[K, 12);
[1.339s]       |                                         [01;31m[K^~~~~~~~~~~~~[m[K
[1.339s] [01m[K/home/sauron/ros2-picas/ros2-picas-example/picas_example/src/case_study.cpp:337:42:[m[K [01;31m[Kerror: [m[Kâ€˜[01m[Kusing element_type = class IntermediateNode[m[Kâ€™ {aka â€˜[01m[Kclass IntermediateNode[m[Kâ€™} has no member named â€˜[01m[Ksubscription_[m[Kâ€™
[1.339s]   337 |     exec10.set_callback_priority(task22->[01;31m[Ksubscription_[m[K, 10);
[1.339s]       |                                          [01;31m[K^~~~~~~~~~~~~[m[K
[1.339s] [01m[K/home/sauron/ros2-picas/ros2-picas-example/picas_example/src/case_study.cpp:339:42:[m[K [01;31m[Kerror: [m[Kâ€˜[01m[Kusing element_type = class IntermediateNode[m[Kâ€™ {aka â€˜[01m[Kclass IntermediateNode[m[Kâ€™} has no member named â€˜[01m[Ksubscription_[m[Kâ€™
[1.339s]   339 |     exec12.set_callback_priority(task24->[01;31m[Ksubscription_[m[K, 8);
[1.339s]       |                                          [01;31m[K^~~~~~~~~~~~~[m[K
[1.339s] [01m[K/home/sauron/ros2-picas/ros2-picas-example/picas_example/src/case_study.cpp:341:42:[m[K [01;31m[Kerror: [m[Kâ€˜[01m[Kusing element_type = class IntermediateNode[m[Kâ€™ {aka â€˜[01m[Kclass IntermediateNode[m[Kâ€™} has no member named â€˜[01m[Ksubscription_[m[Kâ€™
[1.339s]   341 |     exec14.set_callback_priority(task26->[01;31m[Ksubscription_[m[K, 6);
[1.339s]       |                                          [01;31m[K^~~~~~~~~~~~~[m[K
[1.339s] [01m[K/home/sauron/ros2-picas/ros2-picas-example/picas_example/src/case_study.cpp:343:42:[m[K [01;31m[Kerror: [m[Kâ€˜[01m[Kusing element_type = class IntermediateNode[m[Kâ€™ {aka â€˜[01m[Kclass IntermediateNode[m[Kâ€™} has no member named â€˜[01m[Ksubscription_[m[Kâ€™
[1.339s]   343 |     exec16.set_callback_priority(task28->[01;31m[Ksubscription_[m[K, 4);
[1.339s]       |                                          [01;31m[K^~~~~~~~~~~~~[m[K
[1.339s] [01m[K/home/sauron/ros2-picas/ros2-picas-example/picas_example/src/case_study.cpp:345:42:[m[K [01;31m[Kerror: [m[Kâ€˜[01m[Kusing element_type = class IntermediateNode[m[Kâ€™ {aka â€˜[01m[Kclass IntermediateNode[m[Kâ€™} has no member named â€˜[01m[Ksubscription_[m[Kâ€™
[1.339s]   345 |     exec18.set_callback_priority(task30->[01;31m[Ksubscription_[m[K, 2);
[1.339s]       |                                          [01;31m[K^~~~~~~~~~~~~[m[K
[1.622s] gmake[2]: *** [CMakeFiles/case_study.dir/build.make:76: CMakeFiles/case_study.dir/src/case_study.cpp.o] Error 1
[1.623s] gmake[1]: *** [CMakeFiles/Makefile2:165: CMakeFiles/case_study.dir/all] Error 2
[1.623s] gmake: *** [Makefile:146: all] Error 2
[1.624s] Invoked command in '/home/sauron/ros2-picas/build/picas_example' returned '2': AMENT_PREFIX_PATH=/home/sauron/ros2-picas/install/trace_picas:/home/sauron/ros2-picas/install/rclcpp:/home/sauron/ros2-picas/install/picas_msgs:${AMENT_PREFIX_PATH} CMAKE_PREFIX_PATH=/home/sauron/ros2-picas/install/trace_picas:/home/sauron/ros2-picas/install/rclcpp:/home/sauron/ros2-picas/install/picas_msgs:/home/sauron/ros2_humble/install/rosbag2_storage_mcap:/home/sauron/ros2_humble/install/rosbag2:/home/sauron/ros2_humble/install/rosbag2_compression_zstd:/home/sauron/ros2_humble/install/mcap_vendor:/home/sauron/ros2_humble/install/zstd_vendor:/home/sauron/ros2_humble/install/rviz_visual_testing_framework:/home/sauron/ros2_humble/install/rviz2:/home/sauron/ros2_humble/install/rviz_default_plugins:/home/sauron/ros2_humble/install/rviz_common:/home/sauron/ros2_humble/install/rosbag2_py:/home/sauron/ros2_humble/install/rosbag2_transport:/home/sauron/ros2_humble/install/rosbag2_performance_benchmarking:/home/sauron/ros2_humble/install/rosbag2_compression:/home/sauron/ros2_humble/install/rosbag2_cpp:/home/sauron/ros2_humble/install/rosbag2_storage_default_plugins:/home/sauron/ros2_humble/install/rosbag2_storage:/home/sauron/ros2_humble/install/image_common:/home/sauron/ros2_humble/install/camera_info_manager:/home/sauron/ros2_humble/install/camera_calibration_parsers:/home/sauron/ros2_humble/install/yaml_cpp_vendor:/home/sauron/ros2_humble/install/interactive_markers:/home/sauron/ros2_humble/install/common_interfaces:/home/sauron/ros2_humble/install/visualization_msgs:/home/sauron/ros2_humble/install/dummy_robot_bringup:/home/sauron/ros2_humble/install/robot_state_publisher:/home/sauron/ros2_humble/install/kdl_parser:/home/sauron/ros2_humble/install/urdf:/home/sauron/ros2_humble/install/urdfdom:/home/sauron/ros2_humble/install/urdf_parser_plugin:/home/sauron/ros2_humble/install/urdfdom_headers:/home/sauron/ros2_humble/install/turtlesim:/home/sauron/ros2_humble/install/geometry2:/home/sauron/ros2_humble/install/tf2_sensor_msgs:/home/sauron/ros2_humble/install/test_tf2:/home/sauron/ros2_humble/install/tf2_kdl:/home/sauron/ros2_humble/install/tf2_geometry_msgs:/home/sauron/ros2_humble/install/tf2_eigen:/home/sauron/ros2_humble/install/tf2_bullet:/home/sauron/ros2_humble/install/tf2_ros:/home/sauron/ros2_humble/install/tf2_py:/home/sauron/ros2_humble/install/tf2_msgs:/home/sauron/ros2_humble/install/test_msgs:/home/sauron/ros2_humble/install/sros2_cmake:/home/sauron/ros2_humble/install/ros2cli_common_extensions:/home/sauron/ros2_humble/install/rqt_py_common:/home/sauron/ros2_humble/install/ros_testing:/home/sauron/ros2_humble/install/ros2cli_test_interfaces:/home/sauron/ros2_humble/install/quality_of_service_demo_cpp:/home/sauron/ros2_humble/install/image_transport:/home/sauron/ros2_humble/install/message_filters:/home/sauron/ros2_humble/install/demo_nodes_cpp:/home/sauron/ros2_humble/install/composition:/home/sauron/ros2_humble/install/laser_geometry:/home/sauron/ros2_humble/install/rclpy:/home/sauron/ros2_humble/install/examples_rclcpp_minimal_action_server:/home/sauron/ros2_humble/install/examples_rclcpp_minimal_action_client:/home/sauron/ros2_humble/install/action_tutorials_cpp:/home/sauron/ros2_humble/install/rclcpp_action:/home/sauron/ros2_humble/install/rcl_action:/home/sauron/ros2_humble/install/examples_rclcpp_wait_set:/home/sauron/ros2_humble/install/examples_rclcpp_minimal_service:/home/sauron/ros2_humble/install/examples_rclcpp_minimal_client:/home/sauron/ros2_humble/install/examples_rclcpp_async_client:/home/sauron/ros2_humble/install/example_interfaces:/home/sauron/ros2_humble/install/action_tutorials_interfaces:/home/sauron/ros2_humble/install/action_msgs:/home/sauron/ros2_humble/install/unique_identifier_msgs:/home/sauron/ros2_humble/install/ament_lint_common:/home/sauron/ros2_humble/install/ament_cmake_uncrustify:/home/sauron/ros2_humble/install/uncrustify_vendor:/home/sauron/ros2_humble/install/trajectory_msgs:/home/sauron/ros2_humble/install/topic_statistics_demo:/home/sauron/ros2_humble/install/pendulum_control:/home/sauron/ros2_humble/install/tlsf_cpp:/home/sauron/ros2_humble/install/test_tracetools:/home/sauron/ros2_humble/install/rqt_gui_cpp:/home/sauron/ros2_humble/install/rosbag2_test_common:/home/sauron/ros2_humble/install/ros2lifecycle_test_fixtures:/home/sauron/ros2_humble/install/lifecycle:/home/sauron/ros2_humble/install/rclcpp_lifecycle:/home/sauron/ros2_humble/install/logging_demo:/home/sauron/ros2_humble/install/image_tools:/home/sauron/ros2_humble/install/examples_rclcpp_minimal_subscriber:/home/sauron/ros2_humble/install/examples_rclcpp_minimal_composition:/home/sauron/ros2_humble/install/demo_nodes_cpp_native:/home/sauron/ros2_humble/install/rclcpp_components:/home/sauron/ros2_humble/install/intra_process_demo:/home/sauron/ros2_humble/install/examples_rclcpp_multithreaded_executor:/home/sauron/ros2_humble/install/examples_rclcpp_minimal_timer:/home/sauron/ros2_humble/install/examples_rclcpp_minimal_publisher:/home/sauron/ros2_humble/install/examples_rclcpp_cbg_executor:/home/sauron/ros2_humble/install/dummy_sensors:/home/sauron/ros2_humble/install/dummy_map_server:/home/sauron/ros2_humble/install/rclcpp:/home/sauron/ros2_humble/install/rcl_lifecycle:/home/sauron/ros2_humble/install/libstatistics_collector:/home/sauron/ros2_humble/install/rcl:/home/sauron/ros2_humble/install/rmw_implementation:/home/sauron/ros2_humble/install/rmw_fastrtps_dynamic_cpp:/home/sauron/ros2_humble/install/rmw_fastrtps_cpp:/home/sauron/ros2_humble/install/rmw_fastrtps_shared_cpp:/home/sauron/ros2_humble/install/rmw_cyclonedds_cpp:/home/sauron/ros2_humble/install/tracetools:/home/sauron/ros2_humble/install/tlsf:/home/sauron/ros2_humble/install/tinyxml_vendor:/home/sauron/ros2_humble/install/qt_gui_core:/home/sauron/ros2_humble/install/qt_gui_cpp:/home/sauron/ros2_humble/install/pluginlib:/home/sauron/ros2_humble/install/tinyxml2_vendor:/home/sauron/ros2_humble/install/tf2_eigen_kdl:/home/sauron/ros2_humble/install/tf2:/home/sauron/ros2_humble/install/test_security:/home/sauron/ros2_humble/install/test_rmw_implementation:/home/sauron/ros2_humble/install/test_rclcpp:/home/sauron/ros2_humble/install/test_quality_of_service:/home/sauron/ros2_humble/install/test_launch_testing:/home/sauron/ros2_humble/install/test_interface_files:/home/sauron/ros2_humble/install/test_communication:/home/sauron/ros2_humble/install/test_cli_remapping:/home/sauron/ros2_humble/install/test_cli:/home/sauron/ros2_humble/install/qt_gui_app:/home/sauron/ros2_humble/install/qt_gui:/home/sauron/ros2_humble/install/tango_icons_vendor:/home/sauron/ros2_humble/install/stereo_msgs:/home/sauron/ros2_humble/install/std_srvs:/home/sauron/ros2_humble/install/shape_msgs:/home/sauron/ros2_humble/install/map_msgs:/home/sauron/ros2_humble/install/sensor_msgs:/home/sauron/ros2_humble/install/nav_msgs:/home/sauron/ros2_humble/install/diagnostic_msgs:/home/sauron/ros2_humble/install/geometry_msgs:/home/sauron/ros2_humble/install/actionlib_msgs:/home/sauron/ros2_humble/install/std_msgs:/home/sauron/ros2_humble/install/statistics_msgs:/home/sauron/ros2_humble/install/sqlite3_vendor:/home/sauron/ros2_humble/install/rcl_logging_spdlog:/home/sauron/ros2_humble/install/spdlog_vendor:/home/sauron/ros2_humble/install/shared_queues_vendor:/home/sauron/ros2_humble/install/rviz_rendering_tests:/home/sauron/ros2_humble/install/rviz_rendering:/home/sauron/ros2_humble/install/rviz_ogre_vendor:/home/sauron/ros2_humble/install/rviz_assimp_vendor:/home/sauron/ros2_humble/install/rttest:/home/sauron/ros2_humble/install/rmw_connextddsmicro:/home/sauron/ros2_humble/install/rmw_connextdds:/home/sauron/ros2_humble/install/rmw_connextdds_common:/home/sauron/ros2_humble/install/rti_connext_dds_cmake_module:/home/sauron/ros2_humble/install/rosgraph_msgs:/home/sauron/ros2_humble/install/rosbag2_interfaces:/home/sauron/ros2_humble/install/rmw_dds_common:/home/sauron/ros2_humble/install/composition_interfaces:/home/sauron/ros2_humble/install/rcl_interfaces:/home/sauron/ros2_humble/install/pendulum_msgs:/home/sauron/ros2_humble/install/lifecycle_msgs:/home/sauron/ros2_humble/install/builtin_interfaces:/home/sauron/ros2_humble/install/rosidl_default_runtime:/home/sauron/ros2_humble/install/rosidl_default_generators:/home/sauron/ros2_humble/install/rosidl_generator_py:/home/sauron/ros2_humble/install/rosidl_typesupport_introspection_tests:/home/sauron/ros2_humble/install/rosidl_typesupport_cpp:/home/sauron/ros2_humble/install/rosidl_typesupport_introspection_cpp:/home/sauron/ros2_humble/install/rosidl_typesupport_c:/home/sauron/ros2_humble/install/rosidl_typesupport_introspection_c:/home/sauron/ros2_humble/install/rosidl_typesupport_fastrtps_c:/home/sauron/ros2_humble/install/rosidl_typesupport_fastrtps_cpp:/home/sauron/ros2_humble/install/rosidl_generator_cpp:/home/sauron/ros2_humble/install/rosidl_runtime_cpp:/home/sauron/ros2_humble/install/rcl_yaml_param_parser:/home/sauron/ros2_humble/install/rmw:/home/sauron/ros2_humble/install/rosidl_runtime_c:/home/sauron/ros2_humble/install/rosidl_generator_c:/home/sauron/ros2_humble/install/rosidl_typesupport_interface:/home/sauron/ros2_humble/install/rosidl_generator_dds_idl:/home/sauron/ros2_humble/install/rosidl_cmake:/home/sauron/ros2_humble/install/rosidl_parser:/home/sauron/ros2_humble/install/rosidl_adapter:/home/sauron/ros2_humble/install/rosbag2_tests:/home/sauron/ros2_humble/install/rosbag2_storage_mcap_testdata:/home/sauron/ros2_humble/install/ros_environment:/home/sauron/ros2_humble/install/rmw_implementation_cmake:/home/sauron/ros2_humble/install/resource_retriever:/home/sauron/ros2_humble/install/class_loader:/home/sauron/ros2_humble/install/rcpputils:/home/sauron/ros2_humble/install/rcl_logging_noop:/home/sauron/ros2_humble/install/rcl_logging_interface:/home/sauron/ros2_humble/install/rcutils:/home/sauron/ros2_humble/install/qt_gui_py_common:/home/sauron/ros2_humble/install/qt_dotgraph:/home/sauron/ros2_humble/install/python_qt_binding:/home/sauron/ros2_humble/install/python_orocos_kdl_vendor:/home/sauron/ros2_humble/install/launch_testing_ament_cmake:/home/sauron/ros2_humble/install/python_cmake_module:/home/sauron/ros2_humble/install/pybind11_vendor:/home/sauron/ros2_humble/install/performance_test_fixture:/home/sauron/ros2_humble/install/osrf_testing_tools_cpp:/home/sauron/ros2_humble/install/orocos_kdl_vendor:/home/sauron/ros2_humble/install/mimick_vendor:/home/sauron/ros2_humble/install/libyaml_vendor:/home/sauron/ros2_humble/install/libcurl_vendor:/home/sauron/ros2_humble/install/keyboard_handler:/home/sauron/ros2_humble/install/cyclonedds:/home/sauron/ros2_humble/install/iceoryx_posh:/home/sauron/ros2_humble/install/iceoryx_hoofs:/home/sauron/ros2_humble/install/iceoryx_binding_c:/home/sauron/ros2_humble/install/ament_cmake_ros:/home/sauron/ros2_humble/install/ament_cmake_gmock:/home/sauron/ros2_humble/install/gmock_vendor:/home/sauron/ros2_humble/install/ament_cmake_auto:/home/sauron/ros2_humble/install/ament_cmake_gtest:/home/sauron/ros2_humble/install/gtest_vendor:/home/sauron/ros2_humble/install/ament_cmake_google_benchmark:/home/sauron/ros2_humble/install/google_benchmark_vendor:/home/sauron/ros2_humble/install/fastrtps:/home/sauron/ros2_humble/install/foonathan_memory_vendor:/home/sauron/ros2_humble/install/fastrtps_cmake_module:/home/sauron/ros2_humble/install/fastcdr:/home/sauron/ros2_humble/install/eigen3_cmake_module:/home/sauron/ros2_humble/install/console_bridge_vendor:/home/sauron/ros2_humble/install/ament_cmake_xmllint:/home/sauron/ros2_humble/install/ament_cmake_pyflakes:/home/sauron/ros2_humble/install/ament_cmake_pycodestyle:/home/sauron/ros2_humble/install/ament_cmake_pep257:/home/sauron/ros2_humble/install/ament_cmake_pclint:/home/sauron/ros2_humble/install/ament_lint_auto:/home/sauron/ros2_humble/install/ament_cmake:/home/sauron/ros2_humble/install/ament_cmake_version:/home/sauron/ros2_humble/install/ament_cmake_pytest:/home/sauron/ros2_humble/install/ament_cmake_nose:/home/sauron/ros2_humble/install/ament_cmake_mypy:/home/sauron/ros2_humble/install/ament_cmake_lint_cmake:/home/sauron/ros2_humble/install/ament_cmake_flake8:/home/sauron/ros2_humble/install/ament_cmake_cpplint:/home/sauron/ros2_humble/install/ament_cmake_cppcheck:/home/sauron/ros2_humble/install/ament_cmake_copyright:/home/sauron/ros2_humble/install/ament_cmake_clang_tidy:/home/sauron/ros2_humble/install/ament_cmake_clang_format:/home/sauron/ros2_humble/install/ament_cmake_test:/home/sauron/ros2_humble/install/ament_cmake_target_dependencies:/home/sauron/ros2_humble/install/ament_cmake_python:/home/sauron/ros2_humble/install/ament_cmake_export_dependencies:/home/sauron/ros2_humble/install/ament_cmake_libraries:/home/sauron/ros2_humble/install/ament_cmake_include_directories:/home/sauron/ros2_humble/install/ament_cmake_gen_version_h:/home/sauron/ros2_humble/install/ament_cmake_export_targets:/home/sauron/ros2_humble/install/ament_cmake_export_link_flags:/home/sauron/ros2_humble/install/ament_cmake_export_interfaces:/home/sauron/ros2_humble/install/ament_cmake_export_libraries:/home/sauron/ros2_humble/install/ament_cmake_export_include_directories:/home/sauron/ros2_humble/install/ament_cmake_export_definitions:/home/sauron/ros2_humble/install/ament_cmake_core:/home/sauron/ros2_humble/install/ament_index_cpp:/home/sauron/ros2_humble/install/rqt_bag_plugins:/home/sauron/ros2_humble/install/rqt_bag:/home/sauron/ros2_humble/install/ros2bag:/home/sauron/ros2_humble/install/tracetools_test:/home/sauron/ros2_humble/install/tracetools_launch:/home/sauron/ros2_humble/install/topic_monitor:/home/sauron/ros2_humble/install/tf2_tools:/home/sauron/ros2_humble/install/examples_tf2_py:/home/sauron/ros2_humble/install/tf2_ros_py:/home/sauron/ros2_humble/install/sros2:/home/sauron/ros2_humble/install/rqt_topic:/home/sauron/ros2_humble/install/rqt_srv:/home/sauron/ros2_humble/install/rqt_shell:/home/sauron/ros2_humble/install/rqt_service_caller:/home/sauron/ros2_humble/install/rqt_reconfigure:/home/sauron/ros2_humble/install/rqt_py_console:/home/sauron/ros2_humble/install/rqt_publisher:/home/sauron/ros2_humble/install/rqt_plot:/home/sauron/ros2_humble/install/rqt_action:/home/sauron/ros2_humble/install/rqt_msg:/home/sauron/ros2_humble/install/rqt_console:/home/sauron/ros2_humble/install/rqt:/home/sauron/ros2_humble/install/rqt_graph:/home/sauron/ros2_humble/install/rqt_gui_py:/home/sauron/ros2_humble/install/rqt_gui:/home/sauron/ros2_humble/install/ros2trace:/home/sauron/ros2_humble/install/ros2topic:/home/sauron/ros2_humble/install/ros2test:/home/sauron/ros2_humble/install/ros2component:/home/sauron/ros2_humble/install/ros2param:/home/sauron/ros2_humble/install/ros2lifecycle:/home/sauron/ros2_humble/install/ros2service:/home/sauron/ros2_humble/install/ros2run:/home/sauron/ros2_humble/install/ros2launch:/home/sauron/ros2_humble/install/ros2pkg:/home/sauron/ros2_humble/install/ros2node:/home/sauron/ros2_humble/install/ros2multicast:/home/sauron/ros2_humble/install/ros2interface:/home/sauron/ros2_humble/install/ros2doctor:/home/sauron/ros2_humble/install/ros2action:/home/sauron/ros2_humble/install/ros2cli:/home/sauron/ros2_humble/install/quality_of_service_demo_py:/home/sauron/ros2_humble/install/lifecycle_py:/home/sauron/ros2_humble/install/launch_testing_ros:/home/sauron/ros2_humble/install/launch_ros:/home/sauron/ros2_humble/install/examples_rclpy_pointcloud_publisher:/home/sauron/ros2_humble/install/examples_rclpy_minimal_subscriber:/home/sauron/ros2_humble/install/examples_rclpy_minimal_service:/home/sauron/ros2_humble/install/examples_rclpy_minimal_publisher:/home/sauron/ros2_humble/install/examples_rclpy_minimal_client:/home/sauron/ros2_humble/install/examples_rclpy_minimal_action_server:/home/sauron/ros2_humble/install/examples_rclpy_minimal_action_client:/home/sauron/ros2_humble/install/examples_rclpy_guard_conditions:/home/sauron/ros2_humble/install/examples_rclpy_executors:/home/sauron/ros2_humble/install/demo_nodes_py:/home/sauron/ros2_humble/install/action_tutorials_py:/home/sauron/ros2_humble/install/ament_uncrustify:/home/sauron/ros2_humble/install/tracetools_trace:/home/sauron/ros2_humble/install/tracetools_read:/home/sauron/ros2_humble/install/test_tracetools_launch:/home/sauron/ros2_humble/install/test_launch_ros:/home/sauron/ros2_humble/install/sensor_msgs_py:/home/sauron/ros2_humble/install/rpyutils:/home/sauron/ros2_humble/install/rosidl_runtime_py:/home/sauron/ros2_humble/install/rosidl_cli:/home/sauron/ros2_humble/install/launch_pytest:/home/sauron/ros2_humble/install/launch_testing:/home/sauron/ros2_humble/install/launch_yaml:/home/sauron/ros2_humble/install/launch_xml:/home/sauron/ros2_humble/install/launch:/home/sauron/ros2_humble/install/osrf_pycommon:/home/sauron/ros2_humble/install/launch_testing_examples:/home/sauron/ros2_humble/install/domain_coordinator:/home/sauron/ros2_humble/install/ament_xmllint:/home/sauron/ros2_humble/install/ament_pyflakes:/home/sauron/ros2_humble/install/ament_pycodestyle:/home/sauron/ros2_humble/install/ament_pep257:/home/sauron/ros2_humble/install/ament_pclint:/home/sauron/ros2_humble/install/ament_package:/home/sauron/ros2_humble/install/ament_mypy:/home/sauron/ros2_humble/install/ament_lint_cmake:/home/sauron/ros2_humble/install/ament_flake8:/home/sauron/ros2_humble/install/ament_copyright:/home/sauron/ros2_humble/install/ament_lint:/home/sauron/ros2_humble/install/ament_index_python:/home/sauron/ros2_humble/install/ament_cpplint:/home/sauron/ros2_humble/install/ament_cppcheck:/home/sauron/ros2_humble/install/ament_clang_tidy:/home/sauron/ros2_humble/install/ament_clang_format LD_LIBRARY_PATH=/home/sauron/ros2-picas/install/trace_picas/lib:/home/sauron/ros2-picas/install/rclcpp/lib:/home/sauron/ros2-picas/install/picas_msgs/lib:/home/sauron/ros2_humble/install/rosbag2_storage_mcap/lib:/home/sauron/ros2_humble/install/rosbag2_compression_zstd/lib:/home/sauron/ros2_humble/install/mcap_vendor/lib:/home/sauron/ros2_humble/install/zstd_vendor/lib:/home/sauron/ros2_humble/install/rviz_default_plugins/lib:/home/sauron/ros2_humble/install/rviz_common/lib:/home/sauron/ros2_humble/install/rosbag2_transport/lib:/home/sauron/ros2_humble/install/rosbag2_compression/lib:/home/sauron/ros2_humble/install/rosbag2_cpp/lib:/home/sauron/ros2_humble/install/rosbag2_storage_default_plugins/lib:/home/sauron/ros2_humble/install/rosbag2_storage/lib:/home/sauron/ros2_humble/install/camera_info_manager/lib:/home/sauron/ros2_humble/install/camera_calibration_parsers/lib:/home/sauron/ros2_humble/install/interactive_markers/lib:/home/sauron/ros2_humble/install/visualization_msgs/lib:/home/sauron/ros2_humble/install/robot_state_publisher/lib:/home/sauron/ros2_humble/install/kdl_parser/lib:/home/sauron/ros2_humble/install/urdf/lib:/home/sauron/ros2_humble/install/urdfdom/lib:/home/sauron/ros2_humble/install/turtlesim/lib:/home/sauron/ros2_humble/install/tf2_ros/lib:/home/sauron/ros2_humble/install/tf2_msgs/lib:/home/sauron/ros2_humble/install/test_msgs/lib:/home/sauron/ros2_humble/install/ros2cli_test_interfaces/lib:/home/sauron/ros2_humble/install/quality_of_service_demo_cpp/lib:/home/sauron/ros2_humble/install/image_transport/lib:/home/sauron/ros2_humble/install/message_filters/lib:/home/sauron/ros2_humble/install/demo_nodes_cpp/lib:/home/sauron/ros2_humble/install/composition/lib:/home/sauron/ros2_humble/install/laser_geometry/lib:/home/sauron/ros2_humble/install/rclpy/lib:/home/sauron/ros2_humble/install/action_tutorials_cpp/lib:/home/sauron/ros2_humble/install/rclcpp_action/lib:/home/sauron/ros2_humble/install/rcl_action/lib:/home/sauron/ros2_humble/install/examples_rclcpp_wait_set/lib:/home/sauron/ros2_humble/install/example_interfaces/lib:/home/sauron/ros2_humble/install/action_tutorials_interfaces/lib:/home/sauron/ros2_humble/install/action_msgs/lib:/home/sauron/ros2_humble/install/unique_identifier_msgs/lib:/home/sauron/ros2_humble/install/trajectory_msgs/lib:/home/sauron/ros2_humble/install/rqt_gui_cpp/lib:/home/sauron/ros2_humble/install/rclcpp_lifecycle/lib:/home/sauron/ros2_humble/install/logging_demo/lib:/home/sauron/ros2_humble/install/image_tools/lib:/home/sauron/ros2_humble/install/examples_rclcpp_minimal_subscriber/lib:/home/sauron/ros2_humble/install/examples_rclcpp_minimal_composition/lib:/home/sauron/ros2_humble/install/demo_nodes_cpp_native/lib:/home/sauron/ros2_humble/install/rclcpp_components/lib:/home/sauron/ros2_humble/install/rclcpp/lib:/home/sauron/ros2_humble/install/rcl_lifecycle/lib:/home/sauron/ros2_humble/install/libstatistics_collector/lib:/home/sauron/ros2_humble/install/rcl/lib:/home/sauron/ros2_humble/install/rmw_implementation/lib:/home/sauron/ros2_humble/install/rmw_fastrtps_dynamic_cpp/lib:/home/sauron/ros2_humble/install/rmw_fastrtps_cpp/lib:/home/sauron/ros2_humble/install/rmw_fastrtps_shared_cpp/lib:/home/sauron/ros2_humble/install/rmw_cyclonedds_cpp/lib:/home/sauron/ros2_humble/install/tracetools/lib:/home/sauron/ros2_humble/install/qt_gui_cpp/lib:/home/sauron/ros2_humble/install/tf2_eigen_kdl/lib:/home/sauron/ros2_humble/install/tf2/lib:/home/sauron/ros2_humble/install/stereo_msgs/lib:/home/sauron/ros2_humble/install/std_srvs/lib:/home/sauron/ros2_humble/install/shape_msgs/lib:/home/sauron/ros2_humble/install/map_msgs/lib:/home/sauron/ros2_humble/install/sensor_msgs/lib:/home/sauron/ros2_humble/install/nav_msgs/lib:/home/sauron/ros2_humble/install/diagnostic_msgs/lib:/home/sauron/ros2_humble/install/geometry_msgs/lib:/home/sauron/ros2_humble/install/actionlib_msgs/lib:/home/sauron/ros2_humble/install/std_msgs/lib:/home/sauron/ros2_humble/install/statistics_msgs/lib:/home/sauron/ros2_humble/install/rcl_logging_spdlog/lib:/home/sauron/ros2_humble/install/rviz_rendering/lib:/home/sauron/ros2_humble/install/rviz_ogre_vendor/opt/rviz_ogre_vendor/lib:/home/sauron/ros2_humble/install/rttest/lib:/home/sauron/ros2_humble/install/rosgraph_msgs/lib:/home/sauron/ros2_humble/install/rosbag2_interfaces/lib:/home/sauron/ros2_humble/install/rmw_dds_common/lib:/home/sauron/ros2_humble/install/composition_interfaces/lib:/home/sauron/ros2_humble/install/rcl_interfaces/lib:/home/sauron/ros2_humble/install/pendulum_msgs/lib:/home/sauron/ros2_humble/install/lifecycle_msgs/lib:/home/sauron/ros2_humble/install/builtin_interfaces/lib:/home/sauron/ros2_humble/install/rosidl_typesupport_cpp/lib:/home/sauron/ros2_humble/install/rosidl_typesupport_introspection_cpp/lib:/home/sauron/ros2_humble/install/rosidl_typesupport_c/lib:/home/sauron/ros2_humble/install/rosidl_typesupport_introspection_c/lib:/home/sauron/ros2_humble/install/rosidl_typesupport_fastrtps_c/lib:/home/sauron/ros2_humble/install/rosidl_typesupport_fastrtps_cpp/lib:/home/sauron/ros2_humble/install/rcl_yaml_param_parser/lib:/home/sauron/ros2_humble/install/rmw/lib:/home/sauron/ros2_humble/install/rosidl_runtime_c/lib:/home/sauron/ros2_humble/install/rosbag2_storage_mcap_testdata/lib:/home/sauron/ros2_humble/install/resource_retriever/lib:/home/sauron/ros2_humble/install/class_loader/lib:/home/sauron/ros2_humble/install/rcpputils/lib:/home/sauron/ros2_humble/install/rcl_logging_noop/lib:/home/sauron/ros2_humble/install/rcl_logging_interface/lib:/home/sauron/ros2_humble/install/rcutils/lib:/home/sauron/ros2_humble/install/performance_test_fixture/lib:/home/sauron/ros2_humble/install/osrf_testing_tools_cpp/lib:/home/sauron/ros2_humble/install/mimick_vendor/lib:/home/sauron/ros2_humble/install/libyaml_vendor/lib:/home/sauron/ros2_humble/install/keyboard_handler/lib:/home/sauron/ros2_humble/install/cyclonedds/lib:/home/sauron/ros2_humble/install/iceoryx_posh/lib:/home/sauron/ros2_humble/install/iceoryx_hoofs/lib:/home/sauron/ros2_humble/install/iceoryx_binding_c/lib:/home/sauron/ros2_humble/install/google_benchmark_vendor/lib:/home/sauron/ros2_humble/install/fastrtps/lib:/home/sauron/ros2_humble/install/fastcdr/lib:/home/sauron/ros2_humble/install/ament_index_cpp/lib:/usr/local/cuda/lib64:/usr/local/cuda/lib64 PYTHONPATH=/home/sauron/ros2-picas/install/picas_msgs/local/lib/python3.10/dist-packages:${PYTHONPATH} /usr/bin/cmake --build /home/sauron/ros2-picas/build/picas_example -- -j20 -l20
