-- Found ament_cmake: 1.3.3 (/home/sauron/ros2_humble/install/ament_cmake/share/ament_cmake/cmake)
-- Found rclcpp: 16.0.3 (/home/sauron/ros2-picas/install/rclcpp/share/rclcpp/cmake)
-- Found rosidl_generator_c: 3.1.4 (/home/sauron/ros2_humble/install/rosidl_generator_c/share/rosidl_generator_c/cmake)
-- Found rosidl_adapter: 3.1.4 (/home/sauron/ros2_humble/install/rosidl_adapter/share/rosidl_adapter/cmake)
-- Found rosidl_generator_cpp: 3.1.4 (/home/sauron/ros2_humble/install/rosidl_generator_cpp/share/rosidl_generator_cpp/cmake)
-- Using all available rosidl_typesupport_c: rosidl_typesupport_introspection_c;rosidl_typesupport_fastrtps_c
-- Using all available rosidl_typesupport_cpp: rosidl_typesupport_introspection_cpp;rosidl_typesupport_fastrtps_cpp
-- Found rmw_implementation_cmake: 6.1.1 (/home/sauron/ros2_humble/install/rmw_implementation_cmake/share/rmw_implementation_cmake/cmake)
-- Found rmw_fastrtps_cpp: 6.2.2 (/home/sauron/ros2_humble/install/rmw_fastrtps_cpp/share/rmw_fastrtps_cpp/cmake)
-- Using RMW implementation 'rmw_fastrtps_cpp' as default
-- Found picas_msgs: 1.2.1 (/home/sauron/ros2-picas/install/picas_msgs/share/picas_msgs/cmake)
-- Found trace_picas: 0.0.0 (/home/sauron/ros2-picas/install/trace_picas/share/trace_picas/cmake)
-- Found ament_lint_auto: 0.12.5 (/home/sauron/ros2_humble/install/ament_lint_auto/share/ament_lint_auto/cmake)
-- Added test 'copyright' to check source files copyright and LICENSE
-- Added test 'cppcheck' to perform static code analysis on C / C++ code
-- Configured cppcheck include dirs: 
-- Configured cppcheck exclude dirs and/or files: 
-- Added test 'cpplint' to check C / C++ code against the Google style
-- Configured cpplint exclude dirs and/or files: 
-- Added test 'lint_cmake' to check CMake code style
-- Added test 'uncrustify' to check C / C++ code style
-- Configured uncrustify additional arguments: 
-- Added test 'xmllint' to check XML markup files
-- Configuring done
-- Generating done
-- Build files have been written to: /home/sauron/ros2-picas/build/picas_example
[35m[1mConsolidate compiler generated dependencies of target example[0m
[35m[1mConsolidate compiler generated dependencies of target case_study[0m
[ 50%] [32mBuilding CXX object CMakeFiles/case_study.dir/src/case_study.cpp.o[0m
[ 50%] [32mBuilding CXX object CMakeFiles/example.dir/src/example.cpp.o[0m
[01m[K/home/sauron/ros2-picas/ros2-picas-example/picas_example/src/case_study.cpp:18:10:[m[K [01;31m[Kfatal error: [m[Ktest_msgs/msg/detail/test_string__struct.hpp: No such file or directory
   18 | #include [01;31m[K"test_msgs/msg/detail/test_string__struct.hpp"[m[K
      |          [01;31m[K^~~~~~~~~~~~~~~~~~~~~~~~~~~~~~~~~~~~~~~~~~~~~~[m[K
compilation terminated.
[01m[K/home/sauron/ros2-picas/ros2-picas-example/picas_example/src/example.cpp:18:10:[m[K [01;31m[Kfatal error: [m[Ktest_msgs/msg/detail/test_string__struct.hpp: No such file or directory
   18 | #include [01;31m[K"test_msgs/msg/detail/test_string__struct.hpp"[m[K
      |          [01;31m[K^~~~~~~~~~~~~~~~~~~~~~~~~~~~~~~~~~~~~~~~~~~~~~[m[K
compilation terminated.
gmake[2]: *** [CMakeFiles/example.dir/build.make:76: CMakeFiles/example.dir/src/example.cpp.o] Error 1
gmake[2]: *** [CMakeFiles/case_study.dir/build.make:76: CMakeFiles/case_study.dir/src/case_study.cpp.o] Error 1
gmake[1]: *** [CMakeFiles/Makefile2:139: CMakeFiles/example.dir/all] Error 2
gmake[1]: *** Waiting for unfinished jobs....
gmake[1]: *** [CMakeFiles/Makefile2:165: CMakeFiles/case_study.dir/all] Error 2
gmake: *** [Makefile:146: all] Error 2
