[01m[K/home/sauron/ros2-picas/ros2-picas-example/picas_example/src/case_study.cpp:25:1:[m[K [01;31m[Kerror: [m[Kâ€˜[01m[Kå‘ä¸ª[m[Kâ€™ does not name a type
   25 | [01;31m[Kå‘ä¸ª[m[K
      | [01;31m[K^~~~[m[K
[01m[K/home/sauron/ros2-picas/ros2-picas-example/picas_example/src/case_study.cpp:[m[K In function â€˜[01m[Kvoid dummy_load(int)[m[Kâ€™:
[01m[K/home/sauron/ros2-picas/ros2-picas-example/picas_example/src/case_study.cpp:34:21:[m[K [01;31m[Kerror: [m[Kâ€˜[01m[Kdummy_load_calib[m[Kâ€™ was not declared in this scope; did you mean â€˜[01m[Kdummy_load[m[Kâ€™?
   34 |     for (j = 0; j < [01;31m[Kdummy_load_calib[m[K * load_ms; j++)
      |                     [01;31m[K^~~~~~~~~~~~~~~~[m[K
      |                     [32m[Kdummy_load[m[K
[01m[K/home/sauron/ros2-picas/ros2-picas-example/picas_example/src/case_study.cpp:[m[K At global scope:
[01m[K/home/sauron/ros2-picas/ros2-picas-example/picas_example/src/case_study.cpp:439:2:[m[K [01;31m[Kerror: [m[Kexpected â€˜[01m[K}[m[Kâ€™ at end of input
  439 | }
      |  [01;31m[K^[m[K
[01m[K/home/sauron/ros2-picas/ros2-picas-example/picas_example/src/case_study.cpp:42:1:[m[K [01;36m[Knote: [m[Kto match this â€˜[01m[K{[m[Kâ€™
   42 | [01;36m[K{[m[K
      | [01;36m[K^[m[K
[01m[K/home/sauron/ros2-picas/ros2-picas-example/picas_example/src/case_study.cpp:[m[K In constructor â€˜[01m[KStartNode::StartNode(std::string, std::string, std::shared_ptr<trace::Trace>, int, int, bool)[m[Kâ€™:
[01m[K/home/sauron/ros2-picas/ros2-picas-example/picas_example/src/case_study.cpp:45:100:[m[K [01;31m[Kerror: [m[Kclass â€˜[01m[KStartNode[m[Kâ€™ does not have any field named â€˜[01m[Kcount_[m[Kâ€™
   45 |         : Node(node_name, rclcpp::NodeOptions().use_intra_process_comms(USE_INTRA_PROCESS_COMMS)), [01;31m[Kcount_[m[K(0), trace_callbacks_(trace_ptr), exe_time_(exe_time), period_(period), end_flag_(end_flag)
      |                                                                                                    [01;31m[K^~~~~~[m[K
[01m[K/home/sauron/ros2-picas/ros2-picas-example/picas_example/src/case_study.cpp:45:111:[m[K [01;31m[Kerror: [m[Kclass â€˜[01m[KStartNode[m[Kâ€™ does not have any field named â€˜[01m[Ktrace_callbacks_[m[Kâ€™
   45 |         : Node(node_name, rclcpp::NodeOptions().use_intra_process_comms(USE_INTRA_PROCESS_COMMS)), count_(0), [01;31m[Ktrace_callbacks_[m[K(trace_ptr), exe_time_(exe_time), period_(period), end_flag_(end_flag)
      |                                                                                                               [01;31m[K^~~~~~~~~~~~~~~~[m[K
[01m[K/home/sauron/ros2-picas/ros2-picas-example/picas_example/src/case_study.cpp:45:140:[m[K [01;31m[Kerror: [m[Kclass â€˜[01m[KStartNode[m[Kâ€™ does not have any field named â€˜[01m[Kexe_time_[m[Kâ€™
   45 |         : Node(node_name, rclcpp::NodeOptions().use_intra_process_comms(USE_INTRA_PROCESS_COMMS)), count_(0), trace_callbacks_(trace_ptr), [01;31m[Kexe_time_[m[K(exe_time), period_(period), end_flag_(end_flag)
      |                                                                                                                                            [01;31m[K^~~~~~~~~[m[K
[01m[K/home/sauron/ros2-picas/ros2-picas-example/picas_example/src/case_study.cpp:45:161:[m[K [01;31m[Kerror: [m[Kclass â€˜[01m[KStartNode[m[Kâ€™ does not have any field named â€˜[01m[Kperiod_[m[Kâ€™
   45 |         : Node(node_name, rclcpp::NodeOptions().use_intra_process_comms(USE_INTRA_PROCESS_COMMS)), count_(0), trace_callbacks_(trace_ptr), exe_time_(exe_time), [01;31m[Kperiod_[m[K(period), end_flag_(end_flag)
      |                                                                                                                                                                 [01;31m[K^~~~~~~[m[K
[01m[K/home/sauron/ros2-picas/ros2-picas-example/picas_example/src/case_study.cpp:45:178:[m[K [01;31m[Kerror: [m[Kclass â€˜[01m[KStartNode[m[Kâ€™ does not have any field named â€˜[01m[Kend_flag_[m[Kâ€™
   45 |         : Node(node_name, rclcpp::NodeOptions().use_intra_process_comms(USE_INTRA_PROCESS_COMMS)), count_(0), trace_callbacks_(trace_ptr), exe_time_(exe_time), period_(period), [01;31m[Kend_flag_[m[K(end_flag)
      |                                                                                                                                                                                  [01;31m[K^~~~~~~~~[m[K
[01m[K/home/sauron/ros2-picas/ros2-picas-example/picas_example/src/case_study.cpp:48:9:[m[K [01;31m[Kerror: [m[Kâ€˜[01m[Kpublisher_[m[Kâ€™ was not declared in this scope; did you mean â€˜[01m[Krmw_publisher_t[m[Kâ€™?
   48 |         [01;31m[Kpublisher_[m[K = this->create_publisher<test_msgs::msg::TestString>(pub_topic, 1);
      |         [01;31m[K^~~~~~~~~~[m[K
      |         [32m[Krmw_publisher_t[m[K
[01m[K/home/sauron/ros2-picas/ros2-picas-example/picas_example/src/case_study.cpp:50:13:[m[K [01;31m[Kerror: [m[Kâ€˜[01m[Kperiod_[m[Kâ€™ was not declared in this scope; did you mean â€˜[01m[Kperiod[m[Kâ€™?
   50 |         if ([01;31m[Kperiod_[m[K == 70)
      |             [01;31m[K^~~~~~~[m[K
      |             [32m[Kperiod[m[K
[01m[K/home/sauron/ros2-picas/ros2-picas-example/picas_example/src/case_study.cpp:51:13:[m[K [01;31m[Kerror: [m[Kâ€˜[01m[Ktimer_[m[Kâ€™ was not declared in this scope; did you mean â€˜[01m[Ktimer_t[m[Kâ€™?
   51 |             [01;31m[Ktimer_[m[K = this->create_wall_timer(70ms, std::bind(&StartNode::timer_callback, this));
      |             [01;31m[K^~~~~~[m[K
      |             [32m[Ktimer_t[m[K
[01m[K/home/sauron/ros2-picas/ros2-picas-example/picas_example/src/case_study.cpp:51:74:[m[K [01;31m[Kerror: [m[Kâ€˜[01m[Ktimer_callback[m[Kâ€™ is not a member of â€˜[01m[KStartNode[m[Kâ€™
   51 |             timer_ = this->create_wall_timer(70ms, std::bind(&StartNode::[01;31m[Ktimer_callback[m[K, this));
      |                                                                          [01;31m[K^~~~~~~~~~~~~~[m[K
[01m[K/home/sauron/ros2-picas/ros2-picas-example/picas_example/src/case_study.cpp:53:13:[m[K [01;31m[Kerror: [m[Kâ€˜[01m[Ktimer_[m[Kâ€™ was not declared in this scope; did you mean â€˜[01m[Ktimer_t[m[Kâ€™?
   53 |             [01;31m[Ktimer_[m[K = this->create_wall_timer(80ms, std::bind(&StartNode::timer_callback, this));
      |             [01;31m[K^~~~~~[m[K
      |             [32m[Ktimer_t[m[K
[01m[K/home/sauron/ros2-picas/ros2-picas-example/picas_example/src/case_study.cpp:53:74:[m[K [01;31m[Kerror: [m[Kâ€˜[01m[Ktimer_callback[m[Kâ€™ is not a member of â€˜[01m[KStartNode[m[Kâ€™
   53 |             timer_ = this->create_wall_timer(80ms, std::bind(&StartNode::[01;31m[Ktimer_callback[m[K, this));
      |                                                                          [01;31m[K^~~~~~~~~~~~~~[m[K
[01m[K/home/sauron/ros2-picas/ros2-picas-example/picas_example/src/case_study.cpp:55:13:[m[K [01;31m[Kerror: [m[Kâ€˜[01m[Ktimer_[m[Kâ€™ was not declared in this scope; did you mean â€˜[01m[Ktimer_t[m[Kâ€™?
   55 |             [01;31m[Ktimer_[m[K = this->create_wall_timer(100ms, std::bind(&StartNode::timer_callback, this));
      |             [01;31m[K^~~~~~[m[K
      |             [32m[Ktimer_t[m[K
[01m[K/home/sauron/ros2-picas/ros2-picas-example/picas_example/src/case_study.cpp:55:75:[m[K [01;31m[Kerror: [m[Kâ€˜[01m[Ktimer_callback[m[Kâ€™ is not a member of â€˜[01m[KStartNode[m[Kâ€™
   55 |             timer_ = this->create_wall_timer(100ms, std::bind(&StartNode::[01;31m[Ktimer_callback[m[K, this));
      |                                                                           [01;31m[K^~~~~~~~~~~~~~[m[K
[01m[K/home/sauron/ros2-picas/ros2-picas-example/picas_example/src/case_study.cpp:57:13:[m[K [01;31m[Kerror: [m[Kâ€˜[01m[Ktimer_[m[Kâ€™ was not declared in this scope; did you mean â€˜[01m[Ktimer_t[m[Kâ€™?
   57 |             [01;31m[Ktimer_[m[K = this->create_wall_timer(120ms, std::bind(&StartNode::timer_callback, this));
      |             [01;31m[K^~~~~~[m[K
      |             [32m[Ktimer_t[m[K
[01m[K/home/sauron/ros2-picas/ros2-picas-example/picas_example/src/case_study.cpp:57:75:[m[K [01;31m[Kerror: [m[Kâ€˜[01m[Ktimer_callback[m[Kâ€™ is not a member of â€˜[01m[KStartNode[m[Kâ€™
   57 |             timer_ = this->create_wall_timer(120ms, std::bind(&StartNode::[01;31m[Ktimer_callback[m[K, this));
      |                                                                           [01;31m[K^~~~~~~~~~~~~~[m[K
[01m[K/home/sauron/ros2-picas/ros2-picas-example/picas_example/src/case_study.cpp:59:13:[m[K [01;31m[Kerror: [m[Kâ€˜[01m[Ktimer_[m[Kâ€™ was not declared in this scope; did you mean â€˜[01m[Ktimer_t[m[Kâ€™?
   59 |             [01;31m[Ktimer_[m[K = this->create_wall_timer(160ms, std::bind(&StartNode::timer_callback, this));
      |             [01;31m[K^~~~~~[m[K
      |             [32m[Ktimer_t[m[K
[01m[K/home/sauron/ros2-picas/ros2-picas-example/picas_example/src/case_study.cpp:59:75:[m[K [01;31m[Kerror: [m[Kâ€˜[01m[Ktimer_callback[m[Kâ€™ is not a member of â€˜[01m[KStartNode[m[Kâ€™
   59 |             timer_ = this->create_wall_timer(160ms, std::bind(&StartNode::[01;31m[Ktimer_callback[m[K, this));
      |                                                                           [01;31m[K^~~~~~~~~~~~~~[m[K
[01m[K/home/sauron/ros2-picas/ros2-picas-example/picas_example/src/case_study.cpp:61:13:[m[K [01;31m[Kerror: [m[Kâ€˜[01m[Ktimer_[m[Kâ€™ was not declared in this scope; did you mean â€˜[01m[Ktimer_t[m[Kâ€™?
   61 |             [01;31m[Ktimer_[m[K = this->create_wall_timer(200ms, std::bind(&StartNode::timer_callback, this));
      |             [01;31m[K^~~~~~[m[K
      |             [32m[Ktimer_t[m[K
[01m[K/home/sauron/ros2-picas/ros2-picas-example/picas_example/src/case_study.cpp:61:75:[m[K [01;31m[Kerror: [m[Kâ€˜[01m[Ktimer_callback[m[Kâ€™ is not a member of â€˜[01m[KStartNode[m[Kâ€™
   61 |             timer_ = this->create_wall_timer(200ms, std::bind(&StartNode::[01;31m[Ktimer_callback[m[K, this));
      |                                                                           [01;31m[K^~~~~~~~~~~~~~[m[K
[01m[K/home/sauron/ros2-picas/ros2-picas-example/picas_example/src/case_study.cpp:63:13:[m[K [01;31m[Kerror: [m[Kâ€˜[01m[Ktimer_[m[Kâ€™ was not declared in this scope; did you mean â€˜[01m[Ktimer_t[m[Kâ€™?
   63 |             [01;31m[Ktimer_[m[K = this->create_wall_timer(1000ms, std::bind(&StartNode::timer_callback, this));
      |             [01;31m[K^~~~~~[m[K
      |             [32m[Ktimer_t[m[K
[01m[K/home/sauron/ros2-picas/ros2-picas-example/picas_example/src/case_study.cpp:63:76:[m[K [01;31m[Kerror: [m[Kâ€˜[01m[Ktimer_callback[m[Kâ€™ is not a member of â€˜[01m[KStartNode[m[Kâ€™
   63 |             timer_ = this->create_wall_timer(1000ms, std::bind(&StartNode::[01;31m[Ktimer_callback[m[K, this));
      |                                                                            [01;31m[K^~~~~~~~~~~~~~[m[K
[01m[K/home/sauron/ros2-picas/ros2-picas-example/picas_example/src/case_study.cpp:65:13:[m[K [01;31m[Kerror: [m[Kâ€˜[01m[Ktimer_[m[Kâ€™ was not declared in this scope; did you mean â€˜[01m[Ktimer_t[m[Kâ€™?
   65 |             [01;31m[Ktimer_[m[K = this->create_wall_timer(10000ms, std::bind(&StartNode::timer_callback, this));
      |             [01;31m[K^~~~~~[m[K
      |             [32m[Ktimer_t[m[K
[01m[K/home/sauron/ros2-picas/ros2-picas-example/picas_example/src/case_study.cpp:65:77:[m[K [01;31m[Kerror: [m[Kâ€˜[01m[Ktimer_callback[m[Kâ€™ is not a member of â€˜[01m[KStartNode[m[Kâ€™
   65 |             timer_ = this->create_wall_timer(10000ms, std::bind(&StartNode::[01;31m[Ktimer_callback[m[K, this));
      |                                                                             [01;31m[K^~~~~~~~~~~~~~[m[K
[01m[K/home/sauron/ros2-picas/ros2-picas-example/picas_example/src/case_study.cpp:67:9:[m[K [01;31m[Kerror: [m[Kâ€˜[01m[Kgettimeofdaå‘ä¸ªer[m[Kâ€™ was not declared in this scope
   67 |         [01;31m[Kgettimeofdaå‘ä¸ªer[m[K<test_msgs::msg::TestString>::SharedPtr publisher_;
      |         [01;31m[K^~~~~~~~~~~~~~~~~[m[K
[01m[K/home/sauron/ros2-picas/ros2-picas-example/picas_example/src/case_study.cpp:67:53:[m[K [01;31m[Kerror: [m[Kexpected primary-expression before â€˜[01m[K>[m[Kâ€™ token
   67 |         gettimeofdaå‘ä¸ªer<test_msgs::msg::TestString[01;31m[K>[m[K::SharedPtr publisher_;
      |                                                     [01;31m[K^[m[K
[01m[K/home/sauron/ros2-picas/ros2-picas-example/picas_example/src/case_study.cpp:67:56:[m[K [01;31m[Kerror: [m[Kâ€˜[01m[K::SharedPtr[m[Kâ€™ has not been declared; did you mean â€˜[01m[Krclcpp::IntraProcessBufferType::SharedPtr[m[Kâ€™?
   67 |         gettimeofdaå‘ä¸ªer<test_msgs::msg::TestString>::[01;31m[KSharedPtr[m[K publisher_;
      |                                                        [01;31m[K^~~~~~~~~[m[K
      |                                                        [32m[Krclcpp::IntraProcessBufferType::SharedPtr[m[K
In file included from [01m[K/home/sauron/ros2-picas/install/rclcpp/include/rclcpp/rclcpp/experimental/create_intra_process_buffer.hpp:24[m[K,
                 from [01m[K/home/sauron/ros2-picas/install/rclcpp/include/rclcpp/rclcpp/experimental/subscription_intra_process_buffer.hpp:28[m[K,
                 from [01m[K/home/sauron/ros2-picas/install/rclcpp/include/rclcpp/rclcpp/experimental/subscription_intra_process.hpp:31[m[K,
                 from [01m[K/home/sauron/ros2-picas/install/rclcpp/include/rclcpp/rclcpp/experimental/intra_process_manager.hpp:32[m[K,
                 from [01m[K/home/sauron/ros2-picas/install/rclcpp/include/rclcpp/rclcpp/subscription_base.hpp:34[m[K,
                 from [01m[K/home/sauron/ros2-picas/install/rclcpp/include/rclcpp/rclcpp/callback_group.hpp:29[m[K,
                 from [01m[K/home/sauron/ros2-picas/install/rclcpp/include/rclcpp/rclcpp/any_executable.hpp:20[m[K,
                 from [01m[K/home/sauron/ros2-picas/install/rclcpp/include/rclcpp/rclcpp/memory_strategy.hpp:25[m[K,
                 from [01m[K/home/sauron/ros2-picas/install/rclcpp/include/rclcpp/rclcpp/memory_strategies.hpp:18[m[K,
                 from [01m[K/home/sauron/ros2-picas/install/rclcpp/include/rclcpp/rclcpp/executor_options.hpp:20[m[K,
                 from [01m[K/home/sauron/ros2-picas/install/rclcpp/include/rclcpp/rclcpp/executor.hpp:37[m[K,
                 from [01m[K/home/sauron/ros2-picas/install/rclcpp/include/rclcpp/rclcpp/executors/multi_threaded_executor.hpp:25[m[K,
                 from [01m[K/home/sauron/ros2-picas/install/rclcpp/include/rclcpp/rclcpp/executors.hpp:21[m[K,
                 from [01m[K/home/sauron/ros2-picas/install/rclcpp/include/rclcpp/rclcpp/rclcpp.hpp:155[m[K,
                 from [01m[K/home/sauron/ros2-picas/ros2-picas-example/picas_example/src/case_study.cpp:16[m[K:
[01m[K/home/sauron/ros2-picas/install/rclcpp/include/rclcpp/rclcpp/intra_process_buffer_type.hpp:26:3:[m[K [01;36m[Knote: [m[Kâ€˜[01m[Krclcpp::IntraProcessBufferType::SharedPtr[m[Kâ€™ declared here
   26 |   [01;36m[KSharedPtr[m[K,
      |   [01;36m[K^~~~~~~~~[m[K
[01m[K/home/sauron/ros2-picas/ros2-picas-example/picas_example/src/case_study.cpp:68:1:[m[K [01;31m[Kerror: [m[Kexpected primary-expression before â€˜[01m[Kprivate[m[Kâ€™
   68 | [01;31m[Kprivate[m[K:
      | [01;31m[K^~~~~~~[m[K
[01m[K/home/sauron/ros2-picas/ros2-picas-example/picas_example/src/case_study.cpp:76:31:[m[K [01;31m[Kerror: [m[Ka function-definition is not allowed here before â€˜[01m[K{[m[Kâ€™ token
   76 |     void dummy_task(int load) [01;31m[K{[m[K
      |                               [01;31m[K^[m[K
[01m[K/home/sauron/ros2-picas/ros2-picas-example/picas_example/src/case_study.cpp:83:5:[m[K [01;31m[Kerror: [m[Ka function-definition is not allowed here before â€˜[01m[K{[m[Kâ€™ token
   83 |     [01;31m[K{[m[K
      |     [01;31m[K^[m[K
[01m[K/home/sauron/ros2-picas/ros2-picas-example/picas_example/src/case_study.cpp:70:9:[m[K [01;35m[Kwarning: [m[Kunused variable â€˜[01m[Kexe_time_[m[Kâ€™ [[01;35m[K]8;;https://gcc.gnu.org/onlinedocs/gcc/Warning-Options.html#index-Wunused-variable-Wunused-variable]8;;[m[K]
   70 |     int [01;35m[Kexe_time_[m[K;
      |         [01;35m[K^~~~~~~~~[m[K
[01m[K/home/sauron/ros2-picas/ros2-picas-example/picas_example/src/case_study.cpp:71:9:[m[K [01;35m[Kwarning: [m[Kunused variable â€˜[01m[Kperiod_[m[Kâ€™ [[01;35m[K]8;;https://gcc.gnu.org/onlinedocs/gcc/Warning-Options.html#index-Wunused-variable-Wunused-variable]8;;[m[K]
   71 |     int [01;35m[Kperiod_[m[K;
      |         [01;35m[K^~~~~~~[m[K
[01m[K/home/sauron/ros2-picas/ros2-picas-example/picas_example/src/case_study.cpp:72:13:[m[K [01;35m[Kwarning: [m[Kunused variable â€˜[01m[Kctime[m[Kâ€™ [[01;35m[K]8;;https://gcc.gnu.org/onlinedocs/gcc/Warning-Options.html#index-Wunused-variable-Wunused-variable]8;;[m[K]
   72 |     timeval [01;35m[Kctime[m[K, ftime, create_timer, latency_time;
      |             [01;35m[K^~~~~[m[K
[01m[K/home/sauron/ros2-picas/ros2-picas-example/picas_example/src/case_study.cpp:72:20:[m[K [01;35m[Kwarning: [m[Kunused variable â€˜[01m[Kftime[m[Kâ€™ [[01;35m[K]8;;https://gcc.gnu.org/onlinedocs/gcc/Warning-Options.html#index-Wunused-variable-Wunused-variable]8;;[m[K]
   72 |     timeval ctime, [01;35m[Kftime[m[K, create_timer, latency_time;
      |                    [01;35m[K^~~~~[m[K
[01m[K/home/sauron/ros2-picas/ros2-picas-example/picas_example/src/case_study.cpp:72:27:[m[K [01;35m[Kwarning: [m[Kunused variable â€˜[01m[Kcreate_timer[m[Kâ€™ [[01;35m[K]8;;https://gcc.gnu.org/onlinedocs/gcc/Warning-Options.html#index-Wunused-variable-Wunused-variable]8;;[m[K]
   72 |     timeval ctime, ftime, [01;35m[Kcreate_timer[m[K, latency_time;
      |                           [01;35m[K^~~~~~~~~~~~[m[K
[01m[K/home/sauron/ros2-picas/ros2-picas-example/picas_example/src/case_study.cpp:72:41:[m[K [01;35m[Kwarning: [m[Kunused variable â€˜[01m[Klatency_time[m[Kâ€™ [[01;35m[K]8;;https://gcc.gnu.org/onlinedocs/gcc/Warning-Options.html#index-Wunused-variable-Wunused-variable]8;;[m[K]
   72 |     timeval ctime, ftime, create_timer, [01;35m[Klatency_time[m[K;
      |                                         [01;35m[K^~~~~~~~~~~~[m[K
[01m[K/home/sauron/ros2-picas/ros2-picas-example/picas_example/src/case_study.cpp:73:10:[m[K [01;35m[Kwarning: [m[Kunused variable â€˜[01m[Kend_flag_[m[Kâ€™ [[01;35m[K]8;;https://gcc.gnu.org/onlinedocs/gcc/Warning-Options.html#index-Wunused-variable-Wunused-variable]8;;[m[K]
   73 |     bool [01;35m[Kend_flag_[m[K;
      |          [01;35m[K^~~~~~~~~[m[K
In file included from [01m[K/home/sauron/ros2-picas/install/rclcpp/include/rclcpp/rclcpp/logging.hpp:24[m[K,
                 from [01m[K/home/sauron/ros2-picas/install/rclcpp/include/rclcpp/rclcpp/client.hpp:40[m[K,
                 from [01m[K/home/sauron/ros2-picas/install/rclcpp/include/rclcpp/rclcpp/callback_group.hpp:24[m[K,
                 from [01m[K/home/sauron/ros2-picas/install/rclcpp/include/rclcpp/rclcpp/any_executable.hpp:20[m[K,
                 from [01m[K/home/sauron/ros2-picas/install/rclcpp/include/rclcpp/rclcpp/memory_strategy.hpp:25[m[K,
                 from [01m[K/home/sauron/ros2-picas/install/rclcpp/include/rclcpp/rclcpp/memory_strategies.hpp:18[m[K,
                 from [01m[K/home/sauron/ros2-picas/install/rclcpp/include/rclcpp/rclcpp/executor_options.hpp:20[m[K,
                 from [01m[K/home/sauron/ros2-picas/install/rclcpp/include/rclcpp/rclcpp/executor.hpp:37[m[K,
                 from [01m[K/home/sauron/ros2-picas/install/rclcpp/include/rclcpp/rclcpp/executors/multi_threaded_executor.hpp:25[m[K,
                 from [01m[K/home/sauron/ros2-picas/install/rclcpp/include/rclcpp/rclcpp/executors.hpp:21[m[K,
                 from [01m[K/home/sauron/ros2-picas/install/rclcpp/include/rclcpp/rclcpp/rclcpp.hpp:155[m[K,
                 from [01m[K/home/sauron/ros2-picas/ros2-picas-example/picas_example/src/case_study.cpp:16[m[K:
[01m[K/home/sauron/ros2-picas/ros2-picas-example/picas_example/src/case_study.cpp:[m[K In member function â€˜[01m[Kint StartNode::main(int, char**)[m[Kâ€™:
[01m[K/home/sauron/ros2-picas/ros2-picas-example/picas_example/src/case_study.cpp:171:96:[m[K [01;31m[Kerror: [m[Kâ€˜[01m[Kdummy_load_calib[m[Kâ€™ was not declared in this scope; did you mean â€˜[01m[Kdummy_load[m[Kâ€™?
  171 |         RCLCPP_INFO(rclcpp::get_logger("rclcpp"), "dummy_load_calib: %d (duration_us: %d ns)", [01;31m[Kdummy_load_calib[m[K, duration_us);
      |                                                                                                [01;31m[K^~~~~~~~~~~~~~~~[m[K
[01m[K/home/sauron/ros2-picas/ros2-picas-example/picas_example/src/case_study.cpp:175:9:[m[K [01;31m[Kerror: [m[Kâ€˜[01m[Kdummy_load_calib[m[Kâ€™ was not declared in this scope; did you mean â€˜[01m[Kdummy_load[m[Kâ€™?
  175 |         [01;31m[Kdummy_load_calib[m[K = 100 * 1000 * dummy_load_calib / duration_us;
      |         [01;31m[K^~~~~~~~~~~~~~~~[m[K
      |         [32m[Kdummy_load[m[K
[01m[K/home/sauron/ros2-picas/ros2-picas-example/picas_example/src/case_study.cpp:312:40:[m[K [01;31m[Kerror: [m[Kâ€˜[01m[Kusing element_type = class StartNode[m[Kâ€™ {aka â€˜[01m[Kclass StartNode[m[Kâ€™} has no member named â€˜[01m[Ktimer_[m[Kâ€™
  312 |     exec1.set_callback_priority(task1->[01;31m[Ktimer_[m[K, 26);
      |                                        [01;31m[K^~~~~~[m[K
[01m[K/home/sauron/ros2-picas/ros2-picas-example/picas_example/src/case_study.cpp:317:40:[m[K [01;31m[Kerror: [m[Kâ€˜[01m[Kusing element_type = class StartNode[m[Kâ€™ {aka â€˜[01m[Kclass StartNode[m[Kâ€™} has no member named â€˜[01m[Ktimer_[m[Kâ€™
  317 |     exec3.set_callback_priority(task6->[01;31m[Ktimer_[m[K, 22);
      |                                        [01;31m[K^~~~~~[m[K
[01m[K/home/sauron/ros2-picas/ros2-picas-example/picas_example/src/case_study.cpp:321:41:[m[K [01;31m[Kerror: [m[Kâ€˜[01m[Kusing element_type = class StartNode[m[Kâ€™ {aka â€˜[01m[Kclass StartNode[m[Kâ€™} has no member named â€˜[01m[Ktimer_[m[Kâ€™
  321 |     exec4.set_callback_priority(task10->[01;31m[Ktimer_[m[K, 19);
      |                                         [01;31m[K^~~~~~[m[K
[01m[K/home/sauron/ros2-picas/ros2-picas-example/picas_example/src/case_study.cpp:324:41:[m[K [01;31m[Kerror: [m[Kâ€˜[01m[Kusing element_type = class StartNode[m[Kâ€™ {aka â€˜[01m[Kclass StartNode[m[Kâ€™} has no member named â€˜[01m[Ktimer_[m[Kâ€™
  324 |     exec5.set_callback_priority(task13->[01;31m[Ktimer_[m[K, 15);
      |                                         [01;31m[K^~~~~~[m[K
[01m[K/home/sauron/ros2-picas/ros2-picas-example/picas_example/src/case_study.cpp:328:41:[m[K [01;31m[Kerror: [m[Kâ€˜[01m[Kusing element_type = class StartNode[m[Kâ€™ {aka â€˜[01m[Kclass StartNode[m[Kâ€™} has no member named â€˜[01m[Ktimer_[m[Kâ€™
  328 |     exec6.set_callback_priority(task17->[01;31m[Ktimer_[m[K, 13);
      |                                         [01;31m[K^~~~~~[m[K
[01m[K/home/sauron/ros2-picas/ros2-picas-example/picas_example/src/case_study.cpp:330:41:[m[K [01;31m[Kerror: [m[Kâ€˜[01m[Kusing element_type = class StartNode[m[Kâ€™ {aka â€˜[01m[Kclass StartNode[m[Kâ€™} has no member named â€˜[01m[Ktimer_[m[Kâ€™
  330 |     exec7.set_callback_priority(task19->[01;31m[Ktimer_[m[K, 11);
      |                                         [01;31m[K^~~~~~[m[K
[01m[K/home/sauron/ros2-picas/ros2-picas-example/picas_example/src/case_study.cpp:332:41:[m[K [01;31m[Kerror: [m[Kâ€˜[01m[Kusing element_type = class StartNode[m[Kâ€™ {aka â€˜[01m[Kclass StartNode[m[Kâ€™} has no member named â€˜[01m[Ktimer_[m[Kâ€™
  332 |     exec9.set_callback_priority(task21->[01;31m[Ktimer_[m[K, 9);
      |                                         [01;31m[K^~~~~~[m[K
[01m[K/home/sauron/ros2-picas/ros2-picas-example/picas_example/src/case_study.cpp:334:42:[m[K [01;31m[Kerror: [m[Kâ€˜[01m[Kusing element_type = class StartNode[m[Kâ€™ {aka â€˜[01m[Kclass StartNode[m[Kâ€™} has no member named â€˜[01m[Ktimer_[m[Kâ€™
  334 |     exec11.set_callback_priority(task23->[01;31m[Ktimer_[m[K, 7);
      |                                          [01;31m[K^~~~~~[m[K
[01m[K/home/sauron/ros2-picas/ros2-picas-example/picas_example/src/case_study.cpp:336:42:[m[K [01;31m[Kerror: [m[Kâ€˜[01m[Kusing element_type = class StartNode[m[Kâ€™ {aka â€˜[01m[Kclass StartNode[m[Kâ€™} has no member named â€˜[01m[Ktimer_[m[Kâ€™
  336 |     exec13.set_callback_priority(task25->[01;31m[Ktimer_[m[K, 5);
      |                                          [01;31m[K^~~~~~[m[K
[01m[K/home/sauron/ros2-picas/ros2-picas-example/picas_example/src/case_study.cpp:338:42:[m[K [01;31m[Kerror: [m[Kâ€˜[01m[Kusing element_type = class StartNode[m[Kâ€™ {aka â€˜[01m[Kclass StartNode[m[Kâ€™} has no member named â€˜[01m[Ktimer_[m[Kâ€™
  338 |     exec15.set_callback_priority(task27->[01;31m[Ktimer_[m[K, 3);
      |                                          [01;31m[K^~~~~~[m[K
[01m[K/home/sauron/ros2-picas/ros2-picas-example/picas_example/src/case_study.cpp:340:42:[m[K [01;31m[Kerror: [m[Kâ€˜[01m[Kusing element_type = class StartNode[m[Kâ€™ {aka â€˜[01m[Kclass StartNode[m[Kâ€™} has no member named â€˜[01m[Ktimer_[m[Kâ€™
  340 |     exec17.set_callback_priority(task29->[01;31m[Ktimer_[m[K, 1);
      |                                          [01;31m[K^~~~~~[m[K
[01m[K/home/sauron/ros2-picas/ros2-picas-example/picas_example/src/case_study.cpp:[m[K At global scope:
[01m[K/home/sauron/ros2-picas/ros2-picas-example/picas_example/src/case_study.cpp:439:2:[m[K [01;31m[Kerror: [m[Kexpected unqualified-id at end of input
  439 | }
      |  [01;31m[K^[m[K
gmake[2]: *** [CMakeFiles/case_study.dir/build.make:76: CMakeFiles/case_study.dir/src/case_study.cpp.o] Error 1
gmake[1]: *** [CMakeFiles/Makefile2:165: CMakeFiles/case_study.dir/all] Error 2
gmake[1]: *** Waiting for unfinished jobs....
gmake: *** [Makefile:146: all] Error 2
