[35m[1mConsolidate compiler generated dependencies of target example_mt[0m
[ 50%] [32mBuilding CXX object CMakeFiles/example_mt.dir/src/example_mt.cpp.o[0m
[01m[K/home/sauron/ros2-picas/ros2-picas-example/picas_example_mt/src/example_mt.cpp:59:23:[m[K [01;31m[Kerror: [m[Kâ€˜[01m[Ktest_msgs[m[Kâ€™ was not declared in this scope
   59 |     rclcpp::Publisher<[01;31m[Ktest_msgs[m[K::msg::TestString>::SharedPtr publisher_;
      |                       [01;31m[K^~~~~~~~~[m[K
[01m[K/home/sauron/ros2-picas/ros2-picas-example/picas_example_mt/src/example_mt.cpp:59:49:[m[K [01;31m[Kerror: [m[Ktemplate argument 1 is invalid
   59 |     rclcpp::Publisher<test_msgs::msg::TestString[01;31m[K>[m[K::SharedPtr publisher_;
      |                                                 [01;31m[K^[m[K
[01m[K/home/sauron/ros2-picas/ros2-picas-example/picas_example_mt/src/example_mt.cpp:59:52:[m[K [01;31m[Kerror: [m[Kexpected â€˜[01m[K;[m[Kâ€™ at end of member declaration
   59 |     rclcpp::Publisher<test_msgs::msg::TestString>::[01;31m[KSharedPtr[m[K publisher_;
      |                                                    [01;31m[K^~~~~~~~~[m[K
      |                                                             [32m[K;[m[K
[01m[K/home/sauron/ros2-picas/ros2-picas-example/picas_example_mt/src/example_mt.cpp:59:62:[m[K [01;31m[Kerror: [m[Kâ€˜[01m[Kpublisher_[m[Kâ€™ does not name a type; did you mean â€˜[01m[Krmw_publisher_t[m[Kâ€™?
   59 |     rclcpp::Publisher<test_msgs::msg::TestString>::SharedPtr [01;31m[Kpublisher_[m[K;
      |                                                              [01;31m[K^~~~~~~~~~[m[K
      |                                                              [32m[Krmw_publisher_t[m[K
[01m[K/home/sauron/ros2-picas/ros2-picas-example/picas_example_mt/src/example_mt.cpp:[m[K In constructor â€˜[01m[KStartNode::StartNode(std::string, std::string, std::shared_ptr<trace::Trace>, int, int, bool)[m[Kâ€™:
[01m[K/home/sauron/ros2-picas/ros2-picas-example/picas_example_mt/src/example_mt.cpp:47:9:[m[K [01;31m[Kerror: [m[Kâ€˜[01m[Kpublisher_[m[Kâ€™ was not declared in this scope; did you mean â€˜[01m[Krmw_publisher_t[m[Kâ€™?
   47 |         [01;31m[Kpublisher_[m[K = this->create_publisher<test_msgs::msg::TestString>(pub_topic, 1);
      |         [01;31m[K^~~~~~~~~~[m[K
      |         [32m[Krmw_publisher_t[m[K
[01m[K/home/sauron/ros2-picas/ros2-picas-example/picas_example_mt/src/example_mt.cpp:47:45:[m[K [01;31m[Kerror: [m[Kâ€˜[01m[Ktest_msgs[m[Kâ€™ was not declared in this scope
   47 |         publisher_ = this->create_publisher<[01;31m[Ktest_msgs[m[K::msg::TestString>(pub_topic, 1);
      |                                             [01;31m[K^~~~~~~~~[m[K
[01m[K/home/sauron/ros2-picas/ros2-picas-example/picas_example_mt/src/example_mt.cpp:47:28:[m[K [01;31m[Kerror: [m[Kparse error in template argument list
   47 |         publisher_ = this->[01;31m[Kcreate_publisher<test_msgs::msg::TestString>[m[K(pub_topic, 1);
      |                            [01;31m[K^~~~~~~~~~~~~~~~~~~~~~~~~~~~~~~~~~~~~~~~~~~~[m[K
[01m[K/home/sauron/ros2-picas/ros2-picas-example/picas_example_mt/src/example_mt.cpp:47:72:[m[K [01;31m[Kerror: [m[Kno matching function for call to â€˜[01m[KStartNode::create_publisher<<expression error> >(const string&, int)[m[Kâ€™
   47 |         publisher_ = [01;31m[Kthis->create_publisher<test_msgs::msg::TestString>(pub_topic, 1)[m[K;
      |                      [01;31m[K~~~~~~~~~~~~~~~~~~~~~~~~~~~~~~~~~~~~~~~~~~~~~~~~~~^~~~~~~~~~~~~~[m[K
In file included from [01m[K/home/sauron/ros2-picas/install/rclcpp/include/rclcpp/rclcpp/executors/single_threaded_executor.hpp:35[m[K,
                 from [01m[K/home/sauron/ros2-picas/install/rclcpp/include/rclcpp/rclcpp/executors.hpp:22[m[K,
                 from [01m[K/home/sauron/ros2-picas/install/rclcpp/include/rclcpp/rclcpp/rclcpp.hpp:155[m[K,
                 from [01m[K/home/sauron/ros2-picas/ros2-picas-example/picas_example_mt/src/example_mt.cpp:16[m[K:
[01m[K/home/sauron/ros2-picas/install/rclcpp/include/rclcpp/rclcpp/node.hpp:195:3:[m[K [01;36m[Knote: [m[Kcandidate: â€˜[01m[Ktemplate<class MessageT, class AllocatorT, class PublisherT> std::shared_ptr<PublisherT> rclcpp::Node::create_publisher(const string&, const rclcpp::QoS&, const rclcpp::PublisherOptionsWithAllocator<AllocatorT>&)[m[Kâ€™
  195 |   [01;36m[Kcreate_publisher[m[K(
      |   [01;36m[K^~~~~~~~~~~~~~~~[m[K
[01m[K/home/sauron/ros2-picas/install/rclcpp/include/rclcpp/rclcpp/node.hpp:195:3:[m[K [01;36m[Knote: [m[K  template argument deduction/substitution failed:
[01m[K/home/sauron/ros2-picas/ros2-picas-example/picas_example_mt/src/example_mt.cpp:47:72:[m[K [01;31m[Kerror: [m[Ktemplate argument 1 is invalid
   47 |         publisher_ = [01;31m[Kthis->create_publisher<test_msgs::msg::TestString>(pub_topic, 1)[m[K;
      |                      [01;31m[K~~~~~~~~~~~~~~~~~~~~~~~~~~~~~~~~~~~~~~~~~~~~~~~~~~^~~~~~~~~~~~~~[m[K
[01m[K/home/sauron/ros2-picas/ros2-picas-example/picas_example_mt/src/example_mt.cpp:[m[K In member function â€˜[01m[Kvoid StartNode::timer_callback()[m[Kâ€™:
[01m[K/home/sauron/ros2-picas/ros2-picas-example/picas_example_mt/src/example_mt.cpp:84:24:[m[K [01;31m[Kerror: [m[Kâ€˜[01m[Ktest_msgs[m[Kâ€™ has not been declared
   84 |         auto message = [01;31m[Ktest_msgs[m[K::msg::TestString();
      |                        [01;31m[K^~~~~~~~~[m[K
[01m[K/home/sauron/ros2-picas/ros2-picas-example/picas_example_mt/src/example_mt.cpp:97:9:[m[K [01;31m[Kerror: [m[Kâ€˜[01m[Kpublisher_[m[Kâ€™ was not declared in this scope; did you mean â€˜[01m[Krmw_publisher_t[m[Kâ€™?
   97 |         [01;31m[Kpublisher_[m[K->publish(message);
      |         [01;31m[K^~~~~~~~~~[m[K
      |         [32m[Krmw_publisher_t[m[K
[01m[K/home/sauron/ros2-picas/ros2-picas-example/picas_example_mt/src/example_mt.cpp:[m[K At global scope:
[01m[K/home/sauron/ros2-picas/ros2-picas-example/picas_example_mt/src/example_mt.cpp:111:23:[m[K [01;31m[Kerror: [m[Kâ€˜[01m[Ktest_msgs[m[Kâ€™ was not declared in this scope
  111 |     rclcpp::Publisher<[01;31m[Ktest_msgs[m[K::msg::TestString>::SharedPtr publisher_;
      |                       [01;31m[K^~~~~~~~~[m[K
[01m[K/home/sauron/ros2-picas/ros2-picas-example/picas_example_mt/src/example_mt.cpp:111:49:[m[K [01;31m[Kerror: [m[Ktemplate argument 1 is invalid
  111 |     rclcpp::Publisher<test_msgs::msg::TestString[01;31m[K>[m[K::SharedPtr publisher_;
      |                                                 [01;31m[K^[m[K
[01m[K/home/sauron/ros2-picas/ros2-picas-example/picas_example_mt/src/example_mt.cpp:111:52:[m[K [01;31m[Kerror: [m[Kexpected â€˜[01m[K;[m[Kâ€™ at end of member declaration
  111 |     rclcpp::Publisher<test_msgs::msg::TestString>::[01;31m[KSharedPtr[m[K publisher_;
      |                                                    [01;31m[K^~~~~~~~~[m[K
      |                                                             [32m[K;[m[K
[01m[K/home/sauron/ros2-picas/ros2-picas-example/picas_example_mt/src/example_mt.cpp:111:62:[m[K [01;31m[Kerror: [m[Kâ€˜[01m[Kpublisher_[m[Kâ€™ does not name a type; did you mean â€˜[01m[Krmw_publisher_t[m[Kâ€™?
  111 |     rclcpp::Publisher<test_msgs::msg::TestString>::SharedPtr [01;31m[Kpublisher_[m[K;
      |                                                              [01;31m[K^~~~~~~~~~[m[K
      |                                                              [32m[Krmw_publisher_t[m[K
[01m[K/home/sauron/ros2-picas/ros2-picas-example/picas_example_mt/src/example_mt.cpp:112:26:[m[K [01;31m[Kerror: [m[Kâ€˜[01m[Ktest_msgs[m[Kâ€™ was not declared in this scope
  112 |     rclcpp::Subscription<[01;31m[Ktest_msgs[m[K::msg::TestString>::SharedPtr subscription_;
      |                          [01;31m[K^~~~~~~~~[m[K
[01m[K/home/sauron/ros2-picas/ros2-picas-example/picas_example_mt/src/example_mt.cpp:112:52:[m[K [01;31m[Kerror: [m[Ktemplate argument 1 is invalid
  112 |     rclcpp::Subscription<test_msgs::msg::TestString[01;31m[K>[m[K::SharedPtr subscription_;
      |                                                    [01;31m[K^[m[K
[01m[K/home/sauron/ros2-picas/ros2-picas-example/picas_example_mt/src/example_mt.cpp:112:52:[m[K [01;31m[Kerror: [m[Ktemplate argument 3 is invalid
[01m[K/home/sauron/ros2-picas/ros2-picas-example/picas_example_mt/src/example_mt.cpp:112:52:[m[K [01;31m[Kerror: [m[Ktemplate argument 4 is invalid
[01m[K/home/sauron/ros2-picas/ros2-picas-example/picas_example_mt/src/example_mt.cpp:112:52:[m[K [01;31m[Kerror: [m[Ktemplate argument 5 is invalid
[01m[K/home/sauron/ros2-picas/ros2-picas-example/picas_example_mt/src/example_mt.cpp:112:55:[m[K [01;31m[Kerror: [m[Kexpected â€˜[01m[K;[m[Kâ€™ at end of member declaration
  112 |     rclcpp::Subscription<test_msgs::msg::TestString>::[01;31m[KSharedPtr[m[K subscription_;
      |                                                       [01;31m[K^~~~~~~~~[m[K
      |                                                                [32m[K;[m[K
[01m[K/home/sauron/ros2-picas/ros2-picas-example/picas_example_mt/src/example_mt.cpp:112:55:[m[K [01;31m[Kerror: [m[Kredeclaration of â€˜[01m[Kint IntermediateNode::SharedPtr[m[Kâ€™
[01m[K/home/sauron/ros2-picas/ros2-picas-example/picas_example_mt/src/example_mt.cpp:111:52:[m[K [01;36m[Knote: [m[Kprevious declaration â€˜[01m[Kint IntermediateNode::SharedPtr[m[Kâ€™
  111 |     rclcpp::Publisher<test_msgs::msg::TestString>::[01;36m[KSharedPtr[m[K publisher_;
      |                                                    [01;36m[K^~~~~~~~~[m[K
[01m[K/home/sauron/ros2-picas/ros2-picas-example/picas_example_mt/src/example_mt.cpp:112:65:[m[K [01;31m[Kerror: [m[Kâ€˜[01m[Ksubscription_[m[Kâ€™ does not name a type; did you mean â€˜[01m[Krmw_subscription_t[m[Kâ€™?
  112 |     rclcpp::Subscription<test_msgs::msg::TestString>::SharedPtr [01;31m[Ksubscription_[m[K;
      |                                                                 [01;31m[K^~~~~~~~~~~~~[m[K
      |                                                                 [32m[Krmw_subscription_t[m[K
[01m[K/home/sauron/ros2-picas/ros2-picas-example/picas_example_mt/src/example_mt.cpp:127:25:[m[K [01;31m[Kerror: [m[Kâ€˜[01m[Ktest_msgs[m[Kâ€™ does not name a type
  127 |     void callback(const [01;31m[Ktest_msgs[m[K::msg::TestString::SharedPtr msg) {
      |                         [01;31m[K^~~~~~~~~[m[K
[01m[K/home/sauron/ros2-picas/ros2-picas-example/picas_example_mt/src/example_mt.cpp:127:39:[m[K [01;31m[Kerror: [m[Kexpected unqualified-id before â€˜[01m[K::[m[Kâ€™ token
  127 |     void callback(const test_msgs::msg[01;31m[K::[m[KTestString::SharedPtr msg) {
      |                                       [01;31m[K^~[m[K
[01m[K/home/sauron/ros2-picas/ros2-picas-example/picas_example_mt/src/example_mt.cpp:127:39:[m[K [01;31m[Kerror: [m[Kexpected â€˜[01m[K)[m[Kâ€™ before â€˜[01m[K::[m[Kâ€™ token
  127 |     void callback[34m[K([m[Kconst test_msgs::msg[01;31m[K:[m[K[32m[K:[m[KTestString::SharedPtr msg) {
      |                  [34m[K~[m[K                    [01;31m[K^[m[K[32m[K~[m[K
      |                                       [32m[K)[m[K
[01m[K/home/sauron/ros2-picas/ros2-picas-example/picas_example_mt/src/example_mt.cpp:127:36:[m[K [01;31m[Kerror: [m[Kexpected â€˜[01m[K;[m[Kâ€™ at end of member declaration
  127 |     void callback(const test_msgs::[01;31m[Kmsg[m[K::TestString::SharedPtr msg) {
      |                                    [01;31m[K^~~[m[K
      |                                       [32m[K;[m[K
[01m[K/home/sauron/ros2-picas/ros2-picas-example/picas_example_mt/src/example_mt.cpp:127:41:[m[K [01;31m[Kerror: [m[Kâ€˜[01m[KTestString[m[Kâ€™ in namespace â€˜[01m[K::[m[Kâ€™ does not name a type
  127 |     void callback(const test_msgs::msg::[01;31m[KTestString[m[K::SharedPtr msg) {
      |                                         [01;31m[K^~~~~~~~~~[m[K
[01m[K/home/sauron/ros2-picas/ros2-picas-example/picas_example_mt/src/example_mt.cpp:[m[K In constructor â€˜[01m[KIntermediateNode::IntermediateNode(std::string, std::string, std::string, std::shared_ptr<trace::Trace>, int, bool)[m[Kâ€™:
[01m[K/home/sauron/ros2-picas/ros2-picas-example/picas_example_mt/src/example_mt.cpp:107:9:[m[K [01;31m[Kerror: [m[Kâ€˜[01m[Ksubscription_[m[Kâ€™ was not declared in this scope; did you mean â€˜[01m[Krmw_subscription_t[m[Kâ€™?
  107 |         [01;31m[Ksubscription_[m[K = this->create_subscription<test_msgs::msg::TestString>(sub_topic, 1, std::bind(&IntermediateNode::callback, this, _1));
      |         [01;31m[K^~~~~~~~~~~~~[m[K
      |         [32m[Krmw_subscription_t[m[K
[01m[K/home/sauron/ros2-picas/ros2-picas-example/picas_example_mt/src/example_mt.cpp:107:51:[m[K [01;31m[Kerror: [m[Kâ€˜[01m[Ktest_msgs[m[Kâ€™ was not declared in this scope
  107 |         subscription_ = this->create_subscription<[01;31m[Ktest_msgs[m[K::msg::TestString>(sub_topic, 1, std::bind(&IntermediateNode::callback, this, _1));
      |                                                   [01;31m[K^~~~~~~~~[m[K
[01m[K/home/sauron/ros2-picas/ros2-picas-example/picas_example_mt/src/example_mt.cpp:107:31:[m[K [01;31m[Kerror: [m[Kparse error in template argument list
  107 |         subscription_ = this->[01;31m[Kcreate_subscription<test_msgs::msg::TestString>[m[K(sub_topic, 1, std::bind(&IntermediateNode::callback, this, _1));
      |                               [01;31m[K^~~~~~~~~~~~~~~~~~~~~~~~~~~~~~~~~~~~~~~~~~~~~~~[m[K
[01m[K/home/sauron/ros2-picas/ros2-picas-example/picas_example_mt/src/example_mt.cpp:107:78:[m[K [01;31m[Kerror: [m[Kno matching function for call to â€˜[01m[KIntermediateNode::create_subscription<<expression error> >(const string&, int, std::_Bind_helper<false, void (IntermediateNode::*)(...), IntermediateNode*, const std::_Placeholder<1>&>::type)[m[Kâ€™
  107 |         subscription_ = [01;31m[Kthis->create_subscription<test_msgs::msg::TestString>(sub_topic, 1, std::bind(&IntermediateNode::callback, this, _1))[m[K;
      |                         [01;31m[K~~~~~~~~~~~~~~~~~~~~~~~~~~~~~~~~~~~~~~~~~~~~~~~~~~~~~^~~~~~~~~~~~~~~~~~~~~~~~~~~~~~~~~~~~~~~~~~~~~~~~~~~~~~~~~~~~~~~~[m[K
In file included from [01m[K/home/sauron/ros2-picas/install/rclcpp/include/rclcpp/rclcpp/executors/single_threaded_executor.hpp:35[m[K,
                 from [01m[K/home/sauron/ros2-picas/install/rclcpp/include/rclcpp/rclcpp/executors.hpp:22[m[K,
                 from [01m[K/home/sauron/ros2-picas/install/rclcpp/include/rclcpp/rclcpp/rclcpp.hpp:155[m[K,
                 from [01m[K/home/sauron/ros2-picas/ros2-picas-example/picas_example_mt/src/example_mt.cpp:16[m[K:
[01m[K/home/sauron/ros2-picas/install/rclcpp/include/rclcpp/rclcpp/node.hpp:219:3:[m[K [01;36m[Knote: [m[Kcandidate: â€˜[01m[Ktemplate<class MessageT, class CallbackT, class AllocatorT, class SubscriptionT, class MessageMemoryStrategyT> std::shared_ptr<ROSMessageT> rclcpp::Node::create_subscription(const string&, const rclcpp::QoS&, CallbackT&&, const rclcpp::SubscriptionOptionsWithAllocator<AllocatorT>&, typename MessageMemoryStrategyT::SharedPtr)[m[Kâ€™
  219 |   [01;36m[Kcreate_subscription[m[K(
      |   [01;36m[K^~~~~~~~~~~~~~~~~~~[m[K
[01m[K/home/sauron/ros2-picas/install/rclcpp/include/rclcpp/rclcpp/node.hpp:219:3:[m[K [01;36m[Knote: [m[K  template argument deduction/substitution failed:
[01m[K/home/sauron/ros2-picas/ros2-picas-example/picas_example_mt/src/example_mt.cpp:107:78:[m[K [01;31m[Kerror: [m[Ktemplate argument 1 is invalid
  107 |         subscription_ = [01;31m[Kthis->create_subscription<test_msgs::msg::TestString>(sub_topic, 1, std::bind(&IntermediateNode::callback, this, _1))[m[K;
      |                         [01;31m[K~~~~~~~~~~~~~~~~~~~~~~~~~~~~~~~~~~~~~~~~~~~~~~~~~~~~~^~~~~~~~~~~~~~~~~~~~~~~~~~~~~~~~~~~~~~~~~~~~~~~~~~~~~~~~~~~~~~~~[m[K
[01m[K/home/sauron/ros2-picas/ros2-picas-example/picas_example_mt/src/example_mt.cpp:108:30:[m[K [01;31m[Kerror: [m[Kâ€˜[01m[Kpublisher_[m[Kâ€™ was not declared in this scope; did you mean â€˜[01m[Krmw_publisher_t[m[Kâ€™?
  108 |         if (pub_topic != "") [01;31m[Kpublisher_[m[K = this->create_publisher<test_msgs::msg::TestString>(pub_topic, 1);
      |                              [01;31m[K^~~~~~~~~~[m[K
      |                              [32m[Krmw_publisher_t[m[K
[01m[K/home/sauron/ros2-picas/ros2-picas-example/picas_example_mt/src/example_mt.cpp:108:49:[m[K [01;31m[Kerror: [m[Kparse error in template argument list
  108 |         if (pub_topic != "") publisher_ = this->[01;31m[Kcreate_publisher<test_msgs::msg::TestString>[m[K(pub_topic, 1);
      |                                                 [01;31m[K^~~~~~~~~~~~~~~~~~~~~~~~~~~~~~~~~~~~~~~~~~~~[m[K
[01m[K/home/sauron/ros2-picas/ros2-picas-example/picas_example_mt/src/example_mt.cpp:108:93:[m[K [01;31m[Kerror: [m[Kno matching function for call to â€˜[01m[KIntermediateNode::create_publisher<test_msgs>(const string&, int)[m[Kâ€™
  108 | (pub_topic != "") publisher_ = [01;31m[Kthis->create_publisher<test_msgs::msg::TestString>(pub_topic, 1)[m[K;
      |                                [01;31m[K~~~~~~~~~~~~~~~~~~~~~~~~~~~~~~~~~~~~~~~~~~~~~~~~~~^~~~~~~~~~~~~~[m[K

In file included from [01m[K/home/sauron/ros2-picas/install/rclcpp/include/rclcpp/rclcpp/executors/single_threaded_executor.hpp:35[m[K,
                 from [01m[K/home/sauron/ros2-picas/install/rclcpp/include/rclcpp/rclcpp/executors.hpp:22[m[K,
                 from [01m[K/home/sauron/ros2-picas/install/rclcpp/include/rclcpp/rclcpp/rclcpp.hpp:155[m[K,
                 from [01m[K/home/sauron/ros2-picas/ros2-picas-example/picas_example_mt/src/example_mt.cpp:16[m[K:
[01m[K/home/sauron/ros2-picas/install/rclcpp/include/rclcpp/rclcpp/node.hpp:195:3:[m[K [01;36m[Knote: [m[Kcandidate: â€˜[01m[Ktemplate<class MessageT, class AllocatorT, class PublisherT> std::shared_ptr<PublisherT> rclcpp::Node::create_publisher(const string&, const rclcpp::QoS&, const rclcpp::PublisherOptionsWithAllocator<AllocatorT>&)[m[Kâ€™
  195 |   [01;36m[Kcreate_publisher[m[K(
      |   [01;36m[K^~~~~~~~~~~~~~~~[m[K
[01m[K/home/sauron/ros2-picas/install/rclcpp/include/rclcpp/rclcpp/node.hpp:195:3:[m[K [01;36m[Knote: [m[K  template argument deduction/substitution failed:
[01m[K/home/sauron/ros2-picas/ros2-picas-example/picas_example_mt/src/example_mt.cpp:[m[K In function â€˜[01m[Kint main(int, char**)[m[Kâ€™:
[01m[K/home/sauron/ros2-picas/ros2-picas-example/picas_example_mt/src/example_mt.cpp:222:44:[m[K [01;31m[Kerror: [m[Kâ€˜[01m[Kusing element_type = class IntermediateNode[m[Kâ€™ {aka â€˜[01m[Kclass IntermediateNode[m[Kâ€™} has no member named â€˜[01m[Ksubscription_[m[Kâ€™
  222 |     exec1.set_callback_priority(c1_r_cb_1->[01;31m[Ksubscription_[m[K, 11);
      |                                            [01;31m[K^~~~~~~~~~~~~[m[K
[01m[K/home/sauron/ros2-picas/ros2-picas-example/picas_example_mt/src/example_mt.cpp:223:44:[m[K [01;31m[Kerror: [m[Kâ€˜[01m[Kusing element_type = class IntermediateNode[m[Kâ€™ {aka â€˜[01m[Kclass IntermediateNode[m[Kâ€™} has no member named â€˜[01m[Ksubscription_[m[Kâ€™
  223 |     exec1.set_callback_priority(c1_r_cb_2->[01;31m[Ksubscription_[m[K, 12);
      |                                            [01;31m[K^~~~~~~~~~~~~[m[K
[01m[K/home/sauron/ros2-picas/ros2-picas-example/picas_example_mt/src/example_mt.cpp:224:44:[m[K [01;31m[Kerror: [m[Kâ€˜[01m[Kusing element_type = class IntermediateNode[m[Kâ€™ {aka â€˜[01m[Kclass IntermediateNode[m[Kâ€™} has no member named â€˜[01m[Ksubscription_[m[Kâ€™
  224 |     exec1.set_callback_priority(c1_r_cb_3->[01;31m[Ksubscription_[m[K, 13);
      |                                            [01;31m[K^~~~~~~~~~~~~[m[K
In file included from [01m[K/home/sauron/ros2-picas/install/rclcpp/include/rclcpp/rclcpp/logging.hpp:24[m[K,
                 from [01m[K/home/sauron/ros2-picas/install/rclcpp/include/rclcpp/rclcpp/client.hpp:40[m[K,
                 from [01m[K/home/sauron/ros2-picas/install/rclcpp/include/rclcpp/rclcpp/callback_group.hpp:24[m[K,
                 from [01m[K/home/sauron/ros2-picas/install/rclcpp/include/rclcpp/rclcpp/any_executable.hpp:20[m[K,
                 from [01m[K/home/sauron/ros2-picas/install/rclcpp/include/rclcpp/rclcpp/memory_strategy.hpp:25[m[K,
                 from [01m[K/home/sauron/ros2-picas/install/rclcpp/include/rclcpp/rclcpp/memory_strategies.hpp:18[m[K,
                 from [01m[K/home/sauron/ros2-picas/install/rclcpp/include/rclcpp/rclcpp/executor_options.hpp:20[m[K,
                 from [01m[K/home/sauron/ros2-picas/install/rclcpp/include/rclcpp/rclcpp/executor.hpp:37[m[K,
                 from [01m[K/home/sauron/ros2-picas/install/rclcpp/include/rclcpp/rclcpp/executors/multi_threaded_executor.hpp:25[m[K,
                 from [01m[K/home/sauron/ros2-picas/install/rclcpp/include/rclcpp/rclcpp/executors.hpp:21[m[K,
                 from [01m[K/home/sauron/ros2-picas/install/rclcpp/include/rclcpp/rclcpp/rclcpp.hpp:155[m[K,
                 from [01m[K/home/sauron/ros2-picas/ros2-picas-example/picas_example_mt/src/example_mt.cpp:16[m[K:
[01m[K/home/sauron/ros2-picas/ros2-picas-example/picas_example_mt/src/example_mt.cpp:226:93:[m[K [01;31m[Kerror: [m[Kâ€˜[01m[Kusing element_type = class IntermediateNode[m[Kâ€™ {aka â€˜[01m[Kclass IntermediateNode[m[Kâ€™} has no member named â€˜[01m[Ksubscription_[m[Kâ€™
  226 | INFO(rclcpp::get_logger("rclcpp"), "Regular_callback1->priority: %d", c1_r_cb_1->[01;31m[Ksubscription_[m[K->callback_priority);
      |                                                                                  [01;31m[K^~~~~~~~~~~~~[m[K

[01m[K/home/sauron/ros2-picas/ros2-picas-example/picas_example_mt/src/example_mt.cpp:227:93:[m[K [01;31m[Kerror: [m[Kâ€˜[01m[Kusing element_type = class IntermediateNode[m[Kâ€™ {aka â€˜[01m[Kclass IntermediateNode[m[Kâ€™} has no member named â€˜[01m[Ksubscription_[m[Kâ€™
  227 | INFO(rclcpp::get_logger("rclcpp"), "Regular_callback2->priority: %d", c1_r_cb_2->[01;31m[Ksubscription_[m[K->callback_priority);
      |                                                                                  [01;31m[K^~~~~~~~~~~~~[m[K

[01m[K/home/sauron/ros2-picas/ros2-picas-example/picas_example_mt/src/example_mt.cpp:228:93:[m[K [01;31m[Kerror: [m[Kâ€˜[01m[Kusing element_type = class IntermediateNode[m[Kâ€™ {aka â€˜[01m[Kclass IntermediateNode[m[Kâ€™} has no member named â€˜[01m[Ksubscription_[m[Kâ€™
  228 | INFO(rclcpp::get_logger("rclcpp"), "Regular_callback3->priority: %d", c1_r_cb_3->[01;31m[Ksubscription_[m[K->callback_priority);
      |                                                                                  [01;31m[K^~~~~~~~~~~~~[m[K

gmake[2]: *** [CMakeFiles/example_mt.dir/build.make:76: CMakeFiles/example_mt.dir/src/example_mt.cpp.o] Error 1
gmake[1]: *** [CMakeFiles/Makefile2:137: CMakeFiles/example_mt.dir/all] Error 2
gmake: *** [Makefile:146: all] Error 2
