[ 50%] [32mBuilding CXX object CMakeFiles/example_mt.dir/src/example_mt.cpp.o[0m
[01m[K/home/sauron/ros2-picas/ros2-picas-example/picas_example_mt/src/example_mt.cpp:18:10:[m[K [01;31m[Kfatal error: [m[Ktest_msgs/msg/detail/test_string__struct.hpp: No such file or directory
   18 | #include [01;31m[K"test_msgs/msg/detail/test_string__struct.hpp"[m[K
      |          [01;31m[K^~~~~~~~~~~~~~~~~~~~~~~~~~~~~~~~~~~~~~~~~~~~~~[m[K
compilation terminated.
gmake[2]: *** [CMakeFiles/example_mt.dir/build.make:76: CMakeFiles/example_mt.dir/src/example_mt.cpp.o] Error 1
gmake[1]: *** [CMakeFiles/Makefile2:137: CMakeFiles/example_mt.dir/all] Error 2
gmake: *** [Makefile:146: all] Error 2
