[0.032s] Invoking command in '/home/sauron/ros2-picas/build/picas_example': AMENT_PREFIX_PATH=/home/sauron/ros2-picas/install/trace_picas:/home/sauron/ros2-picas/install/rclcpp:/home/sauron/ros2-picas/install/test_msgs:${AMENT_PREFIX_PATH} CMAKE_PREFIX_PATH=/home/sauron/ros2-picas/install/trace_picas:/home/sauron/ros2-picas/install/rclcpp:/home/sauron/ros2-picas/install/test_msgs:/home/sauron/ros2_humble/install/rosbag2_storage_mcap:/home/sauron/ros2_humble/install/rosbag2:/home/sauron/ros2_humble/install/rosbag2_compression_zstd:/home/sauron/ros2_humble/install/mcap_vendor:/home/sauron/ros2_humble/install/zstd_vendor:/home/sauron/ros2_humble/install/rviz_visual_testing_framework:/home/sauron/ros2_humble/install/rviz2:/home/sauron/ros2_humble/install/rviz_default_plugins:/home/sauron/ros2_humble/install/rviz_common:/home/sauron/ros2_humble/install/rosbag2_py:/home/sauron/ros2_humble/install/rosbag2_transport:/home/sauron/ros2_humble/install/rosbag2_performance_benchmarking:/home/sauron/ros2_humble/install/rosbag2_compression:/home/sauron/ros2_humble/install/rosbag2_cpp:/home/sauron/ros2_humble/install/rosbag2_storage_default_plugins:/home/sauron/ros2_humble/install/rosbag2_storage:/home/sauron/ros2_humble/install/image_common:/home/sauron/ros2_humble/install/camera_info_manager:/home/sauron/ros2_humble/install/camera_calibration_parsers:/home/sauron/ros2_humble/install/yaml_cpp_vendor:/home/sauron/ros2_humble/install/interactive_markers:/home/sauron/ros2_humble/install/common_interfaces:/home/sauron/ros2_humble/install/visualization_msgs:/home/sauron/ros2_humble/install/dummy_robot_bringup:/home/sauron/ros2_humble/install/robot_state_publisher:/home/sauron/ros2_humble/install/kdl_parser:/home/sauron/ros2_humble/install/urdf:/home/sauron/ros2_humble/install/urdfdom:/home/sauron/ros2_humble/install/urdf_parser_plugin:/home/sauron/ros2_humble/install/urdfdom_headers:/home/sauron/ros2_humble/install/turtlesim:/home/sauron/ros2_humble/install/geometry2:/home/sauron/ros2_humble/install/tf2_sensor_msgs:/home/sauron/ros2_humble/install/test_tf2:/home/sauron/ros2_humble/install/tf2_kdl:/home/sauron/ros2_humble/install/tf2_geometry_msgs:/home/sauron/ros2_humble/install/tf2_eigen:/home/sauron/ros2_humble/install/tf2_bullet:/home/sauron/ros2_humble/install/tf2_ros:/home/sauron/ros2_humble/install/tf2_py:/home/sauron/ros2_humble/install/tf2_msgs:/home/sauron/ros2_humble/install/test_msgs:/home/sauron/ros2_humble/install/sros2_cmake:/home/sauron/ros2_humble/install/ros2cli_common_extensions:/home/sauron/ros2_humble/install/rqt_py_common:/home/sauron/ros2_humble/install/ros_testing:/home/sauron/ros2_humble/install/ros2cli_test_interfaces:/home/sauron/ros2_humble/install/quality_of_service_demo_cpp:/home/sauron/ros2_humble/install/image_transport:/home/sauron/ros2_humble/install/message_filters:/home/sauron/ros2_humble/install/demo_nodes_cpp:/home/sauron/ros2_humble/install/composition:/home/sauron/ros2_humble/install/laser_geometry:/home/sauron/ros2_humble/install/rclpy:/home/sauron/ros2_humble/install/examples_rclcpp_minimal_action_server:/home/sauron/ros2_humble/install/examples_rclcpp_minimal_action_client:/home/sauron/ros2_humble/install/action_tutorials_cpp:/home/sauron/ros2_humble/install/rclcpp_action:/home/sauron/ros2_humble/install/rcl_action:/home/sauron/ros2_humble/install/examples_rclcpp_wait_set:/home/sauron/ros2_humble/install/examples_rclcpp_minimal_service:/home/sauron/ros2_humble/install/examples_rclcpp_minimal_client:/home/sauron/ros2_humble/install/examples_rclcpp_async_client:/home/sauron/ros2_humble/install/example_interfaces:/home/sauron/ros2_humble/install/action_tutorials_interfaces:/home/sauron/ros2_humble/install/action_msgs:/home/sauron/ros2_humble/install/unique_identifier_msgs:/home/sauron/ros2_humble/install/ament_lint_common:/home/sauron/ros2_humble/install/ament_cmake_uncrustify:/home/sauron/ros2_humble/install/uncrustify_vendor:/home/sauron/ros2_humble/install/trajectory_msgs:/home/sauron/ros2_humble/install/topic_statistics_demo:/home/sauron/ros2_humble/install/pendulum_control:/home/sauron/ros2_humble/install/tlsf_cpp:/home/sauron/ros2_humble/install/test_tracetools:/home/sauron/ros2_humble/install/rqt_gui_cpp:/home/sauron/ros2_humble/install/rosbag2_test_common:/home/sauron/ros2_humble/install/ros2lifecycle_test_fixtures:/home/sauron/ros2_humble/install/lifecycle:/home/sauron/ros2_humble/install/rclcpp_lifecycle:/home/sauron/ros2_humble/install/logging_demo:/home/sauron/ros2_humble/install/image_tools:/home/sauron/ros2_humble/install/examples_rclcpp_minimal_subscriber:/home/sauron/ros2_humble/install/examples_rclcpp_minimal_composition:/home/sauron/ros2_humble/install/demo_nodes_cpp_native:/home/sauron/ros2_humble/install/rclcpp_components:/home/sauron/ros2_humble/install/intra_process_demo:/home/sauron/ros2_humble/install/examples_rclcpp_multithreaded_executor:/home/sauron/ros2_humble/install/examples_rclcpp_minimal_timer:/home/sauron/ros2_humble/install/examples_rclcpp_minimal_publisher:/home/sauron/ros2_humble/install/examples_rclcpp_cbg_executor:/home/sauron/ros2_humble/install/dummy_sensors:/home/sauron/ros2_humble/install/dummy_map_server:/home/sauron/ros2_humble/install/rclcpp:/home/sauron/ros2_humble/install/rcl_lifecycle:/home/sauron/ros2_humble/install/libstatistics_collector:/home/sauron/ros2_humble/install/rcl:/home/sauron/ros2_humble/install/rmw_implementation:/home/sauron/ros2_humble/install/rmw_fastrtps_dynamic_cpp:/home/sauron/ros2_humble/install/rmw_fastrtps_cpp:/home/sauron/ros2_humble/install/rmw_fastrtps_shared_cpp:/home/sauron/ros2_humble/install/rmw_cyclonedds_cpp:/home/sauron/ros2_humble/install/tracetools:/home/sauron/ros2_humble/install/tlsf:/home/sauron/ros2_humble/install/tinyxml_vendor:/home/sauron/ros2_humble/install/qt_gui_core:/home/sauron/ros2_humble/install/qt_gui_cpp:/home/sauron/ros2_humble/install/pluginlib:/home/sauron/ros2_humble/install/tinyxml2_vendor:/home/sauron/ros2_humble/install/tf2_eigen_kdl:/home/sauron/ros2_humble/install/tf2:/home/sauron/ros2_humble/install/test_security:/home/sauron/ros2_humble/install/test_rmw_implementation:/home/sauron/ros2_humble/install/test_rclcpp:/home/sauron/ros2_humble/install/test_quality_of_service:/home/sauron/ros2_humble/install/test_launch_testing:/home/sauron/ros2_humble/install/test_interface_files:/home/sauron/ros2_humble/install/test_communication:/home/sauron/ros2_humble/install/test_cli_remapping:/home/sauron/ros2_humble/install/test_cli:/home/sauron/ros2_humble/install/qt_gui_app:/home/sauron/ros2_humble/install/qt_gui:/home/sauron/ros2_humble/install/tango_icons_vendor:/home/sauron/ros2_humble/install/stereo_msgs:/home/sauron/ros2_humble/install/std_srvs:/home/sauron/ros2_humble/install/shape_msgs:/home/sauron/ros2_humble/install/map_msgs:/home/sauron/ros2_humble/install/sensor_msgs:/home/sauron/ros2_humble/install/nav_msgs:/home/sauron/ros2_humble/install/diagnostic_msgs:/home/sauron/ros2_humble/install/geometry_msgs:/home/sauron/ros2_humble/install/actionlib_msgs:/home/sauron/ros2_humble/install/std_msgs:/home/sauron/ros2_humble/install/statistics_msgs:/home/sauron/ros2_humble/install/sqlite3_vendor:/home/sauron/ros2_humble/install/rcl_logging_spdlog:/home/sauron/ros2_humble/install/spdlog_vendor:/home/sauron/ros2_humble/install/shared_queues_vendor:/home/sauron/ros2_humble/install/rviz_rendering_tests:/home/sauron/ros2_humble/install/rviz_rendering:/home/sauron/ros2_humble/install/rviz_ogre_vendor:/home/sauron/ros2_humble/install/rviz_assimp_vendor:/home/sauron/ros2_humble/install/rttest:/home/sauron/ros2_humble/install/rmw_connextddsmicro:/home/sauron/ros2_humble/install/rmw_connextdds:/home/sauron/ros2_humble/install/rmw_connextdds_common:/home/sauron/ros2_humble/install/rti_connext_dds_cmake_module:/home/sauron/ros2_humble/install/rosgraph_msgs:/home/sauron/ros2_humble/install/rosbag2_interfaces:/home/sauron/ros2_humble/install/rmw_dds_common:/home/sauron/ros2_humble/install/composition_interfaces:/home/sauron/ros2_humble/install/rcl_interfaces:/home/sauron/ros2_humble/install/pendulum_msgs:/home/sauron/ros2_humble/install/lifecycle_msgs:/home/sauron/ros2_humble/install/builtin_interfaces:/home/sauron/ros2_humble/install/rosidl_default_runtime:/home/sauron/ros2_humble/install/rosidl_default_generators:/home/sauron/ros2_humble/install/rosidl_generator_py:/home/sauron/ros2_humble/install/rosidl_typesupport_introspection_tests:/home/sauron/ros2_humble/install/rosidl_typesupport_cpp:/home/sauron/ros2_humble/install/rosidl_typesupport_introspection_cpp:/home/sauron/ros2_humble/install/rosidl_typesupport_c:/home/sauron/ros2_humble/install/rosidl_typesupport_introspection_c:/home/sauron/ros2_humble/install/rosidl_typesupport_fastrtps_c:/home/sauron/ros2_humble/install/rosidl_typesupport_fastrtps_cpp:/home/sauron/ros2_humble/install/rosidl_generator_cpp:/home/sauron/ros2_humble/install/rosidl_runtime_cpp:/home/sauron/ros2_humble/install/rcl_yaml_param_parser:/home/sauron/ros2_humble/install/rmw:/home/sauron/ros2_humble/install/rosidl_runtime_c:/home/sauron/ros2_humble/install/rosidl_generator_c:/home/sauron/ros2_humble/install/rosidl_typesupport_interface:/home/sauron/ros2_humble/install/rosidl_generator_dds_idl:/home/sauron/ros2_humble/install/rosidl_cmake:/home/sauron/ros2_humble/install/rosidl_parser:/home/sauron/ros2_humble/install/rosidl_adapter:/home/sauron/ros2_humble/install/rosbag2_tests:/home/sauron/ros2_humble/install/rosbag2_storage_mcap_testdata:/home/sauron/ros2_humble/install/ros_environment:/home/sauron/ros2_humble/install/rmw_implementation_cmake:/home/sauron/ros2_humble/install/resource_retriever:/home/sauron/ros2_humble/install/class_loader:/home/sauron/ros2_humble/install/rcpputils:/home/sauron/ros2_humble/install/rcl_logging_noop:/home/sauron/ros2_humble/install/rcl_logging_interface:/home/sauron/ros2_humble/install/rcutils:/home/sauron/ros2_humble/install/qt_gui_py_common:/home/sauron/ros2_humble/install/qt_dotgraph:/home/sauron/ros2_humble/install/python_qt_binding:/home/sauron/ros2_humble/install/python_orocos_kdl_vendor:/home/sauron/ros2_humble/install/launch_testing_ament_cmake:/home/sauron/ros2_humble/install/python_cmake_module:/home/sauron/ros2_humble/install/pybind11_vendor:/home/sauron/ros2_humble/install/performance_test_fixture:/home/sauron/ros2_humble/install/osrf_testing_tools_cpp:/home/sauron/ros2_humble/install/orocos_kdl_vendor:/home/sauron/ros2_humble/install/mimick_vendor:/home/sauron/ros2_humble/install/libyaml_vendor:/home/sauron/ros2_humble/install/libcurl_vendor:/home/sauron/ros2_humble/install/keyboard_handler:/home/sauron/ros2_humble/install/cyclonedds:/home/sauron/ros2_humble/install/iceoryx_posh:/home/sauron/ros2_humble/install/iceoryx_hoofs:/home/sauron/ros2_humble/install/iceoryx_binding_c:/home/sauron/ros2_humble/install/ament_cmake_ros:/home/sauron/ros2_humble/install/ament_cmake_gmock:/home/sauron/ros2_humble/install/gmock_vendor:/home/sauron/ros2_humble/install/ament_cmake_auto:/home/sauron/ros2_humble/install/ament_cmake_gtest:/home/sauron/ros2_humble/install/gtest_vendor:/home/sauron/ros2_humble/install/ament_cmake_google_benchmark:/home/sauron/ros2_humble/install/google_benchmark_vendor:/home/sauron/ros2_humble/install/fastrtps:/home/sauron/ros2_humble/install/foonathan_memory_vendor:/home/sauron/ros2_humble/install/fastrtps_cmake_module:/home/sauron/ros2_humble/install/fastcdr:/home/sauron/ros2_humble/install/eigen3_cmake_module:/home/sauron/ros2_humble/install/console_bridge_vendor:/home/sauron/ros2_humble/install/ament_cmake_xmllint:/home/sauron/ros2_humble/install/ament_cmake_pyflakes:/home/sauron/ros2_humble/install/ament_cmake_pycodestyle:/home/sauron/ros2_humble/install/ament_cmake_pep257:/home/sauron/ros2_humble/install/ament_cmake_pclint:/home/sauron/ros2_humble/install/ament_lint_auto:/home/sauron/ros2_humble/install/ament_cmake:/home/sauron/ros2_humble/install/ament_cmake_version:/home/sauron/ros2_humble/install/ament_cmake_pytest:/home/sauron/ros2_humble/install/ament_cmake_nose:/home/sauron/ros2_humble/install/ament_cmake_mypy:/home/sauron/ros2_humble/install/ament_cmake_lint_cmake:/home/sauron/ros2_humble/install/ament_cmake_flake8:/home/sauron/ros2_humble/install/ament_cmake_cpplint:/home/sauron/ros2_humble/install/ament_cmake_cppcheck:/home/sauron/ros2_humble/install/ament_cmake_copyright:/home/sauron/ros2_humble/install/ament_cmake_clang_tidy:/home/sauron/ros2_humble/install/ament_cmake_clang_format:/home/sauron/ros2_humble/install/ament_cmake_test:/home/sauron/ros2_humble/install/ament_cmake_target_dependencies:/home/sauron/ros2_humble/install/ament_cmake_python:/home/sauron/ros2_humble/install/ament_cmake_export_dependencies:/home/sauron/ros2_humble/install/ament_cmake_libraries:/home/sauron/ros2_humble/install/ament_cmake_include_directories:/home/sauron/ros2_humble/install/ament_cmake_gen_version_h:/home/sauron/ros2_humble/install/ament_cmake_export_targets:/home/sauron/ros2_humble/install/ament_cmake_export_link_flags:/home/sauron/ros2_humble/install/ament_cmake_export_interfaces:/home/sauron/ros2_humble/install/ament_cmake_export_libraries:/home/sauron/ros2_humble/install/ament_cmake_export_include_directories:/home/sauron/ros2_humble/install/ament_cmake_export_definitions:/home/sauron/ros2_humble/install/ament_cmake_core:/home/sauron/ros2_humble/install/ament_index_cpp:/home/sauron/ros2_humble/install/rqt_bag_plugins:/home/sauron/ros2_humble/install/rqt_bag:/home/sauron/ros2_humble/install/ros2bag:/home/sauron/ros2_humble/install/tracetools_test:/home/sauron/ros2_humble/install/tracetools_launch:/home/sauron/ros2_humble/install/topic_monitor:/home/sauron/ros2_humble/install/tf2_tools:/home/sauron/ros2_humble/install/examples_tf2_py:/home/sauron/ros2_humble/install/tf2_ros_py:/home/sauron/ros2_humble/install/sros2:/home/sauron/ros2_humble/install/rqt_topic:/home/sauron/ros2_humble/install/rqt_srv:/home/sauron/ros2_humble/install/rqt_shell:/home/sauron/ros2_humble/install/rqt_service_caller:/home/sauron/ros2_humble/install/rqt_reconfigure:/home/sauron/ros2_humble/install/rqt_py_console:/home/sauron/ros2_humble/install/rqt_publisher:/home/sauron/ros2_humble/install/rqt_plot:/home/sauron/ros2_humble/install/rqt_action:/home/sauron/ros2_humble/install/rqt_msg:/home/sauron/ros2_humble/install/rqt_console:/home/sauron/ros2_humble/install/rqt:/home/sauron/ros2_humble/install/rqt_graph:/home/sauron/ros2_humble/install/rqt_gui_py:/home/sauron/ros2_humble/install/rqt_gui:/home/sauron/ros2_humble/install/ros2trace:/home/sauron/ros2_humble/install/ros2topic:/home/sauron/ros2_humble/install/ros2test:/home/sauron/ros2_humble/install/ros2component:/home/sauron/ros2_humble/install/ros2param:/home/sauron/ros2_humble/install/ros2lifecycle:/home/sauron/ros2_humble/install/ros2service:/home/sauron/ros2_humble/install/ros2run:/home/sauron/ros2_humble/install/ros2launch:/home/sauron/ros2_humble/install/ros2pkg:/home/sauron/ros2_humble/install/ros2node:/home/sauron/ros2_humble/install/ros2multicast:/home/sauron/ros2_humble/install/ros2interface:/home/sauron/ros2_humble/install/ros2doctor:/home/sauron/ros2_humble/install/ros2action:/home/sauron/ros2_humble/install/ros2cli:/home/sauron/ros2_humble/install/quality_of_service_demo_py:/home/sauron/ros2_humble/install/lifecycle_py:/home/sauron/ros2_humble/install/launch_testing_ros:/home/sauron/ros2_humble/install/launch_ros:/home/sauron/ros2_humble/install/examples_rclpy_pointcloud_publisher:/home/sauron/ros2_humble/install/examples_rclpy_minimal_subscriber:/home/sauron/ros2_humble/install/examples_rclpy_minimal_service:/home/sauron/ros2_humble/install/examples_rclpy_minimal_publisher:/home/sauron/ros2_humble/install/examples_rclpy_minimal_client:/home/sauron/ros2_humble/install/examples_rclpy_minimal_action_server:/home/sauron/ros2_humble/install/examples_rclpy_minimal_action_client:/home/sauron/ros2_humble/install/examples_rclpy_guard_conditions:/home/sauron/ros2_humble/install/examples_rclpy_executors:/home/sauron/ros2_humble/install/demo_nodes_py:/home/sauron/ros2_humble/install/action_tutorials_py:/home/sauron/ros2_humble/install/ament_uncrustify:/home/sauron/ros2_humble/install/tracetools_trace:/home/sauron/ros2_humble/install/tracetools_read:/home/sauron/ros2_humble/install/test_tracetools_launch:/home/sauron/ros2_humble/install/test_launch_ros:/home/sauron/ros2_humble/install/sensor_msgs_py:/home/sauron/ros2_humble/install/rpyutils:/home/sauron/ros2_humble/install/rosidl_runtime_py:/home/sauron/ros2_humble/install/rosidl_cli:/home/sauron/ros2_humble/install/launch_pytest:/home/sauron/ros2_humble/install/launch_testing:/home/sauron/ros2_humble/install/launch_yaml:/home/sauron/ros2_humble/install/launch_xml:/home/sauron/ros2_humble/install/launch:/home/sauron/ros2_humble/install/osrf_pycommon:/home/sauron/ros2_humble/install/launch_testing_examples:/home/sauron/ros2_humble/install/domain_coordinator:/home/sauron/ros2_humble/install/ament_xmllint:/home/sauron/ros2_humble/install/ament_pyflakes:/home/sauron/ros2_humble/install/ament_pycodestyle:/home/sauron/ros2_humble/install/ament_pep257:/home/sauron/ros2_humble/install/ament_pclint:/home/sauron/ros2_humble/install/ament_package:/home/sauron/ros2_humble/install/ament_mypy:/home/sauron/ros2_humble/install/ament_lint_cmake:/home/sauron/ros2_humble/install/ament_flake8:/home/sauron/ros2_humble/install/ament_copyright:/home/sauron/ros2_humble/install/ament_lint:/home/sauron/ros2_humble/install/ament_index_python:/home/sauron/ros2_humble/install/ament_cpplint:/home/sauron/ros2_humble/install/ament_cppcheck:/home/sauron/ros2_humble/install/ament_clang_tidy:/home/sauron/ros2_humble/install/ament_clang_format LD_LIBRARY_PATH=/home/sauron/ros2-picas/install/trace_picas/lib:/home/sauron/ros2-picas/install/rclcpp/lib:/home/sauron/ros2-picas/install/test_msgs/lib:/home/sauron/ros2_humble/install/rosbag2_storage_mcap/lib:/home/sauron/ros2_humble/install/rosbag2_compression_zstd/lib:/home/sauron/ros2_humble/install/mcap_vendor/lib:/home/sauron/ros2_humble/install/zstd_vendor/lib:/home/sauron/ros2_humble/install/rviz_default_plugins/lib:/home/sauron/ros2_humble/install/rviz_common/lib:/home/sauron/ros2_humble/install/rosbag2_transport/lib:/home/sauron/ros2_humble/install/rosbag2_compression/lib:/home/sauron/ros2_humble/install/rosbag2_cpp/lib:/home/sauron/ros2_humble/install/rosbag2_storage_default_plugins/lib:/home/sauron/ros2_humble/install/rosbag2_storage/lib:/home/sauron/ros2_humble/install/camera_info_manager/lib:/home/sauron/ros2_humble/install/camera_calibration_parsers/lib:/home/sauron/ros2_humble/install/interactive_markers/lib:/home/sauron/ros2_humble/install/visualization_msgs/lib:/home/sauron/ros2_humble/install/robot_state_publisher/lib:/home/sauron/ros2_humble/install/kdl_parser/lib:/home/sauron/ros2_humble/install/urdf/lib:/home/sauron/ros2_humble/install/urdfdom/lib:/home/sauron/ros2_humble/install/turtlesim/lib:/home/sauron/ros2_humble/install/tf2_ros/lib:/home/sauron/ros2_humble/install/tf2_msgs/lib:/home/sauron/ros2_humble/install/test_msgs/lib:/home/sauron/ros2_humble/install/ros2cli_test_interfaces/lib:/home/sauron/ros2_humble/install/quality_of_service_demo_cpp/lib:/home/sauron/ros2_humble/install/image_transport/lib:/home/sauron/ros2_humble/install/message_filters/lib:/home/sauron/ros2_humble/install/demo_nodes_cpp/lib:/home/sauron/ros2_humble/install/composition/lib:/home/sauron/ros2_humble/install/laser_geometry/lib:/home/sauron/ros2_humble/install/rclpy/lib:/home/sauron/ros2_humble/install/action_tutorials_cpp/lib:/home/sauron/ros2_humble/install/rclcpp_action/lib:/home/sauron/ros2_humble/install/rcl_action/lib:/home/sauron/ros2_humble/install/examples_rclcpp_wait_set/lib:/home/sauron/ros2_humble/install/example_interfaces/lib:/home/sauron/ros2_humble/install/action_tutorials_interfaces/lib:/home/sauron/ros2_humble/install/action_msgs/lib:/home/sauron/ros2_humble/install/unique_identifier_msgs/lib:/home/sauron/ros2_humble/install/trajectory_msgs/lib:/home/sauron/ros2_humble/install/rqt_gui_cpp/lib:/home/sauron/ros2_humble/install/rclcpp_lifecycle/lib:/home/sauron/ros2_humble/install/logging_demo/lib:/home/sauron/ros2_humble/install/image_tools/lib:/home/sauron/ros2_humble/install/examples_rclcpp_minimal_subscriber/lib:/home/sauron/ros2_humble/install/examples_rclcpp_minimal_composition/lib:/home/sauron/ros2_humble/install/demo_nodes_cpp_native/lib:/home/sauron/ros2_humble/install/rclcpp_components/lib:/home/sauron/ros2_humble/install/rclcpp/lib:/home/sauron/ros2_humble/install/rcl_lifecycle/lib:/home/sauron/ros2_humble/install/libstatistics_collector/lib:/home/sauron/ros2_humble/install/rcl/lib:/home/sauron/ros2_humble/install/rmw_implementation/lib:/home/sauron/ros2_humble/install/rmw_fastrtps_dynamic_cpp/lib:/home/sauron/ros2_humble/install/rmw_fastrtps_cpp/lib:/home/sauron/ros2_humble/install/rmw_fastrtps_shared_cpp/lib:/home/sauron/ros2_humble/install/rmw_cyclonedds_cpp/lib:/home/sauron/ros2_humble/install/tracetools/lib:/home/sauron/ros2_humble/install/qt_gui_cpp/lib:/home/sauron/ros2_humble/install/tf2_eigen_kdl/lib:/home/sauron/ros2_humble/install/tf2/lib:/home/sauron/ros2_humble/install/stereo_msgs/lib:/home/sauron/ros2_humble/install/std_srvs/lib:/home/sauron/ros2_humble/install/shape_msgs/lib:/home/sauron/ros2_humble/install/map_msgs/lib:/home/sauron/ros2_humble/install/sensor_msgs/lib:/home/sauron/ros2_humble/install/nav_msgs/lib:/home/sauron/ros2_humble/install/diagnostic_msgs/lib:/home/sauron/ros2_humble/install/geometry_msgs/lib:/home/sauron/ros2_humble/install/actionlib_msgs/lib:/home/sauron/ros2_humble/install/std_msgs/lib:/home/sauron/ros2_humble/install/statistics_msgs/lib:/home/sauron/ros2_humble/install/rcl_logging_spdlog/lib:/home/sauron/ros2_humble/install/rviz_rendering/lib:/home/sauron/ros2_humble/install/rviz_ogre_vendor/opt/rviz_ogre_vendor/lib:/home/sauron/ros2_humble/install/rttest/lib:/home/sauron/ros2_humble/install/rosgraph_msgs/lib:/home/sauron/ros2_humble/install/rosbag2_interfaces/lib:/home/sauron/ros2_humble/install/rmw_dds_common/lib:/home/sauron/ros2_humble/install/composition_interfaces/lib:/home/sauron/ros2_humble/install/rcl_interfaces/lib:/home/sauron/ros2_humble/install/pendulum_msgs/lib:/home/sauron/ros2_humble/install/lifecycle_msgs/lib:/home/sauron/ros2_humble/install/builtin_interfaces/lib:/home/sauron/ros2_humble/install/rosidl_typesupport_cpp/lib:/home/sauron/ros2_humble/install/rosidl_typesupport_introspection_cpp/lib:/home/sauron/ros2_humble/install/rosidl_typesupport_c/lib:/home/sauron/ros2_humble/install/rosidl_typesupport_introspection_c/lib:/home/sauron/ros2_humble/install/rosidl_typesupport_fastrtps_c/lib:/home/sauron/ros2_humble/install/rosidl_typesupport_fastrtps_cpp/lib:/home/sauron/ros2_humble/install/rcl_yaml_param_parser/lib:/home/sauron/ros2_humble/install/rmw/lib:/home/sauron/ros2_humble/install/rosidl_runtime_c/lib:/home/sauron/ros2_humble/install/rosbag2_storage_mcap_testdata/lib:/home/sauron/ros2_humble/install/resource_retriever/lib:/home/sauron/ros2_humble/install/class_loader/lib:/home/sauron/ros2_humble/install/rcpputils/lib:/home/sauron/ros2_humble/install/rcl_logging_noop/lib:/home/sauron/ros2_humble/install/rcl_logging_interface/lib:/home/sauron/ros2_humble/install/rcutils/lib:/home/sauron/ros2_humble/install/performance_test_fixture/lib:/home/sauron/ros2_humble/install/osrf_testing_tools_cpp/lib:/home/sauron/ros2_humble/install/mimick_vendor/lib:/home/sauron/ros2_humble/install/libyaml_vendor/lib:/home/sauron/ros2_humble/install/keyboard_handler/lib:/home/sauron/ros2_humble/install/cyclonedds/lib:/home/sauron/ros2_humble/install/iceoryx_posh/lib:/home/sauron/ros2_humble/install/iceoryx_hoofs/lib:/home/sauron/ros2_humble/install/iceoryx_binding_c/lib:/home/sauron/ros2_humble/install/google_benchmark_vendor/lib:/home/sauron/ros2_humble/install/fastrtps/lib:/home/sauron/ros2_humble/install/fastcdr/lib:/home/sauron/ros2_humble/install/ament_index_cpp/lib:/usr/local/cuda/lib64:/usr/local/cuda/lib64 PYTHONPATH=/home/sauron/ros2-picas/install/test_msgs/local/lib/python3.10/dist-packages:${PYTHONPATH} /usr/bin/cmake --build /home/sauron/ros2-picas/build/picas_example -- -j20 -l20
[0.075s] [35m[1mConsolidate compiler generated dependencies of target case_study[0m
[0.075s] [35m[1mConsolidate compiler generated dependencies of target example[0m
[0.091s] [ 50%] [32mBuilding CXX object CMakeFiles/case_study.dir/src/case_study.cpp.o[0m
[0.091s] [ 50%] [32mBuilding CXX object CMakeFiles/example.dir/src/example.cpp.o[0m
[1.313s] In file included from [01m[K/home/sauron/ros2-picas/install/rclcpp/include/rclcpp/rclcpp/topic_statistics/subscription_topic_statistics.hpp:31[m[K,
[1.313s]                  from [01m[K/home/sauron/ros2-picas/install/rclcpp/include/rclcpp/rclcpp/subscription.hpp:50[m[K,
[1.313s]                  from [01m[K/home/sauron/ros2-picas/install/rclcpp/include/rclcpp/rclcpp/any_executable.hpp:25[m[K,
[1.313s]                  from [01m[K/home/sauron/ros2-picas/install/rclcpp/include/rclcpp/rclcpp/memory_strategy.hpp:25[m[K,
[1.313s]                  from [01m[K/home/sauron/ros2-picas/install/rclcpp/include/rclcpp/rclcpp/memory_strategies.hpp:18[m[K,
[1.313s]                  from [01m[K/home/sauron/ros2-picas/install/rclcpp/include/rclcpp/rclcpp/executor_options.hpp:20[m[K,
[1.313s]                  from [01m[K/home/sauron/ros2-picas/install/rclcpp/include/rclcpp/rclcpp/executor.hpp:37[m[K,
[1.313s]                  from [01m[K/home/sauron/ros2-picas/install/rclcpp/include/rclcpp/rclcpp/executors/multi_threaded_executor.hpp:25[m[K,
[1.313s]                  from [01m[K/home/sauron/ros2-picas/install/rclcpp/include/rclcpp/rclcpp/executors.hpp:21[m[K,
[1.313s]                  from [01m[K/home/sauron/ros2-picas/install/rclcpp/include/rclcpp/rclcpp/rclcpp.hpp:155[m[K,
[1.313s]                  from [01m[K/home/sauron/ros2-picas/ros2-picas-example/picas_example/src/case_study.cpp:16[m[K:
[1.313s] /home/sauron/ros2-picas/install/rclcpp/include/rclcpp/rclcpp/publisher.hpp: In instantiation of â€˜[01m[Kclass rclcpp::Publisher<test_msgs::msg::TestString_<std::allocator<void> > >[m[Kâ€™:
[1.313s] [01m[K/home/sauron/ros2-picas/ros2-picas-example/picas_example/src/case_study.cpp:71:50:[m[K   required from here
[1.313s] [01m[K/home/sauron/ros2-picas/install/rclcpp/include/rclcpp/rclcpp/publisher.hpp:81:47:[m[K [01;31m[Kerror: [m[Kstatic assertion failed: given message type is not compatible with ROS and cannot be used with a Publisher
[1.314s]    81 |     rclcpp::is_ros_compatible_type<MessageT>::[01;31m[Kvalue[m[K,
[1.314s]       |                                               [01;31m[K^~~~~[m[K
[1.314s] [01m[K/home/sauron/ros2-picas/install/rclcpp/include/rclcpp/rclcpp/publisher.hpp:81:47:[m[K [01;36m[Knote: [m[Kâ€˜[01m[Krclcpp::is_ros_compatible_type<test_msgs::msg::TestString_<std::allocator<void> > >::value[m[Kâ€™ evaluates to false
[1.316s] In file included from [01m[K/home/sauron/ros2-picas/install/rclcpp/include/rclcpp/rclcpp/topic_statistics/subscription_topic_statistics.hpp:31[m[K,
[1.316s]                  from [01m[K/home/sauron/ros2-picas/install/rclcpp/include/rclcpp/rclcpp/subscription.hpp:50[m[K,
[1.316s]                  from [01m[K/home/sauron/ros2-picas/install/rclcpp/include/rclcpp/rclcpp/any_executable.hpp:25[m[K,
[1.316s]                  from [01m[K/home/sauron/ros2-picas/install/rclcpp/include/rclcpp/rclcpp/memory_strategy.hpp:25[m[K,
[1.316s]                  from [01m[K/home/sauron/ros2-picas/install/rclcpp/include/rclcpp/rclcpp/memory_strategies.hpp:18[m[K,
[1.316s]                  from [01m[K/home/sauron/ros2-picas/install/rclcpp/include/rclcpp/rclcpp/executor_options.hpp:20[m[K,
[1.316s]                  from [01m[K/home/sauron/ros2-picas/install/rclcpp/include/rclcpp/rclcpp/executor.hpp:37[m[K,
[1.316s]                  from [01m[K/home/sauron/ros2-picas/install/rclcpp/include/rclcpp/rclcpp/executors/multi_threaded_executor.hpp:25[m[K,
[1.317s]                  from [01m[K/home/sauron/ros2-picas/install/rclcpp/include/rclcpp/rclcpp/executors.hpp:21[m[K,
[1.317s]                  from [01m[K/home/sauron/ros2-picas/install/rclcpp/include/rclcpp/rclcpp/rclcpp.hpp:155[m[K,
[1.317s]                  from [01m[K/home/sauron/ros2-picas/ros2-picas-example/picas_example/src/example.cpp:16[m[K:
[1.317s] /home/sauron/ros2-picas/install/rclcpp/include/rclcpp/rclcpp/publisher.hpp: In instantiation of â€˜[01m[Kclass rclcpp::Publisher<test_msgs::msg::TestString_<std::allocator<void> > >[m[Kâ€™:
[1.317s] [01m[K/home/sauron/ros2-picas/ros2-picas-example/picas_example/src/example.cpp:59:50:[m[K   required from here
[1.317s] [01m[K/home/sauron/ros2-picas/install/rclcpp/include/rclcpp/rclcpp/publisher.hpp:81:47:[m[K [01;31m[Kerror: [m[Kstatic assertion failed: given message type is not compatible with ROS and cannot be used with a Publisher
[1.317s]    81 |     rclcpp::is_ros_compatible_type<MessageT>::[01;31m[Kvalue[m[K,
[1.317s]       |                                               [01;31m[K^~~~~[m[K
[1.317s] [01m[K/home/sauron/ros2-picas/install/rclcpp/include/rclcpp/rclcpp/publisher.hpp:81:47:[m[K [01;36m[Knote: [m[Kâ€˜[01m[Krclcpp::is_ros_compatible_type<test_msgs::msg::TestString_<std::allocator<void> > >::value[m[Kâ€™ evaluates to false
[1.325s] [01m[K/home/sauron/ros2-picas/ros2-picas-example/picas_example/src/case_study.cpp:[m[K In member function â€˜[01m[Kvoid StartNode::timer_callback()[m[Kâ€™:
[1.325s] [01m[K/home/sauron/ros2-picas/ros2-picas-example/picas_example/src/case_study.cpp:109:28:[m[K [01;31m[Kerror: [m[Kno matching function for call to â€˜[01m[Krclcpp::Publisher<test_msgs::msg::TestString_<std::allocator<void> > >::publish(test_msgs::msg::TestString_<std::allocator<void> >&)[m[Kâ€™
[1.325s]   109 |         [01;31m[Kpublisher_->publish(message)[m[K;
[1.325s]       |         [01;31m[K~~~~~~~~~~~~~~~~~~~^~~~~~~~~[m[K
[1.325s] In file included from [01m[K/home/sauron/ros2-picas/install/rclcpp/include/rclcpp/rclcpp/topic_statistics/subscription_topic_statistics.hpp:31[m[K,
[1.325s]                  from [01m[K/home/sauron/ros2-picas/install/rclcpp/include/rclcpp/rclcpp/subscription.hpp:50[m[K,
[1.325s]                  from [01m[K/home/sauron/ros2-picas/install/rclcpp/include/rclcpp/rclcpp/any_executable.hpp:25[m[K,
[1.325s]                  from [01m[K/home/sauron/ros2-picas/install/rclcpp/include/rclcpp/rclcpp/memory_strategy.hpp:25[m[K,
[1.325s]                  from [01m[K/home/sauron/ros2-picas/install/rclcpp/include/rclcpp/rclcpp/memory_strategies.hpp:18[m[K,
[1.325s]                  from [01m[K/home/sauron/ros2-picas/install/rclcpp/include/rclcpp/rclcpp/executor_options.hpp:20[m[K,
[1.326s]                  from [01m[K/home/sauron/ros2-picas/install/rclcpp/include/rclcpp/rclcpp/executor.hpp:37[m[K,
[1.326s]                  from [01m[K/home/sauron/ros2-picas/install/rclcpp/include/rclcpp/rclcpp/executors/multi_threaded_executor.hpp:25[m[K,
[1.326s]                  from [01m[K/home/sauron/ros2-picas/install/rclcpp/include/rclcpp/rclcpp/executors.hpp:21[m[K,
[1.326s]                  from [01m[K/home/sauron/ros2-picas/install/rclcpp/include/rclcpp/rclcpp/rclcpp.hpp:155[m[K,
[1.326s]                  from [01m[K/home/sauron/ros2-picas/ros2-picas-example/picas_example/src/case_study.cpp:16[m[K:
[1.326s] [01m[K/home/sauron/ros2-picas/install/rclcpp/include/rclcpp/rclcpp/publisher.hpp:251:3:[m[K [01;36m[Knote: [m[Kcandidate: â€˜[01m[Ktemplate<class T> std::__enable_if_t<(rosidl_generator_traits::is_message<T>::value && std::is_same<T, typename rclcpp::TypeAdapter<MessageT>::ros_message_type>::value)> rclcpp::Publisher<MessageT, AllocatorT>::publish(std::unique_ptr<T, typename std::conditional<std::is_same<typename std::allocator_traits<typename std::allocator_traits<_Allocator>::rebind_traits<typename rclcpp::TypeAdapter<MessageT, void, void>::ros_message_type>::allocator_type>::rebind_alloc<typename rclcpp::TypeAdapter<MessageT, void, void>::ros_message_type>, std::allocator<typename rclcpp::TypeAdapter<MessageT>::ros_message_type> >::value, std::default_delete<typename rclcpp::TypeAdapter<MessageT>::ros_message_type>, rclcpp::allocator::AllocatorDeleter<typename std::allocator_traits<_Allocator>::rebind_traits<typename rclcpp::TypeAdapter<MessageT, void, void>::ros_message_type>::allocator_type> >::type>) [with T = T; MessageT = test_msgs::msg::TestString_<std::allocator<void> >; AllocatorT = std::allocator<void>][m[Kâ€™
[1.326s]   251 |   [01;36m[Kpublish[m[K(std::unique_ptr<T, ROSMessageTypeDeleter> msg)
[1.326s]       |   [01;36m[K^~~~~~~[m[K
[1.326s] [01m[K/home/sauron/ros2-picas/install/rclcpp/include/rclcpp/rclcpp/publisher.hpp:251:3:[m[K [01;36m[Knote: [m[K  template argument deduction/substitution failed:
[1.326s] [01m[K/home/sauron/ros2-picas/ros2-picas-example/picas_example/src/case_study.cpp:109:28:[m[K [01;36m[Knote: [m[K  â€˜[01m[Ktest_msgs::msg::TestString_<std::allocator<void> >[m[Kâ€™ is not derived from â€˜[01m[Kstd::unique_ptr<T, std::default_delete<test_msgs::msg::TestString_<std::allocator<void> > > >[m[Kâ€™
[1.326s]   109 |         [01;36m[Kpublisher_->publish(message)[m[K;
[1.326s]       |         [01;36m[K~~~~~~~~~~~~~~~~~~~^~~~~~~~~[m[K
[1.326s] In file included from [01m[K/home/sauron/ros2-picas/install/rclcpp/include/rclcpp/rclcpp/topic_statistics/subscription_topic_statistics.hpp:31[m[K,
[1.326s]                  from [01m[K/home/sauron/ros2-picas/install/rclcpp/include/rclcpp/rclcpp/subscription.hpp:50[m[K,
[1.326s]                  from [01m[K/home/sauron/ros2-picas/install/rclcpp/include/rclcpp/rclcpp/any_executable.hpp:25[m[K,
[1.326s]                  from [01m[K/home/sauron/ros2-picas/install/rclcpp/include/rclcpp/rclcpp/memory_strategy.hpp:25[m[K,
[1.326s]                  from [01m[K/home/sauron/ros2-picas/install/rclcpp/include/rclcpp/rclcpp/memory_strategies.hpp:18[m[K,
[1.326s]                  from [01m[K/home/sauron/ros2-picas/install/rclcpp/include/rclcpp/rclcpp/executor_options.hpp:20[m[K,
[1.326s]                  from [01m[K/home/sauron/ros2-picas/install/rclcpp/include/rclcpp/rclcpp/executor.hpp:37[m[K,
[1.326s]                  from [01m[K/home/sauron/ros2-picas/install/rclcpp/include/rclcpp/rclcpp/executors/multi_threaded_executor.hpp:25[m[K,
[1.326s]                  from [01m[K/home/sauron/ros2-picas/install/rclcpp/include/rclcpp/rclcpp/executors.hpp:21[m[K,
[1.326s]                  from [01m[K/home/sauron/ros2-picas/install/rclcpp/include/rclcpp/rclcpp/rclcpp.hpp:155[m[K,
[1.326s]                  from [01m[K/home/sauron/ros2-picas/ros2-picas-example/picas_example/src/case_study.cpp:16[m[K:
[1.326s] [01m[K/home/sauron/ros2-picas/install/rclcpp/include/rclcpp/rclcpp/publisher.hpp:292:3:[m[K [01;36m[Knote: [m[Kcandidate: â€˜[01m[Ktemplate<class T> std::__enable_if_t<(rosidl_generator_traits::is_message<T>::value && std::is_same<T, typename rclcpp::TypeAdapter<MessageT>::ros_message_type>::value)> rclcpp::Publisher<MessageT, AllocatorT>::publish(const T&) [with T = T; MessageT = test_msgs::msg::TestString_<std::allocator<void> >; AllocatorT = std::allocator<void>][m[Kâ€™
[1.326s]   292 |   [01;36m[Kpublish[m[K(const T & msg)
[1.326s]       |   [01;36m[K^~~~~~~[m[K
[1.326s] [01m[K/home/sauron/ros2-picas/install/rclcpp/include/rclcpp/rclcpp/publisher.hpp:292:3:[m[K [01;36m[Knote: [m[K  template argument deduction/substitution failed:
[1.326s] In file included from [01m[K/usr/include/c++/11/ratio:39[m[K,
[1.326s]                  from [01m[K/usr/include/c++/11/chrono:39[m[K,
[1.326s]                  from [01m[K/home/sauron/ros2-picas/ros2-picas-example/picas_example/src/case_study.cpp:1[m[K:
[1.326s] /usr/include/c++/11/type_traits: In substitution of â€˜[01m[Ktemplate<bool _Cond, class _Tp> using __enable_if_t = typename std::enable_if::type [with bool _Cond = false; _Tp = void][m[Kâ€™:
[1.326s] [01m[K/home/sauron/ros2-picas/install/rclcpp/include/rclcpp/rclcpp/publisher.hpp:292:3:[m[K   required by substitution of â€˜[01m[Ktemplate<class T> std::__enable_if_t<(rosidl_generator_traits::is_message<T>::value && std::is_same<T, test_msgs::msg::TestString_<std::allocator<void> > >::value), void> rclcpp::Publisher<test_msgs::msg::TestString_<std::allocator<void> > >::publish<T>(const T&) [with T = test_msgs::msg::TestString_<std::allocator<void> >][m[Kâ€™
[1.326s] [01m[K/home/sauron/ros2-picas/ros2-picas-example/picas_example/src/case_study.cpp:109:28:[m[K   required from here
[1.326s] [01m[K/usr/include/c++/11/type_traits:2211:11:[m[K [01;31m[Kerror: [m[Kno type named â€˜[01m[Ktype[m[Kâ€™ in â€˜[01m[Kstruct std::enable_if<false, void>[m[Kâ€™
[1.326s]  2211 |     using [01;31m[K__enable_if_t[m[K = typename enable_if<_Cond, _Tp>::type;
[1.326s]       |           [01;31m[K^~~~~~~~~~~~~[m[K
[1.326s] In file included from [01m[K/home/sauron/ros2-picas/install/rclcpp/include/rclcpp/rclcpp/topic_statistics/subscription_topic_statistics.hpp:31[m[K,
[1.326s]                  from [01m[K/home/sauron/ros2-picas/install/rclcpp/include/rclcpp/rclcpp/subscription.hpp:50[m[K,
[1.326s]                  from [01m[K/home/sauron/ros2-picas/install/rclcpp/include/rclcpp/rclcpp/any_executable.hpp:25[m[K,
[1.326s]                  from [01m[K/home/sauron/ros2-picas/install/rclcpp/include/rclcpp/rclcpp/memory_strategy.hpp:25[m[K,
[1.326s]                  from [01m[K/home/sauron/ros2-picas/install/rclcpp/include/rclcpp/rclcpp/memory_strategies.hpp:18[m[K,
[1.327s]                  from [01m[K/home/sauron/ros2-picas/install/rclcpp/include/rclcpp/rclcpp/executor_options.hpp:20[m[K,
[1.327s]                  from [01m[K/home/sauron/ros2-picas/install/rclcpp/include/rclcpp/rclcpp/executor.hpp:37[m[K,
[1.327s]                  from [01m[K/home/sauron/ros2-picas/install/rclcpp/include/rclcpp/rclcpp/executors/multi_threaded_executor.hpp:25[m[K,
[1.327s]                  from [01m[K/home/sauron/ros2-picas/install/rclcpp/include/rclcpp/rclcpp/executors.hpp:21[m[K,
[1.327s]                  from [01m[K/home/sauron/ros2-picas/install/rclcpp/include/rclcpp/rclcpp/rclcpp.hpp:155[m[K,
[1.327s]                  from [01m[K/home/sauron/ros2-picas/ros2-picas-example/picas_example/src/case_study.cpp:16[m[K:
[1.327s] [01m[K/home/sauron/ros2-picas/install/rclcpp/include/rclcpp/rclcpp/publisher.hpp:322:3:[m[K [01;36m[Knote: [m[Kcandidate: â€˜[01m[Ktemplate<class T> std::__enable_if_t<(typename rclcpp::TypeAdapter<MessageT>::is_specialized::value && std::is_same<T, typename rclcpp::TypeAdapter<MessageT>::custom_type>::value)> rclcpp::Publisher<MessageT, AllocatorT>::publish(std::unique_ptr<T, typename std::conditional<std::is_same<typename std::allocator_traits<typename std::allocator_traits<_Allocator>::rebind_traits<typename rclcpp::TypeAdapter<MessageT, void, void>::custom_type>::allocator_type>::rebind_alloc<typename rclcpp::TypeAdapter<MessageT, void, void>::custom_type>, std::allocator<typename rclcpp::TypeAdapter<MessageT>::custom_type> >::value, std::default_delete<typename rclcpp::TypeAdapter<MessageT>::custom_type>, rclcpp::allocator::AllocatorDeleter<typename std::allocator_traits<_Allocator>::rebind_traits<typename rclcpp::TypeAdapter<MessageT, void, void>::custom_type>::allocator_type> >::type>) [with T = T; MessageT = test_msgs::msg::TestString_<std::allocator<void> >; AllocatorT = std::allocator<void>][m[Kâ€™
[1.327s]   322 |   [01;36m[Kpublish[m[K(std::unique_ptr<T, PublishedTypeDeleter> msg)
[1.327s]       |   [01;36m[K^~~~~~~[m[K
[1.327s] [01m[K/home/sauron/ros2-picas/install/rclcpp/include/rclcpp/rclcpp/publisher.hpp:322:3:[m[K [01;36m[Knote: [m[K  template argument deduction/substitution failed:
[1.327s] [01m[K/home/sauron/ros2-picas/ros2-picas-example/picas_example/src/case_study.cpp:109:28:[m[K [01;36m[Knote: [m[K  â€˜[01m[Ktest_msgs::msg::TestString_<std::allocator<void> >[m[Kâ€™ is not derived from â€˜[01m[Kstd::unique_ptr<T, std::default_delete<test_msgs::msg::TestString_<std::allocator<void> > > >[m[Kâ€™
[1.327s]   109 |         [01;36m[Kpublisher_->publish(message)[m[K;
[1.327s]       |         [01;36m[K~~~~~~~~~~~~~~~~~~~^~~~~~~~~[m[K
[1.327s] In file included from [01m[K/home/sauron/ros2-picas/install/rclcpp/include/rclcpp/rclcpp/topic_statistics/subscription_topic_statistics.hpp:31[m[K,
[1.327s]                  from [01m[K/home/sauron/ros2-picas/install/rclcpp/include/rclcpp/rclcpp/subscription.hpp:50[m[K,
[1.327s]                  from [01m[K/home/sauron/ros2-picas/install/rclcpp/include/rclcpp/rclcpp/any_executable.hpp:25[m[K,
[1.327s]                  from [01m[K/home/sauron/ros2-picas/install/rclcpp/include/rclcpp/rclcpp/memory_strategy.hpp:25[m[K,
[1.327s]                  from [01m[K/home/sauron/ros2-picas/install/rclcpp/include/rclcpp/rclcpp/memory_strategies.hpp:18[m[K,
[1.327s]                  from [01m[K/home/sauron/ros2-picas/install/rclcpp/include/rclcpp/rclcpp/executor_options.hpp:20[m[K,
[1.327s]                  from [01m[K/home/sauron/ros2-picas/install/rclcpp/include/rclcpp/rclcpp/executor.hpp:37[m[K,
[1.327s]                  from [01m[K/home/sauron/ros2-picas/install/rclcpp/include/rclcpp/rclcpp/executors/multi_threaded_executor.hpp:25[m[K,
[1.327s]                  from [01m[K/home/sauron/ros2-picas/install/rclcpp/include/rclcpp/rclcpp/executors.hpp:21[m[K,
[1.327s]                  from [01m[K/home/sauron/ros2-picas/install/rclcpp/include/rclcpp/rclcpp/rclcpp.hpp:155[m[K,
[1.327s]                  from [01m[K/home/sauron/ros2-picas/ros2-picas-example/picas_example/src/case_study.cpp:16[m[K:
[1.327s] [01m[K/home/sauron/ros2-picas/install/rclcpp/include/rclcpp/rclcpp/publisher.hpp:364:3:[m[K [01;36m[Knote: [m[Kcandidate: â€˜[01m[Ktemplate<class T> std::__enable_if_t<(typename rclcpp::TypeAdapter<MessageT>::is_specialized::value && std::is_same<T, typename rclcpp::TypeAdapter<MessageT>::custom_type>::value)> rclcpp::Publisher<MessageT, AllocatorT>::publish(const T&) [with T = T; MessageT = test_msgs::msg::TestString_<std::allocator<void> >; AllocatorT = std::allocator<void>][m[Kâ€™
[1.327s]   364 |   [01;36m[Kpublish[m[K(const T & msg)
[1.327s]       |   [01;36m[K^~~~~~~[m[K
[1.327s] [01m[K/home/sauron/ros2-picas/install/rclcpp/include/rclcpp/rclcpp/publisher.hpp:364:3:[m[K [01;36m[Knote: [m[K  template argument deduction/substitution failed:
[1.327s] [01m[K/home/sauron/ros2-picas/install/rclcpp/include/rclcpp/rclcpp/publisher.hpp:383:3:[m[K [01;36m[Knote: [m[Kcandidate: â€˜[01m[Kvoid rclcpp::Publisher<MessageT, AllocatorT>::publish(const rcl_serialized_message_t&) [with MessageT = test_msgs::msg::TestString_<std::allocator<void> >; AllocatorT = std::allocator<void>; rcl_serialized_message_t = rcutils_uint8_array_s][m[Kâ€™
[1.327s]   383 |   [01;36m[Kpublish[m[K(const rcl_serialized_message_t & serialized_msg)
[1.327s]       |   [01;36m[K^~~~~~~[m[K
[1.327s] [01m[K/home/sauron/ros2-picas/install/rclcpp/include/rclcpp/rclcpp/publisher.hpp:383:44:[m[K [01;36m[Knote: [m[K  no known conversion for argument 1 from â€˜[01m[Ktest_msgs::msg::TestString_<std::allocator<void> >[m[Kâ€™ to â€˜[01m[Kconst rcl_serialized_message_t&[m[Kâ€™ {aka â€˜[01m[Kconst rcutils_uint8_array_s&[m[Kâ€™}
[1.327s]   383 |   publish([01;36m[Kconst rcl_serialized_message_t & serialized_msg[m[K)
[1.327s]       |           [01;36m[K~~~~~~~~~~~~~~~~~~~~~~~~~~~~~~~~~^~~~~~~~~~~~~~[m[K
[1.327s] [01m[K/home/sauron/ros2-picas/install/rclcpp/include/rclcpp/rclcpp/publisher.hpp:389:3:[m[K [01;36m[Knote: [m[Kcandidate: â€˜[01m[Kvoid rclcpp::Publisher<MessageT, AllocatorT>::publish(const rclcpp::SerializedMessage&) [with MessageT = test_msgs::msg::TestString_<std::allocator<void> >; AllocatorT = std::allocator<void>][m[Kâ€™
[1.327s]   389 |   [01;36m[Kpublish[m[K(const SerializedMessage & serialized_msg)
[1.327s]       |   [01;36m[K^~~~~~~[m[K
[1.327s] [01m[K/home/sauron/ros2-picas/install/rclcpp/include/rclcpp/rclcpp/publisher.hpp:389:37:[m[K [01;36m[Knote: [m[K  no known conversion for argument 1 from â€˜[01m[Ktest_msgs::msg::TestString_<std::allocator<void> >[m[Kâ€™ to â€˜[01m[Kconst rclcpp::SerializedMessage&[m[Kâ€™
[1.327s]   389 |   publish([01;36m[Kconst SerializedMessage & serialized_msg[m[K)
[1.327s]       |           [01;36m[K~~~~~~~~~~~~~~~~~~~~~~~~~~^~~~~~~~~~~~~~[m[K
[1.327s] [01m[K/home/sauron/ros2-picas/install/rclcpp/include/rclcpp/rclcpp/publisher.hpp:403:3:[m[K [01;36m[Knote: [m[Kcandidate: â€˜[01m[Kvoid rclcpp::Publisher<MessageT, AllocatorT>::publish(rclcpp::LoanedMessage<typename rclcpp::TypeAdapter<MessageT>::ros_message_type, AllocatorT>&&) [with MessageT = test_msgs::msg::TestString_<std::allocator<void> >; AllocatorT = std::allocator<void>; typename rclcpp::TypeAdapter<MessageT>::ros_message_type = test_msgs::msg::TestString_<std::allocator<void> >][m[Kâ€™
[1.328s]   403 |   [01;36m[Kpublish[m[K(rclcpp::LoanedMessage<ROSMessageType, AllocatorT> && loaned_msg)
[1.328s]       |   [01;36m[K^~~~~~~[m[K
[1.328s] [01m[K/home/sauron/ros2-picas/install/rclcpp/include/rclcpp/rclcpp/publisher.hpp:403:64:[m[K [01;36m[Knote: [m[K  no known conversion for argument 1 from â€˜[01m[Ktest_msgs::msg::TestString_<std::allocator<void> >[m[Kâ€™ to â€˜[01m[Krclcpp::LoanedMessage<test_msgs::msg::TestString_<std::allocator<void> >, std::allocator<void> >&&[m[Kâ€™
[1.328s]   403 |   publish([01;36m[Krclcpp::LoanedMessage<ROSMessageType, AllocatorT> && loaned_msg[m[K)
[1.328s]       |           [01;36m[K~~~~~~~~~~~~~~~~~~~~~~~~~~~~~~~~~~~~~~~~~~~~~~~~~~~~~^~~~~~~~~~[m[K
[1.328s] [01m[K/home/sauron/ros2-picas/ros2-picas-example/picas_example/src/example.cpp:[m[K In member function â€˜[01m[Kvoid StartNode::timer_callback()[m[Kâ€™:
[1.328s] [01m[K/home/sauron/ros2-picas/ros2-picas-example/picas_example/src/example.cpp:97:28:[m[K [01;31m[Kerror: [m[Kno matching function for call to â€˜[01m[Krclcpp::Publisher<test_msgs::msg::TestString_<std::allocator<void> > >::publish(test_msgs::msg::TestString_<std::allocator<void> >&)[m[Kâ€™
[1.328s]    97 |         [01;31m[Kpublisher_->publish(message)[m[K;
[1.328s]       |         [01;31m[K~~~~~~~~~~~~~~~~~~~^~~~~~~~~[m[K
[1.328s] In file included from [01m[K/home/sauron/ros2-picas/install/rclcpp/include/rclcpp/rclcpp/topic_statistics/subscription_topic_statistics.hpp:31[m[K,
[1.328s]                  from [01m[K/home/sauron/ros2-picas/install/rclcpp/include/rclcpp/rclcpp/subscription.hpp:50[m[K,
[1.328s]                  from [01m[K/home/sauron/ros2-picas/install/rclcpp/include/rclcpp/rclcpp/any_executable.hpp:25[m[K,
[1.328s]                  from [01m[K/home/sauron/ros2-picas/install/rclcpp/include/rclcpp/rclcpp/memory_strategy.hpp:25[m[K,
[1.328s]                  from [01m[K/home/sauron/ros2-picas/install/rclcpp/include/rclcpp/rclcpp/memory_strategies.hpp:18[m[K,
[1.328s]                  from [01m[K/home/sauron/ros2-picas/install/rclcpp/include/rclcpp/rclcpp/executor_options.hpp:20[m[K,
[1.328s]                  from [01m[K/home/sauron/ros2-picas/install/rclcpp/include/rclcpp/rclcpp/executor.hpp:37[m[K,
[1.328s]                  from [01m[K/home/sauron/ros2-picas/install/rclcpp/include/rclcpp/rclcpp/executors/multi_threaded_executor.hpp:25[m[K,
[1.328s]                  from [01m[K/home/sauron/ros2-picas/install/rclcpp/include/rclcpp/rclcpp/executors.hpp:21[m[K,
[1.328s]                  from [01m[K/home/sauron/ros2-picas/install/rclcpp/include/rclcpp/rclcpp/rclcpp.hpp:155[m[K,
[1.328s]                  from [01m[K/home/sauron/ros2-picas/ros2-picas-example/picas_example/src/example.cpp:16[m[K:
[1.328s] [01m[K/home/sauron/ros2-picas/install/rclcpp/include/rclcpp/rclcpp/publisher.hpp:251:3:[m[K [01;36m[Knote: [m[Kcandidate: â€˜[01m[Ktemplate<class T> std::__enable_if_t<(rosidl_generator_traits::is_message<T>::value && std::is_same<T, typename rclcpp::TypeAdapter<MessageT>::ros_message_type>::value)> rclcpp::Publisher<MessageT, AllocatorT>::publish(std::unique_ptr<T, typename std::conditional<std::is_same<typename std::allocator_traits<typename std::allocator_traits<_Allocator>::rebind_traits<typename rclcpp::TypeAdapter<MessageT, void, void>::ros_message_type>::allocator_type>::rebind_alloc<typename rclcpp::TypeAdapter<MessageT, void, void>::ros_message_type>, std::allocator<typename rclcpp::TypeAdapter<MessageT>::ros_message_type> >::value, std::default_delete<typename rclcpp::TypeAdapter<MessageT>::ros_message_type>, rclcpp::allocator::AllocatorDeleter<typename std::allocator_traits<_Allocator>::rebind_traits<typename rclcpp::TypeAdapter<MessageT, void, void>::ros_message_type>::allocator_type> >::type>) [with T = T; MessageT = test_msgs::msg::TestString_<std::allocator<void> >; AllocatorT = std::allocator<void>][m[Kâ€™
[1.328s]   251 |   [01;36m[Kpublish[m[K(std::unique_ptr<T, ROSMessageTypeDeleter> msg)
[1.328s]       |   [01;36m[K^~~~~~~[m[K
[1.328s] [01m[K/home/sauron/ros2-picas/install/rclcpp/include/rclcpp/rclcpp/publisher.hpp:251:3:[m[K [01;36m[Knote: [m[K  template argument deduction/substitution failed:
[1.328s] [01m[K/home/sauron/ros2-picas/ros2-picas-example/picas_example/src/example.cpp:97:28:[m[K [01;36m[Knote: [m[K  â€˜[01m[Ktest_msgs::msg::TestString_<std::allocator<void> >[m[Kâ€™ is not derived from â€˜[01m[Kstd::unique_ptr<T, std::default_delete<test_msgs::msg::TestString_<std::allocator<void> > > >[m[Kâ€™
[1.328s]    97 |         [01;36m[Kpublisher_->publish(message)[m[K;
[1.329s]       |         [01;36m[K~~~~~~~~~~~~~~~~~~~^~~~~~~~~[m[K
[1.329s] In file included from [01m[K/home/sauron/ros2-picas/install/rclcpp/include/rclcpp/rclcpp/topic_statistics/subscription_topic_statistics.hpp:31[m[K,
[1.329s]                  from [01m[K/home/sauron/ros2-picas/install/rclcpp/include/rclcpp/rclcpp/subscription.hpp:50[m[K,
[1.329s]                  from [01m[K/home/sauron/ros2-picas/install/rclcpp/include/rclcpp/rclcpp/any_executable.hpp:25[m[K,
[1.329s]                  from [01m[K/home/sauron/ros2-picas/install/rclcpp/include/rclcpp/rclcpp/memory_strategy.hpp:25[m[K,
[1.329s]                  from [01m[K/home/sauron/ros2-picas/install/rclcpp/include/rclcpp/rclcpp/memory_strategies.hpp:18[m[K,
[1.329s]                  from [01m[K/home/sauron/ros2-picas/install/rclcpp/include/rclcpp/rclcpp/executor_options.hpp:20[m[K,
[1.329s]                  from [01m[K/home/sauron/ros2-picas/install/rclcpp/include/rclcpp/rclcpp/executor.hpp:37[m[K,
[1.329s]                  from [01m[K/home/sauron/ros2-picas/install/rclcpp/include/rclcpp/rclcpp/executors/multi_threaded_executor.hpp:25[m[K,
[1.329s]                  from [01m[K/home/sauron/ros2-picas/install/rclcpp/include/rclcpp/rclcpp/executors.hpp:21[m[K,
[1.329s]                  from [01m[K/home/sauron/ros2-picas/install/rclcpp/include/rclcpp/rclcpp/rclcpp.hpp:155[m[K,
[1.329s]                  from [01m[K/home/sauron/ros2-picas/ros2-picas-example/picas_example/src/example.cpp:16[m[K:
[1.329s] [01m[K/home/sauron/ros2-picas/install/rclcpp/include/rclcpp/rclcpp/publisher.hpp:292:3:[m[K [01;36m[Knote: [m[Kcandidate: â€˜[01m[Ktemplate<class T> std::__enable_if_t<(rosidl_generator_traits::is_message<T>::value && std::is_same<T, typename rclcpp::TypeAdapter<MessageT>::ros_message_type>::value)> rclcpp::Publisher<MessageT, AllocatorT>::publish(const T&) [with T = T; MessageT = test_msgs::msg::TestString_<std::allocator<void> >; AllocatorT = std::allocator<void>][m[Kâ€™
[1.329s]   292 |   [01;36m[Kpublish[m[K(const T & msg)
[1.329s]       |   [01;36m[K^~~~~~~[m[K
[1.329s] [01m[K/home/sauron/ros2-picas/install/rclcpp/include/rclcpp/rclcpp/publisher.hpp:292:3:[m[K [01;36m[Knote: [m[K  template argument deduction/substitution failed:
[1.329s] In file included from [01m[K/usr/include/c++/11/ratio:39[m[K,
[1.329s]                  from [01m[K/usr/include/c++/11/chrono:39[m[K,
[1.329s]                  from [01m[K/home/sauron/ros2-picas/ros2-picas-example/picas_example/src/example.cpp:1[m[K:
[1.329s] /usr/include/c++/11/type_traits: In substitution of â€˜[01m[Ktemplate<bool _Cond, class _Tp> using __enable_if_t = typename std::enable_if::type [with bool _Cond = false; _Tp = void][m[Kâ€™:
[1.329s] [01m[K/home/sauron/ros2-picas/install/rclcpp/include/rclcpp/rclcpp/publisher.hpp:292:3:[m[K   required by substitution of â€˜[01m[Ktemplate<class T> std::__enable_if_t<(rosidl_generator_traits::is_message<T>::value && std::is_same<T, test_msgs::msg::TestString_<std::allocator<void> > >::value), void> rclcpp::Publisher<test_msgs::msg::TestString_<std::allocator<void> > >::publish<T>(const T&) [with T = test_msgs::msg::TestString_<std::allocator<void> >][m[Kâ€™
[1.329s] [01m[K/home/sauron/ros2-picas/ros2-picas-example/picas_example/src/example.cpp:97:28:[m[K   required from here
[1.329s] [01m[K/usr/include/c++/11/type_traits:2211:11:[m[K [01;31m[Kerror: [m[Kno type named â€˜[01m[Ktype[m[Kâ€™ in â€˜[01m[Kstruct std::enable_if<false, void>[m[Kâ€™
[1.329s]  2211 |     using [01;31m[K__enable_if_t[m[K = typename enable_if<_Cond, _Tp>::type;
[1.329s]       |           [01;31m[K^~~~~~~~~~~~~[m[K
[1.329s] In file included from [01m[K/home/sauron/ros2-picas/install/rclcpp/include/rclcpp/rclcpp/topic_statistics/subscription_topic_statistics.hpp:31[m[K,
[1.329s]                  from [01m[K/home/sauron/ros2-picas/install/rclcpp/include/rclcpp/rclcpp/subscription.hpp:50[m[K,
[1.329s]                  from [01m[K/home/sauron/ros2-picas/install/rclcpp/include/rclcpp/rclcpp/any_executable.hpp:25[m[K,
[1.329s]                  from [01m[K/home/sauron/ros2-picas/install/rclcpp/include/rclcpp/rclcpp/memory_strategy.hpp:25[m[K,
[1.329s]                  from [01m[K/home/sauron/ros2-picas/install/rclcpp/include/rclcpp/rclcpp/memory_strategies.hpp:18[m[K,
[1.329s]                  from [01m[K/home/sauron/ros2-picas/install/rclcpp/include/rclcpp/rclcpp/executor_options.hpp:20[m[K,
[1.329s]                  from [01m[K/home/sauron/ros2-picas/install/rclcpp/include/rclcpp/rclcpp/executor.hpp:37[m[K,
[1.329s]                  from [01m[K/home/sauron/ros2-picas/install/rclcpp/include/rclcpp/rclcpp/executors/multi_threaded_executor.hpp:25[m[K,
[1.329s]                  from [01m[K/home/sauron/ros2-picas/install/rclcpp/include/rclcpp/rclcpp/executors.hpp:21[m[K,
[1.329s]                  from [01m[K/home/sauron/ros2-picas/install/rclcpp/include/rclcpp/rclcpp/rclcpp.hpp:155[m[K,
[1.329s]                  from [01m[K/home/sauron/ros2-picas/ros2-picas-example/picas_example/src/example.cpp:16[m[K:
[1.329s] [01m[K/home/sauron/ros2-picas/install/rclcpp/include/rclcpp/rclcpp/publisher.hpp:322:3:[m[K [01;36m[Knote: [m[Kcandidate: â€˜[01m[Ktemplate<class T> std::__enable_if_t<(typename rclcpp::TypeAdapter<MessageT>::is_specialized::value && std::is_same<T, typename rclcpp::TypeAdapter<MessageT>::custom_type>::value)> rclcpp::Publisher<MessageT, AllocatorT>::publish(std::unique_ptr<T, typename std::conditional<std::is_same<typename std::allocator_traits<typename std::allocator_traits<_Allocator>::rebind_traits<typename rclcpp::TypeAdapter<MessageT, void, void>::custom_type>::allocator_type>::rebind_alloc<typename rclcpp::TypeAdapter<MessageT, void, void>::custom_type>, std::allocator<typename rclcpp::TypeAdapter<MessageT>::custom_type> >::value, std::default_delete<typename rclcpp::TypeAdapter<MessageT>::custom_type>, rclcpp::allocator::AllocatorDeleter<typename std::allocator_traits<_Allocator>::rebind_traits<typename rclcpp::TypeAdapter<MessageT, void, void>::custom_type>::allocator_type> >::type>) [with T = T; MessageT = test_msgs::msg::TestString_<std::allocator<void> >; AllocatorT = std::allocator<void>][m[Kâ€™
[1.329s]   322 |   [01;36m[Kpublish[m[K(std::unique_ptr<T, PublishedTypeDeleter> msg)
[1.329s]       |   [01;36m[K^~~~~~~[m[K
[1.329s] [01m[K/home/sauron/ros2-picas/install/rclcpp/include/rclcpp/rclcpp/publisher.hpp:322:3:[m[K [01;36m[Knote: [m[K  template argument deduction/substitution failed:
[1.329s] [01m[K/home/sauron/ros2-picas/ros2-picas-example/picas_example/src/example.cpp:97:28:[m[K [01;36m[Knote: [m[K  â€˜[01m[Ktest_msgs::msg::TestString_<std::allocator<void> >[m[Kâ€™ is not derived from â€˜[01m[Kstd::unique_ptr<T, std::default_delete<test_msgs::msg::TestString_<std::allocator<void> > > >[m[Kâ€™
[1.329s]    97 |         [01;36m[Kpublisher_->publish(message)[m[K;
[1.330s]       |         [01;36m[K~~~~~~~~~~~~~~~~~~~^~~~~~~~~[m[K
[1.330s] In file included from [01m[K/home/sauron/ros2-picas/install/rclcpp/include/rclcpp/rclcpp/topic_statistics/subscription_topic_statistics.hpp:31[m[K,
[1.330s]                  from [01m[K/home/sauron/ros2-picas/install/rclcpp/include/rclcpp/rclcpp/subscription.hpp:50[m[K,
[1.330s]                  from [01m[K/home/sauron/ros2-picas/install/rclcpp/include/rclcpp/rclcpp/any_executable.hpp:25[m[K,
[1.330s]                  from [01m[K/home/sauron/ros2-picas/install/rclcpp/include/rclcpp/rclcpp/memory_strategy.hpp:25[m[K,
[1.330s]                  from [01m[K/home/sauron/ros2-picas/install/rclcpp/include/rclcpp/rclcpp/memory_strategies.hpp:18[m[K,
[1.330s]                  from [01m[K/home/sauron/ros2-picas/install/rclcpp/include/rclcpp/rclcpp/executor_options.hpp:20[m[K,
[1.330s]                  from [01m[K/home/sauron/ros2-picas/install/rclcpp/include/rclcpp/rclcpp/executor.hpp:37[m[K,
[1.330s]                  from [01m[K/home/sauron/ros2-picas/install/rclcpp/include/rclcpp/rclcpp/executors/multi_threaded_executor.hpp:25[m[K,
[1.330s]                  from [01m[K/home/sauron/ros2-picas/install/rclcpp/include/rclcpp/rclcpp/executors.hpp:21[m[K,
[1.330s]                  from [01m[K/home/sauron/ros2-picas/install/rclcpp/include/rclcpp/rclcpp/rclcpp.hpp:155[m[K,
[1.330s]                  from [01m[K/home/sauron/ros2-picas/ros2-picas-example/picas_example/src/example.cpp:16[m[K:
[1.330s] [01m[K/home/sauron/ros2-picas/install/rclcpp/include/rclcpp/rclcpp/publisher.hpp:364:3:[m[K [01;36m[Knote: [m[Kcandidate: â€˜[01m[Ktemplate<class T> std::__enable_if_t<(typename rclcpp::TypeAdapter<MessageT>::is_specialized::value && std::is_same<T, typename rclcpp::TypeAdapter<MessageT>::custom_type>::value)> rclcpp::Publisher<MessageT, AllocatorT>::publish(const T&) [with T = T; MessageT = test_msgs::msg::TestString_<std::allocator<void> >; AllocatorT = std::allocator<void>][m[Kâ€™
[1.330s]   364 |   [01;36m[Kpublish[m[K(const T & msg)
[1.330s]       |   [01;36m[K^~~~~~~[m[K
[1.330s] [01m[K/home/sauron/ros2-picas/install/rclcpp/include/rclcpp/rclcpp/publisher.hpp:364:3:[m[K [01;36m[Knote: [m[K  template argument deduction/substitution failed:
[1.330s] [01m[K/home/sauron/ros2-picas/install/rclcpp/include/rclcpp/rclcpp/publisher.hpp:383:3:[m[K [01;36m[Knote: [m[Kcandidate: â€˜[01m[Kvoid rclcpp::Publisher<MessageT, AllocatorT>::publish(const rcl_serialized_message_t&) [with MessageT = test_msgs::msg::TestString_<std::allocator<void> >; AllocatorT = std::allocator<void>; rcl_serialized_message_t = rcutils_uint8_array_s][m[Kâ€™
[1.330s]   383 |   [01;36m[Kpublish[m[K(const rcl_serialized_message_t & serialized_msg)
[1.330s]       |   [01;36m[K^~~~~~~[m[K
[1.330s] [01m[K/home/sauron/ros2-picas/install/rclcpp/include/rclcpp/rclcpp/publisher.hpp:383:44:[m[K [01;36m[Knote: [m[K  no known conversion for argument 1 from â€˜[01m[Ktest_msgs::msg::TestString_<std::allocator<void> >[m[Kâ€™ to â€˜[01m[Kconst rcl_serialized_message_t&[m[Kâ€™ {aka â€˜[01m[Kconst rcutils_uint8_array_s&[m[Kâ€™}
[1.330s]   383 |   publish([01;36m[Kconst rcl_serialized_message_t & serialized_msg[m[K)
[1.330s]       |           [01;36m[K~~~~~~~~~~~~~~~~~~~~~~~~~~~~~~~~~^~~~~~~~~~~~~~[m[K
[1.330s] [01m[K/home/sauron/ros2-picas/install/rclcpp/include/rclcpp/rclcpp/publisher.hpp:389:3:[m[K [01;36m[Knote: [m[Kcandidate: â€˜[01m[Kvoid rclcpp::Publisher<MessageT, AllocatorT>::publish(const rclcpp::SerializedMessage&) [with MessageT = test_msgs::msg::TestString_<std::allocator<void> >; AllocatorT = std::allocator<void>][m[Kâ€™
[1.330s]   389 |   [01;36m[Kpublish[m[K(const SerializedMessage & serialized_msg)
[1.330s]       |   [01;36m[K^~~~~~~[m[K
[1.330s] [01m[K/home/sauron/ros2-picas/install/rclcpp/include/rclcpp/rclcpp/publisher.hpp:389:37:[m[K [01;36m[Knote: [m[K  no known conversion for argument 1 from â€˜[01m[Ktest_msgs::msg::TestString_<std::allocator<void> >[m[Kâ€™ to â€˜[01m[Kconst rclcpp::SerializedMessage&[m[Kâ€™
[1.330s]   389 |   publish([01;36m[Kconst SerializedMessage & serialized_msg[m[K)
[1.330s]       |           [01;36m[K~~~~~~~~~~~~~~~~~~~~~~~~~~^~~~~~~~~~~~~~[m[K
[1.330s] [01m[K/home/sauron/ros2-picas/install/rclcpp/include/rclcpp/rclcpp/publisher.hpp:403:3:[m[K [01;36m[Knote: [m[Kcandidate: â€˜[01m[Kvoid rclcpp::Publisher<MessageT, AllocatorT>::publish(rclcpp::LoanedMessage<typename rclcpp::TypeAdapter<MessageT>::ros_message_type, AllocatorT>&&) [with MessageT = test_msgs::msg::TestString_<std::allocator<void> >; AllocatorT = std::allocator<void>; typename rclcpp::TypeAdapter<MessageT>::ros_message_type = test_msgs::msg::TestString_<std::allocator<void> >][m[Kâ€™
[1.330s]   403 |   [01;36m[Kpublish[m[K(rclcpp::LoanedMessage<ROSMessageType, AllocatorT> && loaned_msg)
[1.330s]       |   [01;36m[K^~~~~~~[m[K
[1.330s] [01m[K/home/sauron/ros2-picas/install/rclcpp/include/rclcpp/rclcpp/publisher.hpp:403:64:[m[K [01;36m[Knote: [m[K  no known conversion for argument 1 from â€˜[01m[Ktest_msgs::msg::TestString_<std::allocator<void> >[m[Kâ€™ to â€˜[01m[Krclcpp::LoanedMessage<test_msgs::msg::TestString_<std::allocator<void> >, std::allocator<void> >&&[m[Kâ€™
[1.330s]   403 |   publish([01;36m[Krclcpp::LoanedMessage<ROSMessageType, AllocatorT> && loaned_msg[m[K)
[1.330s]       |           [01;36m[K~~~~~~~~~~~~~~~~~~~~~~~~~~~~~~~~~~~~~~~~~~~~~~~~~~~~~^~~~~~~~~~[m[K
[1.351s] [01m[K/home/sauron/ros2-picas/ros2-picas-example/picas_example/src/case_study.cpp:[m[K In member function â€˜[01m[Kvoid IntermediateNode::callback(test_msgs::msg::TestString_<std::allocator<void> >::SharedPtr)[m[Kâ€™:
[1.351s] [01m[K/home/sauron/ros2-picas/ros2-picas-example/picas_example/src/case_study.cpp:157:44:[m[K [01;31m[Kerror: [m[Kno matching function for call to â€˜[01m[Krclcpp::Publisher<test_msgs::msg::TestString_<std::allocator<void> > >::publish(test_msgs::msg::TestString_<std::allocator<void> >&)[m[Kâ€™
[1.351s]   157 |         if (publisher_) [01;31m[Kpublisher_->publish(message)[m[K;
[1.351s]       |                         [01;31m[K~~~~~~~~~~~~~~~~~~~^~~~~~~~~[m[K
[1.351s] In file included from [01m[K/home/sauron/ros2-picas/install/rclcpp/include/rclcpp/rclcpp/topic_statistics/subscription_topic_statistics.hpp:31[m[K,
[1.351s]                  from [01m[K/home/sauron/ros2-picas/install/rclcpp/include/rclcpp/rclcpp/subscription.hpp:50[m[K,
[1.351s]                  from [01m[K/home/sauron/ros2-picas/install/rclcpp/include/rclcpp/rclcpp/any_executable.hpp:25[m[K,
[1.351s]                  from [01m[K/home/sauron/ros2-picas/install/rclcpp/include/rclcpp/rclcpp/memory_strategy.hpp:25[m[K,
[1.351s]                  from [01m[K/home/sauron/ros2-picas/install/rclcpp/include/rclcpp/rclcpp/memory_strategies.hpp:18[m[K,
[1.351s]                  from [01m[K/home/sauron/ros2-picas/install/rclcpp/include/rclcpp/rclcpp/executor_options.hpp:20[m[K,
[1.351s]                  from [01m[K/home/sauron/ros2-picas/install/rclcpp/include/rclcpp/rclcpp/executor.hpp:37[m[K,
[1.351s]                  from [01m[K/home/sauron/ros2-picas/install/rclcpp/include/rclcpp/rclcpp/executors/multi_threaded_executor.hpp:25[m[K,
[1.351s]                  from [01m[K/home/sauron/ros2-picas/install/rclcpp/include/rclcpp/rclcpp/executors.hpp:21[m[K,
[1.351s]                  from [01m[K/home/sauron/ros2-picas/install/rclcpp/include/rclcpp/rclcpp/rclcpp.hpp:155[m[K,
[1.351s]                  from [01m[K/home/sauron/ros2-picas/ros2-picas-example/picas_example/src/case_study.cpp:16[m[K:
[1.351s] [01m[K/home/sauron/ros2-picas/install/rclcpp/include/rclcpp/rclcpp/publisher.hpp:251:3:[m[K [01;36m[Knote: [m[Kcandidate: â€˜[01m[Ktemplate<class T> std::__enable_if_t<(rosidl_generator_traits::is_message<T>::value && std::is_same<T, typename rclcpp::TypeAdapter<MessageT>::ros_message_type>::value)> rclcpp::Publisher<MessageT, AllocatorT>::publish(std::unique_ptr<T, typename std::conditional<std::is_same<typename std::allocator_traits<typename std::allocator_traits<_Allocator>::rebind_traits<typename rclcpp::TypeAdapter<MessageT, void, void>::ros_message_type>::allocator_type>::rebind_alloc<typename rclcpp::TypeAdapter<MessageT, void, void>::ros_message_type>, std::allocator<typename rclcpp::TypeAdapter<MessageT>::ros_message_type> >::value, std::default_delete<typename rclcpp::TypeAdapter<MessageT>::ros_message_type>, rclcpp::allocator::AllocatorDeleter<typename std::allocator_traits<_Allocator>::rebind_traits<typename rclcpp::TypeAdapter<MessageT, void, void>::ros_message_type>::allocator_type> >::type>) [with T = T; MessageT = test_msgs::msg::TestString_<std::allocator<void> >; AllocatorT = std::allocator<void>][m[Kâ€™
[1.352s]   251 |   [01;36m[Kpublish[m[K(std::unique_ptr<T, ROSMessageTypeDeleter> msg)
[1.352s]       |   [01;36m[K^~~~~~~[m[K
[1.352s] [01m[K/home/sauron/ros2-picas/install/rclcpp/include/rclcpp/rclcpp/publisher.hpp:251:3:[m[K [01;36m[Knote: [m[K  template argument deduction/substitution failed:
[1.352s] [01m[K/home/sauron/ros2-picas/ros2-picas-example/picas_example/src/case_study.cpp:157:44:[m[K [01;36m[Knote: [m[K  â€˜[01m[Ktest_msgs::msg::TestString_<std::allocator<void> >[m[Kâ€™ is not derived from â€˜[01m[Kstd::unique_ptr<T, std::default_delete<test_msgs::msg::TestString_<std::allocator<void> > > >[m[Kâ€™
[1.352s]   157 |         if (publisher_) [01;36m[Kpublisher_->publish(message)[m[K;
[1.352s]       |                         [01;36m[K~~~~~~~~~~~~~~~~~~~^~~~~~~~~[m[K
[1.352s] In file included from [01m[K/home/sauron/ros2-picas/install/rclcpp/include/rclcpp/rclcpp/topic_statistics/subscription_topic_statistics.hpp:31[m[K,
[1.352s]                  from [01m[K/home/sauron/ros2-picas/install/rclcpp/include/rclcpp/rclcpp/subscription.hpp:50[m[K,
[1.352s]                  from [01m[K/home/sauron/ros2-picas/install/rclcpp/include/rclcpp/rclcpp/any_executable.hpp:25[m[K,
[1.352s]                  from [01m[K/home/sauron/ros2-picas/install/rclcpp/include/rclcpp/rclcpp/memory_strategy.hpp:25[m[K,
[1.352s]                  from [01m[K/home/sauron/ros2-picas/install/rclcpp/include/rclcpp/rclcpp/memory_strategies.hpp:18[m[K,
[1.352s]                  from [01m[K/home/sauron/ros2-picas/install/rclcpp/include/rclcpp/rclcpp/executor_options.hpp:20[m[K,
[1.352s]                  from [01m[K/home/sauron/ros2-picas/install/rclcpp/include/rclcpp/rclcpp/executor.hpp:37[m[K,
[1.352s]                  from [01m[K/home/sauron/ros2-picas/install/rclcpp/include/rclcpp/rclcpp/executors/multi_threaded_executor.hpp:25[m[K,
[1.352s]                  from [01m[K/home/sauron/ros2-picas/install/rclcpp/include/rclcpp/rclcpp/executors.hpp:21[m[K,
[1.352s]                  from [01m[K/home/sauron/ros2-picas/install/rclcpp/include/rclcpp/rclcpp/rclcpp.hpp:155[m[K,
[1.352s]                  from [01m[K/home/sauron/ros2-picas/ros2-picas-example/picas_example/src/case_study.cpp:16[m[K:
[1.352s] [01m[K/home/sauron/ros2-picas/install/rclcpp/include/rclcpp/rclcpp/publisher.hpp:292:3:[m[K [01;36m[Knote: [m[Kcandidate: â€˜[01m[Ktemplate<class T> std::__enable_if_t<(rosidl_generator_traits::is_message<T>::value && std::is_same<T, typename rclcpp::TypeAdapter<MessageT>::ros_message_type>::value)> rclcpp::Publisher<MessageT, AllocatorT>::publish(const T&) [with T = T; MessageT = test_msgs::msg::TestString_<std::allocator<void> >; AllocatorT = std::allocator<void>][m[Kâ€™
[1.352s]   292 |   [01;36m[Kpublish[m[K(const T & msg)
[1.352s]       |   [01;36m[K^~~~~~~[m[K
[1.352s] [01m[K/home/sauron/ros2-picas/install/rclcpp/include/rclcpp/rclcpp/publisher.hpp:292:3:[m[K [01;36m[Knote: [m[K  template argument deduction/substitution failed:
[1.352s] [01m[K/home/sauron/ros2-picas/install/rclcpp/include/rclcpp/rclcpp/publisher.hpp:322:3:[m[K [01;36m[Knote: [m[Kcandidate: â€˜[01m[Ktemplate<class T> std::__enable_if_t<(typename rclcpp::TypeAdapter<MessageT>::is_specialized::value && std::is_same<T, typename rclcpp::TypeAdapter<MessageT>::custom_type>::value)> rclcpp::Publisher<MessageT, AllocatorT>::publish(std::unique_ptr<T, typename std::conditional<std::is_same<typename std::allocator_traits<typename std::allocator_traits<_Allocator>::rebind_traits<typename rclcpp::TypeAdapter<MessageT, void, void>::custom_type>::allocator_type>::rebind_alloc<typename rclcpp::TypeAdapter<MessageT, void, void>::custom_type>, std::allocator<typename rclcpp::TypeAdapter<MessageT>::custom_type> >::value, std::default_delete<typename rclcpp::TypeAdapter<MessageT>::custom_type>, rclcpp::allocator::AllocatorDeleter<typename std::allocator_traits<_Allocator>::rebind_traits<typename rclcpp::TypeAdapter<MessageT, void, void>::custom_type>::allocator_type> >::type>) [with T = T; MessageT = test_msgs::msg::TestString_<std::allocator<void> >; AllocatorT = std::allocator<void>][m[Kâ€™
[1.352s]   322 |   [01;36m[Kpublish[m[K(std::unique_ptr<T, PublishedTypeDeleter> msg)
[1.352s]       |   [01;36m[K^~~~~~~[m[K
[1.352s] [01m[K/home/sauron/ros2-picas/install/rclcpp/include/rclcpp/rclcpp/publisher.hpp:322:3:[m[K [01;36m[Knote: [m[K  template argument deduction/substitution failed:
[1.352s] [01m[K/home/sauron/ros2-picas/ros2-picas-example/picas_example/src/case_study.cpp:157:44:[m[K [01;36m[Knote: [m[K  â€˜[01m[Ktest_msgs::msg::TestString_<std::allocator<void> >[m[Kâ€™ is not derived from â€˜[01m[Kstd::unique_ptr<T, std::default_delete<test_msgs::msg::TestString_<std::allocator<void> > > >[m[Kâ€™
[1.352s]   157 |         if (publisher_) [01;36m[Kpublisher_->publish(message)[m[K;
[1.352s]       |                         [01;36m[K~~~~~~~~~~~~~~~~~~~^~~~~~~~~[m[K
[1.352s] In file included from [01m[K/home/sauron/ros2-picas/install/rclcpp/include/rclcpp/rclcpp/topic_statistics/subscription_topic_statistics.hpp:31[m[K,
[1.352s]                  from [01m[K/home/sauron/ros2-picas/install/rclcpp/include/rclcpp/rclcpp/subscription.hpp:50[m[K,
[1.352s]                  from [01m[K/home/sauron/ros2-picas/install/rclcpp/include/rclcpp/rclcpp/any_executable.hpp:25[m[K,
[1.352s]                  from [01m[K/home/sauron/ros2-picas/install/rclcpp/include/rclcpp/rclcpp/memory_strategy.hpp:25[m[K,
[1.352s]                  from [01m[K/home/sauron/ros2-picas/install/rclcpp/include/rclcpp/rclcpp/memory_strategies.hpp:18[m[K,
[1.352s]                  from [01m[K/home/sauron/ros2-picas/install/rclcpp/include/rclcpp/rclcpp/executor_options.hpp:20[m[K,
[1.352s]                  from [01m[K/home/sauron/ros2-picas/install/rclcpp/include/rclcpp/rclcpp/executor.hpp:37[m[K,
[1.352s]                  from [01m[K/home/sauron/ros2-picas/install/rclcpp/include/rclcpp/rclcpp/executors/multi_threaded_executor.hpp:25[m[K,
[1.352s]                  from [01m[K/home/sauron/ros2-picas/install/rclcpp/include/rclcpp/rclcpp/executors.hpp:21[m[K,
[1.353s]                  from [01m[K/home/sauron/ros2-picas/install/rclcpp/include/rclcpp/rclcpp/rclcpp.hpp:155[m[K,
[1.353s]                  from [01m[K/home/sauron/ros2-picas/ros2-picas-example/picas_example/src/case_study.cpp:16[m[K:
[1.353s] [01m[K/home/sauron/ros2-picas/install/rclcpp/include/rclcpp/rclcpp/publisher.hpp:364:3:[m[K [01;36m[Knote: [m[Kcandidate: â€˜[01m[Ktemplate<class T> std::__enable_if_t<(typename rclcpp::TypeAdapter<MessageT>::is_specialized::value && std::is_same<T, typename rclcpp::TypeAdapter<MessageT>::custom_type>::value)> rclcpp::Publisher<MessageT, AllocatorT>::publish(const T&) [with T = T; MessageT = test_msgs::msg::TestString_<std::allocator<void> >; AllocatorT = std::allocator<void>][m[Kâ€™
[1.353s]   364 |   [01;36m[Kpublish[m[K(const T & msg)
[1.353s]       |   [01;36m[K^~~~~~~[m[K
[1.353s] [01m[K/home/sauron/ros2-picas/install/rclcpp/include/rclcpp/rclcpp/publisher.hpp:364:3:[m[K [01;36m[Knote: [m[K  template argument deduction/substitution failed:
[1.353s] [01m[K/home/sauron/ros2-picas/install/rclcpp/include/rclcpp/rclcpp/publisher.hpp:383:3:[m[K [01;36m[Knote: [m[Kcandidate: â€˜[01m[Kvoid rclcpp::Publisher<MessageT, AllocatorT>::publish(const rcl_serialized_message_t&) [with MessageT = test_msgs::msg::TestString_<std::allocator<void> >; AllocatorT = std::allocator<void>; rcl_serialized_message_t = rcutils_uint8_array_s][m[Kâ€™
[1.353s]   383 |   [01;36m[Kpublish[m[K(const rcl_serialized_message_t & serialized_msg)
[1.353s]       |   [01;36m[K^~~~~~~[m[K
[1.353s] [01m[K/home/sauron/ros2-picas/install/rclcpp/include/rclcpp/rclcpp/publisher.hpp:383:44:[m[K [01;36m[Knote: [m[K  no known conversion for argument 1 from â€˜[01m[Ktest_msgs::msg::TestString_<std::allocator<void> >[m[Kâ€™ to â€˜[01m[Kconst rcl_serialized_message_t&[m[Kâ€™ {aka â€˜[01m[Kconst rcutils_uint8_array_s&[m[Kâ€™}
[1.353s]   383 |   publish([01;36m[Kconst rcl_serialized_message_t & serialized_msg[m[K)
[1.353s]       |           [01;36m[K~~~~~~~~~~~~~~~~~~~~~~~~~~~~~~~~~^~~~~~~~~~~~~~[m[K
[1.353s] [01m[K/home/sauron/ros2-picas/install/rclcpp/include/rclcpp/rclcpp/publisher.hpp:389:3:[m[K [01;36m[Knote: [m[Kcandidate: â€˜[01m[Kvoid rclcpp::Publisher<MessageT, AllocatorT>::publish(const rclcpp::SerializedMessage&) [with MessageT = test_msgs::msg::TestString_<std::allocator<void> >; AllocatorT = std::allocator<void>][m[Kâ€™
[1.353s]   389 |   [01;36m[Kpublish[m[K(const SerializedMessage & serialized_msg)
[1.353s]       |   [01;36m[K^~~~~~~[m[K
[1.353s] [01m[K/home/sauron/ros2-picas/install/rclcpp/include/rclcpp/rclcpp/publisher.hpp:389:37:[m[K [01;36m[Knote: [m[K  no known conversion for argument 1 from â€˜[01m[Ktest_msgs::msg::TestString_<std::allocator<void> >[m[Kâ€™ to â€˜[01m[Kconst rclcpp::SerializedMessage&[m[Kâ€™
[1.353s]   389 |   publish([01;36m[Kconst SerializedMessage & serialized_msg[m[K)
[1.353s]       |           [01;36m[K~~~~~~~~~~~~~~~~~~~~~~~~~~^~~~~~~~~~~~~~[m[K
[1.353s] [01m[K/home/sauron/ros2-picas/install/rclcpp/include/rclcpp/rclcpp/publisher.hpp:403:3:[m[K [01;36m[Knote: [m[Kcandidate: â€˜[01m[Kvoid rclcpp::Publisher<MessageT, AllocatorT>::publish(rclcpp::LoanedMessage<typename rclcpp::TypeAdapter<MessageT>::ros_message_type, AllocatorT>&&) [with MessageT = test_msgs::msg::TestString_<std::allocator<void> >; AllocatorT = std::allocator<void>; typename rclcpp::TypeAdapter<MessageT>::ros_message_type = test_msgs::msg::TestString_<std::allocator<void> >][m[Kâ€™
[1.353s]   403 |   [01;36m[Kpublish[m[K(rclcpp::LoanedMessage<ROSMessageType, AllocatorT> && loaned_msg)
[1.353s]       |   [01;36m[K^~~~~~~[m[K
[1.353s] [01m[K/home/sauron/ros2-picas/install/rclcpp/include/rclcpp/rclcpp/publisher.hpp:403:64:[m[K [01;36m[Knote: [m[K  no known conversion for argument 1 from â€˜[01m[Ktest_msgs::msg::TestString_<std::allocator<void> >[m[Kâ€™ to â€˜[01m[Krclcpp::LoanedMessage<test_msgs::msg::TestString_<std::allocator<void> >, std::allocator<void> >&&[m[Kâ€™
[1.353s]   403 |   publish([01;36m[Krclcpp::LoanedMessage<ROSMessageType, AllocatorT> && loaned_msg[m[K)
[1.353s]       |           [01;36m[K~~~~~~~~~~~~~~~~~~~~~~~~~~~~~~~~~~~~~~~~~~~~~~~~~~~~~^~~~~~~~~~[m[K
[1.354s] [01m[K/home/sauron/ros2-picas/ros2-picas-example/picas_example/src/example.cpp:[m[K In member function â€˜[01m[Kvoid IntermediateNode::callback(test_msgs::msg::TestString_<std::allocator<void> >::SharedPtr)[m[Kâ€™:
[1.354s] [01m[K/home/sauron/ros2-picas/ros2-picas-example/picas_example/src/example.cpp:145:44:[m[K [01;31m[Kerror: [m[Kno matching function for call to â€˜[01m[Krclcpp::Publisher<test_msgs::msg::TestString_<std::allocator<void> > >::publish(test_msgs::msg::TestString_<std::allocator<void> >&)[m[Kâ€™
[1.354s]   145 |         if (publisher_) [01;31m[Kpublisher_->publish(message)[m[K;
[1.354s]       |                         [01;31m[K~~~~~~~~~~~~~~~~~~~^~~~~~~~~[m[K
[1.354s] In file included from [01m[K/home/sauron/ros2-picas/install/rclcpp/include/rclcpp/rclcpp/topic_statistics/subscription_topic_statistics.hpp:31[m[K,
[1.354s]                  from [01m[K/home/sauron/ros2-picas/install/rclcpp/include/rclcpp/rclcpp/subscription.hpp:50[m[K,
[1.354s]                  from [01m[K/home/sauron/ros2-picas/install/rclcpp/include/rclcpp/rclcpp/any_executable.hpp:25[m[K,
[1.354s]                  from [01m[K/home/sauron/ros2-picas/install/rclcpp/include/rclcpp/rclcpp/memory_strategy.hpp:25[m[K,
[1.354s]                  from [01m[K/home/sauron/ros2-picas/install/rclcpp/include/rclcpp/rclcpp/memory_strategies.hpp:18[m[K,
[1.354s]                  from [01m[K/home/sauron/ros2-picas/install/rclcpp/include/rclcpp/rclcpp/executor_options.hpp:20[m[K,
[1.354s]                  from [01m[K/home/sauron/ros2-picas/install/rclcpp/include/rclcpp/rclcpp/executor.hpp:37[m[K,
[1.354s]                  from [01m[K/home/sauron/ros2-picas/install/rclcpp/include/rclcpp/rclcpp/executors/multi_threaded_executor.hpp:25[m[K,
[1.354s]                  from [01m[K/home/sauron/ros2-picas/install/rclcpp/include/rclcpp/rclcpp/executors.hpp:21[m[K,
[1.354s]                  from [01m[K/home/sauron/ros2-picas/install/rclcpp/include/rclcpp/rclcpp/rclcpp.hpp:155[m[K,
[1.354s]                  from [01m[K/home/sauron/ros2-picas/ros2-picas-example/picas_example/src/example.cpp:16[m[K:
[1.354s] [01m[K/home/sauron/ros2-picas/install/rclcpp/include/rclcpp/rclcpp/publisher.hpp:251:3:[m[K [01;36m[Knote: [m[Kcandidate: â€˜[01m[Ktemplate<class T> std::__enable_if_t<(rosidl_generator_traits::is_message<T>::value && std::is_same<T, typename rclcpp::TypeAdapter<MessageT>::ros_message_type>::value)> rclcpp::Publisher<MessageT, AllocatorT>::publish(std::unique_ptr<T, typename std::conditional<std::is_same<typename std::allocator_traits<typename std::allocator_traits<_Allocator>::rebind_traits<typename rclcpp::TypeAdapter<MessageT, void, void>::ros_message_type>::allocator_type>::rebind_alloc<typename rclcpp::TypeAdapter<MessageT, void, void>::ros_message_type>, std::allocator<typename rclcpp::TypeAdapter<MessageT>::ros_message_type> >::value, std::default_delete<typename rclcpp::TypeAdapter<MessageT>::ros_message_type>, rclcpp::allocator::AllocatorDeleter<typename std::allocator_traits<_Allocator>::rebind_traits<typename rclcpp::TypeAdapter<MessageT, void, void>::ros_message_type>::allocator_type> >::type>) [with T = T; MessageT = test_msgs::msg::TestString_<std::allocator<void> >; AllocatorT = std::allocator<void>][m[Kâ€™
[1.354s]   251 |   [01;36m[Kpublish[m[K(std::unique_ptr<T, ROSMessageTypeDeleter> msg)
[1.354s]       |   [01;36m[K^~~~~~~[m[K
[1.354s] [01m[K/home/sauron/ros2-picas/install/rclcpp/include/rclcpp/rclcpp/publisher.hpp:251:3:[m[K [01;36m[Knote: [m[K  template argument deduction/substitution failed:
[1.354s] [01m[K/home/sauron/ros2-picas/ros2-picas-example/picas_example/src/example.cpp:145:44:[m[K [01;36m[Knote: [m[K  â€˜[01m[Ktest_msgs::msg::TestString_<std::allocator<void> >[m[Kâ€™ is not derived from â€˜[01m[Kstd::unique_ptr<T, std::default_delete<test_msgs::msg::TestString_<std::allocator<void> > > >[m[Kâ€™
[1.354s]   145 |         if (publisher_) [01;36m[Kpublisher_->publish(message)[m[K;
[1.354s]       |                         [01;36m[K~~~~~~~~~~~~~~~~~~~^~~~~~~~~[m[K
[1.354s] In file included from [01m[K/home/sauron/ros2-picas/install/rclcpp/include/rclcpp/rclcpp/topic_statistics/subscription_topic_statistics.hpp:31[m[K,
[1.354s]                  from [01m[K/home/sauron/ros2-picas/install/rclcpp/include/rclcpp/rclcpp/subscription.hpp:50[m[K,
[1.355s]                  from [01m[K/home/sauron/ros2-picas/install/rclcpp/include/rclcpp/rclcpp/any_executable.hpp:25[m[K,
[1.355s]                  from [01m[K/home/sauron/ros2-picas/install/rclcpp/include/rclcpp/rclcpp/memory_strategy.hpp:25[m[K,
[1.355s]                  from [01m[K/home/sauron/ros2-picas/install/rclcpp/include/rclcpp/rclcpp/memory_strategies.hpp:18[m[K,
[1.355s]                  from [01m[K/home/sauron/ros2-picas/install/rclcpp/include/rclcpp/rclcpp/executor_options.hpp:20[m[K,
[1.355s]                  from [01m[K/home/sauron/ros2-picas/install/rclcpp/include/rclcpp/rclcpp/executor.hpp:37[m[K,
[1.355s]                  from [01m[K/home/sauron/ros2-picas/install/rclcpp/include/rclcpp/rclcpp/executors/multi_threaded_executor.hpp:25[m[K,
[1.355s]                  from [01m[K/home/sauron/ros2-picas/install/rclcpp/include/rclcpp/rclcpp/executors.hpp:21[m[K,
[1.355s]                  from [01m[K/home/sauron/ros2-picas/install/rclcpp/include/rclcpp/rclcpp/rclcpp.hpp:155[m[K,
[1.355s]                  from [01m[K/home/sauron/ros2-picas/ros2-picas-example/picas_example/src/example.cpp:16[m[K:
[1.355s] [01m[K/home/sauron/ros2-picas/install/rclcpp/include/rclcpp/rclcpp/publisher.hpp:292:3:[m[K [01;36m[Knote: [m[Kcandidate: â€˜[01m[Ktemplate<class T> std::__enable_if_t<(rosidl_generator_traits::is_message<T>::value && std::is_same<T, typename rclcpp::TypeAdapter<MessageT>::ros_message_type>::value)> rclcpp::Publisher<MessageT, AllocatorT>::publish(const T&) [with T = T; MessageT = test_msgs::msg::TestString_<std::allocator<void> >; AllocatorT = std::allocator<void>][m[Kâ€™
[1.355s]   292 |   [01;36m[Kpublish[m[K(const T & msg)
[1.355s]       |   [01;36m[K^~~~~~~[m[K
[1.355s] [01m[K/home/sauron/ros2-picas/install/rclcpp/include/rclcpp/rclcpp/publisher.hpp:292:3:[m[K [01;36m[Knote: [m[K  template argument deduction/substitution failed:
[1.355s] [01m[K/home/sauron/ros2-picas/install/rclcpp/include/rclcpp/rclcpp/publisher.hpp:322:3:[m[K [01;36m[Knote: [m[Kcandidate: â€˜[01m[Ktemplate<class T> std::__enable_if_t<(typename rclcpp::TypeAdapter<MessageT>::is_specialized::value && std::is_same<T, typename rclcpp::TypeAdapter<MessageT>::custom_type>::value)> rclcpp::Publisher<MessageT, AllocatorT>::publish(std::unique_ptr<T, typename std::conditional<std::is_same<typename std::allocator_traits<typename std::allocator_traits<_Allocator>::rebind_traits<typename rclcpp::TypeAdapter<MessageT, void, void>::custom_type>::allocator_type>::rebind_alloc<typename rclcpp::TypeAdapter<MessageT, void, void>::custom_type>, std::allocator<typename rclcpp::TypeAdapter<MessageT>::custom_type> >::value, std::default_delete<typename rclcpp::TypeAdapter<MessageT>::custom_type>, rclcpp::allocator::AllocatorDeleter<typename std::allocator_traits<_Allocator>::rebind_traits<typename rclcpp::TypeAdapter<MessageT, void, void>::custom_type>::allocator_type> >::type>) [with T = T; MessageT = test_msgs::msg::TestString_<std::allocator<void> >; AllocatorT = std::allocator<void>][m[Kâ€™
[1.355s]   322 |   [01;36m[Kpublish[m[K(std::unique_ptr<T, PublishedTypeDeleter> msg)
[1.355s]       |   [01;36m[K^~~~~~~[m[K
[1.355s] [01m[K/home/sauron/ros2-picas/install/rclcpp/include/rclcpp/rclcpp/publisher.hpp:322:3:[m[K [01;36m[Knote: [m[K  template argument deduction/substitution failed:
[1.355s] [01m[K/home/sauron/ros2-picas/ros2-picas-example/picas_example/src/example.cpp:145:44:[m[K [01;36m[Knote: [m[K  â€˜[01m[Ktest_msgs::msg::TestString_<std::allocator<void> >[m[Kâ€™ is not derived from â€˜[01m[Kstd::unique_ptr<T, std::default_delete<test_msgs::msg::TestString_<std::allocator<void> > > >[m[Kâ€™
[1.355s]   145 |         if (publisher_) [01;36m[Kpublisher_->publish(message)[m[K;
[1.355s]       |                         [01;36m[K~~~~~~~~~~~~~~~~~~~^~~~~~~~~[m[K
[1.355s] In file included from [01m[K/home/sauron/ros2-picas/install/rclcpp/include/rclcpp/rclcpp/topic_statistics/subscription_topic_statistics.hpp:31[m[K,
[1.355s]                  from [01m[K/home/sauron/ros2-picas/install/rclcpp/include/rclcpp/rclcpp/subscription.hpp:50[m[K,
[1.355s]                  from [01m[K/home/sauron/ros2-picas/install/rclcpp/include/rclcpp/rclcpp/any_executable.hpp:25[m[K,
[1.355s]                  from [01m[K/home/sauron/ros2-picas/install/rclcpp/include/rclcpp/rclcpp/memory_strategy.hpp:25[m[K,
[1.355s]                  from [01m[K/home/sauron/ros2-picas/install/rclcpp/include/rclcpp/rclcpp/memory_strategies.hpp:18[m[K,
[1.355s]                  from [01m[K/home/sauron/ros2-picas/install/rclcpp/include/rclcpp/rclcpp/executor_options.hpp:20[m[K,
[1.355s]                  from [01m[K/home/sauron/ros2-picas/install/rclcpp/include/rclcpp/rclcpp/executor.hpp:37[m[K,
[1.355s]                  from [01m[K/home/sauron/ros2-picas/install/rclcpp/include/rclcpp/rclcpp/executors/multi_threaded_executor.hpp:25[m[K,
[1.355s]                  from [01m[K/home/sauron/ros2-picas/install/rclcpp/include/rclcpp/rclcpp/executors.hpp:21[m[K,
[1.355s]                  from [01m[K/home/sauron/ros2-picas/install/rclcpp/include/rclcpp/rclcpp/rclcpp.hpp:155[m[K,
[1.355s]                  from [01m[K/home/sauron/ros2-picas/ros2-picas-example/picas_example/src/example.cpp:16[m[K:
[1.355s] [01m[K/home/sauron/ros2-picas/install/rclcpp/include/rclcpp/rclcpp/publisher.hpp:364:3:[m[K [01;36m[Knote: [m[Kcandidate: â€˜[01m[Ktemplate<class T> std::__enable_if_t<(typename rclcpp::TypeAdapter<MessageT>::is_specialized::value && std::is_same<T, typename rclcpp::TypeAdapter<MessageT>::custom_type>::value)> rclcpp::Publisher<MessageT, AllocatorT>::publish(const T&) [with T = T; MessageT = test_msgs::msg::TestString_<std::allocator<void> >; AllocatorT = std::allocator<void>][m[Kâ€™
[1.355s]   364 |   [01;36m[Kpublish[m[K(const T & msg)
[1.355s]       |   [01;36m[K^~~~~~~[m[K
[1.355s] [01m[K/home/sauron/ros2-picas/install/rclcpp/include/rclcpp/rclcpp/publisher.hpp:364:3:[m[K [01;36m[Knote: [m[K  template argument deduction/substitution failed:
[1.355s] [01m[K/home/sauron/ros2-picas/install/rclcpp/include/rclcpp/rclcpp/publisher.hpp:383:3:[m[K [01;36m[Knote: [m[Kcandidate: â€˜[01m[Kvoid rclcpp::Publisher<MessageT, AllocatorT>::publish(const rcl_serialized_message_t&) [with MessageT = test_msgs::msg::TestString_<std::allocator<void> >; AllocatorT = std::allocator<void>; rcl_serialized_message_t = rcutils_uint8_array_s][m[Kâ€™
[1.355s]   383 |   [01;36m[Kpublish[m[K(const rcl_serialized_message_t & serialized_msg)
[1.355s]       |   [01;36m[K^~~~~~~[m[K
[1.355s] [01m[K/home/sauron/ros2-picas/install/rclcpp/include/rclcpp/rclcpp/publisher.hpp:383:44:[m[K [01;36m[Knote: [m[K  no known conversion for argument 1 from â€˜[01m[Ktest_msgs::msg::TestString_<std::allocator<void> >[m[Kâ€™ to â€˜[01m[Kconst rcl_serialized_message_t&[m[Kâ€™ {aka â€˜[01m[Kconst rcutils_uint8_array_s&[m[Kâ€™}
[1.355s]   383 |   publish([01;36m[Kconst rcl_serialized_message_t & serialized_msg[m[K)
[1.355s]       |           [01;36m[K~~~~~~~~~~~~~~~~~~~~~~~~~~~~~~~~~^~~~~~~~~~~~~~[m[K
[1.356s] [01m[K/home/sauron/ros2-picas/install/rclcpp/include/rclcpp/rclcpp/publisher.hpp:389:3:[m[K [01;36m[Knote: [m[Kcandidate: â€˜[01m[Kvoid rclcpp::Publisher<MessageT, AllocatorT>::publish(const rclcpp::SerializedMessage&) [with MessageT = test_msgs::msg::TestString_<std::allocator<void> >; AllocatorT = std::allocator<void>][m[Kâ€™
[1.356s]   389 |   [01;36m[Kpublish[m[K(const SerializedMessage & serialized_msg)
[1.356s]       |   [01;36m[K^~~~~~~[m[K
[1.356s] [01m[K/home/sauron/ros2-picas/install/rclcpp/include/rclcpp/rclcpp/publisher.hpp:389:37:[m[K [01;36m[Knote: [m[K  no known conversion for argument 1 from â€˜[01m[Ktest_msgs::msg::TestString_<std::allocator<void> >[m[Kâ€™ to â€˜[01m[Kconst rclcpp::SerializedMessage&[m[Kâ€™
[1.356s]   389 |   publish([01;36m[Kconst SerializedMessage & serialized_msg[m[K)
[1.356s]       |           [01;36m[K~~~~~~~~~~~~~~~~~~~~~~~~~~^~~~~~~~~~~~~~[m[K
[1.356s] [01m[K/home/sauron/ros2-picas/install/rclcpp/include/rclcpp/rclcpp/publisher.hpp:403:3:[m[K [01;36m[Knote: [m[Kcandidate: â€˜[01m[Kvoid rclcpp::Publisher<MessageT, AllocatorT>::publish(rclcpp::LoanedMessage<typename rclcpp::TypeAdapter<MessageT>::ros_message_type, AllocatorT>&&) [with MessageT = test_msgs::msg::TestString_<std::allocator<void> >; AllocatorT = std::allocator<void>; typename rclcpp::TypeAdapter<MessageT>::ros_message_type = test_msgs::msg::TestString_<std::allocator<void> >][m[Kâ€™
[1.356s]   403 |   [01;36m[Kpublish[m[K(rclcpp::LoanedMessage<ROSMessageType, AllocatorT> && loaned_msg)
[1.356s]       |   [01;36m[K^~~~~~~[m[K
[1.356s] [01m[K/home/sauron/ros2-picas/install/rclcpp/include/rclcpp/rclcpp/publisher.hpp:403:64:[m[K [01;36m[Knote: [m[K  no known conversion for argument 1 from â€˜[01m[Ktest_msgs::msg::TestString_<std::allocator<void> >[m[Kâ€™ to â€˜[01m[Krclcpp::LoanedMessage<test_msgs::msg::TestString_<std::allocator<void> >, std::allocator<void> >&&[m[Kâ€™
[1.356s]   403 |   publish([01;36m[Krclcpp::LoanedMessage<ROSMessageType, AllocatorT> && loaned_msg[m[K)
[1.356s]       |           [01;36m[K~~~~~~~~~~~~~~~~~~~~~~~~~~~~~~~~~~~~~~~~~~~~~~~~~~~~~^~~~~~~~~~[m[K
[2.762s] gmake[2]: *** [CMakeFiles/case_study.dir/build.make:76: CMakeFiles/case_study.dir/src/case_study.cpp.o] Error 1
[2.762s] gmake[1]: *** [CMakeFiles/Makefile2:165: CMakeFiles/case_study.dir/all] Error 2
[2.762s] gmake[1]: *** Waiting for unfinished jobs....
[2.765s] gmake[2]: *** [CMakeFiles/example.dir/build.make:76: CMakeFiles/example.dir/src/example.cpp.o] Error 1
[2.765s] gmake[1]: *** [CMakeFiles/Makefile2:139: CMakeFiles/example.dir/all] Error 2
[2.765s] gmake: *** [Makefile:146: all] Error 2
[2.767s] Invoked command in '/home/sauron/ros2-picas/build/picas_example' returned '2': AMENT_PREFIX_PATH=/home/sauron/ros2-picas/install/trace_picas:/home/sauron/ros2-picas/install/rclcpp:/home/sauron/ros2-picas/install/test_msgs:${AMENT_PREFIX_PATH} CMAKE_PREFIX_PATH=/home/sauron/ros2-picas/install/trace_picas:/home/sauron/ros2-picas/install/rclcpp:/home/sauron/ros2-picas/install/test_msgs:/home/sauron/ros2_humble/install/rosbag2_storage_mcap:/home/sauron/ros2_humble/install/rosbag2:/home/sauron/ros2_humble/install/rosbag2_compression_zstd:/home/sauron/ros2_humble/install/mcap_vendor:/home/sauron/ros2_humble/install/zstd_vendor:/home/sauron/ros2_humble/install/rviz_visual_testing_framework:/home/sauron/ros2_humble/install/rviz2:/home/sauron/ros2_humble/install/rviz_default_plugins:/home/sauron/ros2_humble/install/rviz_common:/home/sauron/ros2_humble/install/rosbag2_py:/home/sauron/ros2_humble/install/rosbag2_transport:/home/sauron/ros2_humble/install/rosbag2_performance_benchmarking:/home/sauron/ros2_humble/install/rosbag2_compression:/home/sauron/ros2_humble/install/rosbag2_cpp:/home/sauron/ros2_humble/install/rosbag2_storage_default_plugins:/home/sauron/ros2_humble/install/rosbag2_storage:/home/sauron/ros2_humble/install/image_common:/home/sauron/ros2_humble/install/camera_info_manager:/home/sauron/ros2_humble/install/camera_calibration_parsers:/home/sauron/ros2_humble/install/yaml_cpp_vendor:/home/sauron/ros2_humble/install/interactive_markers:/home/sauron/ros2_humble/install/common_interfaces:/home/sauron/ros2_humble/install/visualization_msgs:/home/sauron/ros2_humble/install/dummy_robot_bringup:/home/sauron/ros2_humble/install/robot_state_publisher:/home/sauron/ros2_humble/install/kdl_parser:/home/sauron/ros2_humble/install/urdf:/home/sauron/ros2_humble/install/urdfdom:/home/sauron/ros2_humble/install/urdf_parser_plugin:/home/sauron/ros2_humble/install/urdfdom_headers:/home/sauron/ros2_humble/install/turtlesim:/home/sauron/ros2_humble/install/geometry2:/home/sauron/ros2_humble/install/tf2_sensor_msgs:/home/sauron/ros2_humble/install/test_tf2:/home/sauron/ros2_humble/install/tf2_kdl:/home/sauron/ros2_humble/install/tf2_geometry_msgs:/home/sauron/ros2_humble/install/tf2_eigen:/home/sauron/ros2_humble/install/tf2_bullet:/home/sauron/ros2_humble/install/tf2_ros:/home/sauron/ros2_humble/install/tf2_py:/home/sauron/ros2_humble/install/tf2_msgs:/home/sauron/ros2_humble/install/test_msgs:/home/sauron/ros2_humble/install/sros2_cmake:/home/sauron/ros2_humble/install/ros2cli_common_extensions:/home/sauron/ros2_humble/install/rqt_py_common:/home/sauron/ros2_humble/install/ros_testing:/home/sauron/ros2_humble/install/ros2cli_test_interfaces:/home/sauron/ros2_humble/install/quality_of_service_demo_cpp:/home/sauron/ros2_humble/install/image_transport:/home/sauron/ros2_humble/install/message_filters:/home/sauron/ros2_humble/install/demo_nodes_cpp:/home/sauron/ros2_humble/install/composition:/home/sauron/ros2_humble/install/laser_geometry:/home/sauron/ros2_humble/install/rclpy:/home/sauron/ros2_humble/install/examples_rclcpp_minimal_action_server:/home/sauron/ros2_humble/install/examples_rclcpp_minimal_action_client:/home/sauron/ros2_humble/install/action_tutorials_cpp:/home/sauron/ros2_humble/install/rclcpp_action:/home/sauron/ros2_humble/install/rcl_action:/home/sauron/ros2_humble/install/examples_rclcpp_wait_set:/home/sauron/ros2_humble/install/examples_rclcpp_minimal_service:/home/sauron/ros2_humble/install/examples_rclcpp_minimal_client:/home/sauron/ros2_humble/install/examples_rclcpp_async_client:/home/sauron/ros2_humble/install/example_interfaces:/home/sauron/ros2_humble/install/action_tutorials_interfaces:/home/sauron/ros2_humble/install/action_msgs:/home/sauron/ros2_humble/install/unique_identifier_msgs:/home/sauron/ros2_humble/install/ament_lint_common:/home/sauron/ros2_humble/install/ament_cmake_uncrustify:/home/sauron/ros2_humble/install/uncrustify_vendor:/home/sauron/ros2_humble/install/trajectory_msgs:/home/sauron/ros2_humble/install/topic_statistics_demo:/home/sauron/ros2_humble/install/pendulum_control:/home/sauron/ros2_humble/install/tlsf_cpp:/home/sauron/ros2_humble/install/test_tracetools:/home/sauron/ros2_humble/install/rqt_gui_cpp:/home/sauron/ros2_humble/install/rosbag2_test_common:/home/sauron/ros2_humble/install/ros2lifecycle_test_fixtures:/home/sauron/ros2_humble/install/lifecycle:/home/sauron/ros2_humble/install/rclcpp_lifecycle:/home/sauron/ros2_humble/install/logging_demo:/home/sauron/ros2_humble/install/image_tools:/home/sauron/ros2_humble/install/examples_rclcpp_minimal_subscriber:/home/sauron/ros2_humble/install/examples_rclcpp_minimal_composition:/home/sauron/ros2_humble/install/demo_nodes_cpp_native:/home/sauron/ros2_humble/install/rclcpp_components:/home/sauron/ros2_humble/install/intra_process_demo:/home/sauron/ros2_humble/install/examples_rclcpp_multithreaded_executor:/home/sauron/ros2_humble/install/examples_rclcpp_minimal_timer:/home/sauron/ros2_humble/install/examples_rclcpp_minimal_publisher:/home/sauron/ros2_humble/install/examples_rclcpp_cbg_executor:/home/sauron/ros2_humble/install/dummy_sensors:/home/sauron/ros2_humble/install/dummy_map_server:/home/sauron/ros2_humble/install/rclcpp:/home/sauron/ros2_humble/install/rcl_lifecycle:/home/sauron/ros2_humble/install/libstatistics_collector:/home/sauron/ros2_humble/install/rcl:/home/sauron/ros2_humble/install/rmw_implementation:/home/sauron/ros2_humble/install/rmw_fastrtps_dynamic_cpp:/home/sauron/ros2_humble/install/rmw_fastrtps_cpp:/home/sauron/ros2_humble/install/rmw_fastrtps_shared_cpp:/home/sauron/ros2_humble/install/rmw_cyclonedds_cpp:/home/sauron/ros2_humble/install/tracetools:/home/sauron/ros2_humble/install/tlsf:/home/sauron/ros2_humble/install/tinyxml_vendor:/home/sauron/ros2_humble/install/qt_gui_core:/home/sauron/ros2_humble/install/qt_gui_cpp:/home/sauron/ros2_humble/install/pluginlib:/home/sauron/ros2_humble/install/tinyxml2_vendor:/home/sauron/ros2_humble/install/tf2_eigen_kdl:/home/sauron/ros2_humble/install/tf2:/home/sauron/ros2_humble/install/test_security:/home/sauron/ros2_humble/install/test_rmw_implementation:/home/sauron/ros2_humble/install/test_rclcpp:/home/sauron/ros2_humble/install/test_quality_of_service:/home/sauron/ros2_humble/install/test_launch_testing:/home/sauron/ros2_humble/install/test_interface_files:/home/sauron/ros2_humble/install/test_communication:/home/sauron/ros2_humble/install/test_cli_remapping:/home/sauron/ros2_humble/install/test_cli:/home/sauron/ros2_humble/install/qt_gui_app:/home/sauron/ros2_humble/install/qt_gui:/home/sauron/ros2_humble/install/tango_icons_vendor:/home/sauron/ros2_humble/install/stereo_msgs:/home/sauron/ros2_humble/install/std_srvs:/home/sauron/ros2_humble/install/shape_msgs:/home/sauron/ros2_humble/install/map_msgs:/home/sauron/ros2_humble/install/sensor_msgs:/home/sauron/ros2_humble/install/nav_msgs:/home/sauron/ros2_humble/install/diagnostic_msgs:/home/sauron/ros2_humble/install/geometry_msgs:/home/sauron/ros2_humble/install/actionlib_msgs:/home/sauron/ros2_humble/install/std_msgs:/home/sauron/ros2_humble/install/statistics_msgs:/home/sauron/ros2_humble/install/sqlite3_vendor:/home/sauron/ros2_humble/install/rcl_logging_spdlog:/home/sauron/ros2_humble/install/spdlog_vendor:/home/sauron/ros2_humble/install/shared_queues_vendor:/home/sauron/ros2_humble/install/rviz_rendering_tests:/home/sauron/ros2_humble/install/rviz_rendering:/home/sauron/ros2_humble/install/rviz_ogre_vendor:/home/sauron/ros2_humble/install/rviz_assimp_vendor:/home/sauron/ros2_humble/install/rttest:/home/sauron/ros2_humble/install/rmw_connextddsmicro:/home/sauron/ros2_humble/install/rmw_connextdds:/home/sauron/ros2_humble/install/rmw_connextdds_common:/home/sauron/ros2_humble/install/rti_connext_dds_cmake_module:/home/sauron/ros2_humble/install/rosgraph_msgs:/home/sauron/ros2_humble/install/rosbag2_interfaces:/home/sauron/ros2_humble/install/rmw_dds_common:/home/sauron/ros2_humble/install/composition_interfaces:/home/sauron/ros2_humble/install/rcl_interfaces:/home/sauron/ros2_humble/install/pendulum_msgs:/home/sauron/ros2_humble/install/lifecycle_msgs:/home/sauron/ros2_humble/install/builtin_interfaces:/home/sauron/ros2_humble/install/rosidl_default_runtime:/home/sauron/ros2_humble/install/rosidl_default_generators:/home/sauron/ros2_humble/install/rosidl_generator_py:/home/sauron/ros2_humble/install/rosidl_typesupport_introspection_tests:/home/sauron/ros2_humble/install/rosidl_typesupport_cpp:/home/sauron/ros2_humble/install/rosidl_typesupport_introspection_cpp:/home/sauron/ros2_humble/install/rosidl_typesupport_c:/home/sauron/ros2_humble/install/rosidl_typesupport_introspection_c:/home/sauron/ros2_humble/install/rosidl_typesupport_fastrtps_c:/home/sauron/ros2_humble/install/rosidl_typesupport_fastrtps_cpp:/home/sauron/ros2_humble/install/rosidl_generator_cpp:/home/sauron/ros2_humble/install/rosidl_runtime_cpp:/home/sauron/ros2_humble/install/rcl_yaml_param_parser:/home/sauron/ros2_humble/install/rmw:/home/sauron/ros2_humble/install/rosidl_runtime_c:/home/sauron/ros2_humble/install/rosidl_generator_c:/home/sauron/ros2_humble/install/rosidl_typesupport_interface:/home/sauron/ros2_humble/install/rosidl_generator_dds_idl:/home/sauron/ros2_humble/install/rosidl_cmake:/home/sauron/ros2_humble/install/rosidl_parser:/home/sauron/ros2_humble/install/rosidl_adapter:/home/sauron/ros2_humble/install/rosbag2_tests:/home/sauron/ros2_humble/install/rosbag2_storage_mcap_testdata:/home/sauron/ros2_humble/install/ros_environment:/home/sauron/ros2_humble/install/rmw_implementation_cmake:/home/sauron/ros2_humble/install/resource_retriever:/home/sauron/ros2_humble/install/class_loader:/home/sauron/ros2_humble/install/rcpputils:/home/sauron/ros2_humble/install/rcl_logging_noop:/home/sauron/ros2_humble/install/rcl_logging_interface:/home/sauron/ros2_humble/install/rcutils:/home/sauron/ros2_humble/install/qt_gui_py_common:/home/sauron/ros2_humble/install/qt_dotgraph:/home/sauron/ros2_humble/install/python_qt_binding:/home/sauron/ros2_humble/install/python_orocos_kdl_vendor:/home/sauron/ros2_humble/install/launch_testing_ament_cmake:/home/sauron/ros2_humble/install/python_cmake_module:/home/sauron/ros2_humble/install/pybind11_vendor:/home/sauron/ros2_humble/install/performance_test_fixture:/home/sauron/ros2_humble/install/osrf_testing_tools_cpp:/home/sauron/ros2_humble/install/orocos_kdl_vendor:/home/sauron/ros2_humble/install/mimick_vendor:/home/sauron/ros2_humble/install/libyaml_vendor:/home/sauron/ros2_humble/install/libcurl_vendor:/home/sauron/ros2_humble/install/keyboard_handler:/home/sauron/ros2_humble/install/cyclonedds:/home/sauron/ros2_humble/install/iceoryx_posh:/home/sauron/ros2_humble/install/iceoryx_hoofs:/home/sauron/ros2_humble/install/iceoryx_binding_c:/home/sauron/ros2_humble/install/ament_cmake_ros:/home/sauron/ros2_humble/install/ament_cmake_gmock:/home/sauron/ros2_humble/install/gmock_vendor:/home/sauron/ros2_humble/install/ament_cmake_auto:/home/sauron/ros2_humble/install/ament_cmake_gtest:/home/sauron/ros2_humble/install/gtest_vendor:/home/sauron/ros2_humble/install/ament_cmake_google_benchmark:/home/sauron/ros2_humble/install/google_benchmark_vendor:/home/sauron/ros2_humble/install/fastrtps:/home/sauron/ros2_humble/install/foonathan_memory_vendor:/home/sauron/ros2_humble/install/fastrtps_cmake_module:/home/sauron/ros2_humble/install/fastcdr:/home/sauron/ros2_humble/install/eigen3_cmake_module:/home/sauron/ros2_humble/install/console_bridge_vendor:/home/sauron/ros2_humble/install/ament_cmake_xmllint:/home/sauron/ros2_humble/install/ament_cmake_pyflakes:/home/sauron/ros2_humble/install/ament_cmake_pycodestyle:/home/sauron/ros2_humble/install/ament_cmake_pep257:/home/sauron/ros2_humble/install/ament_cmake_pclint:/home/sauron/ros2_humble/install/ament_lint_auto:/home/sauron/ros2_humble/install/ament_cmake:/home/sauron/ros2_humble/install/ament_cmake_version:/home/sauron/ros2_humble/install/ament_cmake_pytest:/home/sauron/ros2_humble/install/ament_cmake_nose:/home/sauron/ros2_humble/install/ament_cmake_mypy:/home/sauron/ros2_humble/install/ament_cmake_lint_cmake:/home/sauron/ros2_humble/install/ament_cmake_flake8:/home/sauron/ros2_humble/install/ament_cmake_cpplint:/home/sauron/ros2_humble/install/ament_cmake_cppcheck:/home/sauron/ros2_humble/install/ament_cmake_copyright:/home/sauron/ros2_humble/install/ament_cmake_clang_tidy:/home/sauron/ros2_humble/install/ament_cmake_clang_format:/home/sauron/ros2_humble/install/ament_cmake_test:/home/sauron/ros2_humble/install/ament_cmake_target_dependencies:/home/sauron/ros2_humble/install/ament_cmake_python:/home/sauron/ros2_humble/install/ament_cmake_export_dependencies:/home/sauron/ros2_humble/install/ament_cmake_libraries:/home/sauron/ros2_humble/install/ament_cmake_include_directories:/home/sauron/ros2_humble/install/ament_cmake_gen_version_h:/home/sauron/ros2_humble/install/ament_cmake_export_targets:/home/sauron/ros2_humble/install/ament_cmake_export_link_flags:/home/sauron/ros2_humble/install/ament_cmake_export_interfaces:/home/sauron/ros2_humble/install/ament_cmake_export_libraries:/home/sauron/ros2_humble/install/ament_cmake_export_include_directories:/home/sauron/ros2_humble/install/ament_cmake_export_definitions:/home/sauron/ros2_humble/install/ament_cmake_core:/home/sauron/ros2_humble/install/ament_index_cpp:/home/sauron/ros2_humble/install/rqt_bag_plugins:/home/sauron/ros2_humble/install/rqt_bag:/home/sauron/ros2_humble/install/ros2bag:/home/sauron/ros2_humble/install/tracetools_test:/home/sauron/ros2_humble/install/tracetools_launch:/home/sauron/ros2_humble/install/topic_monitor:/home/sauron/ros2_humble/install/tf2_tools:/home/sauron/ros2_humble/install/examples_tf2_py:/home/sauron/ros2_humble/install/tf2_ros_py:/home/sauron/ros2_humble/install/sros2:/home/sauron/ros2_humble/install/rqt_topic:/home/sauron/ros2_humble/install/rqt_srv:/home/sauron/ros2_humble/install/rqt_shell:/home/sauron/ros2_humble/install/rqt_service_caller:/home/sauron/ros2_humble/install/rqt_reconfigure:/home/sauron/ros2_humble/install/rqt_py_console:/home/sauron/ros2_humble/install/rqt_publisher:/home/sauron/ros2_humble/install/rqt_plot:/home/sauron/ros2_humble/install/rqt_action:/home/sauron/ros2_humble/install/rqt_msg:/home/sauron/ros2_humble/install/rqt_console:/home/sauron/ros2_humble/install/rqt:/home/sauron/ros2_humble/install/rqt_graph:/home/sauron/ros2_humble/install/rqt_gui_py:/home/sauron/ros2_humble/install/rqt_gui:/home/sauron/ros2_humble/install/ros2trace:/home/sauron/ros2_humble/install/ros2topic:/home/sauron/ros2_humble/install/ros2test:/home/sauron/ros2_humble/install/ros2component:/home/sauron/ros2_humble/install/ros2param:/home/sauron/ros2_humble/install/ros2lifecycle:/home/sauron/ros2_humble/install/ros2service:/home/sauron/ros2_humble/install/ros2run:/home/sauron/ros2_humble/install/ros2launch:/home/sauron/ros2_humble/install/ros2pkg:/home/sauron/ros2_humble/install/ros2node:/home/sauron/ros2_humble/install/ros2multicast:/home/sauron/ros2_humble/install/ros2interface:/home/sauron/ros2_humble/install/ros2doctor:/home/sauron/ros2_humble/install/ros2action:/home/sauron/ros2_humble/install/ros2cli:/home/sauron/ros2_humble/install/quality_of_service_demo_py:/home/sauron/ros2_humble/install/lifecycle_py:/home/sauron/ros2_humble/install/launch_testing_ros:/home/sauron/ros2_humble/install/launch_ros:/home/sauron/ros2_humble/install/examples_rclpy_pointcloud_publisher:/home/sauron/ros2_humble/install/examples_rclpy_minimal_subscriber:/home/sauron/ros2_humble/install/examples_rclpy_minimal_service:/home/sauron/ros2_humble/install/examples_rclpy_minimal_publisher:/home/sauron/ros2_humble/install/examples_rclpy_minimal_client:/home/sauron/ros2_humble/install/examples_rclpy_minimal_action_server:/home/sauron/ros2_humble/install/examples_rclpy_minimal_action_client:/home/sauron/ros2_humble/install/examples_rclpy_guard_conditions:/home/sauron/ros2_humble/install/examples_rclpy_executors:/home/sauron/ros2_humble/install/demo_nodes_py:/home/sauron/ros2_humble/install/action_tutorials_py:/home/sauron/ros2_humble/install/ament_uncrustify:/home/sauron/ros2_humble/install/tracetools_trace:/home/sauron/ros2_humble/install/tracetools_read:/home/sauron/ros2_humble/install/test_tracetools_launch:/home/sauron/ros2_humble/install/test_launch_ros:/home/sauron/ros2_humble/install/sensor_msgs_py:/home/sauron/ros2_humble/install/rpyutils:/home/sauron/ros2_humble/install/rosidl_runtime_py:/home/sauron/ros2_humble/install/rosidl_cli:/home/sauron/ros2_humble/install/launch_pytest:/home/sauron/ros2_humble/install/launch_testing:/home/sauron/ros2_humble/install/launch_yaml:/home/sauron/ros2_humble/install/launch_xml:/home/sauron/ros2_humble/install/launch:/home/sauron/ros2_humble/install/osrf_pycommon:/home/sauron/ros2_humble/install/launch_testing_examples:/home/sauron/ros2_humble/install/domain_coordinator:/home/sauron/ros2_humble/install/ament_xmllint:/home/sauron/ros2_humble/install/ament_pyflakes:/home/sauron/ros2_humble/install/ament_pycodestyle:/home/sauron/ros2_humble/install/ament_pep257:/home/sauron/ros2_humble/install/ament_pclint:/home/sauron/ros2_humble/install/ament_package:/home/sauron/ros2_humble/install/ament_mypy:/home/sauron/ros2_humble/install/ament_lint_cmake:/home/sauron/ros2_humble/install/ament_flake8:/home/sauron/ros2_humble/install/ament_copyright:/home/sauron/ros2_humble/install/ament_lint:/home/sauron/ros2_humble/install/ament_index_python:/home/sauron/ros2_humble/install/ament_cpplint:/home/sauron/ros2_humble/install/ament_cppcheck:/home/sauron/ros2_humble/install/ament_clang_tidy:/home/sauron/ros2_humble/install/ament_clang_format LD_LIBRARY_PATH=/home/sauron/ros2-picas/install/trace_picas/lib:/home/sauron/ros2-picas/install/rclcpp/lib:/home/sauron/ros2-picas/install/test_msgs/lib:/home/sauron/ros2_humble/install/rosbag2_storage_mcap/lib:/home/sauron/ros2_humble/install/rosbag2_compression_zstd/lib:/home/sauron/ros2_humble/install/mcap_vendor/lib:/home/sauron/ros2_humble/install/zstd_vendor/lib:/home/sauron/ros2_humble/install/rviz_default_plugins/lib:/home/sauron/ros2_humble/install/rviz_common/lib:/home/sauron/ros2_humble/install/rosbag2_transport/lib:/home/sauron/ros2_humble/install/rosbag2_compression/lib:/home/sauron/ros2_humble/install/rosbag2_cpp/lib:/home/sauron/ros2_humble/install/rosbag2_storage_default_plugins/lib:/home/sauron/ros2_humble/install/rosbag2_storage/lib:/home/sauron/ros2_humble/install/camera_info_manager/lib:/home/sauron/ros2_humble/install/camera_calibration_parsers/lib:/home/sauron/ros2_humble/install/interactive_markers/lib:/home/sauron/ros2_humble/install/visualization_msgs/lib:/home/sauron/ros2_humble/install/robot_state_publisher/lib:/home/sauron/ros2_humble/install/kdl_parser/lib:/home/sauron/ros2_humble/install/urdf/lib:/home/sauron/ros2_humble/install/urdfdom/lib:/home/sauron/ros2_humble/install/turtlesim/lib:/home/sauron/ros2_humble/install/tf2_ros/lib:/home/sauron/ros2_humble/install/tf2_msgs/lib:/home/sauron/ros2_humble/install/test_msgs/lib:/home/sauron/ros2_humble/install/ros2cli_test_interfaces/lib:/home/sauron/ros2_humble/install/quality_of_service_demo_cpp/lib:/home/sauron/ros2_humble/install/image_transport/lib:/home/sauron/ros2_humble/install/message_filters/lib:/home/sauron/ros2_humble/install/demo_nodes_cpp/lib:/home/sauron/ros2_humble/install/composition/lib:/home/sauron/ros2_humble/install/laser_geometry/lib:/home/sauron/ros2_humble/install/rclpy/lib:/home/sauron/ros2_humble/install/action_tutorials_cpp/lib:/home/sauron/ros2_humble/install/rclcpp_action/lib:/home/sauron/ros2_humble/install/rcl_action/lib:/home/sauron/ros2_humble/install/examples_rclcpp_wait_set/lib:/home/sauron/ros2_humble/install/example_interfaces/lib:/home/sauron/ros2_humble/install/action_tutorials_interfaces/lib:/home/sauron/ros2_humble/install/action_msgs/lib:/home/sauron/ros2_humble/install/unique_identifier_msgs/lib:/home/sauron/ros2_humble/install/trajectory_msgs/lib:/home/sauron/ros2_humble/install/rqt_gui_cpp/lib:/home/sauron/ros2_humble/install/rclcpp_lifecycle/lib:/home/sauron/ros2_humble/install/logging_demo/lib:/home/sauron/ros2_humble/install/image_tools/lib:/home/sauron/ros2_humble/install/examples_rclcpp_minimal_subscriber/lib:/home/sauron/ros2_humble/install/examples_rclcpp_minimal_composition/lib:/home/sauron/ros2_humble/install/demo_nodes_cpp_native/lib:/home/sauron/ros2_humble/install/rclcpp_components/lib:/home/sauron/ros2_humble/install/rclcpp/lib:/home/sauron/ros2_humble/install/rcl_lifecycle/lib:/home/sauron/ros2_humble/install/libstatistics_collector/lib:/home/sauron/ros2_humble/install/rcl/lib:/home/sauron/ros2_humble/install/rmw_implementation/lib:/home/sauron/ros2_humble/install/rmw_fastrtps_dynamic_cpp/lib:/home/sauron/ros2_humble/install/rmw_fastrtps_cpp/lib:/home/sauron/ros2_humble/install/rmw_fastrtps_shared_cpp/lib:/home/sauron/ros2_humble/install/rmw_cyclonedds_cpp/lib:/home/sauron/ros2_humble/install/tracetools/lib:/home/sauron/ros2_humble/install/qt_gui_cpp/lib:/home/sauron/ros2_humble/install/tf2_eigen_kdl/lib:/home/sauron/ros2_humble/install/tf2/lib:/home/sauron/ros2_humble/install/stereo_msgs/lib:/home/sauron/ros2_humble/install/std_srvs/lib:/home/sauron/ros2_humble/install/shape_msgs/lib:/home/sauron/ros2_humble/install/map_msgs/lib:/home/sauron/ros2_humble/install/sensor_msgs/lib:/home/sauron/ros2_humble/install/nav_msgs/lib:/home/sauron/ros2_humble/install/diagnostic_msgs/lib:/home/sauron/ros2_humble/install/geometry_msgs/lib:/home/sauron/ros2_humble/install/actionlib_msgs/lib:/home/sauron/ros2_humble/install/std_msgs/lib:/home/sauron/ros2_humble/install/statistics_msgs/lib:/home/sauron/ros2_humble/install/rcl_logging_spdlog/lib:/home/sauron/ros2_humble/install/rviz_rendering/lib:/home/sauron/ros2_humble/install/rviz_ogre_vendor/opt/rviz_ogre_vendor/lib:/home/sauron/ros2_humble/install/rttest/lib:/home/sauron/ros2_humble/install/rosgraph_msgs/lib:/home/sauron/ros2_humble/install/rosbag2_interfaces/lib:/home/sauron/ros2_humble/install/rmw_dds_common/lib:/home/sauron/ros2_humble/install/composition_interfaces/lib:/home/sauron/ros2_humble/install/rcl_interfaces/lib:/home/sauron/ros2_humble/install/pendulum_msgs/lib:/home/sauron/ros2_humble/install/lifecycle_msgs/lib:/home/sauron/ros2_humble/install/builtin_interfaces/lib:/home/sauron/ros2_humble/install/rosidl_typesupport_cpp/lib:/home/sauron/ros2_humble/install/rosidl_typesupport_introspection_cpp/lib:/home/sauron/ros2_humble/install/rosidl_typesupport_c/lib:/home/sauron/ros2_humble/install/rosidl_typesupport_introspection_c/lib:/home/sauron/ros2_humble/install/rosidl_typesupport_fastrtps_c/lib:/home/sauron/ros2_humble/install/rosidl_typesupport_fastrtps_cpp/lib:/home/sauron/ros2_humble/install/rcl_yaml_param_parser/lib:/home/sauron/ros2_humble/install/rmw/lib:/home/sauron/ros2_humble/install/rosidl_runtime_c/lib:/home/sauron/ros2_humble/install/rosbag2_storage_mcap_testdata/lib:/home/sauron/ros2_humble/install/resource_retriever/lib:/home/sauron/ros2_humble/install/class_loader/lib:/home/sauron/ros2_humble/install/rcpputils/lib:/home/sauron/ros2_humble/install/rcl_logging_noop/lib:/home/sauron/ros2_humble/install/rcl_logging_interface/lib:/home/sauron/ros2_humble/install/rcutils/lib:/home/sauron/ros2_humble/install/performance_test_fixture/lib:/home/sauron/ros2_humble/install/osrf_testing_tools_cpp/lib:/home/sauron/ros2_humble/install/mimick_vendor/lib:/home/sauron/ros2_humble/install/libyaml_vendor/lib:/home/sauron/ros2_humble/install/keyboard_handler/lib:/home/sauron/ros2_humble/install/cyclonedds/lib:/home/sauron/ros2_humble/install/iceoryx_posh/lib:/home/sauron/ros2_humble/install/iceoryx_hoofs/lib:/home/sauron/ros2_humble/install/iceoryx_binding_c/lib:/home/sauron/ros2_humble/install/google_benchmark_vendor/lib:/home/sauron/ros2_humble/install/fastrtps/lib:/home/sauron/ros2_humble/install/fastcdr/lib:/home/sauron/ros2_humble/install/ament_index_cpp/lib:/usr/local/cuda/lib64:/usr/local/cuda/lib64 PYTHONPATH=/home/sauron/ros2-picas/install/test_msgs/local/lib/python3.10/dist-packages:${PYTHONPATH} /usr/bin/cmake --build /home/sauron/ros2-picas/build/picas_example -- -j20 -l20
